2019-04-11 18:28:39.703 T:3011290448  NOTICE: -----------------------------------------------------------------------
2019-04-11 18:28:39.703 T:3011290448  NOTICE: Starting Kodi (18.9 (18.9.0) Git:leia_pi4_18.9-Leia). Platform: Linux ARM 32-bit
2019-04-11 18:28:39.703 T:3011290448  NOTICE: Using Release Kodi x32 build
2019-04-11 18:28:39.703 T:3011290448  NOTICE: Kodi compiled 2020-10-24 by GCC 8.3.0 for Linux ARM 32-bit version 4.19.127 (267135)
2019-04-11 18:28:39.703 T:3011290448  NOTICE: Running on LibreELEC (official): 9.2.6, kernel: Linux ARM 32-bit version 4.19.127
2019-04-11 18:28:39.703 T:3011290448  NOTICE: FFmpeg version/source: 4.0.4-Kodi
2019-04-11 18:28:39.703 T:3011290448  NOTICE: Host CPU: ARMv7 Processor rev 3 (v7l), 4 cores available
2019-04-11 18:28:39.703 T:3011290448  NOTICE: ARM Features: Neon enabled
2019-04-11 18:28:39.703 T:3011290448  NOTICE: special://xbmc/ is mapped to: /usr/share/kodi/
2019-04-11 18:28:39.703 T:3011290448  NOTICE: special://xbmcbin/ is mapped to: /usr/lib/kodi
2019-04-11 18:28:39.703 T:3011290448  NOTICE: special://xbmcbinaddons/ is mapped to: /usr/lib/kodi/addons
2019-04-11 18:28:39.703 T:3011290448  NOTICE: special://masterprofile/ is mapped to: /storage/.kodi/userdata
2019-04-11 18:28:39.703 T:3011290448  NOTICE: special://envhome/ is mapped to: /storage
2019-04-11 18:28:39.703 T:3011290448  NOTICE: special://home/ is mapped to: /storage/.kodi
2019-04-11 18:28:39.703 T:3011290448  NOTICE: special://temp/ is mapped to: /storage/.kodi/temp
2019-04-11 18:28:39.703 T:3011290448  NOTICE: special://logpath/ is mapped to: /storage/.kodi/temp
2019-04-11 18:28:39.703 T:3011290448  NOTICE: The executable running is: /usr/lib/kodi/kodi.bin
2019-04-11 18:28:39.703 T:3011290448  NOTICE: Local hostname: RaspiKodi
2019-04-11 18:28:39.703 T:3011290448  NOTICE: Log File is located: /storage/.kodi/temp/kodi.log
2019-04-11 18:28:39.704 T:3011290448  NOTICE: -----------------------------------------------------------------------
2019-04-11 18:28:39.714 T:3011290448    INFO: loading settings
2019-04-11 18:28:39.721 T:3011290448  NOTICE: special://profile/ is mapped to: special://masterprofile/
2019-04-11 18:28:39.744 T:3011290448   DEBUG: CSkinSettings: no <skinsettings> tag found
2019-04-11 18:28:39.745 T:3011290448  NOTICE: Loaded settings file from special://xbmc/system/advancedsettings.xml
2019-04-11 18:28:39.745 T:3011290448  NOTICE: Contents of special://xbmc/system/advancedsettings.xml are...
                                            <?xml version="1.0" encoding="utf-8" ?>
                                            <advancedsettings>
                                              <cputempcommand>/usr/bin/cputemp</cputempcommand>
                                              <gputempcommand>/usr/bin/gputemp</gputempcommand>
                                              <showexitbutton>false</showexitbutton>
                                              <remotedelay>1</remotedelay>
                                              <samba>
                                                <clienttimeout>30</clienttimeout>
                                              </samba>
                                              <fanartres>720</fanartres>
                                              <imageres>540</imageres>
                                            </advancedsettings>
2019-04-11 18:28:39.745 T:3011290448 WARNING: CSettingsManager: missing version attribute
2019-04-11 18:28:39.752 T:3011290448  NOTICE: Loaded settings file from special://profile/advancedsettings.xml
2019-04-11 18:28:39.752 T:3011290448  NOTICE: Contents of special://profile/advancedsettings.xml are...
                                            <advancedsettings>
                                              <cache>
                                                <buffermode>1</buffermode>
                                                <memorysize>838860800</memorysize>
                                                <readfactor>4</readfactor>
                                              </cache>
                                            </advancedsettings>
2019-04-11 18:28:39.752 T:3011290448 WARNING: CSettingsManager: missing version attribute
2019-04-11 18:28:39.752 T:3011290448  NOTICE: Default Video Player: VideoPlayer
2019-04-11 18:28:39.752 T:3011290448  NOTICE: Default Audio Player: paplayer
2019-04-11 18:28:39.752 T:3011290448  NOTICE: Disabled debug logging due to GUI setting. Level 0.
2019-04-11 18:28:39.753 T:3011290448  NOTICE: Log level changed to "LOG_LEVEL_NORMAL"
2019-04-11 18:28:39.753 T:3011290448  NOTICE: CMediaSourceSettings: loading media sources from special://masterprofile/sources.xml
2019-04-11 18:28:39.881 T:3011290448  NOTICE: PulseAudio: Server found running - will try to use Pulse
2019-04-11 18:28:39.948 T:3011290448  NOTICE: Running database version Addons27
2019-04-11 18:28:40.182 T:3011290448  NOTICE: ADDON: audioencoder.kodi.builtin.aac v1.0.0 installed
2019-04-11 18:28:40.182 T:3011290448  NOTICE: ADDON: audioencoder.kodi.builtin.wma v1.0.0 installed
2019-04-11 18:28:40.182 T:3011290448  NOTICE: ADDON: driver.dvb.crazycat v9.2.0.0 installed
2019-04-11 18:28:40.182 T:3011290448  NOTICE: ADDON: driver.dvb.dvb-latest v9.2.0.0 installed
2019-04-11 18:28:40.182 T:3011290448  NOTICE: ADDON: game.controller.default v1.0.8 installed
2019-04-11 18:28:40.182 T:3011290448  NOTICE: ADDON: game.controller.keyboard v1.1.5 installed
2019-04-11 18:28:40.182 T:3011290448  NOTICE: ADDON: game.controller.mouse v1.0.9 installed
2019-04-11 18:28:40.182 T:3011290448  NOTICE: ADDON: game.controller.snes v1.0.8 installed
2019-04-11 18:28:40.182 T:3011290448  NOTICE: ADDON: inputstream.adaptive v2.4.6.1 installed
2019-04-11 18:28:40.182 T:3011290448  NOTICE: ADDON: inputstream.rtmp v2.0.9.2 installed
2019-04-11 18:28:40.182 T:3011290448  NOTICE: ADDON: kodi.binary.global.audioengine v1.0.1 installed
2019-04-11 18:28:40.182 T:3011290448  NOTICE: ADDON: kodi.binary.global.filesystem v1.0.2 installed
2019-04-11 18:28:40.182 T:3011290448  NOTICE: ADDON: kodi.binary.global.general v1.0.3 installed
2019-04-11 18:28:40.182 T:3011290448  NOTICE: ADDON: kodi.binary.global.gui v5.12.0 installed
2019-04-11 18:28:40.182 T:3011290448  NOTICE: ADDON: kodi.binary.global.main v1.0.14 installed
2019-04-11 18:28:40.182 T:3011290448  NOTICE: ADDON: kodi.binary.global.network v1.0.0 installed
2019-04-11 18:28:40.182 T:3011290448  NOTICE: ADDON: kodi.binary.instance.audiodecoder v2.0.0 installed
2019-04-11 18:28:40.182 T:3011290448  NOTICE: ADDON: kodi.binary.instance.audioencoder v2.0.0 installed
2019-04-11 18:28:40.182 T:3011290448  NOTICE: ADDON: kodi.binary.instance.game v1.1.0 installed
2019-04-11 18:28:40.182 T:3011290448  NOTICE: ADDON: kodi.binary.instance.imagedecoder v2.0.0 installed
2019-04-11 18:28:40.182 T:3011290448  NOTICE: ADDON: kodi.binary.instance.inputstream v2.0.8 installed
2019-04-11 18:28:40.182 T:3011290448  NOTICE: ADDON: kodi.binary.instance.peripheral v1.3.7 installed
2019-04-11 18:28:40.182 T:3011290448  NOTICE: ADDON: kodi.binary.instance.pvr v5.10.3 installed
2019-04-11 18:28:40.182 T:3011290448  NOTICE: ADDON: kodi.binary.instance.screensaver v2.0.0 installed
2019-04-11 18:28:40.182 T:3011290448  NOTICE: ADDON: kodi.binary.instance.vfs v2.0.0 installed
2019-04-11 18:28:40.182 T:3011290448  NOTICE: ADDON: kodi.binary.instance.videocodec v1.0.1 installed
2019-04-11 18:28:40.182 T:3011290448  NOTICE: ADDON: kodi.binary.instance.visualization v2.0.1 installed
2019-04-11 18:28:40.182 T:3011290448  NOTICE: ADDON: kodi.resource v1.0.0 installed
2019-04-11 18:28:40.182 T:3011290448  NOTICE: ADDON: metadata.album.universal v3.1.4 installed
2019-04-11 18:28:40.182 T:3011290448  NOTICE: ADDON: metadata.artists.universal v4.3.3 installed
2019-04-11 18:28:40.182 T:3011290448  NOTICE: ADDON: metadata.common.allmusic.com v3.2.2 installed
2019-04-11 18:28:40.182 T:3011290448  NOTICE: ADDON: metadata.common.fanart.tv v3.6.3 installed
2019-04-11 18:28:40.182 T:3011290448  NOTICE: ADDON: metadata.common.imdb.com v3.1.6 installed
2019-04-11 18:28:40.183 T:3011290448  NOTICE: ADDON: metadata.common.musicbrainz.org v2.2.4 installed
2019-04-11 18:28:40.183 T:3011290448  NOTICE: ADDON: metadata.common.theaudiodb.com v2.0.3 installed
2019-04-11 18:28:40.183 T:3011290448  NOTICE: ADDON: metadata.common.themoviedb.org v3.2.13 installed
2019-04-11 18:28:40.183 T:3011290448  NOTICE: ADDON: metadata.local v1.0.0 installed
2019-04-11 18:28:40.183 T:3011290448  NOTICE: ADDON: metadata.themoviedb.org v5.2.6 installed
2019-04-11 18:28:40.183 T:3011290448  NOTICE: ADDON: metadata.tvshows.themoviedb.org v3.5.12 installed
2019-04-11 18:28:40.183 T:3011290448  NOTICE: ADDON: os.libreelec.tv v9.2 installed
2019-04-11 18:28:40.183 T:3011290448  NOTICE: ADDON: os.openelec.tv v9.2 installed
2019-04-11 18:28:40.183 T:3011290448  NOTICE: ADDON: peripheral.joystick v1.4.9 installed
2019-04-11 18:28:40.183 T:3011290448  NOTICE: ADDON: plugin.audio.prime_music v0.10.6 installed
2019-04-11 18:28:40.183 T:3011290448  NOTICE: ADDON: plugin.image.google v0.9.8 installed
2019-04-11 18:28:40.183 T:3011290448  NOTICE: ADDON: plugin.program.browser.launcher v1.2.5 installed
2019-04-11 18:28:40.183 T:3011290448  NOTICE: ADDON: plugin.video.3satmediathek v1.2.0 installed
2019-04-11 18:28:40.183 T:3011290448  NOTICE: ADDON: plugin.video.L0RE.arte v0.7.0 installed
2019-04-11 18:28:40.183 T:3011290448  NOTICE: ADDON: plugin.video.L0RE.dmax v1.0.9 installed
2019-04-11 18:28:40.183 T:3011290448  NOTICE: ADDON: plugin.video.L0RE.spiegeltv v1.0.2 installed
2019-04-11 18:28:40.183 T:3011290448  NOTICE: ADDON: plugin.video.amazon-test v0.9.0 installed
2019-04-11 18:28:40.183 T:3011290448  NOTICE: ADDON: plugin.video.ardundzdf v2.9.2 installed
2019-04-11 18:28:40.183 T:3011290448  NOTICE: ADDON: plugin.video.cnn v1.0.0 installed
2019-04-11 18:28:40.183 T:3011290448  NOTICE: ADDON: plugin.video.gq v3.0.4 installed
2019-04-11 18:28:40.183 T:3011290448  NOTICE: ADDON: plugin.video.hrmediathek v1.0.0 installed
2019-04-11 18:28:40.183 T:3011290448  NOTICE: ADDON: plugin.video.koditube v1.0.0 installed
2019-04-11 18:28:40.183 T:3011290448  NOTICE: ADDON: plugin.video.mediathek v0.9.4 installed
2019-04-11 18:28:40.183 T:3011290448  NOTICE: ADDON: plugin.video.mediathekdirekt v0.0.15 installed
2019-04-11 18:28:40.183 T:3011290448  NOTICE: ADDON: plugin.video.nasa v3.0.0 installed
2019-04-11 18:28:40.183 T:3011290448  NOTICE: ADDON: plugin.video.netflix v1.12.2 installed
2019-04-11 18:28:40.183 T:3011290448  NOTICE: ADDON: plugin.video.ng v1.0.0 installed
2019-04-11 18:28:40.183 T:3011290448  NOTICE: ADDON: plugin.video.prosiebensat1 v1.2.0 installed
2019-04-11 18:28:40.183 T:3011290448  NOTICE: ADDON: plugin.video.tagesschau v2.2.2 installed
2019-04-11 18:28:40.183 T:3011290448  NOTICE: ADDON: plugin.video.tyl0re.arte v1.0.2 installed
2019-04-11 18:28:40.183 T:3011290448  NOTICE: ADDON: plugin.video.tyl0re.dmax v2.1.2 installed
2019-04-11 18:28:40.183 T:3011290448  NOTICE: ADDON: plugin.video.tyl0re.spiegeltv v2.0.5 installed
2019-04-11 18:28:40.183 T:3011290448  NOTICE: ADDON: plugin.video.wdrmediathek v1.0.0 installed
2019-04-11 18:28:40.183 T:3011290448  NOTICE: ADDON: plugin.video.youtube v6.8.9 installed
2019-04-11 18:28:40.183 T:3011290448  NOTICE: ADDON: pvr.njoy v3.4.2.4 installed
2019-04-11 18:28:40.183 T:3011290448  NOTICE: ADDON: repository.castagnait v1.0.1 installed
2019-04-11 18:28:40.183 T:3011290448  NOTICE: ADDON: repository.kodi.game v1.0.0 installed
2019-04-11 18:28:40.183 T:3011290448  NOTICE: ADDON: repository.kodinerds v9.0.103.103 installed
2019-04-11 18:28:40.183 T:3011290448  NOTICE: ADDON: repository.libreelec.tv v9.2.0 installed
2019-04-11 18:28:40.183 T:3011290448  NOTICE: ADDON: repository.netflix v1.0.1 installed
2019-04-11 18:28:40.183 T:3011290448  NOTICE: ADDON: repository.openwizard v1.2 installed
2019-04-11 18:28:40.183 T:3011290448  NOTICE: ADDON: repository.sandmann79.plugins v1.0.3 installed
2019-04-11 18:28:40.184 T:3011290448  NOTICE: ADDON: repository.saxbmc v1.2.2 installed
2019-04-11 18:28:40.184 T:3011290448  NOTICE: ADDON: repository.xbmc.org v3.1.6 installed
2019-04-11 18:28:40.184 T:3011290448  NOTICE: ADDON: resource.images.weathericons.default v1.1.8 installed
2019-04-11 18:28:40.184 T:3011290448  NOTICE: ADDON: resource.language.de_de v9.0.21 installed
2019-04-11 18:28:40.184 T:3011290448  NOTICE: ADDON: resource.language.en_gb v2.0.1 installed
2019-04-11 18:28:40.184 T:3011290448  NOTICE: ADDON: resource.uisounds.kodi v1.0.0 installed
2019-04-11 18:28:40.184 T:3011290448  NOTICE: ADDON: screensaver.xbmc.builtin.black v1.0.33 installed
2019-04-11 18:28:40.184 T:3011290448  NOTICE: ADDON: screensaver.xbmc.builtin.dim v1.0.59 installed
2019-04-11 18:28:40.184 T:3011290448  NOTICE: ADDON: script.logviewer v2.1.3+gotham.1 installed
2019-04-11 18:28:40.184 T:3011290448  NOTICE: ADDON: script.module.addon.signals v0.0.6 installed
2019-04-11 18:28:40.184 T:3011290448  NOTICE: ADDON: script.module.arrow v0.15.5 installed
2019-04-11 18:28:40.184 T:3011290448  NOTICE: ADDON: script.module.backports.functools_lru_cache v1.6.1 installed
2019-04-11 18:28:40.184 T:3011290448  NOTICE: ADDON: script.module.beautifulsoup v3.2.1 installed
2019-04-11 18:28:40.184 T:3011290448  NOTICE: ADDON: script.module.beautifulsoup4 v4.6.2 installed
2019-04-11 18:28:40.184 T:3011290448  NOTICE: ADDON: script.module.bottle v0.12.17 installed
2019-04-11 18:28:40.184 T:3011290448  NOTICE: ADDON: script.module.cache v1.0.3 installed
2019-04-11 18:28:40.184 T:3011290448  NOTICE: ADDON: script.module.certifi v2019.9.11 installed
2019-04-11 18:28:40.184 T:3011290448  NOTICE: ADDON: script.module.chardet v3.0.4 installed
2019-04-11 18:28:40.184 T:3011290448  NOTICE: ADDON: script.module.dateutil v2.8.1 installed
2019-04-11 18:28:40.184 T:3011290448  NOTICE: ADDON: script.module.future v0.17.1 installed
2019-04-11 18:28:40.184 T:3011290448  NOTICE: ADDON: script.module.idna v2.8 installed
2019-04-11 18:28:40.184 T:3011290448  NOTICE: ADDON: script.module.inputstreamhelper v0.5.2 installed
2019-04-11 18:28:40.184 T:3011290448  NOTICE: ADDON: script.module.kodi-six v0.1.3 installed
2019-04-11 18:28:40.184 T:3011290448  NOTICE: ADDON: script.module.lib3sat v1.0.0 installed
2019-04-11 18:28:40.184 T:3011290448  NOTICE: ADDON: script.module.libard v1.0.0 installed
2019-04-11 18:28:40.184 T:3011290448  NOTICE: ADDON: script.module.libbr v1.0.0 installed
2019-04-11 18:28:40.184 T:3011290448  NOTICE: ADDON: script.module.libdaserste v1.0.0 installed
2019-04-11 18:28:40.184 T:3011290448  NOTICE: ADDON: script.module.libhr v1.0.0 installed
2019-04-11 18:28:40.184 T:3011290448  NOTICE: ADDON: script.module.libmediathek3 v1.5.0 installed
2019-04-11 18:28:40.184 T:3011290448  NOTICE: ADDON: script.module.libndr v1.0.0 installed
2019-04-11 18:28:40.184 T:3011290448  NOTICE: ADDON: script.module.libwdr v1.0.0 installed
2019-04-11 18:28:40.184 T:3011290448  NOTICE: ADDON: script.module.libzdf v2.1.7 installed
2019-04-11 18:28:40.184 T:3011290448  NOTICE: ADDON: script.module.mechanicalsoup v0.12.0 installed
2019-04-11 18:28:40.184 T:3011290448  NOTICE: ADDON: script.module.mechanize v0.2.6 installed
2019-04-11 18:28:40.184 T:3011290448  NOTICE: ADDON: script.module.mediathekxmlservice v1.0.0 installed
2019-04-11 18:28:40.184 T:3011290448  NOTICE: ADDON: script.module.metadatautils v1.0.0 installed
2019-04-11 18:28:40.184 T:3011290448  NOTICE: ADDON: script.module.musicbrainz v0.6.0 installed
2019-04-11 18:28:40.184 T:3011290448  NOTICE: ADDON: script.module.pil v1.1.7 installed
2019-04-11 18:28:40.184 T:3011290448  NOTICE: ADDON: script.module.pyautogui v0.9.50 installed
2019-04-11 18:28:40.184 T:3011290448  NOTICE: ADDON: script.module.pycryptodome v3.4.3 installed
2019-04-11 18:28:40.184 T:3011290448  NOTICE: ADDON: script.module.pydes v2.0.4 installed
2019-04-11 18:28:40.185 T:3011290448  NOTICE: ADDON: script.module.pysocks v1.6.8 installed
2019-04-11 18:28:40.185 T:3011290448  NOTICE: ADDON: script.module.pyxbmct v1.3.1 installed
2019-04-11 18:28:40.185 T:3011290448  NOTICE: ADDON: script.module.requests v2.22.0 installed
2019-04-11 18:28:40.185 T:3011290448  NOTICE: ADDON: script.module.routing v0.2.3 installed
2019-04-11 18:28:40.185 T:3011290448  NOTICE: ADDON: script.module.simplecache v1.0.20 installed
2019-04-11 18:28:40.185 T:3011290448  NOTICE: ADDON: script.module.simplejson v3.16.1 installed
2019-04-11 18:28:40.185 T:3011290448  NOTICE: ADDON: script.module.six v1.13.0 installed
2019-04-11 18:28:40.185 T:3011290448  NOTICE: ADDON: script.module.t1mlib v1.0.18 installed
2019-04-11 18:28:40.185 T:3011290448  NOTICE: ADDON: script.module.thetvdb v1.0.12 installed
2019-04-11 18:28:40.185 T:3011290448  NOTICE: ADDON: script.module.urllib3 v1.25.6 installed
2019-04-11 18:28:40.185 T:3011290448  NOTICE: ADDON: script.module.xbmcswift2 v13.0.3 installed
2019-04-11 18:28:40.185 T:3011290448  NOTICE: ADDON: script.module.youtube.dl v20.616.0 installed
2019-04-11 18:28:40.185 T:3011290448  NOTICE: ADDON: script.program.driverselect v0.1.6 installed
2019-04-11 18:28:40.185 T:3011290448  NOTICE: ADDON: script.skin.helper.service v1.1.3 installed
2019-04-11 18:28:40.185 T:3011290448  NOTICE: ADDON: script.tubecast v1.4.5 installed
2019-04-11 18:28:40.185 T:3011290448  NOTICE: ADDON: script.tv.show.next.aired v6.0.15 installed
2019-04-11 18:28:40.185 T:3011290448  NOTICE: ADDON: service.library.data.provider v0.3.2 installed
2019-04-11 18:28:40.185 T:3011290448  NOTICE: ADDON: service.libreelec.settings v9.0.0 installed
2019-04-11 18:28:40.185 T:3011290448  NOTICE: ADDON: skin.ace2 v1.6.0 installed
2019-04-11 18:28:40.185 T:3011290448  NOTICE: ADDON: skin.estuary v2.0.27 installed
2019-04-11 18:28:40.185 T:3011290448  NOTICE: ADDON: virtual.multimedia-tools v9.2.0.109 installed
2019-04-11 18:28:40.185 T:3011290448  NOTICE: ADDON: virtual.system-tools v9.2.0.111 installed
2019-04-11 18:28:40.185 T:3011290448  NOTICE: ADDON: webinterface.arch v2.0.5 installed
2019-04-11 18:28:40.185 T:3011290448  NOTICE: ADDON: webinterface.awxi v0.7.6 installed
2019-04-11 18:28:40.185 T:3011290448  NOTICE: ADDON: webinterface.chorus v0.3.10 installed
2019-04-11 18:28:40.185 T:3011290448  NOTICE: ADDON: webinterface.default v18.x-2.4.6 installed
2019-04-11 18:28:40.185 T:3011290448  NOTICE: ADDON: webinterface.hax v0.1.1 installed
2019-04-11 18:28:40.185 T:3011290448  NOTICE: ADDON: xbmc.addon v18.9 installed
2019-04-11 18:28:40.185 T:3011290448  NOTICE: ADDON: xbmc.core v0.1.0 installed
2019-04-11 18:28:40.185 T:3011290448  NOTICE: ADDON: xbmc.gui v5.14.0 installed
2019-04-11 18:28:40.185 T:3011290448  NOTICE: ADDON: xbmc.json v10.3.0 installed
2019-04-11 18:28:40.185 T:3011290448  NOTICE: ADDON: xbmc.metadata v2.1.0 installed
2019-04-11 18:28:40.185 T:3011290448  NOTICE: ADDON: xbmc.python v2.26.0 installed
2019-04-11 18:28:40.185 T:3011290448  NOTICE: ADDON: xbmc.webinterface v1.0.0 installed
2019-04-11 18:28:40.234 T:3011290448   ERROR: DBus error: org.freedesktop.DBus.Error.ServiceUnknown - The name org.freedesktop.UPower was not provided by any .service files
2019-04-11 18:28:40.268 T:2988036976 WARNING: Pulseaudio module module-allow-passthrough not loaded - opening PT devices might fail
2019-04-11 18:28:40.268 T:2988036976  NOTICE: Found 2 Lists of Devices
2019-04-11 18:28:40.268 T:2988036976  NOTICE: Enumerated PI devices:
2019-04-11 18:28:40.268 T:2988036976  NOTICE:     Device 1
2019-04-11 18:28:40.268 T:2988036976  NOTICE:         m_deviceName      : HDMI
2019-04-11 18:28:40.268 T:2988036976  NOTICE:         m_displayName     : HDMI
2019-04-11 18:28:40.269 T:2988036976  NOTICE:         m_displayNameExtra:
2019-04-11 18:28:40.269 T:2988036976  NOTICE:         m_deviceType      : AE_DEVTYPE_HDMI
2019-04-11 18:28:40.269 T:2988036976  NOTICE:         m_channels        : FL, FR
2019-04-11 18:28:40.269 T:2988036976  NOTICE:         m_sampleRates     : 8000,11025,16000,22050,24000,32000,44100,48000,88200,96000,176400,192000
2019-04-11 18:28:40.269 T:2988036976  NOTICE:         m_dataFormats     : AE_FMT_FLOAT,AE_FMT_S32NE,AE_FMT_S16NE,AE_FMT_S32LE,AE_FMT_S16LE,AE_FMT_FLOATP,AE_FMT_S32NEP,AE_FMT_S16NEP,AE_FMT_RAW
2019-04-11 18:28:40.269 T:2988036976  NOTICE:         m_streamTypes     : STREAM_TYPE_AC3,STREAM_TYPE_EAC3,STREAM_TYPE_DTSHD_CORE,STREAM_TYPE_DTS_2048,STREAM_TYPE_DTS_1024,STREAM_TYPE_DTS_512
2019-04-11 18:28:40.269 T:2988036976  NOTICE:     Device 2
2019-04-11 18:28:40.269 T:2988036976  NOTICE:         m_deviceName      : Analogue
2019-04-11 18:28:40.269 T:2988036976  NOTICE:         m_displayName     : Analogue
2019-04-11 18:28:40.269 T:2988036976  NOTICE:         m_displayNameExtra:
2019-04-11 18:28:40.269 T:2988036976  NOTICE:         m_deviceType      : AE_DEVTYPE_PCM
2019-04-11 18:28:40.269 T:2988036976  NOTICE:         m_channels        : FL, FR
2019-04-11 18:28:40.269 T:2988036976  NOTICE:         m_sampleRates     : 48000
2019-04-11 18:28:40.269 T:2988036976  NOTICE:         m_dataFormats     : AE_FMT_FLOAT,AE_FMT_S32LE,AE_FMT_S16LE,AE_FMT_FLOATP,AE_FMT_S32NEP,AE_FMT_S16NEP
2019-04-11 18:28:40.269 T:2988036976  NOTICE:         m_streamTypes     : No passthrough capabilities
2019-04-11 18:28:40.269 T:2988036976  NOTICE:     Device 3
2019-04-11 18:28:40.269 T:2988036976  NOTICE:         m_deviceName      : Both
2019-04-11 18:28:40.269 T:2988036976  NOTICE:         m_displayName     : HDMI and Analogue
2019-04-11 18:28:40.269 T:2988036976  NOTICE:         m_displayNameExtra:
2019-04-11 18:28:40.269 T:2988036976  NOTICE:         m_deviceType      : AE_DEVTYPE_PCM
2019-04-11 18:28:40.269 T:2988036976  NOTICE:         m_channels        : FL, FR
2019-04-11 18:28:40.269 T:2988036976  NOTICE:         m_sampleRates     : 48000
2019-04-11 18:28:40.269 T:2988036976  NOTICE:         m_dataFormats     : AE_FMT_FLOAT,AE_FMT_S32LE,AE_FMT_S16LE,AE_FMT_FLOATP,AE_FMT_S32NEP,AE_FMT_S16NEP
2019-04-11 18:28:40.269 T:2988036976  NOTICE:         m_streamTypes     : No passthrough capabilities
2019-04-11 18:28:40.269 T:2988036976  NOTICE: Enumerated PULSE devices:
2019-04-11 18:28:40.269 T:2988036976  NOTICE:     Device 1
2019-04-11 18:28:40.269 T:2988036976  NOTICE:         m_deviceName      : Default
2019-04-11 18:28:40.269 T:2988036976  NOTICE:         m_displayName     : Default
2019-04-11 18:28:40.269 T:2988036976  NOTICE:         m_displayNameExtra: Bluetooth Audio (PULSEAUDIO)
2019-04-11 18:28:40.269 T:2988036976  NOTICE:         m_deviceType      : AE_DEVTYPE_PCM
2019-04-11 18:28:40.269 T:2988036976  NOTICE:         m_channels        : FL, FR
2019-04-11 18:28:40.269 T:2988036976  NOTICE:         m_sampleRates     : 5512,8000,11025,16000,22050,32000,44100,48000,64000,88200,96000,176400,192000,384000
2019-04-11 18:28:40.269 T:2988036976  NOTICE:         m_dataFormats     : AE_FMT_U8,AE_FMT_S16NE,AE_FMT_S24NE3,AE_FMT_S24NE4,AE_FMT_S32NE,AE_FMT_FLOAT
2019-04-11 18:28:40.269 T:2988036976  NOTICE:         m_streamTypes     : No passthrough capabilities
2019-04-11 18:28:40.315 T:3011290448  NOTICE: Raspberry PI firmware version: Jun 26 2020 14:49:28 
                                            Copyright (c) 2012 Broadcom
                                            version b078012603a6a094178f959805996ad225a0d83b (clean) (release) (start_x)
2019-04-11 18:28:40.315 T:3011290448  NOTICE: ARM mem: 704MB GPU mem: 320MB MPG2:0 WVC1:0
2019-04-11 18:28:40.315 T:3011290448  NOTICE: Config:
                                            arm_freq=1500
                                            audio_pwm_mode=514
                                            config_hdmi_boost=5
                                            core_freq=500
                                            core_freq_min=200
                                            disable_commandline_tags=2
                                            disable_l2cache=1
                                            disable_overscan=1
                                            display_hdmi_rotate=-1
                                            display_lcd_rotate=-1
                                            enable_gic=1
                                            force_eeprom_read=1
                                            force_pwm_open=1
                                            framebuffer_ignore_alpha=1
                                            framebuffer_swap=1
                                            gpu_freq=500
                                            gpu_freq_min=250
                                            hdmi_channel_map=8
                                            init_uart_clock=0x2dc6c00
                                            lcd_framerate=60
                                            mask_gpu_interrupt0=1024
                                            mask_gpu_interrupt1=0x10000
                                            over_voltage_avs=-42500
                                            pause_burst_frames=1
                                            program_serial_random=1
                                            total_mem=4096
                                            hdmi_force_cec_address:0=65535
                                            hdmi_force_cec_address:1=65535
                                            hdmi_ignore_cec_init:0=1
                                            hdmi_pixel_freq_limit:0=0x11e1a300
                                            hdmi_pixel_freq_limit:1=0x11e1a300
2019-04-11 18:28:40.315 T:3011290448  NOTICE: Config:
                                            device_tree=-
                                            overlay_prefix=overlays/
                                            hdmi_cvt:0=
                                            hdmi_cvt:1=
                                            hdmi_edid_filename:0=
                                            hdmi_edid_filename:1=
                                            hdmi_timings:0=
                                            hdmi_timings:1=
2019-04-11 18:28:40.503 T:3011290448 WARNING: CDRMUtils::FindPlane - could not find plane
2019-04-11 18:28:40.646 T:3011290448  NOTICE: Found resolution 1920x1080 with 1920x1080 @ 60.000000 Hz
2019-04-11 18:28:40.646 T:3011290448  NOTICE: Found resolution 1920x1080 with 1920x1080 @ 59.940063 Hz
2019-04-11 18:28:40.646 T:3011290448  NOTICE: Found resolution 1920x1080 with 1920x1080 @ 50.000000 Hz
2019-04-11 18:28:40.646 T:3011290448  NOTICE: Found resolution 1920x1080 with 1920x1080 @ 24.000000 Hz
2019-04-11 18:28:40.646 T:3011290448  NOTICE: Found resolution 1920x1080 with 1920x1080 @ 23.976025 Hz
2019-04-11 18:28:40.646 T:3011290448  NOTICE: Found resolution 1280x1024 with 1280x1024 @ 75.000000 Hz
2019-04-11 18:28:40.646 T:3011290448  NOTICE: Found resolution 1152x864 with 1152x864 @ 75.000000 Hz
2019-04-11 18:28:40.646 T:3011290448  NOTICE: Found resolution 1280x720 with 1280x720 @ 60.000000 Hz
2019-04-11 18:28:40.647 T:3011290448  NOTICE: Found resolution 1280x720 with 1280x720 @ 59.940063 Hz
2019-04-11 18:28:40.647 T:3011290448  NOTICE: Found resolution 1280x720 with 1280x720 @ 50.000000 Hz
2019-04-11 18:28:40.647 T:3011290448  NOTICE: Found resolution 1024x768 with 1024x768 @ 75.000000 Hz
2019-04-11 18:28:40.647 T:3011290448  NOTICE: Found resolution 1024x768 with 1024x768 @ 70.000000 Hz
2019-04-11 18:28:40.647 T:3011290448  NOTICE: Found resolution 1024x768 with 1024x768 @ 60.000000 Hz
2019-04-11 18:28:40.647 T:3011290448  NOTICE: Found resolution 832x624 with 832x624 @ 74.925079 Hz
2019-04-11 18:28:40.647 T:3011290448  NOTICE: Found resolution 800x600 with 800x600 @ 75.000000 Hz
2019-04-11 18:28:40.647 T:3011290448  NOTICE: Found resolution 800x600 with 800x600 @ 72.000000 Hz
2019-04-11 18:28:40.647 T:3011290448  NOTICE: Found resolution 800x600 with 800x600 @ 60.000000 Hz
2019-04-11 18:28:40.647 T:3011290448  NOTICE: Found resolution 800x600 with 800x600 @ 56.000000 Hz
2019-04-11 18:28:40.647 T:3011290448  NOTICE: Found resolution 720x576 with 720x576 @ 50.000000 Hz
2019-04-11 18:28:40.647 T:3011290448  NOTICE: Found resolution 720x480 with 720x480 @ 59.940063 Hz
2019-04-11 18:28:40.647 T:3011290448  NOTICE: Found resolution 720x480 with 720x480 @ 60.000000 Hz
2019-04-11 18:28:40.647 T:3011290448  NOTICE: Found resolution 640x480 with 640x480 @ 75.000000 Hz
2019-04-11 18:28:40.647 T:3011290448  NOTICE: Found resolution 640x480 with 640x480 @ 73.000000 Hz
2019-04-11 18:28:40.647 T:3011290448  NOTICE: Found resolution 640x480 with 640x480 @ 67.000000 Hz
2019-04-11 18:28:40.647 T:3011290448  NOTICE: Found resolution 640x480 with 640x480 @ 60.000000 Hz
2019-04-11 18:28:40.649 T:3011290448  NOTICE: Previous line repeats 1 times.
2019-04-11 18:28:40.649 T:3011290448  NOTICE: EGL_VERSION = 1.4
2019-04-11 18:28:40.649 T:3011290448  NOTICE: EGL_VENDOR = Mesa Project
2019-04-11 18:28:40.649 T:3011290448  NOTICE: EGL_EXTENSIONS = EGL_EXT_buffer_age EGL_EXT_image_dma_buf_import EGL_EXT_image_dma_buf_import_modifiers EGL_KHR_cl_event2 EGL_KHR_config_attribs EGL_KHR_create_context EGL_KHR_create_context_no_error EGL_KHR_fence_sync EGL_KHR_get_all_proc_addresses EGL_KHR_gl_colorspace EGL_KHR_gl_renderbuffer_image EGL_KHR_gl_texture_2D_image EGL_KHR_gl_texture_3D_image EGL_KHR_gl_texture_cubemap_image EGL_KHR_image EGL_KHR_image_base EGL_KHR_image_pixmap EGL_KHR_no_config_context EGL_KHR_reusable_sync EGL_KHR_surfaceless_context EGL_EXT_pixel_format_float EGL_KHR_wait_sync EGL_MESA_configless_context EGL_MESA_drm_image EGL_MESA_image_dma_buf_export
2019-04-11 18:28:40.649 T:3011290448  NOTICE: EGL_CLIENT_EXTENSIONS = EGL_EXT_client_extensions EGL_EXT_device_base EGL_EXT_device_enumeration EGL_EXT_device_query EGL_EXT_platform_base EGL_KHR_client_get_all_proc_addresses EGL_KHR_debug EGL_MESA_platform_gbm
2019-04-11 18:28:40.653 T:3011290448  NOTICE: Checking resolution 16
2019-04-11 18:28:40.820 T:3011290448 WARNING: CGBMUtils::DestroySurface - surface already destroyed
2019-04-11 18:28:40.866 T:3011290448  NOTICE: GL_VENDOR = Broadcom
2019-04-11 18:28:40.866 T:3011290448  NOTICE: GL_RENDERER = V3D 4.2
2019-04-11 18:28:40.867 T:3011290448  NOTICE: GL_VERSION = OpenGL ES 3.0 Mesa 19.1.7
2019-04-11 18:28:40.867 T:3011290448  NOTICE: GL_SHADING_LANGUAGE_VERSION = OpenGL ES GLSL ES 3.00
2019-04-11 18:28:40.867 T:3011290448  NOTICE: GL_EXTENSIONS = GL_EXT_blend_minmax GL_EXT_multi_draw_arrays GL_EXT_texture_format_BGRA8888 GL_OES_compressed_ETC1_RGB8_texture GL_OES_depth24 GL_OES_element_index_uint GL_OES_fbo_render_mipmap GL_OES_mapbuffer GL_OES_rgb8_rgba8 GL_OES_standard_derivatives GL_OES_stencil8 GL_OES_texture_3D GL_OES_texture_float GL_OES_texture_half_float GL_OES_texture_half_float_linear GL_OES_texture_npot GL_OES_vertex_half_float GL_EXT_texture_sRGB_decode GL_OES_EGL_image GL_OES_depth_texture GL_OES_packed_depth_stencil GL_EXT_texture_type_2_10_10_10_REV GL_OES_get_program_binary GL_APPLE_texture_max_level GL_EXT_discard_framebuffer GL_EXT_read_format_bgra GL_EXT_frag_depth GL_NV_fbo_color_attachments GL_OES_EGL_image_external GL_OES_EGL_sync GL_OES_vertex_array_object GL_EXT_occlusion_query_boolean GL_EXT_texture_rg GL_EXT_unpack_subimage GL_NV_draw_buffers GL_NV_read_buffer GL_NV_read_depth GL_NV_read_depth_stencil GL_NV_read_stencil GL_EXT_draw_buffers GL_EXT_map_buffer_range GL_KHR_debug GL_KHR_texture_compression_astc_ldr GL_OES_depth_texture_cube_map GL_OES_required_internalformat GL_OES_surfaceless_context GL_EXT_color_buffer_float GL_EXT_sRGB_write_control GL_EXT_separate_shader_objects GL_EXT_shader_integer_mix GL_EXT_base_instance GL_EXT_compressed_ETC1_RGB8_sub_texture GL_EXT_draw_elements_base_vertex GL_EXT_texture_border_clamp GL_KHR_context_flush_control GL_OES_draw_elements_base_vertex GL_OES_texture_border_clamp GL_OES_texture_stencil8 GL_EXT_float_blend GL_KHR_no_error GL_KHR_texture_compression_astc_sliced_3d GL_OES_EGL_image_external_essl3 GL_MESA_shader_integer_functions GL_KHR_parallel_shader_compile GL_EXT_texture_query_lod
