############## kodi CRASH LOG ###############

################ SYSTEM INFO ################
 Date: Tue Jan 19 22:03:36 CET 2021
 kodi Options: --standalone -fs
 Arch: armv7l
 Kernel: Linux 4.19.127 #1 SMP Sat Oct 24 15:01:22 EDT 2020
 Release: LibreELEC 9.2.6
############## END SYSTEM INFO ##############

############### STACK TRACE #################
=====>  Core file: /storage/.cache/cores/core.!usr!lib!kodi!kodi.bin.1611090201.439
        =========================================
[New LWP 439]
[New LWP 451]
[New LWP 449]
[New LWP 453]
[New LWP 450]
[New LWP 448]
[New LWP 446]
[New LWP 452]
[New LWP 486]
[Thread debugging using libthread_db enabled]
Using host libthread_db library "/usr/lib/libthread_db.so.1".
Core was generated by `/usr/lib/kodi/kodi.bin --standalone -fs'.
Program terminated with signal SIGSEGV, Segmentation fault.
#0  0x00000000 in ?? ()
[Current thread is 1 (Thread 0xb3841550 (LWP 439))]

Thread 9 (Thread 0xa6e96370 (LWP 486)):
#0  __GI___poll (timeout=-1, nfds=2, fds=0xaff1ba30) at ../sysdeps/unix/sysv/linux/poll.c:29
#1  __GI___poll (fds=0xaff1ba30, nfds=2, timeout=-1) at ../sysdeps/unix/sysv/linux/poll.c:26
#2  0xb6fb3da4 in ?? () from /usr/lib/libavahi-common.so.3
Backtrace stopped: previous frame identical to this frame (corrupt stack?)

Thread 8 (Thread 0xad4fd370 (LWP 452)):
#0  futex_wait_cancelable (private=0, expected=0, futex_word=0xaff03ac4) at ../sysdeps/unix/sysv/linux/futex-internal.h:88
#1  __pthread_cond_wait_common (abstime=0x0, mutex=<optimized out>, cond=0xaff03a98) at pthread_cond_wait.c:502
#2  __pthread_cond_wait (cond=0xaff03a98, mutex=0x0) at pthread_cond_wait.c:655
#3  0xb4057d94 in ?? () from /usr/lib/libvcos.so
Backtrace stopped: previous frame identical to this frame (corrupt stack?)

Thread 7 (Thread 0xb10ff370 (LWP 446)):
#0  __GI___poll (timeout=-1, nfds=1, fds=0xb1100700) at ../sysdeps/unix/sysv/linux/poll.c:29
#1  __GI___poll (fds=0xb1100700, nfds=1, timeout=-1) at ../sysdeps/unix/sysv/linux/poll.c:26
#2  0x0083868c in CFDEventMonitor::Process() ()
#3  0x00694898 in CThread::Action() ()
#4  0x006b2820 in CThread::staticThread(void*) ()
#5  0xb6f55378 in start_thread (arg=0xb10ff370) at pthread_create.c:486
#6  0xb4f3e3c8 in ?? () at ../sysdeps/unix/sysv/linux/arm/clone.S:73 from /usr/lib/libc.so.6
Backtrace stopped: previous frame identical to this frame (corrupt stack?)

Thread 6 (Thread 0xb08fe370 (LWP 448)):
#0  0xb4f36ffc in ioctl () at ../sysdeps/unix/syscall-template.S:78
Backtrace stopped: Cannot access memory at address 0x6c6c615a

Thread 5 (Thread 0xae4ff370 (LWP 450)):
#0  futex_abstimed_wait_cancelable (private=0, abstime=0x0, expected=1, futex_word=0xb4ff85f4) at ../sysdeps/unix/sysv/linux/futex-internal.h:205
#1  do_futex_wait (sem=sem@entry=0xb4ff85f4, abstime=0x0) at sem_waitcommon.c:115
#2  0xb6f5e8e0 in __new_sem_wait_slow (sem=0xb4ff85f4, abstime=0x0) at sem_waitcommon.c:282
#3  0xb4fde3b0 in ?? () from /usr/lib/libbcm_host.so
Backtrace stopped: previous frame identical to this frame (corrupt stack?)

Thread 4 (Thread 0xaccfc370 (LWP 453)):
#0  futex_abstimed_wait_cancelable (private=0, abstime=0x0, expected=1, futex_word=0xaff03c2c) at ../sysdeps/unix/sysv/linux/futex-internal.h:205
#1  do_futex_wait (sem=sem@entry=0xaff03c2c, abstime=0x0) at sem_waitcommon.c:115
#2  0xb6f5e8e0 in __new_sem_wait_slow (sem=0xaff03c2c, abstime=0x0) at sem_waitcommon.c:282
#3  0xb4b74b60 in vchiu_queue_pop () from /usr/lib/libvchiq_arm.so
#4  0xb302ad70 in ?? () from /usr/lib/libopenmaxil.so
Backtrace stopped: previous frame identical to this frame (corrupt stack?)

Thread 3 (Thread 0xafcff370 (LWP 449)):
#0  futex_abstimed_wait_cancelable (private=0, abstime=0x0, expected=1, futex_word=0xb4ff9480) at ../sysdeps/unix/sysv/linux/futex-internal.h:205
#1  do_futex_wait (sem=sem@entry=0xb4ff9480, abstime=0x0) at sem_waitcommon.c:115
#2  0xb6f5e8e0 in __new_sem_wait_slow (sem=0xb4ff9480, abstime=0x0) at sem_waitcommon.c:282
#3  0xb4fe24d4 in ?? () from /usr/lib/libbcm_host.so
Backtrace stopped: previous frame identical to this frame (corrupt stack?)

Thread 2 (Thread 0xadcfe370 (LWP 451)):
#0  futex_abstimed_wait_cancelable (private=0, abstime=0x0, expected=1, futex_word=0xb4ff9384) at ../sysdeps/unix/sysv/linux/futex-internal.h:205
#1  do_futex_wait (sem=sem@entry=0xb4ff9384, abstime=0x0) at sem_waitcommon.c:115
#2  0xb6f5e8e0 in __new_sem_wait_slow (sem=0xb4ff9384, abstime=0x0) at sem_waitcommon.c:282
#3  0xb4fdf720 in ?? () from /usr/lib/libbcm_host.so
Backtrace stopped: previous frame identical to this frame (corrupt stack?)

Thread 1 (Thread 0xb3841550 (LWP 439)):
#0  0x00000000 in ?? ()
#1  0x002cc0a4 in _start ()
Backtrace stopped: previous frame identical to this frame (corrupt stack?)
############# END STACK TRACE ###############

################# LOG FILE ##################

﻿2019-04-11 18:28:39.684 T:3011777872  NOTICE: -----------------------------------------------------------------------
2019-04-11 18:28:39.684 T:3011777872  NOTICE: Starting Kodi (18.9 (18.9.0) Git:leia_pi4_18.9-Leia). Platform: Linux ARM 32-bit
2019-04-11 18:28:39.685 T:3011777872  NOTICE: Using Release Kodi x32 build
2019-04-11 18:28:39.685 T:3011777872  NOTICE: Kodi compiled 2020-10-24 by GCC 8.3.0 for Linux ARM 32-bit version 4.19.127 (267135)
2019-04-11 18:28:39.685 T:3011777872  NOTICE: Running on LibreELEC (official): 9.2.6, kernel: Linux ARM 32-bit version 4.19.127
2019-04-11 18:28:39.685 T:3011777872  NOTICE: FFmpeg version/source: 4.0.4-Kodi
2019-04-11 18:28:39.685 T:3011777872  NOTICE: Host CPU: ARMv7 Processor rev 3 (v7l), 4 cores available
2019-04-11 18:28:39.685 T:3011777872  NOTICE: ARM Features: Neon enabled
2019-04-11 18:28:39.685 T:3011777872  NOTICE: special://xbmc/ is mapped to: /usr/share/kodi/
2019-04-11 18:28:39.685 T:3011777872  NOTICE: special://xbmcbin/ is mapped to: /usr/lib/kodi
2019-04-11 18:28:39.685 T:3011777872  NOTICE: special://xbmcbinaddons/ is mapped to: /usr/lib/kodi/addons
2019-04-11 18:28:39.685 T:3011777872  NOTICE: special://masterprofile/ is mapped to: /storage/.kodi/userdata
2019-04-11 18:28:39.685 T:3011777872  NOTICE: special://envhome/ is mapped to: /storage
2019-04-11 18:28:39.685 T:3011777872  NOTICE: special://home/ is mapped to: /storage/.kodi
2019-04-11 18:28:39.685 T:3011777872  NOTICE: special://temp/ is mapped to: /storage/.kodi/temp
2019-04-11 18:28:39.685 T:3011777872  NOTICE: special://logpath/ is mapped to: /storage/.kodi/temp
2019-04-11 18:28:39.685 T:3011777872  NOTICE: The executable running is: /usr/lib/kodi/kodi.bin
2019-04-11 18:28:39.685 T:3011777872  NOTICE: Local hostname: RaspiKodi
2019-04-11 18:28:39.685 T:3011777872  NOTICE: Log File is located: /storage/.kodi/temp/kodi.log
2019-04-11 18:28:39.685 T:3011777872  NOTICE: -----------------------------------------------------------------------
2019-04-11 18:28:39.696 T:3011777872    INFO: loading settings
2019-04-11 18:28:39.698 T:3011777872  NOTICE: special://profile/ is mapped to: special://masterprofile/
2019-04-11 18:28:39.721 T:3011777872   DEBUG: CSkinSettings: no <skinsettings> tag found
2019-04-11 18:28:39.721 T:3011777872  NOTICE: Loaded settings file from special://xbmc/system/advancedsettings.xml
2019-04-11 18:28:39.721 T:3011777872  NOTICE: Contents of special://xbmc/system/advancedsettings.xml are...
                                            <?xml version="1.0" encoding="utf-8" ?>
                                            <advancedsettings>
                                              <cputempcommand>/usr/bin/cputemp</cputempcommand>
                                              <gputempcommand>/usr/bin/gputemp</gputempcommand>
                                              <showexitbutton>false</showexitbutton>
                                              <remotedelay>1</remotedelay>
                                              <samba>
                                                <clienttimeout>30</clienttimeout>
                                              </samba>
                                              <fanartres>720</fanartres>
                                              <imageres>540</imageres>
                                            </advancedsettings>
2019-04-11 18:28:39.722 T:3011777872 WARNING: CSettingsManager: missing version attribute
2019-04-11 18:28:39.729 T:3011777872  NOTICE: Loaded settings file from special://profile/advancedsettings.xml
2019-04-11 18:28:39.729 T:3011777872  NOTICE: Contents of special://profile/advancedsettings.xml are...
                                            <advancedsettings>
                                              <cache>
                                                <buffermode>1</buffermode>
                                                <memorysize>838860800</memorysize>
                                                <readfactor>4</readfactor>
                                              </cache>
                                            </advancedsettings>
2019-04-11 18:28:39.729 T:3011777872 WARNING: CSettingsManager: missing version attribute
2019-04-11 18:28:39.729 T:3011777872  NOTICE: Default Video Player: VideoPlayer
2019-04-11 18:28:39.729 T:3011777872  NOTICE: Default Audio Player: paplayer
2019-04-11 18:28:39.729 T:3011777872  NOTICE: Disabled debug logging due to GUI setting. Level 0.
2019-04-11 18:28:39.729 T:3011777872  NOTICE: Log level changed to "LOG_LEVEL_NORMAL"
2019-04-11 18:28:39.730 T:3011777872  NOTICE: CMediaSourceSettings: loading media sources from special://masterprofile/sources.xml
2019-04-11 18:28:39.858 T:3011777872  NOTICE: PulseAudio: Server found running - will try to use Pulse
2019-04-11 18:28:39.926 T:3011777872  NOTICE: Running database version Addons27
2019-04-11 18:28:40.160 T:3011777872  NOTICE: ADDON: audioencoder.kodi.builtin.aac v1.0.0 installed
2019-04-11 18:28:40.160 T:3011777872  NOTICE: ADDON: audioencoder.kodi.builtin.wma v1.0.0 installed
2019-04-11 18:28:40.160 T:3011777872  NOTICE: ADDON: driver.dvb.crazycat v9.2.0.0 installed
2019-04-11 18:28:40.160 T:3011777872  NOTICE: ADDON: driver.dvb.dvb-latest v9.2.0.0 installed
2019-04-11 18:28:40.160 T:3011777872  NOTICE: ADDON: game.controller.default v1.0.8 installed
2019-04-11 18:28:40.161 T:3011777872  NOTICE: ADDON: game.controller.keyboard v1.1.5 installed
2019-04-11 18:28:40.161 T:3011777872  NOTICE: ADDON: game.controller.mouse v1.0.9 installed
2019-04-11 18:28:40.161 T:3011777872  NOTICE: ADDON: game.controller.snes v1.0.8 installed
2019-04-11 18:28:40.161 T:3011777872  NOTICE: ADDON: inputstream.adaptive v2.4.6.1 installed
2019-04-11 18:28:40.161 T:3011777872  NOTICE: ADDON: inputstream.rtmp v2.0.9.2 installed
2019-04-11 18:28:40.161 T:3011777872  NOTICE: ADDON: kodi.binary.global.audioengine v1.0.1 installed
2019-04-11 18:28:40.161 T:3011777872  NOTICE: ADDON: kodi.binary.global.filesystem v1.0.2 installed
2019-04-11 18:28:40.161 T:3011777872  NOTICE: ADDON: kodi.binary.global.general v1.0.3 installed
2019-04-11 18:28:40.161 T:3011777872  NOTICE: ADDON: kodi.binary.global.gui v5.12.0 installed
2019-04-11 18:28:40.161 T:3011777872  NOTICE: ADDON: kodi.binary.global.main v1.0.14 installed
2019-04-11 18:28:40.161 T:3011777872  NOTICE: ADDON: kodi.binary.global.network v1.0.0 installed
2019-04-11 18:28:40.161 T:3011777872  NOTICE: ADDON: kodi.binary.instance.audiodecoder v2.0.0 installed
2019-04-11 18:28:40.161 T:3011777872  NOTICE: ADDON: kodi.binary.instance.audioencoder v2.0.0 installed
2019-04-11 18:28:40.161 T:3011777872  NOTICE: ADDON: kodi.binary.instance.game v1.1.0 installed
2019-04-11 18:28:40.161 T:3011777872  NOTICE: ADDON: kodi.binary.instance.imagedecoder v2.0.0 installed
2019-04-11 18:28:40.161 T:3011777872  NOTICE: ADDON: kodi.binary.instance.inputstream v2.0.8 installed
2019-04-11 18:28:40.161 T:3011777872  NOTICE: ADDON: kodi.binary.instance.peripheral v1.3.7 installed
2019-04-11 18:28:40.161 T:3011777872  NOTICE: ADDON: kodi.binary.instance.pvr v5.10.3 installed
2019-04-11 18:28:40.161 T:3011777872  NOTICE: ADDON: kodi.binary.instance.screensaver v2.0.0 installed
2019-04-11 18:28:40.161 T:3011777872  NOTICE: ADDON: kodi.binary.instance.vfs v2.0.0 installed
2019-04-11 18:28:40.161 T:3011777872  NOTICE: ADDON: kodi.binary.instance.videocodec v1.0.1 installed
2019-04-11 18:28:40.161 T:3011777872  NOTICE: ADDON: kodi.binary.instance.visualization v2.0.1 installed
2019-04-11 18:28:40.161 T:3011777872  NOTICE: ADDON: kodi.resource v1.0.0 installed
2019-04-11 18:28:40.161 T:3011777872  NOTICE: ADDON: metadata.album.universal v3.1.3 installed
2019-04-11 18:28:40.161 T:3011777872  NOTICE: ADDON: metadata.artists.universal v4.3.3 installed
2019-04-11 18:28:40.161 T:3011777872  NOTICE: ADDON: metadata.common.allmusic.com v3.2.2 installed
2019-04-11 18:28:40.161 T:3011777872  NOTICE: ADDON: metadata.common.fanart.tv v3.6.3 installed
2019-04-11 18:28:40.161 T:3011777872  NOTICE: ADDON: metadata.common.imdb.com v3.1.6 installed
2019-04-11 18:28:40.161 T:3011777872  NOTICE: ADDON: metadata.common.musicbrainz.org v2.2.4 installed
2019-04-11 18:28:40.161 T:3011777872  NOTICE: ADDON: metadata.common.theaudiodb.com v2.0.3 installed
2019-04-11 18:28:40.161 T:3011777872  NOTICE: ADDON: metadata.common.themoviedb.org v3.2.13 installed
2019-04-11 18:28:40.161 T:3011777872  NOTICE: ADDON: metadata.local v1.0.0 installed
2019-04-11 18:28:40.161 T:3011777872  NOTICE: ADDON: metadata.themoviedb.org v5.2.6 installed
2019-04-11 18:28:40.161 T:3011777872  NOTICE: ADDON: metadata.tvshows.themoviedb.org v3.5.12 installed
2019-04-11 18:28:40.161 T:3011777872  NOTICE: ADDON: os.libreelec.tv v9.2 installed
2019-04-11 18:28:40.161 T:3011777872  NOTICE: ADDON: os.openelec.tv v9.2 installed
2019-04-11 18:28:40.161 T:3011777872  NOTICE: ADDON: peripheral.joystick v1.4.9 installed
2019-04-11 18:28:40.161 T:3011777872  NOTICE: ADDON: plugin.audio.prime_music v0.10.6 installed
2019-04-11 18:28:40.161 T:3011777872  NOTICE: ADDON: plugin.image.google v0.9.8 installed
2019-04-11 18:28:40.161 T:3011777872  NOTICE: ADDON: plugin.program.browser.launcher v1.2.5 installed
2019-04-11 18:28:40.162 T:3011777872  NOTICE: ADDON: plugin.video.3satmediathek v1.2.0 installed
2019-04-11 18:28:40.162 T:3011777872  NOTICE: ADDON: plugin.video.L0RE.arte v0.7.0 installed
2019-04-11 18:28:40.162 T:3011777872  NOTICE: ADDON: plugin.video.L0RE.dmax v1.0.9 installed
2019-04-11 18:28:40.162 T:3011777872  NOTICE: ADDON: plugin.video.L0RE.spiegeltv v1.0.2 installed
2019-04-11 18:28:40.162 T:3011777872  NOTICE: ADDON: plugin.video.amazon-test v0.9.0 installed
2019-04-11 18:28:40.162 T:3011777872  NOTICE: ADDON: plugin.video.ardundzdf v2.9.2 installed
2019-04-11 18:28:40.162 T:3011777872  NOTICE: ADDON: plugin.video.cnn v1.0.0 installed
2019-04-11 18:28:40.162 T:3011777872  NOTICE: ADDON: plugin.video.gq v3.0.4 installed
2019-04-11 18:28:40.162 T:3011777872  NOTICE: ADDON: plugin.video.hrmediathek v1.0.0 installed
2019-04-11 18:28:40.162 T:3011777872  NOTICE: ADDON: plugin.video.koditube v1.0.0 installed
2019-04-11 18:28:40.162 T:3011777872  NOTICE: ADDON: plugin.video.mediathek v0.9.4 installed
2019-04-11 18:28:40.162 T:3011777872  NOTICE: ADDON: plugin.video.mediathekdirekt v0.0.15 installed
2019-04-11 18:28:40.162 T:3011777872  NOTICE: ADDON: plugin.video.nasa v3.0.0 installed
2019-04-11 18:28:40.162 T:3011777872  NOTICE: ADDON: plugin.video.netflix v1.12.1 installed
2019-04-11 18:28:40.162 T:3011777872  NOTICE: ADDON: plugin.video.ng v1.0.0 installed
2019-04-11 18:28:40.162 T:3011777872  NOTICE: ADDON: plugin.video.prosiebensat1 v1.2.0 installed
2019-04-11 18:28:40.162 T:3011777872  NOTICE: ADDON: plugin.video.tagesschau v2.2.2 installed
2019-04-11 18:28:40.162 T:3011777872  NOTICE: ADDON: plugin.video.tyl0re.arte v1.0.2 installed
2019-04-11 18:28:40.162 T:3011777872  NOTICE: ADDON: plugin.video.tyl0re.dmax v2.1.2 installed
2019-04-11 18:28:40.162 T:3011777872  NOTICE: ADDON: plugin.video.tyl0re.spiegeltv v2.0.5 installed
2019-04-11 18:28:40.162 T:3011777872  NOTICE: ADDON: plugin.video.wdrmediathek v1.0.0 installed
2019-04-11 18:28:40.162 T:3011777872  NOTICE: ADDON: plugin.video.youtube v6.8.9 installed
2019-04-11 18:28:40.162 T:3011777872  NOTICE: ADDON: pvr.njoy v3.4.2.4 installed
2019-04-11 18:28:40.162 T:3011777872  NOTICE: ADDON: repository.castagnait v1.0.1 installed
2019-04-11 18:28:40.162 T:3011777872  NOTICE: ADDON: repository.kodi.game v1.0.0 installed
2019-04-11 18:28:40.162 T:3011777872  NOTICE: ADDON: repository.kodinerds v9.0.103.103 installed
2019-04-11 18:28:40.162 T:3011777872  NOTICE: ADDON: repository.libreelec.tv v9.2.0 installed
2019-04-11 18:28:40.162 T:3011777872  NOTICE: ADDON: repository.netflix v1.0.1 installed
2019-04-11 18:28:40.162 T:3011777872  NOTICE: ADDON: repository.openwizard v1.2 installed
2019-04-11 18:28:40.162 T:3011777872  NOTICE: ADDON: repository.sandmann79.plugins v1.0.3 installed
2019-04-11 18:28:40.162 T:3011777872  NOTICE: ADDON: repository.saxbmc v1.2.2 installed
2019-04-11 18:28:40.162 T:3011777872  NOTICE: ADDON: repository.xbmc.org v3.1.6 installed
2019-04-11 18:28:40.162 T:3011777872  NOTICE: ADDON: resource.images.weathericons.default v1.1.8 installed
2019-04-11 18:28:40.162 T:3011777872  NOTICE: ADDON: resource.language.de_de v9.0.21 installed
2019-04-11 18:28:40.162 T:3011777872  NOTICE: ADDON: resource.language.en_gb v2.0.1 installed
2019-04-11 18:28:40.162 T:3011777872  NOTICE: ADDON: resource.uisounds.kodi v1.0.0 installed
2019-04-11 18:28:40.162 T:3011777872  NOTICE: ADDON: screensaver.xbmc.builtin.black v1.0.33 installed
2019-04-11 18:28:40.162 T:3011777872  NOTICE: ADDON: screensaver.xbmc.builtin.dim v1.0.59 installed
2019-04-11 18:28:40.162 T:3011777872  NOTICE: ADDON: script.logviewer v2.1.3+gotham.1 installed
2019-04-11 18:28:40.162 T:3011777872  NOTICE: ADDON: script.module.addon.signals v0.0.6 installed
2019-04-11 18:28:40.162 T:3011777872  NOTICE: ADDON: script.module.arrow v0.15.5 installed
2019-04-11 18:28:40.162 T:3011777872  NOTICE: ADDON: script.module.backports.functools_lru_cache v1.6.1 installed
2019-04-11 18:28:40.163 T:3011777872  NOTICE: ADDON: script.module.beautifulsoup v3.2.1 installed
2019-04-11 18:28:40.163 T:3011777872  NOTICE: ADDON: script.module.beautifulsoup4 v4.6.2 installed
2019-04-11 18:28:40.163 T:3011777872  NOTICE: ADDON: script.module.bottle v0.12.17 installed
2019-04-11 18:28:40.163 T:3011777872  NOTICE: ADDON: script.module.cache v1.0.3 installed
2019-04-11 18:28:40.163 T:3011777872  NOTICE: ADDON: script.module.certifi v2019.9.11 installed
2019-04-11 18:28:40.163 T:3011777872  NOTICE: ADDON: script.module.chardet v3.0.4 installed
2019-04-11 18:28:40.163 T:3011777872  NOTICE: ADDON: script.module.dateutil v2.8.1 installed
2019-04-11 18:28:40.163 T:3011777872  NOTICE: ADDON: script.module.future v0.17.1 installed
2019-04-11 18:28:40.163 T:3011777872  NOTICE: ADDON: script.module.idna v2.8 installed
2019-04-11 18:28:40.163 T:3011777872  NOTICE: ADDON: script.module.inputstreamhelper v0.5.2 installed
2019-04-11 18:28:40.163 T:3011777872  NOTICE: ADDON: script.module.kodi-six v0.1.3 installed
2019-04-11 18:28:40.163 T:3011777872  NOTICE: ADDON: script.module.lib3sat v1.0.0 installed
2019-04-11 18:28:40.163 T:3011777872  NOTICE: ADDON: script.module.libard v1.0.0 installed
2019-04-11 18:28:40.163 T:3011777872  NOTICE: ADDON: script.module.libbr v1.0.0 installed
2019-04-11 18:28:40.163 T:3011777872  NOTICE: ADDON: script.module.libdaserste v1.0.0 installed
2019-04-11 18:28:40.163 T:3011777872  NOTICE: ADDON: script.module.libhr v1.0.0 installed
2019-04-11 18:28:40.163 T:3011777872  NOTICE: ADDON: script.module.libmediathek3 v1.5.0 installed
2019-04-11 18:28:40.163 T:3011777872  NOTICE: ADDON: script.module.libndr v1.0.0 installed
2019-04-11 18:28:40.163 T:3011777872  NOTICE: ADDON: script.module.libwdr v1.0.0 installed
2019-04-11 18:28:40.163 T:3011777872  NOTICE: ADDON: script.module.libzdf v2.1.7 installed
2019-04-11 18:28:40.163 T:3011777872  NOTICE: ADDON: script.module.mechanicalsoup v0.12.0 installed
2019-04-11 18:28:40.163 T:3011777872  NOTICE: ADDON: script.module.mechanize v0.2.6 installed
2019-04-11 18:28:40.163 T:3011777872  NOTICE: ADDON: script.module.mediathekxmlservice v1.0.0 installed
2019-04-11 18:28:40.163 T:3011777872  NOTICE: ADDON: script.module.metadatautils v1.0.0 installed
2019-04-11 18:28:40.163 T:3011777872  NOTICE: ADDON: script.module.musicbrainz v0.6.0 installed
2019-04-11 18:28:40.163 T:3011777872  NOTICE: ADDON: script.module.pil v1.1.7 installed
2019-04-11 18:28:40.163 T:3011777872  NOTICE: ADDON: script.module.pyautogui v0.9.50 installed
2019-04-11 18:28:40.163 T:3011777872  NOTICE: ADDON: script.module.pycryptodome v3.4.3 installed
2019-04-11 18:28:40.163 T:3011777872  NOTICE: ADDON: script.module.pydes v2.0.4 installed
2019-04-11 18:28:40.163 T:3011777872  NOTICE: ADDON: script.module.pysocks v1.6.8 installed
2019-04-11 18:28:40.163 T:3011777872  NOTICE: ADDON: script.module.pyxbmct v1.3.1 installed
2019-04-11 18:28:40.163 T:3011777872  NOTICE: ADDON: script.module.requests v2.22.0 installed
2019-04-11 18:28:40.163 T:3011777872  NOTICE: ADDON: script.module.routing v0.2.3 installed
2019-04-11 18:28:40.163 T:3011777872  NOTICE: ADDON: script.module.simplecache v1.0.20 installed
2019-04-11 18:28:40.163 T:3011777872  NOTICE: ADDON: script.module.simplejson v3.16.1 installed
2019-04-11 18:28:40.163 T:3011777872  NOTICE: ADDON: script.module.six v1.13.0 installed
2019-04-11 18:28:40.163 T:3011777872  NOTICE: ADDON: script.module.t1mlib v1.0.18 installed
2019-04-11 18:28:40.163 T:3011777872  NOTICE: ADDON: script.module.thetvdb v1.0.12 installed
2019-04-11 18:28:40.163 T:3011777872  NOTICE: ADDON: script.module.urllib3 v1.25.6 installed
2019-04-11 18:28:40.163 T:3011777872  NOTICE: ADDON: script.module.xbmcswift2 v13.0.3 installed
2019-04-11 18:28:40.163 T:3011777872  NOTICE: ADDON: script.module.youtube.dl v20.616.0 installed
2019-04-11 18:28:40.164 T:3011777872  NOTICE: ADDON: script.program.driverselect v0.1.6 installed
2019-04-11 18:28:40.164 T:3011777872  NOTICE: ADDON: script.skin.helper.service v1.1.3 installed
2019-04-11 18:28:40.164 T:3011777872  NOTICE: ADDON: script.tubecast v1.4.5 installed
2019-04-11 18:28:40.164 T:3011777872  NOTICE: ADDON: script.tv.show.next.aired v6.0.15 installed
2019-04-11 18:28:40.164 T:3011777872  NOTICE: ADDON: service.library.data.provider v0.3.2 installed
2019-04-11 18:28:40.164 T:3011777872  NOTICE: ADDON: service.libreelec.settings v9.0.0 installed
2019-04-11 18:28:40.164 T:3011777872  NOTICE: ADDON: skin.ace2 v1.6.0 installed
2019-04-11 18:28:40.164 T:3011777872  NOTICE: ADDON: skin.estuary v2.0.27 installed
2019-04-11 18:28:40.164 T:3011777872  NOTICE: ADDON: virtual.multimedia-tools v9.2.0.109 installed
2019-04-11 18:28:40.164 T:3011777872  NOTICE: ADDON: virtual.system-tools v9.2.0.111 installed
2019-04-11 18:28:40.164 T:3011777872  NOTICE: ADDON: webinterface.arch v2.0.5 installed
2019-04-11 18:28:40.164 T:3011777872  NOTICE: ADDON: webinterface.awxi v0.7.6 installed
2019-04-11 18:28:40.164 T:3011777872  NOTICE: ADDON: webinterface.chorus v0.3.10 installed
2019-04-11 18:28:40.164 T:3011777872  NOTICE: ADDON: webinterface.default v18.x-2.4.6 installed
2019-04-11 18:28:40.164 T:3011777872  NOTICE: ADDON: webinterface.hax v0.1.1 installed
2019-04-11 18:28:40.164 T:3011777872  NOTICE: ADDON: xbmc.addon v18.9 installed
2019-04-11 18:28:40.164 T:3011777872  NOTICE: ADDON: xbmc.core v0.1.0 installed
2019-04-11 18:28:40.164 T:3011777872  NOTICE: ADDON: xbmc.gui v5.14.0 installed
2019-04-11 18:28:40.164 T:3011777872  NOTICE: ADDON: xbmc.json v10.3.0 installed
2019-04-11 18:28:40.164 T:3011777872  NOTICE: ADDON: xbmc.metadata v2.1.0 installed
2019-04-11 18:28:40.164 T:3011777872  NOTICE: ADDON: xbmc.python v2.26.0 installed
2019-04-11 18:28:40.164 T:3011777872  NOTICE: ADDON: xbmc.webinterface v1.0.0 installed
2019-04-11 18:28:40.212 T:3011777872   ERROR: DBus error: org.freedesktop.DBus.Error.ServiceUnknown - The name org.freedesktop.UPower was not provided by any .service files
2019-04-11 18:28:40.246 T:2989085552 WARNING: Pulseaudio module module-allow-passthrough not loaded - opening PT devices might fail
2019-04-11 18:28:40.247 T:2989085552  NOTICE: Found 2 Lists of Devices
2019-04-11 18:28:40.247 T:2989085552  NOTICE: Enumerated PI devices:
2019-04-11 18:28:40.247 T:2989085552  NOTICE:     Device 1
2019-04-11 18:28:40.247 T:2989085552  NOTICE:         m_deviceName      : HDMI
2019-04-11 18:28:40.247 T:2989085552  NOTICE:         m_displayName     : HDMI
2019-04-11 18:28:40.247 T:2989085552  NOTICE:         m_displayNameExtra:
2019-04-11 18:28:40.247 T:2989085552  NOTICE:         m_deviceType      : AE_DEVTYPE_HDMI
2019-04-11 18:28:40.247 T:2989085552  NOTICE:         m_channels        : FL, FR
2019-04-11 18:28:40.247 T:2989085552  NOTICE:         m_sampleRates     : 8000,11025,16000,22050,24000,32000,44100,48000,88200,96000,176400,192000
2019-04-11 18:28:40.247 T:2989085552  NOTICE:         m_dataFormats     : AE_FMT_FLOAT,AE_FMT_S32NE,AE_FMT_S16NE,AE_FMT_S32LE,AE_FMT_S16LE,AE_FMT_FLOATP,AE_FMT_S32NEP,AE_FMT_S16NEP,AE_FMT_RAW
2019-04-11 18:28:40.247 T:2989085552  NOTICE:         m_streamTypes     : STREAM_TYPE_AC3,STREAM_TYPE_EAC3,STREAM_TYPE_DTSHD_CORE,STREAM_TYPE_DTS_2048,STREAM_TYPE_DTS_1024,STREAM_TYPE_DTS_512
2019-04-11 18:28:40.247 T:2989085552  NOTICE:     Device 2
2019-04-11 18:28:40.247 T:2989085552  NOTICE:         m_deviceName      : Analogue
2019-04-11 18:28:40.247 T:2989085552  NOTICE:         m_displayName     : Analogue
2019-04-11 18:28:40.247 T:2989085552  NOTICE:         m_displayNameExtra:
2019-04-11 18:28:40.247 T:2989085552  NOTICE:         m_deviceType      : AE_DEVTYPE_PCM
2019-04-11 18:28:40.247 T:2989085552  NOTICE:         m_channels        : FL, FR
2019-04-11 18:28:40.247 T:2989085552  NOTICE:         m_sampleRates     : 48000
2019-04-11 18:28:40.247 T:2989085552  NOTICE:         m_dataFormats     : AE_FMT_FLOAT,AE_FMT_S32LE,AE_FMT_S16LE,AE_FMT_FLOATP,AE_FMT_S32NEP,AE_FMT_S16NEP
2019-04-11 18:28:40.247 T:2989085552  NOTICE:         m_streamTypes     : No passthrough capabilities
2019-04-11 18:28:40.247 T:2989085552  NOTICE:     Device 3
2019-04-11 18:28:40.247 T:2989085552  NOTICE:         m_deviceName      : Both
2019-04-11 18:28:40.247 T:2989085552  NOTICE:         m_displayName     : HDMI and Analogue
2019-04-11 18:28:40.247 T:2989085552  NOTICE:         m_displayNameExtra:
2019-04-11 18:28:40.247 T:2989085552  NOTICE:         m_deviceType      : AE_DEVTYPE_PCM
2019-04-11 18:28:40.247 T:2989085552  NOTICE:         m_channels        : FL, FR
2019-04-11 18:28:40.247 T:2989085552  NOTICE:         m_sampleRates     : 48000
2019-04-11 18:28:40.247 T:2989085552  NOTICE:         m_dataFormats     : AE_FMT_FLOAT,AE_FMT_S32LE,AE_FMT_S16LE,AE_FMT_FLOATP,AE_FMT_S32NEP,AE_FMT_S16NEP
2019-04-11 18:28:40.247 T:2989085552  NOTICE:         m_streamTypes     : No passthrough capabilities
2019-04-11 18:28:40.248 T:2989085552  NOTICE: Enumerated PULSE devices:
2019-04-11 18:28:40.248 T:2989085552  NOTICE:     Device 1
2019-04-11 18:28:40.248 T:2989085552  NOTICE:         m_deviceName      : Default
2019-04-11 18:28:40.248 T:2989085552  NOTICE:         m_displayName     : Default
2019-04-11 18:28:40.248 T:2989085552  NOTICE:         m_displayNameExtra: Bluetooth Audio (PULSEAUDIO)
2019-04-11 18:28:40.248 T:2989085552  NOTICE:         m_deviceType      : AE_DEVTYPE_PCM
2019-04-11 18:28:40.248 T:2989085552  NOTICE:         m_channels        : FL, FR
2019-04-11 18:28:40.248 T:2989085552  NOTICE:         m_sampleRates     : 5512,8000,11025,16000,22050,32000,44100,48000,64000,88200,96000,176400,192000,384000
2019-04-11 18:28:40.248 T:2989085552  NOTICE:         m_dataFormats     : AE_FMT_U8,AE_FMT_S16NE,AE_FMT_S24NE3,AE_FMT_S24NE4,AE_FMT_S32NE,AE_FMT_FLOAT
2019-04-11 18:28:40.248 T:2989085552  NOTICE:         m_streamTypes     : No passthrough capabilities
2019-04-11 18:28:40.341 T:3011777872  NOTICE: Raspberry PI firmware version: Jun 26 2020 14:49:28 
                                            Copyright (c) 2012 Broadcom
                                            version b078012603a6a094178f959805996ad225a0d83b (clean) (release) (start_x)
2019-04-11 18:28:40.341 T:3011777872  NOTICE: ARM mem: 704MB GPU mem: 320MB MPG2:0 WVC1:0
2019-04-11 18:28:40.344 T:3011777872  NOTICE: Config:
                                            arm_freq=1500
                                            audio_pwm_mode=514
                                            config_hdmi_boost=5
                                            core_freq=500
                                            core_freq_min=200
                                            disable_commandline_tags=2
                                            disable_l2cache=1
                                            disable_overscan=1
                                            display_hdmi_rotate=-1
                                            display_lcd_rotate=-1
                                            enable_gic=1
                                            force_eeprom_read=1
                                            force_pwm_open=1
                                            framebuffer_ignore_alpha=1
                                            framebuffer_swap=1
                                            gpu_freq=500
                                            gpu_freq_min=250
                                            hdmi_channel_map=8
                                            init_uart_clock=0x2dc6c00
                                            lcd_framerate=60
                                            mask_gpu_interrupt0=1024
                                            mask_gpu_interrupt1=0x10000
                                            over_voltage_avs=-42500
                                            pause_burst_frames=1
                                            program_serial_random=1
                                            total_mem=4096
                                            hdmi_force_cec_address:0=65535
                                            hdmi_force_cec_address:1=65535
                                            hdmi_ignore_cec_init:0=1
                                            hdmi_pixel_freq_limit:0=0x11e1a300
                                            hdmi_pixel_freq_limit:1=0x11e1a300
2019-04-11 18:28:40.345 T:3011777872  NOTICE: Config:
                                            device_tree=-
                                            overlay_prefix=overlays/
                                            hdmi_cvt:0=
                                            hdmi_cvt:1=
                                            hdmi_edid_filename:0=
                                            hdmi_edid_filename:1=
                                            hdmi_timings:0=
                                            hdmi_timings:1=
2019-04-11 18:28:40.517 T:3011777872 WARNING: CDRMUtils::FindPlane - could not find plane
2019-04-11 18:28:40.641 T:3011777872  NOTICE: Found resolution 1920x1080 with 1920x1080 @ 60.000000 Hz
2019-04-11 18:28:40.641 T:3011777872  NOTICE: Found resolution 1920x1080 with 1920x1080 @ 59.940063 Hz
2019-04-11 18:28:40.641 T:3011777872  NOTICE: Found resolution 1920x1080 with 1920x1080 @ 50.000000 Hz
2019-04-11 18:28:40.641 T:3011777872  NOTICE: Found resolution 1920x1080 with 1920x1080 @ 24.000000 Hz
2019-04-11 18:28:40.641 T:3011777872  NOTICE: Found resolution 1920x1080 with 1920x1080 @ 23.976025 Hz
2019-04-11 18:28:40.641 T:3011777872  NOTICE: Found resolution 1280x1024 with 1280x1024 @ 75.000000 Hz
2019-04-11 18:28:40.641 T:3011777872  NOTICE: Found resolution 1152x864 with 1152x864 @ 75.000000 Hz
2019-04-11 18:28:40.641 T:3011777872  NOTICE: Found resolution 1280x720 with 1280x720 @ 60.000000 Hz
2019-04-11 18:28:40.641 T:3011777872  NOTICE: Found resolution 1280x720 with 1280x720 @ 59.940063 Hz
2019-04-11 18:28:40.641 T:3011777872  NOTICE: Found resolution 1280x720 with 1280x720 @ 50.000000 Hz
2019-04-11 18:28:40.641 T:3011777872  NOTICE: Found resolution 1024x768 with 1024x768 @ 75.000000 Hz
2019-04-11 18:28:40.641 T:3011777872  NOTICE: Found resolution 1024x768 with 1024x768 @ 70.000000 Hz
2019-04-11 18:28:40.641 T:3011777872  NOTICE: Found resolution 1024x768 with 1024x768 @ 60.000000 Hz
2019-04-11 18:28:40.641 T:3011777872  NOTICE: Found resolution 832x624 with 832x624 @ 74.925079 Hz
2019-04-11 18:28:40.641 T:3011777872  NOTICE: Found resolution 800x600 with 800x600 @ 75.000000 Hz
2019-04-11 18:28:40.641 T:3011777872  NOTICE: Found resolution 800x600 with 800x600 @ 72.000000 Hz
2019-04-11 18:28:40.641 T:3011777872  NOTICE: Found resolution 800x600 with 800x600 @ 60.000000 Hz
2019-04-11 18:28:40.641 T:3011777872  NOTICE: Found resolution 800x600 with 800x600 @ 56.000000 Hz
2019-04-11 18:28:40.641 T:3011777872  NOTICE: Found resolution 720x576 with 720x576 @ 50.000000 Hz
2019-04-11 18:28:40.641 T:3011777872  NOTICE: Found resolution 720x480 with 720x480 @ 59.940063 Hz
2019-04-11 18:28:40.641 T:3011777872  NOTICE: Found resolution 720x480 with 720x480 @ 60.000000 Hz
2019-04-11 18:28:40.641 T:3011777872  NOTICE: Found resolution 640x480 with 640x480 @ 75.000000 Hz
2019-04-11 18:28:40.641 T:3011777872  NOTICE: Found resolution 640x480 with 640x480 @ 73.000000 Hz
2019-04-11 18:28:40.641 T:3011777872  NOTICE: Found resolution 640x480 with 640x480 @ 67.000000 Hz
2019-04-11 18:28:40.641 T:3011777872  NOTICE: Found resolution 640x480 with 640x480 @ 60.000000 Hz
2019-04-11 18:28:40.644 T:3011777872  NOTICE: Previous line repeats 1 times.
2019-04-11 18:28:40.644 T:3011777872  NOTICE: EGL_VERSION = 1.4
2019-04-11 18:28:40.644 T:3011777872  NOTICE: EGL_VENDOR = Mesa Project
2019-04-11 18:28:40.644 T:3011777872  NOTICE: EGL_EXTENSIONS = EGL_EXT_buffer_age EGL_EXT_image_dma_buf_import EGL_EXT_image_dma_buf_import_modifiers EGL_KHR_cl_event2 EGL_KHR_config_attribs EGL_KHR_create_context EGL_KHR_create_context_no_error EGL_KHR_fence_sync EGL_KHR_get_all_proc_addresses EGL_KHR_gl_colorspace EGL_KHR_gl_renderbuffer_image EGL_KHR_gl_texture_2D_image EGL_KHR_gl_texture_3D_image EGL_KHR_gl_texture_cubemap_image EGL_KHR_image EGL_KHR_image_base EGL_KHR_image_pixmap EGL_KHR_no_config_context EGL_KHR_reusable_sync EGL_KHR_surfaceless_context EGL_EXT_pixel_format_float EGL_KHR_wait_sync EGL_MESA_configless_context EGL_MESA_drm_image EGL_MESA_image_dma_buf_export
2019-04-11 18:28:40.644 T:3011777872  NOTICE: EGL_CLIENT_EXTENSIONS = EGL_EXT_client_extensions EGL_EXT_device_base EGL_EXT_device_enumeration EGL_EXT_device_query EGL_EXT_platform_base EGL_KHR_client_get_all_proc_addresses EGL_KHR_debug EGL_MESA_platform_gbm
2019-04-11 18:28:40.647 T:3011777872  NOTICE: Checking resolution 16
2019-04-11 18:28:40.802 T:3011777872 WARNING: CGBMUtils::DestroySurface - surface already destroyed
2019-04-11 18:28:40.847 T:3011777872  NOTICE: GL_VENDOR = Broadcom
2019-04-11 18:28:40.847 T:3011777872  NOTICE: GL_RENDERER = V3D 4.2
2019-04-11 18:28:40.847 T:3011777872  NOTICE: GL_VERSION = OpenGL ES 3.0 Mesa 19.1.7
2019-04-11 18:28:40.847 T:3011777872  NOTICE: GL_SHADING_LANGUAGE_VERSION = OpenGL ES GLSL ES 3.00
2019-04-11 18:28:40.847 T:3011777872  NOTICE: GL_EXTENSIONS = GL_EXT_blend_minmax GL_EXT_multi_draw_arrays GL_EXT_texture_format_BGRA8888 GL_OES_compressed_ETC1_RGB8_texture GL_OES_depth24 GL_OES_element_index_uint GL_OES_fbo_render_mipmap GL_OES_mapbuffer GL_OES_rgb8_rgba8 GL_OES_standard_derivatives GL_OES_stencil8 GL_OES_texture_3D GL_OES_texture_float GL_OES_texture_half_float GL_OES_texture_half_float_linear GL_OES_texture_npot GL_OES_vertex_half_float GL_EXT_texture_sRGB_decode GL_OES_EGL_image GL_OES_depth_texture GL_OES_packed_depth_stencil GL_EXT_texture_type_2_10_10_10_REV GL_OES_get_program_binary GL_APPLE_texture_max_level GL_EXT_discard_framebuffer GL_EXT_read_format_bgra GL_EXT_frag_depth GL_NV_fbo_color_attachments GL_OES_EGL_image_external GL_OES_EGL_sync GL_OES_vertex_array_object GL_EXT_occlusion_query_boolean GL_EXT_texture_rg GL_EXT_unpack_subimage GL_NV_draw_buffers GL_NV_read_buffer GL_NV_read_depth GL_NV_read_depth_stencil GL_NV_read_stencil GL_EXT_draw_buffers GL_EXT_map_buffer_range GL_KHR_debug GL_KHR_texture_compression_astc_ldr GL_OES_depth_texture_cube_map GL_OES_required_internalformat GL_OES_surfaceless_context GL_EXT_color_buffer_float GL_EXT_sRGB_write_control GL_EXT_separate_shader_objects GL_EXT_shader_integer_mix GL_EXT_base_instance GL_EXT_compressed_ETC1_RGB8_sub_texture GL_EXT_draw_elements_base_vertex GL_EXT_texture_border_clamp GL_KHR_context_flush_control GL_OES_draw_elements_base_vertex GL_OES_texture_border_clamp GL_OES_texture_stencil8 GL_EXT_float_blend GL_KHR_no_error GL_KHR_texture_compression_astc_sliced_3d GL_OES_EGL_image_external_essl3 GL_MESA_shader_integer_functions GL_KHR_parallel_shader_compile GL_EXT_texture_query_lod
2021-01-19 21:16:38.611 T:2881561456  NOTICE: Running database version Addons27
2021-01-19 21:16:38.615 T:2881561456  NOTICE: Running database version ViewModes6
2021-01-19 21:16:38.984 T:2881561456  NOTICE: Running database version Textures13
2021-01-19 21:16:38.996 T:2881561456  NOTICE: Running database version MyMusic72
2021-01-19 21:16:39.032 T:2881561456  NOTICE: Running database version MyVideos116
2021-01-19 21:16:39.037 T:2881561456  NOTICE: Running database version TV32
2021-01-19 21:16:39.040 T:2881561456  NOTICE: Running database version Epg12
2021-01-19 21:16:39.052 T:3011777872  NOTICE: start dvd mediatype detection
2021-01-19 21:16:39.142 T:3011777872  NOTICE:   load skin from: /usr/share/kodi/addons/skin.estuary (version: 2.0.27)
2021-01-19 21:16:39.750 T:3011777872 WARNING: JSONRPC: Could not parse type "Setting.Details.SettingList"
2021-01-19 21:16:39.815 T:3011777872  NOTICE: Register - new keyboard device registered on application->keyboard: Tastatur (0000:0000)
2021-01-19 21:16:39.816 T:3011777872  NOTICE: Register - new mouse device registered on application->mouse: Maus (0000:0000)
2021-01-19 21:16:39.829 T:3011777872  NOTICE: Loading player core factory settings from special://xbmc/system/playercorefactory.xml.
2021-01-19 21:16:39.830 T:3011777872  NOTICE: Loaded playercorefactory configuration
2021-01-19 21:16:39.830 T:3011777872  NOTICE: Loading player core factory settings from special://masterprofile/playercorefactory.xml.
2021-01-19 21:16:39.830 T:3011777872  NOTICE: special://masterprofile/playercorefactory.xml does not exist. Skipping.
2021-01-19 21:16:39.896 T:3011777872  NOTICE: initialize done
2021-01-19 21:16:39.896 T:3011777872  NOTICE: Running the application...
2021-01-19 21:16:39.906 T:3011777872  NOTICE: starting zeroconf publishing
2021-01-19 21:16:39.907 T:3011777872  NOTICE: CWebServer[8080]: Started
2021-01-19 21:16:39.907 T:3011777872  NOTICE: starting upnp client
2021-01-19 21:16:39.918 T:3011777872  NOTICE: starting upnp server
2021-01-19 21:16:39.936 T:3011777872  NOTICE: starting upnp controller
2021-01-19 21:16:39.937 T:3011777872  NOTICE: starting upnp renderer
2021-01-19 21:16:39.953 T:2579829616  NOTICE: ES: Starting UDP Event server on port 9777
2021-01-19 21:16:39.955 T:2579829616  NOTICE: UDP: Listening on port 9777 (ipv6 : true)
2021-01-19 21:16:40.059 T:2861798256   ERROR: AddOnLog: Njoy N7 PVR Client: n7host set to - 127.0.0.1
2021-01-19 21:16:40.062 T:2861798256   ERROR: CCurlFile::FillBuffer - Failed: Couldn't connect to server(7)
2021-01-19 21:16:40.062 T:2861798256   ERROR: CCurlFile::Open failed with code 0 for http://127.0.0.1:80/n7channel_nt.xml:
2021-01-19 21:16:40.063 T:2861798256   ERROR: Open - failed to open source <http://127.0.0.1:80/n7channel_nt.xml>
2021-01-19 21:16:40.065 T:2861798256  NOTICE: PVR Manager: Starting
2021-01-19 21:16:40.095 T:2470060912  NOTICE: PVR Manager: Started
2021-01-19 21:16:40.311 T:2835252080  NOTICE: Register - new cec device registered on cec->RPI: CEC Adapter (2708:1001)
2021-01-19 21:16:40.608 T:2478453616   ERROR: CCurlFile::FillBuffer - Failed: Couldn't resolve host name(6)
2021-01-19 21:16:40.608 T:2478453616   ERROR: CCurlFile::Open failed with code 0 for https://johtru.com/repo/repo.php?md5=true:
2021-01-19 21:16:40.608 T:2478453616   ERROR: Open - failed to open source <https://johtru.com/repo/repo.php?md5=true>
2021-01-19 21:16:40.608 T:2478453616   ERROR: CRepository: failed read 'https://johtru.com/repo/repo.php?md5=true'
2021-01-19 21:16:41.061 T:2870190960   ERROR: CCurlFile::Open failed with code 404 for https://www.quarantine.hs-mittweida.de/~jesch/repo/addons/addons.xml.md5:
2021-01-19 21:16:41.061 T:2870190960   ERROR: Open - failed to open source <https://www.quarantine.hs-mittweida.de/~jesch/repo/addons/addons.xml.md5>
2021-01-19 21:16:41.061 T:2870190960   ERROR: CRepository: failed read 'https://www.quarantine.hs-mittweida.de/~jesch/repo/addons/addons.xml.md5'
2021-01-19 21:16:41.094 T:2870190960  NOTICE: EPG thread started
2021-01-19 21:16:41.715 T:2478453616 WARNING: CreateLoader - unsupported protocol(thumb) in thumb://None/
2021-01-19 21:16:44.097 T:2733171568  NOTICE: script.tv.show.next.aired: ### TV Show - Next Aired starting background proc (6.0.15)
2021-01-19 21:16:44.117 T:2373149552  NOTICE: Skin Helper Service --> WebService - start helper webservice on port 52307
2021-01-19 21:16:44.124 T:2749956976  NOTICE: Skin Helper Service --> Skin Helper Service version 1.1.3 started
2021-01-19 21:16:44.222 T:2733171568  NOTICE: script.tv.show.next.aired: ### no prior data found
2021-01-19 21:16:44.921 T:2758349680  NOTICE: [Amazon VOD] Service: Proxy bound to 127.0.0.1:34875
2021-01-19 21:16:44.925 T:2758349680  NOTICE: [Amazon VOD] Service: Proxy server started
2021-01-19 21:16:44.951 T:2758349680  NOTICE: [Amazon VOD] Service started
2021-01-19 21:16:46.273 T:2733171568  NOTICE: script.tv.show.next.aired: ### starting data update
2021-01-19 21:16:46.274 T:2733171568  NOTICE: script.tv.show.next.aired: ### grabbing a new country mapping list
2021-01-19 21:17:15.437 T:3011777872  NOTICE: VideoPlayer::OpenFile: plugin://plugin.video.mediathek/?type=ZDF&action=openJsonLink&link=https%3A%2F%2Fzdf-cdn.live.cellular.de%2FmediathekV2%2Fdocument%2F210119-heute-sendung-19-uhr-102
2021-01-19 21:17:15.561 T:2322793328  NOTICE: Creating InputStream
2021-01-19 21:17:15.715 T:2322793328  NOTICE: Creating Demuxer
2021-01-19 21:17:16.057 T:2322793328  NOTICE: Opening stream: 0 source: 256
2021-01-19 21:17:16.057 T:2322793328  NOTICE: Whitelist search for: width: 640, height: 360, fps: 25.000, 3D: false
2021-01-19 21:17:16.058 T:2322793328  NOTICE: Display resolution ADJUST : 1920x1080 @ 50.000000 Hz (19) (weight: 0.000)
2021-01-19 21:17:16.238 T:3011777872  NOTICE: VideoPlayer: OnLostDisplay received
2021-01-19 21:17:16.238 T:3011777872 WARNING: CDVDMessageQueue(audio)::Put MSGQ_NOT_INITIALIZED
2021-01-19 21:17:16.238 T:3011777872 WARNING: CDVDMessageQueue(video)::Put MSGQ_NOT_INITIALIZED
2021-01-19 21:17:16.267 T:3011777872  NOTICE: VideoPlayer: OnResetDisplay received
2021-01-19 21:17:16.267 T:3011777872 WARNING: CDVDMessageQueue(audio)::Put MSGQ_NOT_INITIALIZED
2021-01-19 21:17:16.267 T:3011777872 WARNING: CDVDMessageQueue(video)::Put MSGQ_NOT_INITIALIZED
2021-01-19 21:17:16.313 T:2322793328  NOTICE: Creating video codec with codec id: 27
2021-01-19 21:17:16.420 T:2322793328  NOTICE: Creating video thread
2021-01-19 21:17:16.420 T:2461668208  NOTICE: running thread: video_thread
2021-01-19 21:17:16.534 T:2322793328  NOTICE: Opening stream: 1 source: 256
2021-01-19 21:17:16.534 T:2322793328  NOTICE: Finding audio codec for: 86018
2021-01-19 21:17:16.539 T:2322793328  NOTICE: CDVDAudioCodecFFmpeg::Open() Successful opened audio decoder aac
2021-01-19 21:17:16.539 T:2322793328  NOTICE: Creating audio thread
2021-01-19 21:17:16.541 T:2453275504  NOTICE: running thread: CVideoPlayerAudio::Process()
2021-01-19 21:17:16.542 T:2453275504  NOTICE: Creating audio stream (codec id: 86018, channels: 2, sample rate: 44100, no pass-through)
2021-01-19 21:17:16.742 T:3011777872  NOTICE: Whitelist search for: width: 640, height: 360, fps: 25.000, 3D: false
2021-01-19 21:17:16.743 T:3011777872  NOTICE: Display resolution ADJUST : 1920x1080 @ 50.000000 Hz (19) (weight: 0.000)
2021-01-19 21:17:17.088 T:2461668208 WARNING: CRenderManager::WaitForBuffer - timeout waiting for buffer
2021-01-19 21:21:44.557 T:2733171568  NOTICE: script.tv.show.next.aired: ### no prior data found
2021-01-19 21:21:46.557 T:2733171568  NOTICE: script.tv.show.next.aired: ### starting data update
2021-01-19 21:21:46.557 T:2733171568  NOTICE: script.tv.show.next.aired: ### grabbing a new country mapping list
2021-01-19 21:31:45.316 T:2733171568  NOTICE: script.tv.show.next.aired: ### no prior data found
2021-01-19 21:31:47.317 T:2733171568  NOTICE: script.tv.show.next.aired: ### starting data update
2021-01-19 21:31:47.317 T:2733171568  NOTICE: script.tv.show.next.aired: ### grabbing a new country mapping list
2021-01-19 21:35:44.620 T:2453275504  NOTICE: CVideoPlayerAudio::Process - stream stalled
2021-01-19 21:35:44.718 T:2322793328  NOTICE: CVideoPlayer::OnExit()
2021-01-19 21:35:44.718 T:2322793328  NOTICE: VideoPlayer: eof, waiting for queues to empty
2021-01-19 21:35:44.718 T:2322793328  NOTICE: Closing stream player 1
2021-01-19 21:35:44.718 T:2322793328  NOTICE: CDVDMessageQueue(audio)::WaitUntilEmpty
2021-01-19 21:35:44.719 T:2322793328  NOTICE: Waiting for audio thread to exit
2021-01-19 21:35:44.719 T:2453275504   ERROR: Got MSGQ_ABORT or MSGO_IS_ERROR return true
2021-01-19 21:35:44.719 T:2453275504  NOTICE: thread end: CVideoPlayerAudio::OnExit()
2021-01-19 21:35:44.719 T:2322793328  NOTICE: Closing audio device
2021-01-19 21:35:44.720 T:2322793328  NOTICE: Deleting audio codec
2021-01-19 21:35:44.721 T:2322793328  NOTICE: Closing stream player 2
2021-01-19 21:35:44.721 T:2322793328  NOTICE: CDVDMessageQueue(video)::WaitUntilEmpty
2021-01-19 21:35:44.792 T:2322793328  NOTICE: waiting for video thread to exit
2021-01-19 21:35:44.792 T:2461668208   ERROR: Got MSGQ_ABORT or MSGO_IS_ERROR return true
2021-01-19 21:35:44.792 T:2461668208  NOTICE: thread end: video_thread
2021-01-19 21:35:44.793 T:2322793328  NOTICE: deleting video codec
2021-01-19 21:35:45.010 T:3011777872  NOTICE: CVideoPlayer::CloseFile()
2021-01-19 21:35:45.133 T:3011777872  NOTICE: VideoPlayer: waiting for threads to exit
2021-01-19 21:35:45.133 T:3011777872  NOTICE: VideoPlayer: finished waiting
2021-01-19 21:35:45.133 T:3011777872  NOTICE: CVideoPlayer::CloseFile()
2021-01-19 21:35:45.133 T:3011777872  NOTICE: VideoPlayer: waiting for threads to exit
2021-01-19 21:35:45.133 T:3011777872  NOTICE: VideoPlayer: finished waiting
2021-01-19 21:35:45.406 T:3011777872   ERROR: Control 55 in window 10025 has been asked to focus, but it can't
2021-01-19 21:35:46.432 T:2436490096   ERROR: GetDirectory - Error getting plugin://plugin.video.mediathek/?action=openJsonPath&callhash=71ef61a7f13981b135c5e4cd67f28845&path=broadcastCluster.2.teaser&type=ZDF
2021-01-19 21:35:46.447 T:3011777872   ERROR: CGUIMediaWindow::GetDirectory(plugin://plugin.video.mediathek/?action=openJsonPath&callhash=71ef61a7f13981b135c5e4cd67f28845&path=broadcastCluster.2.teaser&type=ZDF) failed
2021-01-19 21:35:50.674 T:2436490096 WARNING: CreateLoader - unsupported protocol(thumb) in thumb://None/
2021-01-19 21:35:54.157 T:3011777872   ERROR: Control 55 in window 10025 has been asked to focus, but it can't
2021-01-19 21:36:14.827 T:2238960496  NOTICE: [script.module.inputstreamhelper] Widevine update check was made on 2020-12-20 21:49
2021-01-19 21:36:15.250 T:3011777872  NOTICE: VideoPlayer::OpenFile: plugin://plugin.video.netflix/play/show/70158329/season/60030467/episode/70177899/?profile_guid=AB65UH7MH5DGHDDLDTEPE5N5SE
2021-01-19 21:36:15.255 T:2179949424  NOTICE: Creating InputStream
2021-01-19 21:36:15.337 T:2179949424   ERROR: GetDirectory - Error getting /usr/lib/kodi/addons/inputstream.adaptive/
2021-01-19 21:36:17.596 T:2179949424  NOTICE: Creating Demuxer
2021-01-19 21:36:17.597 T:2179949424  NOTICE: Opening stream: 1001 source: 256
2021-01-19 21:36:17.700 T:2179949424  NOTICE: Whitelist search for: width: 1440, height: 1080, fps: 23.976, 3D: false
2021-01-19 21:36:17.701 T:2179949424  NOTICE: Display resolution ADJUST : 1920x1080 @ 23.976025 Hz (21) (weight: 0.000)
2021-01-19 21:36:17.880 T:3011777872  NOTICE: VideoPlayer: OnLostDisplay received
2021-01-19 21:36:17.880 T:3011777872 WARNING: CDVDMessageQueue(audio)::Put MSGQ_NOT_INITIALIZED
2021-01-19 21:36:17.880 T:3011777872 WARNING: CDVDMessageQueue(video)::Put MSGQ_NOT_INITIALIZED
2021-01-19 21:36:17.909 T:3011777872  NOTICE: VideoPlayer: OnResetDisplay received
2021-01-19 21:36:17.909 T:3011777872 WARNING: CDVDMessageQueue(audio)::Put MSGQ_NOT_INITIALIZED
2021-01-19 21:36:17.909 T:3011777872 WARNING: CDVDMessageQueue(video)::Put MSGQ_NOT_INITIALIZED
2021-01-19 21:36:17.965 T:2179949424  NOTICE: Creating video codec with codec id: 27
2021-01-19 21:36:18.008 T:2179949424  NOTICE: Creating video thread
2021-01-19 21:36:18.008 T:2280924016  NOTICE: running thread: video_thread
2021-01-19 21:36:18.008 T:2179949424  NOTICE: Opening stream: 1002 source: 256
2021-01-19 21:36:18.052 T:2179949424  NOTICE: Finding audio codec for: 86018
2021-01-19 21:36:18.054 T:2179949424  NOTICE: CDVDAudioCodecFFmpeg::Open() Successful opened audio decoder aac
2021-01-19 21:36:18.054 T:2179949424  NOTICE: Creating audio thread
2021-01-19 21:36:18.055 T:2179949424  NOTICE: Opening stream: 1012 source: 256
2021-01-19 21:36:18.056 T:2136003440  NOTICE: running thread: CVideoPlayerAudio::Process()
2021-01-19 21:36:18.676 T:2136003440  NOTICE: CDVDAudioCodecFFmpeg::Open() Successful opened audio decoder aac
2021-01-19 21:36:18.676 T:2136003440  NOTICE: Creating audio stream (codec id: 86018, channels: 2, sample rate: 48000, no pass-through)
2021-01-19 21:36:18.909 T:3011777872  NOTICE: Whitelist search for: width: 1440, height: 1080, fps: 23.976, 3D: false
2021-01-19 21:36:18.909 T:3011777872  NOTICE: Display resolution ADJUST : 1920x1080 @ 23.976025 Hz (21) (weight: 0.000)
2021-01-19 21:36:19.434 T:2179949424  NOTICE: Closing stream player 1
2021-01-19 21:36:19.434 T:2179949424  NOTICE: Waiting for audio thread to exit
2021-01-19 21:36:19.465 T:2136003440  NOTICE: thread end: CVideoPlayerAudio::OnExit()
2021-01-19 21:36:19.466 T:2179949424  NOTICE: Closing audio device
2021-01-19 21:36:19.516 T:2179949424  NOTICE: Deleting audio codec
2021-01-19 21:36:19.517 T:2179949424  NOTICE: Opening stream: 1003 source: 256
2021-01-19 21:36:19.650 T:2179949424  NOTICE: Finding audio codec for: 86056
2021-01-19 21:36:19.652 T:2179949424  NOTICE: CDVDAudioCodecFFmpeg::Open() Successful opened audio decoder eac3
2021-01-19 21:36:19.652 T:2179949424  NOTICE: Creating audio thread
2021-01-19 21:36:19.652 T:2444882800  NOTICE: running thread: CVideoPlayerAudio::Process()
2021-01-19 21:36:20.196 T:2179949424  NOTICE: Closing stream player 3
2021-01-19 21:36:20.196 T:2179949424  NOTICE: Opening stream: 1008 source: 256
2021-01-19 21:36:20.629 T:2444882800  NOTICE: Creating audio stream (codec id: 86056, channels: 2, sample rate: 48000, no pass-through)
2021-01-19 21:37:42.610 T:3011777872  NOTICE: Whitelist search for: width: 1440, height: 1080, fps: 23.976, 3D: true
2021-01-19 21:37:42.610 T:3011777872  NOTICE: Display resolution ADJUST : 1920x1080 @ 23.976025 Hz (21) (weight: 0.000)
2021-01-19 21:37:43.161 T:2280924016 WARNING: CRenderManager::WaitForBuffer - timeout waiting for buffer
2021-01-19 21:37:47.170 T:3011777872 WARNING: Previous line repeats 6 times.
2021-01-19 21:37:47.171 T:3011777872  NOTICE: VideoPlayer: OnLostDisplay received
2021-01-19 21:37:47.230 T:3011777872  NOTICE: VideoPlayer: OnResetDisplay received
2021-01-19 21:38:19.538 T:3011777872  NOTICE: VideoPlayer: OnLostDisplay received
2021-01-19 21:38:19.590 T:3011777872  NOTICE: VideoPlayer: OnResetDisplay received
2021-01-19 21:38:26.029 T:3011777872  NOTICE: VideoPlayer: OnLostDisplay received
2021-01-19 21:38:26.096 T:3011777872  NOTICE: VideoPlayer: OnResetDisplay received
2021-01-19 21:38:27.555 T:3011777872  NOTICE: VideoPlayer: OnLostDisplay received
2021-01-19 21:38:27.633 T:3011777872  NOTICE: VideoPlayer: OnResetDisplay received
2021-01-19 21:38:27.685 T:3011777872   ERROR: Control 55 in window 10025 has been asked to focus, but it can't
2021-01-19 21:38:30.303 T:2238960496   ERROR: Previous line repeats 1 times.
2021-01-19 21:38:30.303 T:2238960496  NOTICE: [script.module.inputstreamhelper] Widevine update check was made on 2020-12-20 21:49
2021-01-19 21:38:30.453 T:3011777872  NOTICE: VideoPlayer::OpenFile: plugin://plugin.video.netflix/play/show/70158329/season/60030467/episode/70177898/?profile_guid=AB65UH7MH5DGHDDLDTEPE5N5SE
2021-01-19 21:38:31.982 T:2179949424  NOTICE: Creating InputStream
2021-01-19 21:38:31.994 T:2179949424   ERROR: GetDirectory - Error getting /usr/lib/kodi/addons/inputstream.adaptive/
2021-01-19 21:38:33.073 T:2179949424  NOTICE: Creating Demuxer
2021-01-19 21:38:33.074 T:2179949424  NOTICE: Opening stream: 1001 source: 256
2021-01-19 21:38:33.170 T:2179949424  NOTICE: Whitelist search for: width: 1440, height: 1080, fps: 23.976, 3D: false
2021-01-19 21:38:33.170 T:2179949424  NOTICE: Display resolution ADJUST : 1920x1080 @ 23.976025 Hz (21) (weight: 0.000)
2021-01-19 21:38:33.368 T:3011777872  NOTICE: VideoPlayer: OnLostDisplay received
2021-01-19 21:38:33.397 T:3011777872  NOTICE: VideoPlayer: OnResetDisplay received
2021-01-19 21:38:33.445 T:2179949424  NOTICE: Creating video codec with codec id: 27
2021-01-19 21:38:33.454 T:2179949424  NOTICE: Opening stream: 1003 source: 256
2021-01-19 21:38:33.566 T:2179949424  NOTICE: Finding audio codec for: 86056
2021-01-19 21:38:33.568 T:2179949424  NOTICE: CDVDAudioCodecFFmpeg::Open() Successful opened audio decoder eac3
2021-01-19 21:38:33.568 T:2179949424  NOTICE: Closing stream player 3
2021-01-19 21:38:33.568 T:2179949424  NOTICE: Opening stream: 1008 source: 256
2021-01-19 21:38:34.254 T:2280924016 WARNING: CRenderManager::AddVideoPicture - timeout waiting for render
2021-01-19 21:38:34.259 T:3011777872  NOTICE: VideoPlayer: OnLostDisplay received
2021-01-19 21:38:34.289 T:3011777872  NOTICE: VideoPlayer: OnResetDisplay received
2021-01-19 21:38:34.296 T:3011777872  NOTICE: Whitelist search for: width: 1440, height: 1080, fps: 23.976, 3D: false
2021-01-19 21:38:34.296 T:3011777872  NOTICE: Display resolution ADJUST : 1920x1080 @ 23.976025 Hz (21) (weight: 0.000)
2021-01-19 21:38:43.516 T:3011777872  NOTICE: VideoPlayer: OnLostDisplay received
2021-01-19 21:38:43.562 T:3011777872  NOTICE: VideoPlayer: OnResetDisplay received
2021-01-19 21:38:43.614 T:3011777872   ERROR: Control 55 in window 10025 has been asked to focus, but it can't
2021-01-19 21:38:51.104 T:3011777872  NOTICE: Whitelist search for: width: 1440, height: 1080, fps: 23.976, 3D: false
2021-01-19 21:38:51.105 T:3011777872  NOTICE: Display resolution ADJUST : 1920x1080 @ 23.976025 Hz (21) (weight: 0.000)
2021-01-19 21:38:51.248 T:3011777872  NOTICE: VideoPlayer: OnLostDisplay received
2021-01-19 21:38:51.289 T:3011777872  NOTICE: VideoPlayer: OnResetDisplay received
2021-01-19 21:39:12.929 T:3011777872  NOTICE: VideoPlayer: OnLostDisplay received
2021-01-19 21:39:12.967 T:3011777872  NOTICE: VideoPlayer: OnResetDisplay received
2021-01-19 21:39:20.832 T:3011777872  NOTICE: Whitelist search for: width: 1440, height: 1080, fps: 23.976, 3D: false
2021-01-19 21:39:20.832 T:3011777872  NOTICE: Display resolution ADJUST : 1920x1080 @ 23.976025 Hz (21) (weight: 0.000)
2021-01-19 21:39:20.973 T:3011777872  NOTICE: VideoPlayer: OnLostDisplay received
2021-01-19 21:39:21.011 T:3011777872  NOTICE: VideoPlayer: OnResetDisplay received
2021-01-19 21:40:34.284 T:3011777872  NOTICE: CVideoPlayer::CloseFile()
2021-01-19 21:40:34.293 T:2179949424  NOTICE: CVideoPlayer::OnExit()
2021-01-19 21:40:34.293 T:2179949424  NOTICE: Closing stream player 1
2021-01-19 21:40:34.293 T:2179949424  NOTICE: Waiting for audio thread to exit
2021-01-19 21:40:34.305 T:2444882800  NOTICE: thread end: CVideoPlayerAudio::OnExit()
2021-01-19 21:40:34.305 T:2179949424  NOTICE: Closing audio device
2021-01-19 21:40:34.329 T:3011777872  NOTICE: VideoPlayer: waiting for threads to exit
2021-01-19 21:40:34.355 T:2179949424  NOTICE: Deleting audio codec
2021-01-19 21:40:34.355 T:2179949424  NOTICE: Closing stream player 2
2021-01-19 21:40:34.356 T:2179949424  NOTICE: waiting for video thread to exit
2021-01-19 21:40:34.360 T:2280924016  NOTICE: thread end: video_thread
2021-01-19 21:40:34.365 T:2179949424  NOTICE: deleting video codec
2021-01-19 21:40:34.752 T:2179949424  NOTICE: Closing stream player 3
2021-01-19 21:40:34.793 T:3011777872  NOTICE: VideoPlayer: finished waiting
2021-01-19 21:40:34.793 T:3011777872  NOTICE: CVideoPlayer::CloseFile()
2021-01-19 21:40:34.794 T:3011777872  NOTICE: VideoPlayer: waiting for threads to exit
2021-01-19 21:40:34.794 T:3011777872  NOTICE: VideoPlayer: finished waiting
2021-01-19 21:40:35.058 T:3011777872   ERROR: Control 803 in window 10000 has been asked to focus, but it can't
2021-01-19 21:40:40.370 T:2453275504 WARNING: CreateLoader - unsupported protocol(thumb) in thumb://None/
2021-01-19 21:40:45.709 T:3011777872 WARNING: Previous line repeats 1 times.
2021-01-19 21:40:45.709 T:3011777872   ERROR: Control 55 in window 10025 has been asked to focus, but it can't
2021-01-19 21:40:50.359 T:2461668208   ERROR: Unable to find plugin
2021-01-19 21:40:50.359 T:2461668208   ERROR: GetDirectory - Error getting plugin://
2021-01-19 21:40:50.360 T:3011777872   ERROR: CGUIMediaWindow::GetDirectory(plugin://) failed
2021-01-19 21:40:54.974 T:3011777872   ERROR: Control 55 in window 10025 has been asked to focus, but it can't
2021-01-19 21:41:51.900 T:2238960496   ERROR: Previous line repeats 1 times.
2021-01-19 21:41:51.900 T:2238960496  NOTICE: [script.module.inputstreamhelper] Widevine update check was made on 2020-12-20 21:49
2021-01-19 21:41:52.323 T:3011777872  NOTICE: VideoPlayer::OpenFile: plugin://plugin.video.netflix/play/movie/80244645/?profile_guid=AB65UH7MH5DGHDDLDTEPE5N5SE
2021-01-19 21:41:52.324 T:2110825328  NOTICE: Creating InputStream
2021-01-19 21:41:52.339 T:2110825328   ERROR: GetDirectory - Error getting /usr/lib/kodi/addons/inputstream.adaptive/
2021-01-19 21:41:53.718 T:2110825328  NOTICE: Creating Demuxer
2021-01-19 21:41:53.719 T:2110825328  NOTICE: Opening stream: 1001 source: 256
2021-01-19 21:41:53.812 T:2110825328  NOTICE: Whitelist search for: width: 1920, height: 1080, fps: 24.000, 3D: false
2021-01-19 21:41:53.812 T:2110825328  NOTICE: Display resolution ADJUST : 1920x1080 @ 24.000000 Hz (20) (weight: 0.000)
2021-01-19 21:41:53.965 T:3011777872  NOTICE: VideoPlayer: OnLostDisplay received
2021-01-19 21:41:53.965 T:3011777872 WARNING: CDVDMessageQueue(audio)::Put MSGQ_NOT_INITIALIZED
2021-01-19 21:41:53.965 T:3011777872 WARNING: CDVDMessageQueue(video)::Put MSGQ_NOT_INITIALIZED
2021-01-19 21:41:53.994 T:3011777872  NOTICE: VideoPlayer: OnResetDisplay received
2021-01-19 21:41:53.994 T:3011777872 WARNING: CDVDMessageQueue(audio)::Put MSGQ_NOT_INITIALIZED
2021-01-19 21:41:53.994 T:3011777872 WARNING: CDVDMessageQueue(video)::Put MSGQ_NOT_INITIALIZED
2021-01-19 21:41:54.047 T:2110825328  NOTICE: Creating video codec with codec id: 27
2021-01-19 21:41:54.078 T:2110825328  NOTICE: Creating video thread
2021-01-19 21:41:54.078 T:2212492144  NOTICE: running thread: video_thread
2021-01-19 21:41:54.078 T:2110825328  NOTICE: Opening stream: 1002 source: 256
2021-01-19 21:41:54.129 T:2110825328  NOTICE: Finding audio codec for: 86056
2021-01-19 21:41:54.131 T:2110825328  NOTICE: CDVDAudioCodecFFmpeg::Open() Successful opened audio decoder eac3
2021-01-19 21:41:54.131 T:2110825328  NOTICE: Creating audio thread
2021-01-19 21:41:54.131 T:2110825328  NOTICE: Opening stream: 1019 source: 256
2021-01-19 21:41:54.133 T:2102432624  NOTICE: running thread: CVideoPlayerAudio::Process()
2021-01-19 21:41:54.392 T:2102432624  NOTICE: Creating audio stream (codec id: 86056, channels: 6, sample rate: 48000, no pass-through)
2021-01-19 21:41:54.667 T:3011777872  NOTICE: Whitelist search for: width: 1920, height: 1080, fps: 24.000, 3D: false
2021-01-19 21:41:54.667 T:3011777872  NOTICE: Display resolution ADJUST : 1920x1080 @ 24.000000 Hz (20) (weight: 0.000)
2021-01-19 21:43:19.246 T:3011777872  NOTICE: CVideoPlayer::CloseFile()
2021-01-19 21:43:19.255 T:2110825328  NOTICE: CVideoPlayer::OnExit()
2021-01-19 21:43:19.255 T:2110825328  NOTICE: Closing stream player 1
2021-01-19 21:43:19.255 T:2110825328  NOTICE: Waiting for audio thread to exit
2021-01-19 21:43:19.290 T:3011777872  NOTICE: VideoPlayer: waiting for threads to exit
2021-01-19 21:43:19.303 T:2102432624  NOTICE: thread end: CVideoPlayerAudio::OnExit()
2021-01-19 21:43:19.303 T:2110825328  NOTICE: Closing audio device
2021-01-19 21:43:19.356 T:2110825328  NOTICE: Deleting audio codec
2021-01-19 21:43:19.356 T:2110825328  NOTICE: Closing stream player 2
2021-01-19 21:43:19.357 T:2110825328  NOTICE: waiting for video thread to exit
2021-01-19 21:43:19.365 T:2212492144  NOTICE: thread end: video_thread
2021-01-19 21:43:19.368 T:2110825328  NOTICE: deleting video codec
2021-01-19 21:43:19.791 T:2110825328  NOTICE: Closing stream player 3
2021-01-19 21:43:19.833 T:3011777872  NOTICE: VideoPlayer: finished waiting
2021-01-19 21:43:19.833 T:3011777872  NOTICE: CVideoPlayer::CloseFile()
2021-01-19 21:43:19.833 T:3011777872  NOTICE: VideoPlayer: waiting for threads to exit
2021-01-19 21:43:19.833 T:3011777872  NOTICE: VideoPlayer: finished waiting
2021-01-19 21:43:20.099 T:3011777872   ERROR: Control 50 in window 10025 has been asked to focus, but it can't
2021-01-19 21:43:29.697 T:2171556720 WARNING: CreateLoader - unsupported protocol(thumb) in thumb://None/
2021-01-19 21:43:38.180 T:3011777872 WARNING: Previous line repeats 1 times.
2021-01-19 21:43:38.180 T:3011777872  NOTICE: VideoPlayer::OpenFile: https://ndrfs-lh.akamaihd.net/i/ndrfs_sh@430234/index_3776_av-p.m3u8
2021-01-19 21:43:38.293 T:2110825328  NOTICE: Creating InputStream
2021-01-19 21:43:38.355 T:2110825328  NOTICE: Creating Demuxer
2021-01-19 21:43:38.522 T:2171556720 WARNING: CreateLoader - unsupported protocol(thumb) in thumb://None/
2021-01-19 21:43:38.877 T:2110825328  NOTICE: Opening stream: 0 source: 256
2021-01-19 21:43:38.877 T:2110825328  NOTICE: Whitelist search for: width: 1280, height: 720, fps: 25.000, 3D: false
2021-01-19 21:43:38.878 T:2110825328  NOTICE: Display resolution ADJUST : 1920x1080 @ 50.000000 Hz (19) (weight: 0.000)
2021-01-19 21:43:39.061 T:3011777872  NOTICE: VideoPlayer: OnLostDisplay received
2021-01-19 21:43:39.062 T:3011777872 WARNING: CDVDMessageQueue(audio)::Put MSGQ_NOT_INITIALIZED
2021-01-19 21:43:39.062 T:3011777872 WARNING: CDVDMessageQueue(video)::Put MSGQ_NOT_INITIALIZED
2021-01-19 21:43:39.091 T:3011777872  NOTICE: VideoPlayer: OnResetDisplay received
2021-01-19 21:43:39.092 T:3011777872 WARNING: CDVDMessageQueue(audio)::Put MSGQ_NOT_INITIALIZED
2021-01-19 21:43:39.092 T:3011777872 WARNING: CDVDMessageQueue(video)::Put MSGQ_NOT_INITIALIZED
2021-01-19 21:43:39.187 T:2110825328  NOTICE: Creating video codec with codec id: 27
2021-01-19 21:43:39.296 T:2110825328  NOTICE: Creating video thread
2021-01-19 21:43:39.296 T:2280924016  NOTICE: running thread: video_thread
2021-01-19 21:43:39.355 T:2110825328  NOTICE: Opening stream: 1 source: 256
2021-01-19 21:43:39.355 T:2110825328  NOTICE: Finding audio codec for: 86018
2021-01-19 21:43:39.357 T:2110825328  NOTICE: CDVDAudioCodecFFmpeg::Open() Successful opened audio decoder aac
2021-01-19 21:43:39.358 T:2110825328  NOTICE: Creating audio thread
2021-01-19 21:43:39.358 T:2453275504  NOTICE: running thread: CVideoPlayerAudio::Process()
2021-01-19 21:43:39.369 T:2453275504  NOTICE: Creating audio stream (codec id: 86018, channels: 2, sample rate: 48000, no pass-through)
2021-01-19 21:43:39.796 T:3011777872  NOTICE: Whitelist search for: width: 1280, height: 720, fps: 25.000, 3D: false
2021-01-19 21:43:39.797 T:3011777872  NOTICE: Display resolution ADJUST : 1920x1080 @ 50.000000 Hz (19) (weight: 0.000)
2021-01-19 21:43:40.245 T:2280924016 WARNING: CRenderManager::WaitForBuffer - timeout waiting for buffer
2021-01-19 21:43:48.883 T:3011777872   ERROR: Control 602 in window 12901 has been asked to focus, but it can't
2021-01-19 21:44:05.851 T:2453275504  NOTICE: CVideoPlayerAudio::Process - stream stalled
2021-01-19 21:44:08.526 T:2280924016 WARNING: CRenderManager::WaitForBuffer - timeout waiting for buffer
2021-01-19 21:46:46.169 T:2733171568  NOTICE: script.tv.show.next.aired: ### no prior data found
2021-01-19 21:46:48.170 T:2733171568  NOTICE: script.tv.show.next.aired: ### starting data update
2021-01-19 21:46:48.170 T:2733171568  NOTICE: script.tv.show.next.aired: ### grabbing a new country mapping list
2021-01-19 22:02:38.903 T:3011777872   ERROR: Control 602 in window 12901 has been asked to focus, but it can't
2021-01-19 22:02:43.435 T:3011777872  NOTICE: CVideoPlayer::CloseFile()
2021-01-19 22:02:43.437 T:2110825328  NOTICE: CVideoPlayer::OnExit()
2021-01-19 22:02:43.437 T:2110825328  NOTICE: Closing stream player 1
2021-01-19 22:02:43.437 T:2110825328  NOTICE: Waiting for audio thread to exit
2021-01-19 22:02:43.447 T:2453275504  NOTICE: thread end: CVideoPlayerAudio::OnExit()
2021-01-19 22:02:43.448 T:2110825328  NOTICE: Closing audio device
2021-01-19 22:02:43.500 T:2110825328  NOTICE: Deleting audio codec
2021-01-19 22:02:43.501 T:2110825328  NOTICE: Closing stream player 2
2021-01-19 22:02:43.501 T:2110825328  NOTICE: waiting for video thread to exit
2021-01-19 22:02:43.520 T:2280924016  NOTICE: thread end: video_thread
2021-01-19 22:02:43.525 T:2110825328  NOTICE: deleting video codec
2021-01-19 22:02:43.600 T:3011777872  NOTICE: VideoPlayer: waiting for threads to exit
2021-01-19 22:02:43.600 T:3011777872  NOTICE: VideoPlayer: finished waiting
2021-01-19 22:02:43.600 T:3011777872  NOTICE: CVideoPlayer::CloseFile()
2021-01-19 22:02:43.600 T:3011777872  NOTICE: VideoPlayer: waiting for threads to exit
2021-01-19 22:02:43.600 T:3011777872  NOTICE: VideoPlayer: finished waiting
2021-01-19 22:02:44.235 T:2407097200 WARNING: CreateLoader - unsupported protocol(thumb) in thumb://None/
2021-01-19 22:03:14.964 T:3011777872 WARNING: Previous line repeats 1 times.
2021-01-19 22:03:14.964 T:3011777872  NOTICE: Quitting due to POSIX signal
2021-01-19 22:03:14.976 T:3011777872  NOTICE: Stopping player
2021-01-19 22:03:14.976 T:3011777872  NOTICE: Storing total System Uptime
2021-01-19 22:03:14.977 T:3011777872  NOTICE: Saving settings
2021-01-19 22:03:14.984 T:3011777872  NOTICE: Saving skin settings
2021-01-19 22:03:14.986 T:3011777872  NOTICE: Stopping all
2021-01-19 22:03:14.986 T:3011777872  NOTICE: ES: Stopping event server
2021-01-19 22:03:15.475 T:3011777872  NOTICE: stopping upnp
2021-01-19 22:03:15.538 T:2579829616  NOTICE: ES: UDP Event server stopped
2021-01-19 22:03:15.885 T:3011777872  NOTICE: stopping zeroconf publishing
2021-01-19 22:03:15.891 T:3011777872  NOTICE: CWebServer[8080]: Stopped
2021-01-19 22:03:15.891 T:3011777872  NOTICE: stop dvd detect media
2021-01-19 22:03:16.197 T:2758349680  NOTICE: [Amazon VOD] Service: Proxy server stopped
2021-01-19 22:03:16.198 T:2758349680  NOTICE: [Amazon VOD] Service stopped
2021-01-19 22:03:16.219 T:2758349680 WARNING: CPythonInvoker(4, /storage/.kodi/addons/plugin.video.amazon-test/service.py): the python script "/storage/.kodi/addons/plugin.video.amazon-test/service.py" has left several classes in memory that we couldn't clean up. The classes include: N9XBMCAddon7xbmcgui6DialogE,N9XBMCAddon9xbmcaddon5AddonE,N14PythonBindings31XBMCAddon_xbmc_Monitor_DirectorE
2021-01-19 22:03:17.035 T:2749956976  NOTICE: Skin Helper Service --> Shutdown requested !
2021-01-19 22:03:17.041 T:2749956976  NOTICE: Skin Helper Service --> Skin Helper Service version 1.1.3 stopped
2021-01-19 22:03:17.994 T:2733171568  NOTICE: script.tv.show.next.aired: ### abort requested -- stopping background processing
2021-01-19 22:03:18.292 T:3011777872  NOTICE: Application stopped
2021-01-19 22:03:18.492 T:3011777872  NOTICE: XBApplicationEx: destroying...
2021-01-19 22:03:18.492 T:3011777872  NOTICE: PVR Manager: Stopping
2021-01-19 22:03:19.407 T:3011777872  NOTICE: PVR Manager: Stopped
2021-01-19 22:03:21.388 T:3011777872  NOTICE: unload skin
2021-01-19 22:03:21.523 T:3011777872  NOTICE: unload sections
2021-01-19 22:03:21.905 T:3011777872  NOTICE: XBApplicationEx: application stopped!

############### END LOG FILE ################

############ END kodi CRASH LOG #############
