############## kodi CRASH LOG ###############

################ SYSTEM INFO ################
 Date: Fri Dec  4 23:32:37 CET 2020
 kodi Options: --standalone -fs
 Arch: armv7l
 Kernel: Linux 4.19.127 #1 SMP Sat Oct 24 15:01:22 EDT 2020
 Release: LibreELEC 9.2.6
############## END SYSTEM INFO ##############

############### STACK TRACE #################
=====>  Core file: /storage/.cache/cores/core.!usr!lib!kodi!kodi.bin.1607121143.439
        =========================================
[New LWP 439]
[New LWP 449]
[New LWP 453]
[New LWP 452]
[New LWP 450]
[New LWP 446]
[New LWP 485]
[New LWP 451]
[New LWP 448]
[Thread debugging using libthread_db enabled]
Using host libthread_db library "/usr/lib/libthread_db.so.1".
Core was generated by `/usr/lib/kodi/kodi.bin --standalone -fs'.
Program terminated with signal SIGSEGV, Segmentation fault.
#0  0x00000000 in ?? ()
[Current thread is 1 (Thread 0xb37db550 (LWP 439))]

Thread 9 (Thread 0xb07fe370 (LWP 448)):
#0  0xb4ed0ffc in ioctl () at ../sysdeps/unix/syscall-template.S:78
Backtrace stopped: Cannot access memory at address 0x6c6c615a

Thread 8 (Thread 0xadbfe370 (LWP 451)):
#0  futex_abstimed_wait_cancelable (private=0, abstime=0x0, expected=1, futex_word=0xb4f93384) at ../sysdeps/unix/sysv/linux/futex-internal.h:205
#1  do_futex_wait (sem=sem@entry=0xb4f93384, abstime=0x0) at sem_waitcommon.c:115
#2  0xb6ef88e0 in __new_sem_wait_slow (sem=0xb4f93384, abstime=0x0) at sem_waitcommon.c:282
#3  0xb4f79720 in ?? () from /usr/lib/libbcm_host.so
Backtrace stopped: previous frame identical to this frame (corrupt stack?)

Thread 7 (Thread 0xa28b3370 (LWP 485)):
#0  __GI___poll (timeout=-1, nfds=2, fds=0x2fa0738) at ../sysdeps/unix/sysv/linux/poll.c:29
#1  __GI___poll (fds=0x2fa0738, nfds=2, timeout=-1) at ../sysdeps/unix/sysv/linux/poll.c:26
#2  0xb6f4dda4 in ?? () from /usr/lib/libavahi-common.so.3
Backtrace stopped: previous frame identical to this frame (corrupt stack?)

Thread 6 (Thread 0xb0fff370 (LWP 446)):
#0  __GI___poll (timeout=-1, nfds=1, fds=0xb1000700) at ../sysdeps/unix/sysv/linux/poll.c:29
#1  __GI___poll (fds=0xb1000700, nfds=1, timeout=-1) at ../sysdeps/unix/sysv/linux/poll.c:26
#2  0x0083868c in CFDEventMonitor::Process() ()
#3  0x00694898 in CThread::Action() ()
#4  0x006b2820 in CThread::staticThread(void*) ()
#5  0xb6eef378 in start_thread (arg=0xb0fff370) at pthread_create.c:486
#6  0xb4ed83c8 in ?? () at ../sysdeps/unix/sysv/linux/arm/clone.S:73 from /usr/lib/libc.so.6
Backtrace stopped: previous frame identical to this frame (corrupt stack?)

Thread 5 (Thread 0xae3ff370 (LWP 450)):
#0  futex_abstimed_wait_cancelable (private=0, abstime=0x0, expected=1, futex_word=0xb4f925f4) at ../sysdeps/unix/sysv/linux/futex-internal.h:205
#1  do_futex_wait (sem=sem@entry=0xb4f925f4, abstime=0x0) at sem_waitcommon.c:115
#2  0xb6ef88e0 in __new_sem_wait_slow (sem=0xb4f925f4, abstime=0x0) at sem_waitcommon.c:282
#3  0xb4f783b0 in ?? () from /usr/lib/libbcm_host.so
Backtrace stopped: previous frame identical to this frame (corrupt stack?)

Thread 4 (Thread 0xad3fd370 (LWP 452)):
#0  futex_wait_cancelable (private=0, expected=0, futex_word=0xafe03ac4) at ../sysdeps/unix/sysv/linux/futex-internal.h:88
#1  __pthread_cond_wait_common (abstime=0x0, mutex=<optimized out>, cond=0xafe03a98) at pthread_cond_wait.c:502
#2  __pthread_cond_wait (cond=0xafe03a98, mutex=0x0) at pthread_cond_wait.c:655
#3  0xb3ff1d94 in ?? () from /usr/lib/libvcos.so
Backtrace stopped: previous frame identical to this frame (corrupt stack?)

Thread 3 (Thread 0xacbfc370 (LWP 453)):
#0  futex_abstimed_wait_cancelable (private=0, abstime=0x0, expected=1, futex_word=0xafe03c2c) at ../sysdeps/unix/sysv/linux/futex-internal.h:205
#1  do_futex_wait (sem=sem@entry=0xafe03c2c, abstime=0x0) at sem_waitcommon.c:115
#2  0xb6ef88e0 in __new_sem_wait_slow (sem=0xafe03c2c, abstime=0x0) at sem_waitcommon.c:282
#3  0xb4b0eb60 in vchiu_queue_pop () from /usr/lib/libvchiq_arm.so
#4  0xb2fc4d70 in ?? () from /usr/lib/libopenmaxil.so
Backtrace stopped: previous frame identical to this frame (corrupt stack?)

Thread 2 (Thread 0xafbff370 (LWP 449)):
#0  futex_abstimed_wait_cancelable (private=0, abstime=0x0, expected=1, futex_word=0xb4f93480) at ../sysdeps/unix/sysv/linux/futex-internal.h:205
#1  do_futex_wait (sem=sem@entry=0xb4f93480, abstime=0x0) at sem_waitcommon.c:115
#2  0xb6ef88e0 in __new_sem_wait_slow (sem=0xb4f93480, abstime=0x0) at sem_waitcommon.c:282
#3  0xb4f7c4d4 in ?? () from /usr/lib/libbcm_host.so
Backtrace stopped: previous frame identical to this frame (corrupt stack?)

Thread 1 (Thread 0xb37db550 (LWP 439)):
#0  0x00000000 in ?? ()
#1  0x002cc0a4 in _start ()
Backtrace stopped: previous frame identical to this frame (corrupt stack?)
############# END STACK TRACE ###############

################# LOG FILE ##################

﻿2019-04-11 18:28:39.694 T:3011360080  NOTICE: -----------------------------------------------------------------------
2019-04-11 18:28:39.694 T:3011360080  NOTICE: Starting Kodi (18.9 (18.9.0) Git:leia_pi4_18.9-Leia). Platform: Linux ARM 32-bit
2019-04-11 18:28:39.694 T:3011360080  NOTICE: Using Release Kodi x32 build
2019-04-11 18:28:39.694 T:3011360080  NOTICE: Kodi compiled 2020-10-24 by GCC 8.3.0 for Linux ARM 32-bit version 4.19.127 (267135)
2019-04-11 18:28:39.695 T:3011360080  NOTICE: Running on LibreELEC (official): 9.2.6, kernel: Linux ARM 32-bit version 4.19.127
2019-04-11 18:28:39.695 T:3011360080  NOTICE: FFmpeg version/source: 4.0.4-Kodi
2019-04-11 18:28:39.695 T:3011360080  NOTICE: Host CPU: ARMv7 Processor rev 3 (v7l), 4 cores available
2019-04-11 18:28:39.695 T:3011360080  NOTICE: ARM Features: Neon enabled
2019-04-11 18:28:39.695 T:3011360080  NOTICE: special://xbmc/ is mapped to: /usr/share/kodi/
2019-04-11 18:28:39.695 T:3011360080  NOTICE: special://xbmcbin/ is mapped to: /usr/lib/kodi
2019-04-11 18:28:39.695 T:3011360080  NOTICE: special://xbmcbinaddons/ is mapped to: /usr/lib/kodi/addons
2019-04-11 18:28:39.695 T:3011360080  NOTICE: special://masterprofile/ is mapped to: /storage/.kodi/userdata
2019-04-11 18:28:39.695 T:3011360080  NOTICE: special://envhome/ is mapped to: /storage
2019-04-11 18:28:39.695 T:3011360080  NOTICE: special://home/ is mapped to: /storage/.kodi
2019-04-11 18:28:39.695 T:3011360080  NOTICE: special://temp/ is mapped to: /storage/.kodi/temp
2019-04-11 18:28:39.695 T:3011360080  NOTICE: special://logpath/ is mapped to: /storage/.kodi/temp
2019-04-11 18:28:39.695 T:3011360080  NOTICE: The executable running is: /usr/lib/kodi/kodi.bin
2019-04-11 18:28:39.695 T:3011360080  NOTICE: Local hostname: RaspiKodi
2019-04-11 18:28:39.695 T:3011360080  NOTICE: Log File is located: /storage/.kodi/temp/kodi.log
2019-04-11 18:28:39.695 T:3011360080  NOTICE: -----------------------------------------------------------------------
2019-04-11 18:28:39.706 T:3011360080    INFO: loading settings
2019-04-11 18:28:39.714 T:3011360080  NOTICE: special://profile/ is mapped to: special://masterprofile/
2019-04-11 18:28:39.738 T:3011360080   DEBUG: CSkinSettings: no <skinsettings> tag found
2019-04-11 18:28:39.738 T:3011360080  NOTICE: Loaded settings file from special://xbmc/system/advancedsettings.xml
2019-04-11 18:28:39.738 T:3011360080  NOTICE: Contents of special://xbmc/system/advancedsettings.xml are...
                                            <?xml version="1.0" encoding="utf-8" ?>
                                            <advancedsettings>
                                              <cputempcommand>/usr/bin/cputemp</cputempcommand>
                                              <gputempcommand>/usr/bin/gputemp</gputempcommand>
                                              <showexitbutton>false</showexitbutton>
                                              <remotedelay>1</remotedelay>
                                              <samba>
                                                <clienttimeout>30</clienttimeout>
                                              </samba>
                                              <fanartres>720</fanartres>
                                              <imageres>540</imageres>
                                            </advancedsettings>
2019-04-11 18:28:39.738 T:3011360080 WARNING: CSettingsManager: missing version attribute
2019-04-11 18:28:39.739 T:3011360080  NOTICE: No settings file to load (special://masterprofile/advancedsettings.xml)
2019-04-11 18:28:39.739 T:3011360080  NOTICE: Default Video Player: VideoPlayer
2019-04-11 18:28:39.739 T:3011360080  NOTICE: Default Audio Player: paplayer
2019-04-11 18:28:39.739 T:3011360080  NOTICE: Disabled debug logging due to GUI setting. Level 0.
2019-04-11 18:28:39.740 T:3011360080  NOTICE: Log level changed to "LOG_LEVEL_NORMAL"
2019-04-11 18:28:39.740 T:3011360080  NOTICE: CMediaSourceSettings: loading media sources from special://masterprofile/sources.xml
2019-04-11 18:28:39.871 T:3011360080  NOTICE: PulseAudio: Server found running - will try to use Pulse
2019-04-11 18:28:39.938 T:3011360080  NOTICE: Running database version Addons27
2019-04-11 18:28:40.180 T:3011360080  NOTICE: ADDON: audioencoder.kodi.builtin.aac v1.0.0 installed
2019-04-11 18:28:40.180 T:3011360080  NOTICE: ADDON: audioencoder.kodi.builtin.wma v1.0.0 installed
2019-04-11 18:28:40.180 T:3011360080  NOTICE: ADDON: driver.dvb.crazycat v9.2.0.0 installed
2019-04-11 18:28:40.180 T:3011360080  NOTICE: ADDON: driver.dvb.dvb-latest v9.2.0.0 installed
2019-04-11 18:28:40.180 T:3011360080  NOTICE: ADDON: game.controller.default v1.0.8 installed
2019-04-11 18:28:40.180 T:3011360080  NOTICE: ADDON: game.controller.snes v1.0.8 installed
2019-04-11 18:28:40.180 T:3011360080  NOTICE: ADDON: inputstream.adaptive v2.4.6.1 installed
2019-04-11 18:28:40.180 T:3011360080  NOTICE: ADDON: inputstream.rtmp v2.0.9.2 installed
2019-04-11 18:28:40.180 T:3011360080  NOTICE: ADDON: kodi.binary.global.audioengine v1.0.1 installed
2019-04-11 18:28:40.180 T:3011360080  NOTICE: ADDON: kodi.binary.global.filesystem v1.0.2 installed
2019-04-11 18:28:40.180 T:3011360080  NOTICE: ADDON: kodi.binary.global.general v1.0.3 installed
2019-04-11 18:28:40.181 T:3011360080  NOTICE: ADDON: kodi.binary.global.gui v5.12.0 installed
2019-04-11 18:28:40.181 T:3011360080  NOTICE: ADDON: kodi.binary.global.main v1.0.14 installed
2019-04-11 18:28:40.181 T:3011360080  NOTICE: ADDON: kodi.binary.global.network v1.0.0 installed
2019-04-11 18:28:40.181 T:3011360080  NOTICE: ADDON: kodi.binary.instance.audiodecoder v2.0.0 installed
2019-04-11 18:28:40.181 T:3011360080  NOTICE: ADDON: kodi.binary.instance.audioencoder v2.0.0 installed
2019-04-11 18:28:40.181 T:3011360080  NOTICE: ADDON: kodi.binary.instance.game v1.1.0 installed
2019-04-11 18:28:40.181 T:3011360080  NOTICE: ADDON: kodi.binary.instance.imagedecoder v2.0.0 installed
2019-04-11 18:28:40.181 T:3011360080  NOTICE: ADDON: kodi.binary.instance.inputstream v2.0.8 installed
2019-04-11 18:28:40.181 T:3011360080  NOTICE: ADDON: kodi.binary.instance.peripheral v1.3.7 installed
2019-04-11 18:28:40.181 T:3011360080  NOTICE: ADDON: kodi.binary.instance.pvr v5.10.3 installed
2019-04-11 18:28:40.181 T:3011360080  NOTICE: ADDON: kodi.binary.instance.screensaver v2.0.0 installed
2019-04-11 18:28:40.181 T:3011360080  NOTICE: ADDON: kodi.binary.instance.vfs v2.0.0 installed
2019-04-11 18:28:40.181 T:3011360080  NOTICE: ADDON: kodi.binary.instance.videocodec v1.0.1 installed
2019-04-11 18:28:40.181 T:3011360080  NOTICE: ADDON: kodi.binary.instance.visualization v2.0.1 installed
2019-04-11 18:28:40.181 T:3011360080  NOTICE: ADDON: kodi.resource v1.0.0 installed
2019-04-11 18:28:40.181 T:3011360080  NOTICE: ADDON: metadata.album.universal v3.1.3 installed
2019-04-11 18:28:40.181 T:3011360080  NOTICE: ADDON: metadata.artists.universal v4.3.3 installed
2019-04-11 18:28:40.181 T:3011360080  NOTICE: ADDON: metadata.common.allmusic.com v3.2.2 installed
2019-04-11 18:28:40.181 T:3011360080  NOTICE: ADDON: metadata.common.fanart.tv v3.6.3 installed
2019-04-11 18:28:40.181 T:3011360080  NOTICE: ADDON: metadata.common.imdb.com v3.1.6 installed
2019-04-11 18:28:40.181 T:3011360080  NOTICE: ADDON: metadata.common.musicbrainz.org v2.2.4 installed
2019-04-11 18:28:40.181 T:3011360080  NOTICE: ADDON: metadata.common.theaudiodb.com v2.0.3 installed
2019-04-11 18:28:40.181 T:3011360080  NOTICE: ADDON: metadata.common.themoviedb.org v3.2.12 installed
2019-04-11 18:28:40.181 T:3011360080  NOTICE: ADDON: metadata.local v1.0.0 installed
2019-04-11 18:28:40.181 T:3011360080  NOTICE: ADDON: metadata.themoviedb.org v5.2.5 installed
2019-04-11 18:28:40.181 T:3011360080  NOTICE: ADDON: metadata.tvshows.themoviedb.org v3.5.10 installed
2019-04-11 18:28:40.181 T:3011360080  NOTICE: ADDON: os.libreelec.tv v9.2 installed
2019-04-11 18:28:40.181 T:3011360080  NOTICE: ADDON: os.openelec.tv v9.2 installed
2019-04-11 18:28:40.181 T:3011360080  NOTICE: ADDON: peripheral.joystick v1.4.9 installed
2019-04-11 18:28:40.181 T:3011360080  NOTICE: ADDON: plugin.audio.prime_music v0.10.6 installed
2019-04-11 18:28:40.181 T:3011360080  NOTICE: ADDON: plugin.image.google v0.9.8 installed
2019-04-11 18:28:40.181 T:3011360080  NOTICE: ADDON: plugin.video.3satmediathek v1.2.0 installed
2019-04-11 18:28:40.181 T:3011360080  NOTICE: ADDON: plugin.video.L0RE.arte v0.7.0 installed
2019-04-11 18:28:40.181 T:3011360080  NOTICE: ADDON: plugin.video.L0RE.dmax v1.0.9 installed
2019-04-11 18:28:40.181 T:3011360080  NOTICE: ADDON: plugin.video.L0RE.spiegeltv v1.0.2 installed
2019-04-11 18:28:40.181 T:3011360080  NOTICE: ADDON: plugin.video.amazon-test v0.8.9 installed
2019-04-11 18:28:40.181 T:3011360080  NOTICE: ADDON: plugin.video.ardundzdf v2.9.2 installed
2019-04-11 18:28:40.181 T:3011360080  NOTICE: ADDON: plugin.video.cnn v1.0.0 installed
2019-04-11 18:28:40.181 T:3011360080  NOTICE: ADDON: plugin.video.gq v3.0.4 installed
2019-04-11 18:28:40.181 T:3011360080  NOTICE: ADDON: plugin.video.hrmediathek v1.0.0 installed
2019-04-11 18:28:40.182 T:3011360080  NOTICE: ADDON: plugin.video.koditube v1.0.0 installed
2019-04-11 18:28:40.182 T:3011360080  NOTICE: ADDON: plugin.video.mediathek v0.9.4 installed
2019-04-11 18:28:40.182 T:3011360080  NOTICE: ADDON: plugin.video.mediathekdirekt v0.0.15 installed
2019-04-11 18:28:40.182 T:3011360080  NOTICE: ADDON: plugin.video.nasa v3.0.0 installed
2019-04-11 18:28:40.182 T:3011360080  NOTICE: ADDON: plugin.video.netflix v1.11.0 installed
2019-04-11 18:28:40.182 T:3011360080  NOTICE: ADDON: plugin.video.ng v1.0.0 installed
2019-04-11 18:28:40.182 T:3011360080  NOTICE: ADDON: plugin.video.prosiebensat1 v1.2.0 installed
2019-04-11 18:28:40.182 T:3011360080  NOTICE: ADDON: plugin.video.tagesschau v2.2.2 installed
2019-04-11 18:28:40.182 T:3011360080  NOTICE: ADDON: plugin.video.tyl0re.arte v1.0.2 installed
2019-04-11 18:28:40.182 T:3011360080  NOTICE: ADDON: plugin.video.tyl0re.dmax v2.1.2 installed
2019-04-11 18:28:40.182 T:3011360080  NOTICE: ADDON: plugin.video.tyl0re.spiegeltv v2.0.5 installed
2019-04-11 18:28:40.182 T:3011360080  NOTICE: ADDON: plugin.video.wdrmediathek v1.0.0 installed
2019-04-11 18:28:40.182 T:3011360080  NOTICE: ADDON: plugin.video.youtube v6.8.8 installed
2019-04-11 18:28:40.182 T:3011360080  NOTICE: ADDON: repository.castagnait v1.0.1 installed
2019-04-11 18:28:40.182 T:3011360080  NOTICE: ADDON: repository.kodi.game v1.0.0 installed
2019-04-11 18:28:40.182 T:3011360080  NOTICE: ADDON: repository.kodinerds v9.0.103.103 installed
2019-04-11 18:28:40.182 T:3011360080  NOTICE: ADDON: repository.libreelec.tv v9.2.0 installed
2019-04-11 18:28:40.182 T:3011360080  NOTICE: ADDON: repository.netflix v1.0.1 installed
2019-04-11 18:28:40.182 T:3011360080  NOTICE: ADDON: repository.sandmann79.plugins v1.0.3 installed
2019-04-11 18:28:40.182 T:3011360080  NOTICE: ADDON: repository.saxbmc v1.2.2 installed
2019-04-11 18:28:40.182 T:3011360080  NOTICE: ADDON: repository.xbmc.org v3.1.6 installed
2019-04-11 18:28:40.182 T:3011360080  NOTICE: ADDON: resource.images.weathericons.default v1.1.8 installed
2019-04-11 18:28:40.182 T:3011360080  NOTICE: ADDON: resource.language.de_de v9.0.21 installed
2019-04-11 18:28:40.182 T:3011360080  NOTICE: ADDON: resource.language.en_gb v2.0.1 installed
2019-04-11 18:28:40.182 T:3011360080  NOTICE: ADDON: resource.uisounds.kodi v1.0.0 installed
2019-04-11 18:28:40.182 T:3011360080  NOTICE: ADDON: screensaver.xbmc.builtin.black v1.0.33 installed
2019-04-11 18:28:40.182 T:3011360080  NOTICE: ADDON: screensaver.xbmc.builtin.dim v1.0.59 installed
2019-04-11 18:28:40.182 T:3011360080  NOTICE: ADDON: script.module.addon.signals v0.0.6 installed
2019-04-11 18:28:40.182 T:3011360080  NOTICE: ADDON: script.module.arrow v0.15.5 installed
2019-04-11 18:28:40.182 T:3011360080  NOTICE: ADDON: script.module.backports.functools_lru_cache v1.6.1 installed
2019-04-11 18:28:40.182 T:3011360080  NOTICE: ADDON: script.module.beautifulsoup v3.2.1 installed
2019-04-11 18:28:40.182 T:3011360080  NOTICE: ADDON: script.module.beautifulsoup4 v4.6.2 installed
2019-04-11 18:28:40.182 T:3011360080  NOTICE: ADDON: script.module.bottle v0.12.17 installed
2019-04-11 18:28:40.182 T:3011360080  NOTICE: ADDON: script.module.cache v1.0.3 installed
2019-04-11 18:28:40.182 T:3011360080  NOTICE: ADDON: script.module.certifi v2019.9.11 installed
2019-04-11 18:28:40.182 T:3011360080  NOTICE: ADDON: script.module.chardet v3.0.4 installed
2019-04-11 18:28:40.182 T:3011360080  NOTICE: ADDON: script.module.dateutil v2.8.1 installed
2019-04-11 18:28:40.182 T:3011360080  NOTICE: ADDON: script.module.future v0.17.1 installed
2019-04-11 18:28:40.182 T:3011360080  NOTICE: ADDON: script.module.idna v2.8 installed
2019-04-11 18:28:40.182 T:3011360080  NOTICE: ADDON: script.module.inputstreamhelper v0.5.1 installed
2019-04-11 18:28:40.182 T:3011360080  NOTICE: ADDON: script.module.kodi-six v0.1.3 installed
2019-04-11 18:28:40.182 T:3011360080  NOTICE: ADDON: script.module.lib3sat v1.0.0 installed
2019-04-11 18:28:40.183 T:3011360080  NOTICE: ADDON: script.module.libard v1.0.0 installed
2019-04-11 18:28:40.183 T:3011360080  NOTICE: ADDON: script.module.libbr v1.0.0 installed
2019-04-11 18:28:40.183 T:3011360080  NOTICE: ADDON: script.module.libdaserste v1.0.0 installed
2019-04-11 18:28:40.183 T:3011360080  NOTICE: ADDON: script.module.libhr v1.0.0 installed
2019-04-11 18:28:40.183 T:3011360080  NOTICE: ADDON: script.module.libmediathek3 v1.5.0 installed
2019-04-11 18:28:40.183 T:3011360080  NOTICE: ADDON: script.module.libndr v1.0.0 installed
2019-04-11 18:28:40.183 T:3011360080  NOTICE: ADDON: script.module.libwdr v1.0.0 installed
2019-04-11 18:28:40.183 T:3011360080  NOTICE: ADDON: script.module.libzdf v2.1.7 installed
2019-04-11 18:28:40.183 T:3011360080  NOTICE: ADDON: script.module.mechanicalsoup v0.12.0 installed
2019-04-11 18:28:40.183 T:3011360080  NOTICE: ADDON: script.module.mechanize v0.2.6 installed
2019-04-11 18:28:40.183 T:3011360080  NOTICE: ADDON: script.module.mediathekxmlservice v1.0.0 installed
2019-04-11 18:28:40.183 T:3011360080  NOTICE: ADDON: script.module.metadatautils v1.0.0 installed
2019-04-11 18:28:40.183 T:3011360080  NOTICE: ADDON: script.module.musicbrainz v0.6.0 installed
2019-04-11 18:28:40.183 T:3011360080  NOTICE: ADDON: script.module.pil v1.1.7 installed
2019-04-11 18:28:40.183 T:3011360080  NOTICE: ADDON: script.module.pyautogui v0.9.50 installed
2019-04-11 18:28:40.183 T:3011360080  NOTICE: ADDON: script.module.pycryptodome v3.4.3 installed
2019-04-11 18:28:40.183 T:3011360080  NOTICE: ADDON: script.module.pydes v2.0.4 installed
2019-04-11 18:28:40.183 T:3011360080  NOTICE: ADDON: script.module.pysocks v1.6.8 installed
2019-04-11 18:28:40.183 T:3011360080  NOTICE: ADDON: script.module.pyxbmct v1.3.1 installed
2019-04-11 18:28:40.183 T:3011360080  NOTICE: ADDON: script.module.requests v2.22.0 installed
2019-04-11 18:28:40.183 T:3011360080  NOTICE: ADDON: script.module.routing v0.2.3 installed
2019-04-11 18:28:40.183 T:3011360080  NOTICE: ADDON: script.module.simplecache v1.0.20 installed
2019-04-11 18:28:40.183 T:3011360080  NOTICE: ADDON: script.module.simplejson v3.16.1 installed
2019-04-11 18:28:40.183 T:3011360080  NOTICE: ADDON: script.module.six v1.13.0 installed
2019-04-11 18:28:40.183 T:3011360080  NOTICE: ADDON: script.module.t1mlib v1.0.18 installed
2019-04-11 18:28:40.183 T:3011360080  NOTICE: ADDON: script.module.thetvdb v1.0.12 installed
2019-04-11 18:28:40.183 T:3011360080  NOTICE: ADDON: script.module.urllib3 v1.25.6 installed
2019-04-11 18:28:40.183 T:3011360080  NOTICE: ADDON: script.module.xbmcswift2 v13.0.0 installed
2019-04-11 18:28:40.183 T:3011360080  NOTICE: ADDON: script.module.youtube.dl v20.616.0 installed
2019-04-11 18:28:40.183 T:3011360080  NOTICE: ADDON: script.program.driverselect v0.1.6 installed
2019-04-11 18:28:40.183 T:3011360080  NOTICE: ADDON: script.skin.helper.service v1.1.3 installed
2019-04-11 18:28:40.183 T:3011360080  NOTICE: ADDON: script.tubecast v1.4.5 installed
2019-04-11 18:28:40.183 T:3011360080  NOTICE: ADDON: script.tv.show.next.aired v6.0.15 installed
2019-04-11 18:28:40.183 T:3011360080  NOTICE: ADDON: service.library.data.provider v0.3.2 installed
2019-04-11 18:28:40.183 T:3011360080  NOTICE: ADDON: service.libreelec.settings v9.0.0 installed
2019-04-11 18:28:40.183 T:3011360080  NOTICE: ADDON: skin.ace2 v1.6.0 installed
2019-04-11 18:28:40.183 T:3011360080  NOTICE: ADDON: skin.estuary v2.0.27 installed
2019-04-11 18:28:40.183 T:3011360080  NOTICE: ADDON: virtual.multimedia-tools v9.2.0.109 installed
2019-04-11 18:28:40.183 T:3011360080  NOTICE: ADDON: virtual.system-tools v9.2.0.111 installed
2019-04-11 18:28:40.183 T:3011360080  NOTICE: ADDON: webinterface.arch v2.0.5 installed
2019-04-11 18:28:40.183 T:3011360080  NOTICE: ADDON: webinterface.awxi v0.7.6 installed
2019-04-11 18:28:40.183 T:3011360080  NOTICE: ADDON: webinterface.chorus v0.3.10 installed
2019-04-11 18:28:40.184 T:3011360080  NOTICE: ADDON: webinterface.default v18.x-2.4.6 installed
2019-04-11 18:28:40.184 T:3011360080  NOTICE: ADDON: webinterface.hax v0.1.1 installed
2019-04-11 18:28:40.184 T:3011360080  NOTICE: ADDON: xbmc.addon v18.9 installed
2019-04-11 18:28:40.184 T:3011360080  NOTICE: ADDON: xbmc.core v0.1.0 installed
2019-04-11 18:28:40.184 T:3011360080  NOTICE: ADDON: xbmc.gui v5.14.0 installed
2019-04-11 18:28:40.184 T:3011360080  NOTICE: ADDON: xbmc.json v10.3.0 installed
2019-04-11 18:28:40.184 T:3011360080  NOTICE: ADDON: xbmc.metadata v2.1.0 installed
2019-04-11 18:28:40.184 T:3011360080  NOTICE: ADDON: xbmc.python v2.26.0 installed
2019-04-11 18:28:40.184 T:3011360080  NOTICE: ADDON: xbmc.webinterface v1.0.0 installed
2019-04-11 18:28:40.230 T:3011360080   ERROR: DBus error: org.freedesktop.DBus.Error.ServiceUnknown - The name org.freedesktop.UPower was not provided by any .service files
2019-04-11 18:28:40.264 T:2988057456 WARNING: Pulseaudio module module-allow-passthrough not loaded - opening PT devices might fail
2019-04-11 18:28:40.265 T:2988057456  NOTICE: Found 2 Lists of Devices
2019-04-11 18:28:40.265 T:2988057456  NOTICE: Enumerated PI devices:
2019-04-11 18:28:40.265 T:2988057456  NOTICE:     Device 1
2019-04-11 18:28:40.265 T:2988057456  NOTICE:         m_deviceName      : HDMI
2019-04-11 18:28:40.265 T:2988057456  NOTICE:         m_displayName     : HDMI
2019-04-11 18:28:40.265 T:2988057456  NOTICE:         m_displayNameExtra:
2019-04-11 18:28:40.265 T:2988057456  NOTICE:         m_deviceType      : AE_DEVTYPE_HDMI
2019-04-11 18:28:40.265 T:2988057456  NOTICE:         m_channels        : FL, FR
2019-04-11 18:28:40.265 T:2988057456  NOTICE:         m_sampleRates     : 8000,11025,16000,22050,24000,32000,44100,48000,88200,96000,176400,192000
2019-04-11 18:28:40.265 T:2988057456  NOTICE:         m_dataFormats     : AE_FMT_FLOAT,AE_FMT_S32NE,AE_FMT_S16NE,AE_FMT_S32LE,AE_FMT_S16LE,AE_FMT_FLOATP,AE_FMT_S32NEP,AE_FMT_S16NEP,AE_FMT_RAW
2019-04-11 18:28:40.265 T:2988057456  NOTICE:         m_streamTypes     : STREAM_TYPE_AC3,STREAM_TYPE_EAC3,STREAM_TYPE_DTSHD_CORE,STREAM_TYPE_DTS_2048,STREAM_TYPE_DTS_1024,STREAM_TYPE_DTS_512
2019-04-11 18:28:40.265 T:2988057456  NOTICE:     Device 2
2019-04-11 18:28:40.265 T:2988057456  NOTICE:         m_deviceName      : Analogue
2019-04-11 18:28:40.265 T:2988057456  NOTICE:         m_displayName     : Analogue
2019-04-11 18:28:40.265 T:2988057456  NOTICE:         m_displayNameExtra:
2019-04-11 18:28:40.265 T:2988057456  NOTICE:         m_deviceType      : AE_DEVTYPE_PCM
2019-04-11 18:28:40.265 T:2988057456  NOTICE:         m_channels        : FL, FR
2019-04-11 18:28:40.265 T:2988057456  NOTICE:         m_sampleRates     : 48000
2019-04-11 18:28:40.265 T:2988057456  NOTICE:         m_dataFormats     : AE_FMT_FLOAT,AE_FMT_S32LE,AE_FMT_S16LE,AE_FMT_FLOATP,AE_FMT_S32NEP,AE_FMT_S16NEP
2019-04-11 18:28:40.265 T:2988057456  NOTICE:         m_streamTypes     : No passthrough capabilities
2019-04-11 18:28:40.265 T:2988057456  NOTICE:     Device 3
2019-04-11 18:28:40.265 T:2988057456  NOTICE:         m_deviceName      : Both
2019-04-11 18:28:40.265 T:2988057456  NOTICE:         m_displayName     : HDMI and Analogue
2019-04-11 18:28:40.265 T:2988057456  NOTICE:         m_displayNameExtra:
2019-04-11 18:28:40.265 T:2988057456  NOTICE:         m_deviceType      : AE_DEVTYPE_PCM
2019-04-11 18:28:40.266 T:2988057456  NOTICE:         m_channels        : FL, FR
2019-04-11 18:28:40.266 T:2988057456  NOTICE:         m_sampleRates     : 48000
2019-04-11 18:28:40.266 T:2988057456  NOTICE:         m_dataFormats     : AE_FMT_FLOAT,AE_FMT_S32LE,AE_FMT_S16LE,AE_FMT_FLOATP,AE_FMT_S32NEP,AE_FMT_S16NEP
2019-04-11 18:28:40.266 T:2988057456  NOTICE:         m_streamTypes     : No passthrough capabilities
2019-04-11 18:28:40.266 T:2988057456  NOTICE: Enumerated PULSE devices:
2019-04-11 18:28:40.266 T:2988057456  NOTICE:     Device 1
2019-04-11 18:28:40.266 T:2988057456  NOTICE:         m_deviceName      : Default
2019-04-11 18:28:40.266 T:2988057456  NOTICE:         m_displayName     : Default
2019-04-11 18:28:40.266 T:2988057456  NOTICE:         m_displayNameExtra: Bluetooth Audio (PULSEAUDIO)
2019-04-11 18:28:40.266 T:2988057456  NOTICE:         m_deviceType      : AE_DEVTYPE_PCM
2019-04-11 18:28:40.266 T:2988057456  NOTICE:         m_channels        : FL, FR
2019-04-11 18:28:40.266 T:2988057456  NOTICE:         m_sampleRates     : 5512,8000,11025,16000,22050,32000,44100,48000,64000,88200,96000,176400,192000,384000
2019-04-11 18:28:40.266 T:2988057456  NOTICE:         m_dataFormats     : AE_FMT_U8,AE_FMT_S16NE,AE_FMT_S24NE3,AE_FMT_S24NE4,AE_FMT_S32NE,AE_FMT_FLOAT
2019-04-11 18:28:40.266 T:2988057456  NOTICE:         m_streamTypes     : No passthrough capabilities
2019-04-11 18:28:40.312 T:3011360080  NOTICE: Raspberry PI firmware version: Jun 26 2020 14:49:28 
                                            Copyright (c) 2012 Broadcom
                                            version b078012603a6a094178f959805996ad225a0d83b (clean) (release) (start_x)
2019-04-11 18:28:40.312 T:3011360080  NOTICE: ARM mem: 704MB GPU mem: 320MB MPG2:0 WVC1:0
2019-04-11 18:28:40.312 T:3011360080  NOTICE: Config:
                                            arm_freq=1500
                                            audio_pwm_mode=514
                                            config_hdmi_boost=5
                                            core_freq=500
                                            core_freq_min=200
                                            disable_commandline_tags=2
                                            disable_l2cache=1
                                            disable_overscan=1
                                            display_hdmi_rotate=-1
                                            display_lcd_rotate=-1
                                            enable_gic=1
                                            force_eeprom_read=1
                                            force_pwm_open=1
                                            framebuffer_ignore_alpha=1
                                            framebuffer_swap=1
                                            gpu_freq=500
                                            gpu_freq_min=250
                                            hdmi_channel_map=8
                                            init_uart_clock=0x2dc6c00
                                            lcd_framerate=60
                                            mask_gpu_interrupt0=1024
                                            mask_gpu_interrupt1=0x10000
                                            over_voltage_avs=-42500
                                            pause_burst_frames=1
                                            program_serial_random=1
                                            total_mem=4096
                                            hdmi_force_cec_address:0=65535
                                            hdmi_force_cec_address:1=65535
                                            hdmi_ignore_cec_init:0=1
                                            hdmi_pixel_freq_limit:0=0x11e1a300
                                            hdmi_pixel_freq_limit:1=0x11e1a300
2019-04-11 18:28:40.312 T:3011360080  NOTICE: Config:
                                            device_tree=-
                                            overlay_prefix=overlays/
                                            hdmi_cvt:0=
                                            hdmi_cvt:1=
                                            hdmi_edid_filename:0=
                                            hdmi_edid_filename:1=
                                            hdmi_timings:0=
                                            hdmi_timings:1=
2019-04-11 18:28:40.504 T:3011360080 WARNING: CDRMUtils::FindPlane - could not find plane
2019-04-11 18:28:40.630 T:3011360080  NOTICE: Found resolution 1920x1080 with 1920x1080 @ 60.000000 Hz
2019-04-11 18:28:40.630 T:3011360080  NOTICE: Found resolution 1920x1080 with 1920x1080 @ 59.940063 Hz
2019-04-11 18:28:40.630 T:3011360080  NOTICE: Found resolution 1920x1080 with 1920x1080 @ 50.000000 Hz
2019-04-11 18:28:40.630 T:3011360080  NOTICE: Found resolution 1920x1080 with 1920x1080 @ 24.000000 Hz
2019-04-11 18:28:40.631 T:3011360080  NOTICE: Found resolution 1920x1080 with 1920x1080 @ 23.976025 Hz
2019-04-11 18:28:40.631 T:3011360080  NOTICE: Found resolution 1280x1024 with 1280x1024 @ 75.000000 Hz
2019-04-11 18:28:40.631 T:3011360080  NOTICE: Found resolution 1152x864 with 1152x864 @ 75.000000 Hz
2019-04-11 18:28:40.631 T:3011360080  NOTICE: Found resolution 1280x720 with 1280x720 @ 60.000000 Hz
2019-04-11 18:28:40.631 T:3011360080  NOTICE: Found resolution 1280x720 with 1280x720 @ 59.940063 Hz
2019-04-11 18:28:40.631 T:3011360080  NOTICE: Found resolution 1280x720 with 1280x720 @ 50.000000 Hz
2019-04-11 18:28:40.631 T:3011360080  NOTICE: Found resolution 1024x768 with 1024x768 @ 75.000000 Hz
2019-04-11 18:28:40.631 T:3011360080  NOTICE: Found resolution 1024x768 with 1024x768 @ 70.000000 Hz
2019-04-11 18:28:40.631 T:3011360080  NOTICE: Found resolution 1024x768 with 1024x768 @ 60.000000 Hz
2019-04-11 18:28:40.631 T:3011360080  NOTICE: Found resolution 832x624 with 832x624 @ 74.925079 Hz
2019-04-11 18:28:40.631 T:3011360080  NOTICE: Found resolution 800x600 with 800x600 @ 75.000000 Hz
2019-04-11 18:28:40.631 T:3011360080  NOTICE: Found resolution 800x600 with 800x600 @ 72.000000 Hz
2019-04-11 18:28:40.631 T:3011360080  NOTICE: Found resolution 800x600 with 800x600 @ 60.000000 Hz
2019-04-11 18:28:40.631 T:3011360080  NOTICE: Found resolution 800x600 with 800x600 @ 56.000000 Hz
2019-04-11 18:28:40.631 T:3011360080  NOTICE: Found resolution 720x576 with 720x576 @ 50.000000 Hz
2019-04-11 18:28:40.631 T:3011360080  NOTICE: Found resolution 720x480 with 720x480 @ 59.940063 Hz
2019-04-11 18:28:40.631 T:3011360080  NOTICE: Found resolution 720x480 with 720x480 @ 60.000000 Hz
2019-04-11 18:28:40.631 T:3011360080  NOTICE: Found resolution 640x480 with 640x480 @ 75.000000 Hz
2019-04-11 18:28:40.631 T:3011360080  NOTICE: Found resolution 640x480 with 640x480 @ 73.000000 Hz
2019-04-11 18:28:40.631 T:3011360080  NOTICE: Found resolution 640x480 with 640x480 @ 67.000000 Hz
2019-04-11 18:28:40.631 T:3011360080  NOTICE: Found resolution 640x480 with 640x480 @ 60.000000 Hz
2019-04-11 18:28:40.633 T:3011360080  NOTICE: Previous line repeats 1 times.
2019-04-11 18:28:40.633 T:3011360080  NOTICE: EGL_VERSION = 1.4
2019-04-11 18:28:40.633 T:3011360080  NOTICE: EGL_VENDOR = Mesa Project
2019-04-11 18:28:40.633 T:3011360080  NOTICE: EGL_EXTENSIONS = EGL_EXT_buffer_age EGL_EXT_image_dma_buf_import EGL_EXT_image_dma_buf_import_modifiers EGL_KHR_cl_event2 EGL_KHR_config_attribs EGL_KHR_create_context EGL_KHR_create_context_no_error EGL_KHR_fence_sync EGL_KHR_get_all_proc_addresses EGL_KHR_gl_colorspace EGL_KHR_gl_renderbuffer_image EGL_KHR_gl_texture_2D_image EGL_KHR_gl_texture_3D_image EGL_KHR_gl_texture_cubemap_image EGL_KHR_image EGL_KHR_image_base EGL_KHR_image_pixmap EGL_KHR_no_config_context EGL_KHR_reusable_sync EGL_KHR_surfaceless_context EGL_EXT_pixel_format_float EGL_KHR_wait_sync EGL_MESA_configless_context EGL_MESA_drm_image EGL_MESA_image_dma_buf_export
2019-04-11 18:28:40.633 T:3011360080  NOTICE: EGL_CLIENT_EXTENSIONS = EGL_EXT_client_extensions EGL_EXT_device_base EGL_EXT_device_enumeration EGL_EXT_device_query EGL_EXT_platform_base EGL_KHR_client_get_all_proc_addresses EGL_KHR_debug EGL_MESA_platform_gbm
2019-04-11 18:28:40.637 T:3011360080  NOTICE: Checking resolution 16
2019-04-11 18:28:40.742 T:3011360080 WARNING: CGBMUtils::DestroySurface - surface already destroyed
2019-04-11 18:28:40.796 T:3011360080  NOTICE: GL_VENDOR = Broadcom
2019-04-11 18:28:40.796 T:3011360080  NOTICE: GL_RENDERER = V3D 4.2
2019-04-11 18:28:40.796 T:3011360080  NOTICE: GL_VERSION = OpenGL ES 3.0 Mesa 19.1.7
2019-04-11 18:28:40.796 T:3011360080  NOTICE: GL_SHADING_LANGUAGE_VERSION = OpenGL ES GLSL ES 3.00
2019-04-11 18:28:40.796 T:3011360080  NOTICE: GL_EXTENSIONS = GL_EXT_blend_minmax GL_EXT_multi_draw_arrays GL_EXT_texture_format_BGRA8888 GL_OES_compressed_ETC1_RGB8_texture GL_OES_depth24 GL_OES_element_index_uint GL_OES_fbo_render_mipmap GL_OES_mapbuffer GL_OES_rgb8_rgba8 GL_OES_standard_derivatives GL_OES_stencil8 GL_OES_texture_3D GL_OES_texture_float GL_OES_texture_half_float GL_OES_texture_half_float_linear GL_OES_texture_npot GL_OES_vertex_half_float GL_EXT_texture_sRGB_decode GL_OES_EGL_image GL_OES_depth_texture GL_OES_packed_depth_stencil GL_EXT_texture_type_2_10_10_10_REV GL_OES_get_program_binary GL_APPLE_texture_max_level GL_EXT_discard_framebuffer GL_EXT_read_format_bgra GL_EXT_frag_depth GL_NV_fbo_color_attachments GL_OES_EGL_image_external GL_OES_EGL_sync GL_OES_vertex_array_object GL_EXT_occlusion_query_boolean GL_EXT_texture_rg GL_EXT_unpack_subimage GL_NV_draw_buffers GL_NV_read_buffer GL_NV_read_depth GL_NV_read_depth_stencil GL_NV_read_stencil GL_EXT_draw_buffers GL_EXT_map_buffer_range GL_KHR_debug GL_KHR_texture_compression_astc_ldr GL_OES_depth_texture_cube_map GL_OES_required_internalformat GL_OES_surfaceless_context GL_EXT_color_buffer_float GL_EXT_sRGB_write_control GL_EXT_separate_shader_objects GL_EXT_shader_integer_mix GL_EXT_base_instance GL_EXT_compressed_ETC1_RGB8_sub_texture GL_EXT_draw_elements_base_vertex GL_EXT_texture_border_clamp GL_KHR_context_flush_control GL_OES_draw_elements_base_vertex GL_OES_texture_border_clamp GL_OES_texture_stencil8 GL_EXT_float_blend GL_KHR_no_error GL_KHR_texture_compression_astc_sliced_3d GL_OES_EGL_image_external_essl3 GL_MESA_shader_integer_functions GL_KHR_parallel_shader_compile GL_EXT_texture_query_lod
2020-12-04 20:50:05.316 T:2880512880  NOTICE: Running database version Addons27
2020-12-04 20:50:05.320 T:2880512880  NOTICE: Running database version ViewModes6
2020-12-04 20:50:05.637 T:2880512880  NOTICE: Running database version Textures13
2020-12-04 20:50:05.651 T:2880512880  NOTICE: Running database version MyMusic72
2020-12-04 20:50:05.685 T:2880512880  NOTICE: Running database version MyVideos116
2020-12-04 20:50:05.691 T:2880512880  NOTICE: Running database version TV32
2020-12-04 20:50:05.696 T:2880512880  NOTICE: Running database version Epg12
2020-12-04 20:50:05.723 T:3011360080  NOTICE: start dvd mediatype detection
2020-12-04 20:50:05.794 T:3011360080  NOTICE:   load skin from: /usr/share/kodi/addons/skin.estuary (version: 2.0.27)
2020-12-04 20:50:06.345 T:3011360080 WARNING: JSONRPC: Could not parse type "Setting.Details.SettingList"
2020-12-04 20:50:06.409 T:3011360080  NOTICE: Register - new keyboard device registered on application->keyboard: Tastatur (0000:0000)
2020-12-04 20:50:06.410 T:3011360080  NOTICE: Register - new mouse device registered on application->mouse: Maus (0000:0000)
2020-12-04 20:50:06.422 T:3011360080  NOTICE: Loading player core factory settings from special://xbmc/system/playercorefactory.xml.
2020-12-04 20:50:06.423 T:3011360080  NOTICE: Loaded playercorefactory configuration
2020-12-04 20:50:06.423 T:3011360080  NOTICE: Loading player core factory settings from special://masterprofile/playercorefactory.xml.
2020-12-04 20:50:06.423 T:3011360080  NOTICE: special://masterprofile/playercorefactory.xml does not exist. Skipping.
2020-12-04 20:50:06.478 T:3011360080  NOTICE: initialize done
2020-12-04 20:50:06.478 T:3011360080  NOTICE: Running the application...
2020-12-04 20:50:06.497 T:3011360080  NOTICE: starting zeroconf publishing
2020-12-04 20:50:06.501 T:3011360080  NOTICE: CWebServer[8080]: Started
2020-12-04 20:50:06.501 T:3011360080  NOTICE: starting upnp client
2020-12-04 20:50:06.516 T:3011360080  NOTICE: starting upnp server
2020-12-04 20:50:06.533 T:3011360080  NOTICE: starting upnp controller
2020-12-04 20:50:06.533 T:3011360080  NOTICE: starting upnp renderer
2020-12-04 20:50:06.547 T:2632733552  NOTICE: ES: Starting UDP Event server on port 9777
2020-12-04 20:50:06.547 T:2632733552  NOTICE: UDP: Listening on port 9777 (ipv6 : true)
2020-12-04 20:50:06.624 T:2880512880 WARNING: CreateLoader - unsupported protocol(thumb) in thumb://None/
2020-12-04 20:50:06.797 T:2828006256  NOTICE: Register - new cec device registered on cec->RPI: CEC Adapter (2708:1001)
2020-12-04 20:50:07.339 T:2735424368  NOTICE: script.tv.show.next.aired: ### TV Show - Next Aired starting background proc (6.0.15)
2020-12-04 20:50:07.445 T:2735424368  NOTICE: script.tv.show.next.aired: ### no prior data found
2020-12-04 20:50:09.445 T:2735424368  NOTICE: script.tv.show.next.aired: ### starting data update
2020-12-04 20:50:09.445 T:2735424368  NOTICE: script.tv.show.next.aired: ### grabbing a new country mapping list
2020-12-04 20:50:10.450 T:2314531696  NOTICE: Skin Helper Service --> WebService - start helper webservice on port 52307
2020-12-04 20:50:10.473 T:2752209776  NOTICE: Skin Helper Service --> Skin Helper Service version 1.1.3 started
2020-12-04 20:50:10.590 T:2760602480  NOTICE: [Amazon VOD] Service: Proxy bound to 127.0.0.1:43021
2020-12-04 20:50:10.825 T:2760602480  NOTICE: [Amazon VOD] Service: Proxy server started
2020-12-04 20:50:10.826 T:2760602480  NOTICE: [Amazon VOD] Service started
2020-12-04 20:50:38.973 T:3011360080  NOTICE: VideoPlayer::OpenFile: plugin://plugin.video.mediathek/?type=ZDF&action=openJsonLink&link=https%3A%2F%2Fzdf-cdn.live.cellular.de%2FmediathekV2%2Fdocument%2F201204-heute-sendung-19-uhr-100
2020-12-04 20:50:39.125 T:2461672304  NOTICE: Creating InputStream
2020-12-04 20:50:39.431 T:2461672304  NOTICE: Creating Demuxer
2020-12-04 20:50:40.003 T:2461672304  NOTICE: Opening stream: 0 source: 256
2020-12-04 20:50:40.003 T:2461672304  NOTICE: Creating video codec with codec id: 27
2020-12-04 20:50:40.015 T:2461672304  NOTICE: Creating video thread
2020-12-04 20:50:40.015 T:2470065008  NOTICE: running thread: video_thread
2020-12-04 20:50:40.091 T:2461672304  NOTICE: Opening stream: 1 source: 256
2020-12-04 20:50:40.092 T:2461672304  NOTICE: Finding audio codec for: 86018
2020-12-04 20:50:40.094 T:2461672304  NOTICE: CDVDAudioCodecFFmpeg::Open() Successful opened audio decoder aac
2020-12-04 20:50:40.094 T:2461672304  NOTICE: Creating audio thread
2020-12-04 20:50:40.094 T:2419708784  NOTICE: running thread: CVideoPlayerAudio::Process()
2020-12-04 20:50:40.107 T:2419708784  NOTICE: Creating audio stream (codec id: 86018, channels: 2, sample rate: 44100, no pass-through)
2020-12-04 20:50:40.639 T:2470065008 WARNING: CRenderManager::WaitForBuffer - timeout waiting for buffer
2020-12-04 20:55:08.437 T:2735424368  NOTICE: script.tv.show.next.aired: ### no prior data found
2020-12-04 20:55:10.438 T:2735424368  NOTICE: script.tv.show.next.aired: ### starting data update
2020-12-04 20:55:10.438 T:2735424368  NOTICE: script.tv.show.next.aired: ### grabbing a new country mapping list
2020-12-04 21:05:09.387 T:2735424368  NOTICE: script.tv.show.next.aired: ### no prior data found
2020-12-04 21:05:11.387 T:2735424368  NOTICE: script.tv.show.next.aired: ### starting data update
2020-12-04 21:05:11.388 T:2735424368  NOTICE: script.tv.show.next.aired: ### grabbing a new country mapping list
2020-12-04 21:08:06.417 T:2470065008 WARNING: CRenderManager::WaitForBuffer - timeout waiting for buffer
2020-12-04 21:09:19.562 T:2419708784  NOTICE: CVideoPlayerAudio::Process - stream stalled
2020-12-04 21:09:19.718 T:2461672304  NOTICE: CVideoPlayer::OnExit()
2020-12-04 21:09:19.718 T:2461672304  NOTICE: VideoPlayer: eof, waiting for queues to empty
2020-12-04 21:09:19.718 T:2461672304  NOTICE: Closing stream player 1
2020-12-04 21:09:19.718 T:2461672304  NOTICE: CDVDMessageQueue(audio)::WaitUntilEmpty
2020-12-04 21:09:19.718 T:2461672304  NOTICE: Waiting for audio thread to exit
2020-12-04 21:09:19.718 T:2419708784   ERROR: Got MSGQ_ABORT or MSGO_IS_ERROR return true
2020-12-04 21:09:19.718 T:2419708784  NOTICE: thread end: CVideoPlayerAudio::OnExit()
2020-12-04 21:09:19.719 T:2461672304  NOTICE: Closing audio device
2020-12-04 21:09:19.720 T:2461672304  NOTICE: Deleting audio codec
2020-12-04 21:09:19.720 T:2461672304  NOTICE: Closing stream player 2
2020-12-04 21:09:19.720 T:2461672304  NOTICE: CDVDMessageQueue(video)::WaitUntilEmpty
2020-12-04 21:09:19.720 T:2461672304  NOTICE: waiting for video thread to exit
2020-12-04 21:09:19.721 T:2470065008   ERROR: Got MSGQ_ABORT or MSGO_IS_ERROR return true
2020-12-04 21:09:19.721 T:2470065008  NOTICE: thread end: video_thread
2020-12-04 21:09:19.721 T:2461672304  NOTICE: deleting video codec
2020-12-04 21:09:19.814 T:3011360080  NOTICE: CVideoPlayer::CloseFile()
2020-12-04 21:09:19.865 T:3011360080  NOTICE: VideoPlayer: waiting for threads to exit
2020-12-04 21:09:19.865 T:3011360080  NOTICE: VideoPlayer: finished waiting
2020-12-04 21:09:19.865 T:3011360080  NOTICE: CVideoPlayer::CloseFile()
2020-12-04 21:09:19.866 T:3011360080  NOTICE: VideoPlayer: waiting for threads to exit
2020-12-04 21:09:19.866 T:3011360080  NOTICE: VideoPlayer: finished waiting
2020-12-04 21:09:19.883 T:3011360080   ERROR: Control 55 in window 10025 has been asked to focus, but it can't
2020-12-04 21:09:31.225 T:3011360080  NOTICE: VideoPlayer::OpenFile: plugin://plugin.video.mediathek/?type=ZDF&action=openJsonLink&link=https%3A%2F%2Fzdf-cdn.live.cellular.de%2FmediathekV2%2Fdocument%2Fohne-gefuehle-100
2020-12-04 21:09:31.358 T:2495243120  NOTICE: Creating InputStream
2020-12-04 21:09:31.749 T:2495243120  NOTICE: Creating Demuxer
2020-12-04 21:09:32.526 T:2495243120  NOTICE: Opening stream: 0 source: 256
2020-12-04 21:09:32.526 T:2495243120  NOTICE: Creating video codec with codec id: 27
2020-12-04 21:09:32.538 T:2495243120  NOTICE: Creating video thread
2020-12-04 21:09:32.538 T:2409464688  NOTICE: running thread: video_thread
2020-12-04 21:09:32.538 T:2495243120  NOTICE: Opening stream: 1 source: 256
2020-12-04 21:09:32.538 T:2495243120  NOTICE: Finding audio codec for: 86018
2020-12-04 21:09:32.541 T:2495243120  NOTICE: CDVDAudioCodecFFmpeg::Open() Successful opened audio decoder aac
2020-12-04 21:09:32.541 T:2495243120  NOTICE: Creating audio thread
2020-12-04 21:09:32.541 T:2451567472  NOTICE: running thread: CVideoPlayerAudio::Process()
2020-12-04 21:09:32.553 T:2451567472  NOTICE: Creating audio stream (codec id: 86018, channels: 2, sample rate: 44100, no pass-through)
2020-12-04 21:09:33.092 T:2409464688 WARNING: CRenderManager::WaitForBuffer - timeout waiting for buffer
2020-12-04 21:10:24.639 T:3011360080  NOTICE: CVideoPlayer::CloseFile()
2020-12-04 21:10:24.643 T:2495243120  NOTICE: CVideoPlayer::OnExit()
2020-12-04 21:10:24.643 T:2495243120  NOTICE: Closing stream player 1
2020-12-04 21:10:24.643 T:2495243120  NOTICE: Waiting for audio thread to exit
2020-12-04 21:10:24.655 T:2451567472  NOTICE: thread end: CVideoPlayerAudio::OnExit()
2020-12-04 21:10:24.655 T:2495243120  NOTICE: Closing audio device
2020-12-04 21:10:24.704 T:2495243120  NOTICE: Deleting audio codec
2020-12-04 21:10:24.704 T:2495243120  NOTICE: Closing stream player 2
2020-12-04 21:10:24.704 T:2495243120  NOTICE: waiting for video thread to exit
2020-12-04 21:10:24.725 T:2409464688  NOTICE: thread end: video_thread
2020-12-04 21:10:24.726 T:2495243120  NOTICE: deleting video codec
2020-12-04 21:10:24.747 T:3011360080  NOTICE: VideoPlayer: waiting for threads to exit
2020-12-04 21:10:24.748 T:3011360080  NOTICE: VideoPlayer: finished waiting
2020-12-04 21:10:24.748 T:3011360080  NOTICE: CVideoPlayer::CloseFile()
2020-12-04 21:10:24.748 T:3011360080  NOTICE: VideoPlayer: waiting for threads to exit
2020-12-04 21:10:24.748 T:3011360080  NOTICE: VideoPlayer: finished waiting
2020-12-04 21:10:24.821 T:3011360080   ERROR: Control 55 in window 10025 has been asked to focus, but it can't
2020-12-04 21:10:30.411 T:2375635824 WARNING: CreateLoader - unsupported protocol(thumb) in thumb://None/
2020-12-04 21:10:33.766 T:3011360080   ERROR: Control 55 in window 10025 has been asked to focus, but it can't
2020-12-04 21:10:54.687 T:2331317104   ERROR: EXCEPTION: Invalid setting type
2020-12-04 21:10:54.688 T:2331317104  NOTICE: [script.module.inputstreamhelper] Widevine update check was made on 2020-11-19 21:05
2020-12-04 21:10:55.136 T:3011360080  NOTICE: VideoPlayer::OpenFile: plugin://plugin.video.netflix/play/show/80126024/season/80226495/episode/81261963/?profile_guid=AB65UH7MH5DGHDDLDTEPE5N5SE
2020-12-04 21:10:55.138 T:2491556720  NOTICE: Creating InputStream
2020-12-04 21:10:55.229 T:2491556720   ERROR: GetDirectory - Error getting /usr/lib/kodi/addons/inputstream.adaptive/
2020-12-04 21:10:57.391 T:2491556720  NOTICE: Creating Demuxer
2020-12-04 21:10:57.393 T:2491556720  NOTICE: Opening stream: 1001 source: 256
2020-12-04 21:10:57.508 T:2491556720  NOTICE: Creating video codec with codec id: 27
2020-12-04 21:10:57.518 T:2491556720  NOTICE: Creating video thread
2020-12-04 21:10:57.518 T:2428101488  NOTICE: running thread: video_thread
2020-12-04 21:10:57.518 T:2491556720  NOTICE: Opening stream: 1002 source: 256
2020-12-04 21:10:57.825 T:2491556720  NOTICE: Finding audio codec for: 86056
2020-12-04 21:10:57.826 T:2491556720  NOTICE: CDVDAudioCodecFFmpeg::Open() Successful opened audio decoder eac3
2020-12-04 21:10:57.826 T:2491556720  NOTICE: Creating audio thread
2020-12-04 21:10:57.826 T:2162967408  NOTICE: running thread: CVideoPlayerAudio::Process()
2020-12-04 21:10:57.827 T:2491556720  NOTICE: Opening stream: 1014 source: 256
2020-12-04 21:10:58.777 T:2162967408  NOTICE: Creating audio stream (codec id: 86056, channels: 6, sample rate: 48000, no pass-through)
2020-12-04 21:10:59.612 T:2491556720  NOTICE: Closing stream player 1
2020-12-04 21:10:59.613 T:2491556720  NOTICE: Waiting for audio thread to exit
2020-12-04 21:10:59.639 T:2162967408  NOTICE: thread end: CVideoPlayerAudio::OnExit()
2020-12-04 21:10:59.639 T:2491556720  NOTICE: Closing audio device
2020-12-04 21:10:59.694 T:2491556720  NOTICE: Deleting audio codec
2020-12-04 21:10:59.694 T:2491556720  NOTICE: Opening stream: 1003 source: 256
2020-12-04 21:10:59.970 T:2491556720  NOTICE: Finding audio codec for: 86018
2020-12-04 21:10:59.975 T:2491556720  NOTICE: CDVDAudioCodecFFmpeg::Open() Successful opened audio decoder aac
2020-12-04 21:10:59.975 T:2491556720  NOTICE: Creating audio thread
2020-12-04 21:10:59.975 T:2491556720  NOTICE: Opening stream: 1014 source: 256
2020-12-04 21:10:59.975 T:2461672304  NOTICE: running thread: CVideoPlayerAudio::Process()
2020-12-04 21:11:00.648 T:2491556720  NOTICE: Closing stream player 3
2020-12-04 21:11:00.648 T:2491556720  NOTICE: Opening stream: 1015 source: 256
2020-12-04 21:11:01.165 T:2461672304  NOTICE: CDVDAudioCodecFFmpeg::Open() Successful opened audio decoder aac
2020-12-04 21:11:01.165 T:2461672304  NOTICE: Creating audio stream (codec id: 86018, channels: 2, sample rate: 48000, no pass-through)
2020-12-04 21:20:09.845 T:2735424368  NOTICE: script.tv.show.next.aired: ### no prior data found
2020-12-04 21:20:11.845 T:2735424368  NOTICE: script.tv.show.next.aired: ### starting data update
2020-12-04 21:20:11.845 T:2735424368  NOTICE: script.tv.show.next.aired: ### grabbing a new country mapping list
2020-12-04 21:40:10.843 T:2735424368  NOTICE: script.tv.show.next.aired: ### no prior data found
2020-12-04 21:40:12.843 T:2735424368  NOTICE: script.tv.show.next.aired: ### starting data update
2020-12-04 21:40:12.843 T:2735424368  NOTICE: script.tv.show.next.aired: ### grabbing a new country mapping list
2020-12-04 21:57:57.804 T:3011360080  NOTICE: CVideoPlayer::CloseFile()
2020-12-04 21:57:57.874 T:3011360080  NOTICE: VideoPlayer: waiting for threads to exit
2020-12-04 21:57:57.874 T:2491556720  NOTICE: CVideoPlayer::OnExit()
2020-12-04 21:57:57.874 T:2491556720  NOTICE: Closing stream player 1
2020-12-04 21:57:57.875 T:2491556720  NOTICE: Waiting for audio thread to exit
2020-12-04 21:57:57.884 T:2461672304  NOTICE: thread end: CVideoPlayerAudio::OnExit()
2020-12-04 21:57:57.884 T:2491556720  NOTICE: Closing audio device
2020-12-04 21:57:57.934 T:2491556720  NOTICE: Deleting audio codec
2020-12-04 21:57:57.935 T:2491556720  NOTICE: Closing stream player 2
2020-12-04 21:57:57.936 T:2491556720  NOTICE: waiting for video thread to exit
2020-12-04 21:57:57.954 T:2428101488  NOTICE: thread end: video_thread
2020-12-04 21:57:57.955 T:2491556720  NOTICE: deleting video codec
2020-12-04 21:57:58.386 T:2491556720  NOTICE: Closing stream player 3
2020-12-04 21:57:58.424 T:3011360080  NOTICE: VideoPlayer: finished waiting
2020-12-04 21:57:58.424 T:3011360080  NOTICE: CVideoPlayer::CloseFile()
2020-12-04 21:57:58.424 T:3011360080  NOTICE: VideoPlayer: waiting for threads to exit
2020-12-04 21:57:58.424 T:3011360080  NOTICE: VideoPlayer: finished waiting
2020-12-04 21:57:58.481 T:3011360080   ERROR: Control 55 in window 10025 has been asked to focus, but it can't
2020-12-04 21:58:15.132 T:2491556720   ERROR: CCurlFile::FillBuffer - Failed: Couldn't resolve host name(6)
2020-12-04 21:58:15.132 T:2491556720   ERROR: CCurlFile::Open failed with code 0 for https://johtru.com/repo/repo.php?md5=true:
2020-12-04 21:58:15.132 T:2491556720   ERROR: Open - failed to open source <https://johtru.com/repo/repo.php?md5=true>
2020-12-04 21:58:15.132 T:2491556720   ERROR: CRepository: failed read 'https://johtru.com/repo/repo.php?md5=true'
2020-12-04 21:58:15.440 T:2322924400   ERROR: CRepository: http://mirrors.kodi.tv/addons/leia/addons.xml.gz index has wrong digest 5951661c10acded84bca32fd3adbe6a12661b18052e5f1169265aeec0e869bce, expected: 49c60ea9855a5078b466d5eec24fed63e833e472723f4eac4058b65832743cb8
2020-12-04 21:58:15.562 T:2491556720   ERROR: CCurlFile::Open failed with code 404 for https://www.quarantine.hs-mittweida.de/~jesch/repo/addons/addons.xml.md5:
2020-12-04 21:58:15.562 T:2491556720   ERROR: Open - failed to open source <https://www.quarantine.hs-mittweida.de/~jesch/repo/addons/addons.xml.md5>
2020-12-04 21:58:15.562 T:2491556720   ERROR: CRepository: failed read 'https://www.quarantine.hs-mittweida.de/~jesch/repo/addons/addons.xml.md5'
2020-12-04 21:58:16.781 T:2339709808  NOTICE: ADDON: audioencoder.kodi.builtin.aac v1.0.0 installed
2020-12-04 21:58:16.781 T:2339709808  NOTICE: ADDON: audioencoder.kodi.builtin.wma v1.0.0 installed
2020-12-04 21:58:16.781 T:2339709808  NOTICE: ADDON: driver.dvb.crazycat v9.2.0.0 installed
2020-12-04 21:58:16.781 T:2339709808  NOTICE: ADDON: driver.dvb.dvb-latest v9.2.0.0 installed
2020-12-04 21:58:16.781 T:2339709808  NOTICE: ADDON: game.controller.default v1.0.8 installed
2020-12-04 21:58:16.781 T:2339709808  NOTICE: ADDON: game.controller.snes v1.0.8 installed
2020-12-04 21:58:16.782 T:2339709808  NOTICE: ADDON: inputstream.adaptive v2.4.6.1 installed
2020-12-04 21:58:16.782 T:2339709808  NOTICE: ADDON: inputstream.rtmp v2.0.9.2 installed
2020-12-04 21:58:16.782 T:2339709808  NOTICE: ADDON: kodi.binary.global.audioengine v1.0.1 installed
2020-12-04 21:58:16.782 T:2339709808  NOTICE: ADDON: kodi.binary.global.filesystem v1.0.2 installed
2020-12-04 21:58:16.782 T:2339709808  NOTICE: ADDON: kodi.binary.global.general v1.0.3 installed
2020-12-04 21:58:16.782 T:2339709808  NOTICE: ADDON: kodi.binary.global.gui v5.12.0 installed
2020-12-04 21:58:16.782 T:2339709808  NOTICE: ADDON: kodi.binary.global.main v1.0.14 installed
2020-12-04 21:58:16.782 T:2339709808  NOTICE: ADDON: kodi.binary.global.network v1.0.0 installed
2020-12-04 21:58:16.782 T:2339709808  NOTICE: ADDON: kodi.binary.instance.audiodecoder v2.0.0 installed
2020-12-04 21:58:16.782 T:2339709808  NOTICE: ADDON: kodi.binary.instance.audioencoder v2.0.0 installed
2020-12-04 21:58:16.782 T:2339709808  NOTICE: ADDON: kodi.binary.instance.game v1.1.0 installed
2020-12-04 21:58:16.782 T:2339709808  NOTICE: ADDON: kodi.binary.instance.imagedecoder v2.0.0 installed
2020-12-04 21:58:16.782 T:2339709808  NOTICE: ADDON: kodi.binary.instance.inputstream v2.0.8 installed
2020-12-04 21:58:16.782 T:2339709808  NOTICE: ADDON: kodi.binary.instance.peripheral v1.3.7 installed
2020-12-04 21:58:16.782 T:2339709808  NOTICE: ADDON: kodi.binary.instance.pvr v5.10.3 installed
2020-12-04 21:58:16.782 T:2339709808  NOTICE: ADDON: kodi.binary.instance.screensaver v2.0.0 installed
2020-12-04 21:58:16.782 T:2339709808  NOTICE: ADDON: kodi.binary.instance.vfs v2.0.0 installed
2020-12-04 21:58:16.782 T:2339709808  NOTICE: ADDON: kodi.binary.instance.videocodec v1.0.1 installed
2020-12-04 21:58:16.782 T:2339709808  NOTICE: ADDON: kodi.binary.instance.visualization v2.0.1 installed
2020-12-04 21:58:16.782 T:2339709808  NOTICE: ADDON: kodi.resource v1.0.0 installed
2020-12-04 21:58:16.782 T:2339709808  NOTICE: ADDON: metadata.album.universal v3.1.3 installed
2020-12-04 21:58:16.782 T:2339709808  NOTICE: ADDON: metadata.artists.universal v4.3.3 installed
2020-12-04 21:58:16.782 T:2339709808  NOTICE: ADDON: metadata.common.allmusic.com v3.2.2 installed
2020-12-04 21:58:16.782 T:2339709808  NOTICE: ADDON: metadata.common.fanart.tv v3.6.3 installed
2020-12-04 21:58:16.782 T:2339709808  NOTICE: ADDON: metadata.common.imdb.com v3.1.6 installed
2020-12-04 21:58:16.782 T:2339709808  NOTICE: ADDON: metadata.common.musicbrainz.org v2.2.4 installed
2020-12-04 21:58:16.782 T:2339709808  NOTICE: ADDON: metadata.common.theaudiodb.com v2.0.3 installed
2020-12-04 21:58:16.782 T:2339709808  NOTICE: ADDON: metadata.common.themoviedb.org v3.2.12 installed
2020-12-04 21:58:16.782 T:2339709808  NOTICE: ADDON: metadata.local v1.0.0 installed
2020-12-04 21:58:16.782 T:2339709808  NOTICE: ADDON: metadata.themoviedb.org v5.2.5 installed
2020-12-04 21:58:16.782 T:2339709808  NOTICE: ADDON: metadata.tvshows.themoviedb.org v3.5.11 installed
2020-12-04 21:58:16.782 T:2339709808  NOTICE: ADDON: os.libreelec.tv v9.2 installed
2020-12-04 21:58:16.782 T:2339709808  NOTICE: ADDON: os.openelec.tv v9.2 installed
2020-12-04 21:58:16.782 T:2339709808  NOTICE: ADDON: peripheral.joystick v1.4.9 installed
2020-12-04 21:58:16.782 T:2339709808  NOTICE: ADDON: plugin.audio.prime_music v0.10.6 installed
2020-12-04 21:58:16.782 T:2339709808  NOTICE: ADDON: plugin.image.google v0.9.8 installed
2020-12-04 21:58:16.782 T:2339709808  NOTICE: ADDON: plugin.video.3satmediathek v1.2.0 installed
2020-12-04 21:58:16.782 T:2339709808  NOTICE: ADDON: plugin.video.L0RE.arte v0.7.0 installed
2020-12-04 21:58:16.782 T:2339709808  NOTICE: ADDON: plugin.video.L0RE.dmax v1.0.9 installed
2020-12-04 21:58:16.782 T:2339709808  NOTICE: ADDON: plugin.video.L0RE.spiegeltv v1.0.2 installed
2020-12-04 21:58:16.782 T:2339709808  NOTICE: ADDON: plugin.video.amazon-test v0.8.9 installed
2020-12-04 21:58:16.783 T:2339709808  NOTICE: ADDON: plugin.video.ardundzdf v2.9.2 installed
2020-12-04 21:58:16.783 T:2339709808  NOTICE: ADDON: plugin.video.cnn v1.0.0 installed
2020-12-04 21:58:16.783 T:2339709808  NOTICE: ADDON: plugin.video.gq v3.0.4 installed
2020-12-04 21:58:16.783 T:2339709808  NOTICE: ADDON: plugin.video.hrmediathek v1.0.0 installed
2020-12-04 21:58:16.783 T:2339709808  NOTICE: ADDON: plugin.video.koditube v1.0.0 installed
2020-12-04 21:58:16.783 T:2339709808  NOTICE: ADDON: plugin.video.mediathek v0.9.4 installed
2020-12-04 21:58:16.783 T:2339709808  NOTICE: ADDON: plugin.video.mediathekdirekt v0.0.15 installed
2020-12-04 21:58:16.783 T:2339709808  NOTICE: ADDON: plugin.video.nasa v3.0.0 installed
2020-12-04 21:58:16.783 T:2339709808  NOTICE: ADDON: plugin.video.netflix v1.11.0 installed
2020-12-04 21:58:16.783 T:2339709808  NOTICE: ADDON: plugin.video.ng v1.0.0 installed
2020-12-04 21:58:16.783 T:2339709808  NOTICE: ADDON: plugin.video.prosiebensat1 v1.2.0 installed
2020-12-04 21:58:16.783 T:2339709808  NOTICE: ADDON: plugin.video.tagesschau v2.2.2 installed
2020-12-04 21:58:16.783 T:2339709808  NOTICE: ADDON: plugin.video.tyl0re.arte v1.0.2 installed
2020-12-04 21:58:16.783 T:2339709808  NOTICE: ADDON: plugin.video.tyl0re.dmax v2.1.2 installed
2020-12-04 21:58:16.783 T:2339709808  NOTICE: ADDON: plugin.video.tyl0re.spiegeltv v2.0.5 installed
2020-12-04 21:58:16.783 T:2339709808  NOTICE: ADDON: plugin.video.wdrmediathek v1.0.0 installed
2020-12-04 21:58:16.783 T:2339709808  NOTICE: ADDON: plugin.video.youtube v6.8.8 installed
2020-12-04 21:58:16.783 T:2339709808  NOTICE: ADDON: repository.castagnait v1.0.1 installed
2020-12-04 21:58:16.783 T:2339709808  NOTICE: ADDON: repository.kodi.game v1.0.0 installed
2020-12-04 21:58:16.783 T:2339709808  NOTICE: ADDON: repository.kodinerds v9.0.103.103 installed
2020-12-04 21:58:16.783 T:2339709808  NOTICE: ADDON: repository.libreelec.tv v9.2.0 installed
2020-12-04 21:58:16.783 T:2339709808  NOTICE: ADDON: repository.netflix v1.0.1 installed
2020-12-04 21:58:16.783 T:2339709808  NOTICE: ADDON: repository.sandmann79.plugins v1.0.3 installed
2020-12-04 21:58:16.783 T:2339709808  NOTICE: ADDON: repository.saxbmc v1.2.2 installed
2020-12-04 21:58:16.783 T:2339709808  NOTICE: ADDON: repository.xbmc.org v3.1.6 installed
2020-12-04 21:58:16.783 T:2339709808  NOTICE: ADDON: resource.images.weathericons.default v1.1.8 installed
2020-12-04 21:58:16.783 T:2339709808  NOTICE: ADDON: resource.language.de_de v9.0.21 installed
2020-12-04 21:58:16.783 T:2339709808  NOTICE: ADDON: resource.language.en_gb v2.0.1 installed
2020-12-04 21:58:16.783 T:2339709808  NOTICE: ADDON: resource.uisounds.kodi v1.0.0 installed
2020-12-04 21:58:16.783 T:2339709808  NOTICE: ADDON: screensaver.xbmc.builtin.black v1.0.33 installed
2020-12-04 21:58:16.783 T:2339709808  NOTICE: ADDON: screensaver.xbmc.builtin.dim v1.0.59 installed
2020-12-04 21:58:16.783 T:2339709808  NOTICE: ADDON: script.module.addon.signals v0.0.6 installed
2020-12-04 21:58:16.783 T:2339709808  NOTICE: ADDON: script.module.arrow v0.15.5 installed
2020-12-04 21:58:16.783 T:2339709808  NOTICE: ADDON: script.module.backports.functools_lru_cache v1.6.1 installed
2020-12-04 21:58:16.783 T:2339709808  NOTICE: ADDON: script.module.beautifulsoup v3.2.1 installed
2020-12-04 21:58:16.783 T:2339709808  NOTICE: ADDON: script.module.beautifulsoup4 v4.6.2 installed
2020-12-04 21:58:16.783 T:2339709808  NOTICE: ADDON: script.module.bottle v0.12.17 installed
2020-12-04 21:58:16.783 T:2339709808  NOTICE: ADDON: script.module.cache v1.0.3 installed
2020-12-04 21:58:16.783 T:2339709808  NOTICE: ADDON: script.module.certifi v2019.9.11 installed
2020-12-04 21:58:16.783 T:2339709808  NOTICE: ADDON: script.module.chardet v3.0.4 installed
2020-12-04 21:58:16.783 T:2339709808  NOTICE: ADDON: script.module.dateutil v2.8.1 installed
2020-12-04 21:58:16.783 T:2339709808  NOTICE: ADDON: script.module.future v0.17.1 installed
2020-12-04 21:58:16.784 T:2339709808  NOTICE: ADDON: script.module.idna v2.8 installed
2020-12-04 21:58:16.784 T:2339709808  NOTICE: ADDON: script.module.inputstreamhelper v0.5.1 installed
2020-12-04 21:58:16.784 T:2339709808  NOTICE: ADDON: script.module.kodi-six v0.1.3 installed
2020-12-04 21:58:16.784 T:2339709808  NOTICE: ADDON: script.module.lib3sat v1.0.0 installed
2020-12-04 21:58:16.784 T:2339709808  NOTICE: ADDON: script.module.libard v1.0.0 installed
2020-12-04 21:58:16.784 T:2339709808  NOTICE: ADDON: script.module.libbr v1.0.0 installed
2020-12-04 21:58:16.784 T:2339709808  NOTICE: ADDON: script.module.libdaserste v1.0.0 installed
2020-12-04 21:58:16.784 T:2339709808  NOTICE: ADDON: script.module.libhr v1.0.0 installed
2020-12-04 21:58:16.784 T:2339709808  NOTICE: ADDON: script.module.libmediathek3 v1.5.0 installed
2020-12-04 21:58:16.784 T:2339709808  NOTICE: ADDON: script.module.libndr v1.0.0 installed
2020-12-04 21:58:16.784 T:2339709808  NOTICE: ADDON: script.module.libwdr v1.0.0 installed
2020-12-04 21:58:16.784 T:2339709808  NOTICE: ADDON: script.module.libzdf v2.1.7 installed
2020-12-04 21:58:16.784 T:2339709808  NOTICE: ADDON: script.module.mechanicalsoup v0.12.0 installed
2020-12-04 21:58:16.784 T:2339709808  NOTICE: ADDON: script.module.mechanize v0.2.6 installed
2020-12-04 21:58:16.784 T:2339709808  NOTICE: ADDON: script.module.mediathekxmlservice v1.0.0 installed
2020-12-04 21:58:16.784 T:2339709808  NOTICE: ADDON: script.module.metadatautils v1.0.0 installed
2020-12-04 21:58:16.784 T:2339709808  NOTICE: ADDON: script.module.musicbrainz v0.6.0 installed
2020-12-04 21:58:16.784 T:2339709808  NOTICE: ADDON: script.module.pil v1.1.7 installed
2020-12-04 21:58:16.784 T:2339709808  NOTICE: ADDON: script.module.pyautogui v0.9.50 installed
2020-12-04 21:58:16.784 T:2339709808  NOTICE: ADDON: script.module.pycryptodome v3.4.3 installed
2020-12-04 21:58:16.784 T:2339709808  NOTICE: ADDON: script.module.pydes v2.0.4 installed
2020-12-04 21:58:16.784 T:2339709808  NOTICE: ADDON: script.module.pysocks v1.6.8 installed
2020-12-04 21:58:16.784 T:2339709808  NOTICE: ADDON: script.module.pyxbmct v1.3.1 installed
2020-12-04 21:58:16.784 T:2339709808  NOTICE: ADDON: script.module.requests v2.22.0 installed
2020-12-04 21:58:16.784 T:2339709808  NOTICE: ADDON: script.module.routing v0.2.3 installed
2020-12-04 21:58:16.784 T:2339709808  NOTICE: ADDON: script.module.simplecache v1.0.20 installed
2020-12-04 21:58:16.784 T:2339709808  NOTICE: ADDON: script.module.simplejson v3.16.1 installed
2020-12-04 21:58:16.784 T:2339709808  NOTICE: ADDON: script.module.six v1.13.0 installed
2020-12-04 21:58:16.784 T:2339709808  NOTICE: ADDON: script.module.t1mlib v1.0.18 installed
2020-12-04 21:58:16.784 T:2339709808  NOTICE: ADDON: script.module.thetvdb v1.0.12 installed
2020-12-04 21:58:16.784 T:2339709808  NOTICE: ADDON: script.module.urllib3 v1.25.6 installed
2020-12-04 21:58:16.784 T:2339709808  NOTICE: ADDON: script.module.xbmcswift2 v13.0.0 installed
2020-12-04 21:58:16.784 T:2339709808  NOTICE: ADDON: script.module.youtube.dl v20.616.0 installed
2020-12-04 21:58:16.784 T:2339709808  NOTICE: ADDON: script.program.driverselect v0.1.6 installed
2020-12-04 21:58:16.784 T:2339709808  NOTICE: ADDON: script.skin.helper.service v1.1.3 installed
2020-12-04 21:58:16.784 T:2339709808  NOTICE: ADDON: script.tubecast v1.4.5 installed
2020-12-04 21:58:16.784 T:2339709808  NOTICE: ADDON: script.tv.show.next.aired v6.0.15 installed
2020-12-04 21:58:16.785 T:2339709808  NOTICE: ADDON: service.library.data.provider v0.3.2 installed
2020-12-04 21:58:16.785 T:2339709808  NOTICE: ADDON: service.libreelec.settings v9.0.0 installed
2020-12-04 21:58:16.785 T:2339709808  NOTICE: ADDON: skin.ace2 v1.6.0 installed
2020-12-04 21:58:16.785 T:2339709808  NOTICE: ADDON: skin.estuary v2.0.27 installed
2020-12-04 21:58:16.785 T:2339709808  NOTICE: ADDON: virtual.multimedia-tools v9.2.0.109 installed
2020-12-04 21:58:16.785 T:2339709808  NOTICE: ADDON: virtual.system-tools v9.2.0.111 installed
2020-12-04 21:58:16.785 T:2339709808  NOTICE: ADDON: webinterface.arch v2.0.5 installed
2020-12-04 21:58:16.785 T:2339709808  NOTICE: ADDON: webinterface.awxi v0.7.6 installed
2020-12-04 21:58:16.785 T:2339709808  NOTICE: ADDON: webinterface.chorus v0.3.10 installed
2020-12-04 21:58:16.785 T:2339709808  NOTICE: ADDON: webinterface.default v18.x-2.4.6 installed
2020-12-04 21:58:16.785 T:2339709808  NOTICE: ADDON: webinterface.hax v0.1.1 installed
2020-12-04 21:58:16.785 T:2339709808  NOTICE: ADDON: xbmc.addon v18.9 installed
2020-12-04 21:58:16.785 T:2339709808  NOTICE: ADDON: xbmc.core v0.1.0 installed
2020-12-04 21:58:16.785 T:2339709808  NOTICE: ADDON: xbmc.gui v5.14.0 installed
2020-12-04 21:58:16.785 T:2339709808  NOTICE: ADDON: xbmc.json v10.3.0 installed
2020-12-04 21:58:16.785 T:2339709808  NOTICE: ADDON: xbmc.metadata v2.1.0 installed
2020-12-04 21:58:16.785 T:2339709808  NOTICE: ADDON: xbmc.python v2.26.0 installed
2020-12-04 21:58:16.785 T:2339709808  NOTICE: ADDON: xbmc.webinterface v1.0.0 installed
2020-12-04 21:58:28.161 T:2331317104   ERROR: EXCEPTION: Invalid setting type
2020-12-04 21:58:28.163 T:2331317104  NOTICE: [script.module.inputstreamhelper] Widevine update check was made on 2020-11-19 21:05
2020-12-04 21:58:28.238 T:3011360080  NOTICE: VideoPlayer::OpenFile: plugin://plugin.video.netflix/play/show/80025678/season/80215846/episode/80215497/?profile_guid=AB65UH7MH5DGHDDLDTEPE5N5SE
2020-12-04 21:58:28.240 T:2375635824  NOTICE: Creating InputStream
2020-12-04 21:58:28.253 T:2375635824   ERROR: GetDirectory - Error getting /usr/lib/kodi/addons/inputstream.adaptive/
2020-12-04 21:58:29.892 T:2375635824  NOTICE: Creating Demuxer
2020-12-04 21:58:29.894 T:2375635824  NOTICE: Opening stream: 1001 source: 256
2020-12-04 21:58:29.995 T:2375635824  NOTICE: Creating video codec with codec id: 27
2020-12-04 21:58:30.005 T:2375635824  NOTICE: Creating video thread
2020-12-04 21:58:30.005 T:2802828144  NOTICE: running thread: video_thread
2020-12-04 21:58:30.006 T:2375635824  NOTICE: Opening stream: 1002 source: 256
2020-12-04 21:58:30.345 T:2375635824  NOTICE: Finding audio codec for: 86056
2020-12-04 21:58:30.346 T:2375635824  NOTICE: CDVDAudioCodecFFmpeg::Open() Successful opened audio decoder eac3
2020-12-04 21:58:30.346 T:2375635824  NOTICE: Creating audio thread
2020-12-04 21:58:30.346 T:2087433072  NOTICE: running thread: CVideoPlayerAudio::Process()
2020-12-04 21:58:30.346 T:2375635824  NOTICE: Opening stream: 1015 source: 256
2020-12-04 21:58:31.756 T:2087433072  NOTICE: Creating audio stream (codec id: 86056, channels: 6, sample rate: 48000, no pass-through)
2020-12-04 22:05:11.325 T:2735424368  NOTICE: script.tv.show.next.aired: ### no prior data found
2020-12-04 22:05:13.326 T:2735424368  NOTICE: script.tv.show.next.aired: ### starting data update
2020-12-04 22:05:13.326 T:2735424368  NOTICE: script.tv.show.next.aired: ### grabbing a new country mapping list
2020-12-04 22:31:31.138 T:3011360080   ERROR: Control 55 in window 10025 has been asked to focus, but it can't
2020-12-04 22:31:38.842 T:2339709808 WARNING: CreateLoader - unsupported protocol(thumb) in thumb://None/
2020-12-04 22:31:43.867 T:3011360080 WARNING: Previous line repeats 3 times.
2020-12-04 22:31:43.871 T:3011360080  NOTICE: VideoPlayer::OpenFile: https://zdf-hls-15.akamaized.net/hls/live/2016498/de/med/master.m3u8
2020-12-04 22:31:43.929 T:2221781872 WARNING: CreateLoader - unsupported protocol(thumb) in thumb://None/
2020-12-04 22:31:44.295 T:2375635824 WARNING: Previous line repeats 1 times.
2020-12-04 22:31:44.296 T:2375635824  NOTICE: Creating InputStream
2020-12-04 22:31:44.375 T:2375635824  NOTICE: Creating Demuxer
2020-12-04 22:31:49.711 T:2375635824  NOTICE: Opening stream: 10 source: 256
2020-12-04 22:31:49.711 T:2375635824  NOTICE: Creating video codec with codec id: 27
2020-12-04 22:31:49.784 T:2375635824  NOTICE: Opening stream: 0 source: 256
2020-12-04 22:31:49.784 T:2375635824  NOTICE: Finding audio codec for: 86018
2020-12-04 22:31:49.787 T:2375635824  NOTICE: CDVDAudioCodecFFmpeg::Open() Successful opened audio decoder aac
2020-12-04 22:31:49.787 T:2375635824  NOTICE: Closing stream player 3
2020-12-04 22:31:49.800 T:2087433072  NOTICE: Creating audio stream (codec id: 86018, channels: 2, sample rate: 48000, no pass-through)
2020-12-04 22:35:11.449 T:2735424368  NOTICE: script.tv.show.next.aired: ### no prior data found
2020-12-04 22:35:13.449 T:2735424368  NOTICE: script.tv.show.next.aired: ### starting data update
2020-12-04 22:35:13.449 T:2735424368  NOTICE: script.tv.show.next.aired: ### grabbing a new country mapping list
2020-12-04 23:10:11.503 T:2735424368  NOTICE: script.tv.show.next.aired: ### no prior data found
2020-12-04 23:10:13.504 T:2735424368  NOTICE: script.tv.show.next.aired: ### starting data update
2020-12-04 23:10:13.504 T:2735424368  NOTICE: script.tv.show.next.aired: ### grabbing a new country mapping list
2020-12-04 23:31:47.413 T:3011360080   ERROR: Control 602 in window 12901 has been asked to focus, but it can't
2020-12-04 23:31:56.715 T:3011360080  NOTICE: CVideoPlayer::CloseFile()
2020-12-04 23:31:56.717 T:2375635824  NOTICE: CVideoPlayer::OnExit()
2020-12-04 23:31:56.717 T:2375635824  NOTICE: Closing stream player 1
2020-12-04 23:31:56.717 T:2375635824  NOTICE: Waiting for audio thread to exit
2020-12-04 23:31:56.749 T:2087433072  NOTICE: thread end: CVideoPlayerAudio::OnExit()
2020-12-04 23:31:56.749 T:2375635824  NOTICE: Closing audio device
2020-12-04 23:31:56.800 T:2375635824  NOTICE: Deleting audio codec
2020-12-04 23:31:56.800 T:2375635824  NOTICE: Closing stream player 2
2020-12-04 23:31:56.800 T:2375635824  NOTICE: waiting for video thread to exit
2020-12-04 23:31:56.802 T:2802828144  NOTICE: thread end: video_thread
2020-12-04 23:31:56.803 T:2375635824  NOTICE: deleting video codec
2020-12-04 23:31:56.824 T:3011360080  NOTICE: VideoPlayer: waiting for threads to exit
2020-12-04 23:31:56.841 T:3011360080  NOTICE: VideoPlayer: finished waiting
2020-12-04 23:31:56.841 T:3011360080  NOTICE: CVideoPlayer::CloseFile()
2020-12-04 23:31:56.842 T:3011360080  NOTICE: VideoPlayer: waiting for threads to exit
2020-12-04 23:31:56.842 T:3011360080  NOTICE: VideoPlayer: finished waiting
2020-12-04 23:31:57.215 T:2429641584 WARNING: CreateLoader - unsupported protocol(thumb) in thumb://None/
2020-12-04 23:32:15.692 T:3011360080  NOTICE: Quitting due to POSIX signal
2020-12-04 23:32:15.705 T:3011360080  NOTICE: Stopping player
2020-12-04 23:32:15.705 T:3011360080  NOTICE: Storing total System Uptime
2020-12-04 23:32:15.706 T:3011360080  NOTICE: Saving settings
2020-12-04 23:32:15.713 T:3011360080  NOTICE: Saving skin settings
2020-12-04 23:32:15.715 T:3011360080  NOTICE: Stopping all
2020-12-04 23:32:15.716 T:3011360080  NOTICE: ES: Stopping event server
2020-12-04 23:32:15.929 T:3011360080  NOTICE: stopping upnp
2020-12-04 23:32:16.335 T:3011360080  NOTICE: stopping zeroconf publishing
2020-12-04 23:32:16.342 T:3011360080  NOTICE: CWebServer[8080]: Stopped
2020-12-04 23:32:16.452 T:2632733552  NOTICE: ES: UDP Event server stopped
2020-12-04 23:32:16.545 T:3011360080  NOTICE: stop dvd detect media
2020-12-04 23:32:16.626 T:2760602480  NOTICE: [Amazon VOD] Service: Proxy server stopped
2020-12-04 23:32:16.627 T:2760602480  NOTICE: [Amazon VOD] Service stopped
2020-12-04 23:32:16.648 T:2760602480 WARNING: CPythonInvoker(4, /storage/.kodi/addons/plugin.video.amazon-test/service.py): the python script "/storage/.kodi/addons/plugin.video.amazon-test/service.py" has left several classes in memory that we couldn't clean up. The classes include: N9XBMCAddon9xbmcaddon5AddonE,N14PythonBindings31XBMCAddon_xbmc_Monitor_DirectorE,N9XBMCAddon7xbmcgui6DialogE
2020-12-04 23:32:18.452 T:2752209776  NOTICE: Skin Helper Service --> Shutdown requested !
2020-12-04 23:32:18.457 T:2752209776  NOTICE: Skin Helper Service --> Skin Helper Service version 1.1.3 stopped
2020-12-04 23:32:19.475 T:2735424368  NOTICE: script.tv.show.next.aired: ### abort requested -- stopping background processing
2020-12-04 23:32:19.780 T:3011360080  NOTICE: Application stopped
2020-12-04 23:32:19.980 T:3011360080  NOTICE: XBApplicationEx: destroying...
2020-12-04 23:32:22.437 T:3011360080  NOTICE: unload skin
2020-12-04 23:32:22.479 T:3011360080 WARNING: Cleanup: Having to cleanup texture lists/focus.png
2020-12-04 23:32:22.567 T:3011360080  NOTICE: unload sections
2020-12-04 23:32:23.049 T:3011360080  NOTICE: XBApplicationEx: application stopped!

############### END LOG FILE ################

############ END kodi CRASH LOG #############
