############## kodi CRASH LOG ###############

################ SYSTEM INFO ################
 Date: Mon Nov 23 22:37:08 CET 2020
 kodi Options: --standalone -fs
 Arch: armv7l
 Kernel: Linux 4.19.127 #1 SMP Sat Oct 24 15:01:22 EDT 2020
 Release: LibreELEC 9.2.6
############## END SYSTEM INFO ##############

############### STACK TRACE #################
=====>  Core file: /storage/.cache/cores/core.!usr!lib!kodi!kodi.bin.1606167416.437
        =========================================
[New LWP 437]
[New LWP 451]
[New LWP 444]
[New LWP 446]
[New LWP 483]
[New LWP 450]
[New LWP 449]
[New LWP 448]
[New LWP 447]
[Thread debugging using libthread_db enabled]
Using host libthread_db library "/usr/lib/libthread_db.so.1".
Core was generated by `/usr/lib/kodi/kodi.bin --standalone -fs'.
Program terminated with signal SIGSEGV, Segmentation fault.
#0  0x00000000 in ?? ()
[Current thread is 1 (Thread 0xb3816550 (LWP 437))]

Thread 9 (Thread 0xafcff370 (LWP 447)):
#0  futex_abstimed_wait_cancelable (private=0, abstime=0x0, expected=1, futex_word=0xb4fce480) at ../sysdeps/unix/sysv/linux/futex-internal.h:205
#1  do_futex_wait (sem=sem@entry=0xb4fce480, abstime=0x0) at sem_waitcommon.c:115
#2  0xb6f338e0 in __new_sem_wait_slow (sem=0xb4fce480, abstime=0x0) at sem_waitcommon.c:282
#3  0xb4fb74d4 in ?? () from /usr/lib/libbcm_host.so
Backtrace stopped: previous frame identical to this frame (corrupt stack?)

Thread 8 (Thread 0xae4ff370 (LWP 448)):
#0  futex_abstimed_wait_cancelable (private=0, abstime=0x0, expected=1, futex_word=0xb4fcd5f4) at ../sysdeps/unix/sysv/linux/futex-internal.h:205
#1  do_futex_wait (sem=sem@entry=0xb4fcd5f4, abstime=0x0) at sem_waitcommon.c:115
#2  0xb6f338e0 in __new_sem_wait_slow (sem=0xb4fcd5f4, abstime=0x0) at sem_waitcommon.c:282
#3  0xb4fb33b0 in ?? () from /usr/lib/libbcm_host.so
Backtrace stopped: previous frame identical to this frame (corrupt stack?)

Thread 7 (Thread 0xadcfe370 (LWP 449)):
#0  futex_abstimed_wait_cancelable (private=0, abstime=0x0, expected=1, futex_word=0xb4fce384) at ../sysdeps/unix/sysv/linux/futex-internal.h:205
#1  do_futex_wait (sem=sem@entry=0xb4fce384, abstime=0x0) at sem_waitcommon.c:115
#2  0xb6f338e0 in __new_sem_wait_slow (sem=0xb4fce384, abstime=0x0) at sem_waitcommon.c:282
#3  0xb4fb4720 in ?? () from /usr/lib/libbcm_host.so
Backtrace stopped: previous frame identical to this frame (corrupt stack?)

Thread 6 (Thread 0xad4fd370 (LWP 450)):
#0  futex_wait_cancelable (private=0, expected=0, futex_word=0xaff03ac0) at ../sysdeps/unix/sysv/linux/futex-internal.h:88
#1  __pthread_cond_wait_common (abstime=0x0, mutex=<optimized out>, cond=0xaff03a98) at pthread_cond_wait.c:502
#2  __pthread_cond_wait (cond=0xaff03a98, mutex=0x0) at pthread_cond_wait.c:655
#3  0xb402cd94 in ?? () from /usr/lib/libvcos.so
Backtrace stopped: previous frame identical to this frame (corrupt stack?)

Thread 5 (Thread 0xa7111370 (LWP 483)):
#0  __GI___poll (timeout=-1, nfds=2, fds=0xafe1a3a0) at ../sysdeps/unix/sysv/linux/poll.c:29
#1  __GI___poll (fds=0xafe1a3a0, nfds=2, timeout=-1) at ../sysdeps/unix/sysv/linux/poll.c:26
#2  0xb6f88da4 in ?? () from /usr/lib/libavahi-common.so.3
Backtrace stopped: previous frame identical to this frame (corrupt stack?)

Thread 4 (Thread 0xb08fe370 (LWP 446)):
#0  0xb4f0bffc in ioctl () at ../sysdeps/unix/syscall-template.S:78
Backtrace stopped: Cannot access memory at address 0x6c6c615a

Thread 3 (Thread 0xb10ff370 (LWP 444)):
#0  __GI___poll (timeout=-1, nfds=1, fds=0xb1100700) at ../sysdeps/unix/sysv/linux/poll.c:29
#1  __GI___poll (fds=0xb1100700, nfds=1, timeout=-1) at ../sysdeps/unix/sysv/linux/poll.c:26
#2  0x0083868c in CFDEventMonitor::Process() ()
#3  0x00694898 in CThread::Action() ()
#4  0x006b2820 in CThread::staticThread(void*) ()
#5  0xb6f2a378 in start_thread (arg=0xb10ff370) at pthread_create.c:486
#6  0xb4f133c8 in ?? () at ../sysdeps/unix/sysv/linux/arm/clone.S:73 from /usr/lib/libc.so.6
Backtrace stopped: previous frame identical to this frame (corrupt stack?)

Thread 2 (Thread 0xaccfc370 (LWP 451)):
#0  futex_abstimed_wait_cancelable (private=0, abstime=0x0, expected=1, futex_word=0xaff03c2c) at ../sysdeps/unix/sysv/linux/futex-internal.h:205
#1  do_futex_wait (sem=sem@entry=0xaff03c2c, abstime=0x0) at sem_waitcommon.c:115
#2  0xb6f338e0 in __new_sem_wait_slow (sem=0xaff03c2c, abstime=0x0) at sem_waitcommon.c:282
#3  0xb4b49b60 in vchiu_queue_pop () from /usr/lib/libvchiq_arm.so
#4  0xb26ebd70 in ?? () from /usr/lib/libopenmaxil.so
Backtrace stopped: previous frame identical to this frame (corrupt stack?)

Thread 1 (Thread 0xb3816550 (LWP 437)):
#0  0x00000000 in ?? ()
#1  0x002cc0a4 in _start ()
Backtrace stopped: previous frame identical to this frame (corrupt stack?)
############# END STACK TRACE ###############

################# LOG FILE ##################

﻿2019-04-11 18:28:39.717 T:3011601744  NOTICE: -----------------------------------------------------------------------
2019-04-11 18:28:39.717 T:3011601744  NOTICE: Starting Kodi (18.9 (18.9.0) Git:leia_pi4_18.9-Leia). Platform: Linux ARM 32-bit
2019-04-11 18:28:39.717 T:3011601744  NOTICE: Using Release Kodi x32 build
2019-04-11 18:28:39.717 T:3011601744  NOTICE: Kodi compiled 2020-10-24 by GCC 8.3.0 for Linux ARM 32-bit version 4.19.127 (267135)
2019-04-11 18:28:39.717 T:3011601744  NOTICE: Running on LibreELEC (official): 9.2.6, kernel: Linux ARM 32-bit version 4.19.127
2019-04-11 18:28:39.717 T:3011601744  NOTICE: FFmpeg version/source: 4.0.4-Kodi
2019-04-11 18:28:39.717 T:3011601744  NOTICE: Host CPU: ARMv7 Processor rev 3 (v7l), 4 cores available
2019-04-11 18:28:39.717 T:3011601744  NOTICE: ARM Features: Neon enabled
2019-04-11 18:28:39.717 T:3011601744  NOTICE: special://xbmc/ is mapped to: /usr/share/kodi/
2019-04-11 18:28:39.718 T:3011601744  NOTICE: special://xbmcbin/ is mapped to: /usr/lib/kodi
2019-04-11 18:28:39.718 T:3011601744  NOTICE: special://xbmcbinaddons/ is mapped to: /usr/lib/kodi/addons
2019-04-11 18:28:39.718 T:3011601744  NOTICE: special://masterprofile/ is mapped to: /storage/.kodi/userdata
2019-04-11 18:28:39.718 T:3011601744  NOTICE: special://envhome/ is mapped to: /storage
2019-04-11 18:28:39.718 T:3011601744  NOTICE: special://home/ is mapped to: /storage/.kodi
2019-04-11 18:28:39.718 T:3011601744  NOTICE: special://temp/ is mapped to: /storage/.kodi/temp
2019-04-11 18:28:39.718 T:3011601744  NOTICE: special://logpath/ is mapped to: /storage/.kodi/temp
2019-04-11 18:28:39.718 T:3011601744  NOTICE: The executable running is: /usr/lib/kodi/kodi.bin
2019-04-11 18:28:39.718 T:3011601744  NOTICE: Local hostname: RaspiKodi
2019-04-11 18:28:39.718 T:3011601744  NOTICE: Log File is located: /storage/.kodi/temp/kodi.log
2019-04-11 18:28:39.718 T:3011601744  NOTICE: -----------------------------------------------------------------------
2019-04-11 18:28:39.729 T:3011601744    INFO: loading settings
2019-04-11 18:28:39.734 T:3011601744  NOTICE: special://profile/ is mapped to: special://masterprofile/
2019-04-11 18:28:39.758 T:3011601744   DEBUG: CSkinSettings: no <skinsettings> tag found
2019-04-11 18:28:39.759 T:3011601744  NOTICE: Loaded settings file from special://xbmc/system/advancedsettings.xml
2019-04-11 18:28:39.759 T:3011601744  NOTICE: Contents of special://xbmc/system/advancedsettings.xml are...
                                            <?xml version="1.0" encoding="utf-8" ?>
                                            <advancedsettings>
                                              <cputempcommand>/usr/bin/cputemp</cputempcommand>
                                              <gputempcommand>/usr/bin/gputemp</gputempcommand>
                                              <showexitbutton>false</showexitbutton>
                                              <remotedelay>1</remotedelay>
                                              <samba>
                                                <clienttimeout>30</clienttimeout>
                                              </samba>
                                              <fanartres>720</fanartres>
                                              <imageres>540</imageres>
                                            </advancedsettings>
2019-04-11 18:28:39.759 T:3011601744 WARNING: CSettingsManager: missing version attribute
2019-04-11 18:28:39.760 T:3011601744  NOTICE: No settings file to load (special://masterprofile/advancedsettings.xml)
2019-04-11 18:28:39.760 T:3011601744  NOTICE: Default Video Player: VideoPlayer
2019-04-11 18:28:39.760 T:3011601744  NOTICE: Default Audio Player: paplayer
2019-04-11 18:28:39.760 T:3011601744  NOTICE: Disabled debug logging due to GUI setting. Level 0.
2019-04-11 18:28:39.760 T:3011601744  NOTICE: Log level changed to "LOG_LEVEL_NORMAL"
2019-04-11 18:28:39.760 T:3011601744  NOTICE: CMediaSourceSettings: loading media sources from special://masterprofile/sources.xml
2019-04-11 18:28:39.891 T:3011601744  NOTICE: PulseAudio: Server found running - will try to use Pulse
2019-04-11 18:28:39.961 T:3011601744  NOTICE: Running database version Addons27
2019-04-11 18:28:40.199 T:3011601744  NOTICE: ADDON: audioencoder.kodi.builtin.aac v1.0.0 installed
2019-04-11 18:28:40.199 T:3011601744  NOTICE: ADDON: audioencoder.kodi.builtin.wma v1.0.0 installed
2019-04-11 18:28:40.199 T:3011601744  NOTICE: ADDON: driver.dvb.crazycat v9.2.0.0 installed
2019-04-11 18:28:40.199 T:3011601744  NOTICE: ADDON: driver.dvb.dvb-latest v9.2.0.0 installed
2019-04-11 18:28:40.199 T:3011601744  NOTICE: ADDON: game.controller.default v1.0.8 installed
2019-04-11 18:28:40.199 T:3011601744  NOTICE: ADDON: game.controller.snes v1.0.8 installed
2019-04-11 18:28:40.200 T:3011601744  NOTICE: ADDON: inputstream.adaptive v2.4.6.1 installed
2019-04-11 18:28:40.200 T:3011601744  NOTICE: ADDON: inputstream.rtmp v2.0.9.2 installed
2019-04-11 18:28:40.200 T:3011601744  NOTICE: ADDON: kodi.binary.global.audioengine v1.0.1 installed
2019-04-11 18:28:40.200 T:3011601744  NOTICE: ADDON: kodi.binary.global.filesystem v1.0.2 installed
2019-04-11 18:28:40.200 T:3011601744  NOTICE: ADDON: kodi.binary.global.general v1.0.3 installed
2019-04-11 18:28:40.200 T:3011601744  NOTICE: ADDON: kodi.binary.global.gui v5.12.0 installed
2019-04-11 18:28:40.200 T:3011601744  NOTICE: ADDON: kodi.binary.global.main v1.0.14 installed
2019-04-11 18:28:40.200 T:3011601744  NOTICE: ADDON: kodi.binary.global.network v1.0.0 installed
2019-04-11 18:28:40.200 T:3011601744  NOTICE: ADDON: kodi.binary.instance.audiodecoder v2.0.0 installed
2019-04-11 18:28:40.200 T:3011601744  NOTICE: ADDON: kodi.binary.instance.audioencoder v2.0.0 installed
2019-04-11 18:28:40.200 T:3011601744  NOTICE: ADDON: kodi.binary.instance.game v1.1.0 installed
2019-04-11 18:28:40.200 T:3011601744  NOTICE: ADDON: kodi.binary.instance.imagedecoder v2.0.0 installed
2019-04-11 18:28:40.200 T:3011601744  NOTICE: ADDON: kodi.binary.instance.inputstream v2.0.8 installed
2019-04-11 18:28:40.200 T:3011601744  NOTICE: ADDON: kodi.binary.instance.peripheral v1.3.7 installed
2019-04-11 18:28:40.200 T:3011601744  NOTICE: ADDON: kodi.binary.instance.pvr v5.10.3 installed
2019-04-11 18:28:40.200 T:3011601744  NOTICE: ADDON: kodi.binary.instance.screensaver v2.0.0 installed
2019-04-11 18:28:40.200 T:3011601744  NOTICE: ADDON: kodi.binary.instance.vfs v2.0.0 installed
2019-04-11 18:28:40.200 T:3011601744  NOTICE: ADDON: kodi.binary.instance.videocodec v1.0.1 installed
2019-04-11 18:28:40.200 T:3011601744  NOTICE: ADDON: kodi.binary.instance.visualization v2.0.1 installed
2019-04-11 18:28:40.200 T:3011601744  NOTICE: ADDON: kodi.resource v1.0.0 installed
2019-04-11 18:28:40.200 T:3011601744  NOTICE: ADDON: metadata.album.universal v3.1.3 installed
2019-04-11 18:28:40.200 T:3011601744  NOTICE: ADDON: metadata.artists.universal v4.3.3 installed
2019-04-11 18:28:40.200 T:3011601744  NOTICE: ADDON: metadata.common.allmusic.com v3.2.2 installed
2019-04-11 18:28:40.200 T:3011601744  NOTICE: ADDON: metadata.common.fanart.tv v3.6.3 installed
2019-04-11 18:28:40.200 T:3011601744  NOTICE: ADDON: metadata.common.imdb.com v3.1.6 installed
2019-04-11 18:28:40.200 T:3011601744  NOTICE: ADDON: metadata.common.musicbrainz.org v2.2.4 installed
2019-04-11 18:28:40.200 T:3011601744  NOTICE: ADDON: metadata.common.theaudiodb.com v2.0.3 installed
2019-04-11 18:28:40.200 T:3011601744  NOTICE: ADDON: metadata.common.themoviedb.org v3.2.11 installed
2019-04-11 18:28:40.200 T:3011601744  NOTICE: ADDON: metadata.local v1.0.0 installed
2019-04-11 18:28:40.200 T:3011601744  NOTICE: ADDON: metadata.themoviedb.org v5.2.2 installed
2019-04-11 18:28:40.200 T:3011601744  NOTICE: ADDON: metadata.tvshows.themoviedb.org v3.5.9 installed
2019-04-11 18:28:40.200 T:3011601744  NOTICE: ADDON: os.libreelec.tv v9.2 installed
2019-04-11 18:28:40.200 T:3011601744  NOTICE: ADDON: os.openelec.tv v9.2 installed
2019-04-11 18:28:40.200 T:3011601744  NOTICE: ADDON: peripheral.joystick v1.4.9 installed
2019-04-11 18:28:40.200 T:3011601744  NOTICE: ADDON: plugin.audio.prime_music v0.10.6 installed
2019-04-11 18:28:40.200 T:3011601744  NOTICE: ADDON: plugin.image.google v0.9.8 installed
2019-04-11 18:28:40.200 T:3011601744  NOTICE: ADDON: plugin.video.3satmediathek v1.2.0 installed
2019-04-11 18:28:40.200 T:3011601744  NOTICE: ADDON: plugin.video.L0RE.arte v0.7.0 installed
2019-04-11 18:28:40.200 T:3011601744  NOTICE: ADDON: plugin.video.L0RE.dmax v1.0.9 installed
2019-04-11 18:28:40.200 T:3011601744  NOTICE: ADDON: plugin.video.L0RE.spiegeltv v1.0.2 installed
2019-04-11 18:28:40.200 T:3011601744  NOTICE: ADDON: plugin.video.amazon-test v0.8.9 installed
2019-04-11 18:28:40.201 T:3011601744  NOTICE: ADDON: plugin.video.ardundzdf v2.9.2 installed
2019-04-11 18:28:40.201 T:3011601744  NOTICE: ADDON: plugin.video.cnn v1.0.0 installed
2019-04-11 18:28:40.201 T:3011601744  NOTICE: ADDON: plugin.video.gq v3.0.4 installed
2019-04-11 18:28:40.201 T:3011601744  NOTICE: ADDON: plugin.video.hrmediathek v1.0.0 installed
2019-04-11 18:28:40.201 T:3011601744  NOTICE: ADDON: plugin.video.koditube v1.0.0 installed
2019-04-11 18:28:40.201 T:3011601744  NOTICE: ADDON: plugin.video.mediathek v0.9.4 installed
2019-04-11 18:28:40.201 T:3011601744  NOTICE: ADDON: plugin.video.mediathekdirekt v0.0.15 installed
2019-04-11 18:28:40.201 T:3011601744  NOTICE: ADDON: plugin.video.nasa v3.0.0 installed
2019-04-11 18:28:40.201 T:3011601744  NOTICE: ADDON: plugin.video.netflix v1.11.0 installed
2019-04-11 18:28:40.201 T:3011601744  NOTICE: ADDON: plugin.video.ng v1.0.0 installed
2019-04-11 18:28:40.201 T:3011601744  NOTICE: ADDON: plugin.video.prosiebensat1 v1.2.0 installed
2019-04-11 18:28:40.201 T:3011601744  NOTICE: ADDON: plugin.video.tagesschau v2.2.2 installed
2019-04-11 18:28:40.201 T:3011601744  NOTICE: ADDON: plugin.video.tyl0re.arte v1.0.2 installed
2019-04-11 18:28:40.201 T:3011601744  NOTICE: ADDON: plugin.video.tyl0re.dmax v2.1.2 installed
2019-04-11 18:28:40.201 T:3011601744  NOTICE: ADDON: plugin.video.tyl0re.spiegeltv v2.0.5 installed
2019-04-11 18:28:40.201 T:3011601744  NOTICE: ADDON: plugin.video.wdrmediathek v1.0.0 installed
2019-04-11 18:28:40.201 T:3011601744  NOTICE: ADDON: plugin.video.youtube v6.8.7 installed
2019-04-11 18:28:40.201 T:3011601744  NOTICE: ADDON: repository.castagnait v1.0.1 installed
2019-04-11 18:28:40.201 T:3011601744  NOTICE: ADDON: repository.kodi.game v1.0.0 installed
2019-04-11 18:28:40.201 T:3011601744  NOTICE: ADDON: repository.kodinerds v9.0.103.103 installed
2019-04-11 18:28:40.201 T:3011601744  NOTICE: ADDON: repository.libreelec.tv v9.2.0 installed
2019-04-11 18:28:40.201 T:3011601744  NOTICE: ADDON: repository.netflix v1.0.1 installed
2019-04-11 18:28:40.201 T:3011601744  NOTICE: ADDON: repository.sandmann79.plugins v1.0.3 installed
2019-04-11 18:28:40.201 T:3011601744  NOTICE: ADDON: repository.saxbmc v1.2.2 installed
2019-04-11 18:28:40.201 T:3011601744  NOTICE: ADDON: repository.xbmc.org v3.1.6 installed
2019-04-11 18:28:40.201 T:3011601744  NOTICE: ADDON: resource.images.weathericons.default v1.1.8 installed
2019-04-11 18:28:40.201 T:3011601744  NOTICE: ADDON: resource.language.de_de v9.0.21 installed
2019-04-11 18:28:40.201 T:3011601744  NOTICE: ADDON: resource.language.en_gb v2.0.1 installed
2019-04-11 18:28:40.201 T:3011601744  NOTICE: ADDON: resource.uisounds.kodi v1.0.0 installed
2019-04-11 18:28:40.201 T:3011601744  NOTICE: ADDON: screensaver.xbmc.builtin.black v1.0.33 installed
2019-04-11 18:28:40.201 T:3011601744  NOTICE: ADDON: screensaver.xbmc.builtin.dim v1.0.59 installed
2019-04-11 18:28:40.201 T:3011601744  NOTICE: ADDON: script.module.addon.signals v0.0.6 installed
2019-04-11 18:28:40.201 T:3011601744  NOTICE: ADDON: script.module.arrow v0.15.5 installed
2019-04-11 18:28:40.201 T:3011601744  NOTICE: ADDON: script.module.backports.functools_lru_cache v1.6.1 installed
2019-04-11 18:28:40.201 T:3011601744  NOTICE: ADDON: script.module.beautifulsoup v3.2.1 installed
2019-04-11 18:28:40.201 T:3011601744  NOTICE: ADDON: script.module.beautifulsoup4 v4.6.2 installed
2019-04-11 18:28:40.201 T:3011601744  NOTICE: ADDON: script.module.bottle v0.12.17 installed
2019-04-11 18:28:40.201 T:3011601744  NOTICE: ADDON: script.module.cache v1.0.3 installed
2019-04-11 18:28:40.201 T:3011601744  NOTICE: ADDON: script.module.certifi v2019.9.11 installed
2019-04-11 18:28:40.201 T:3011601744  NOTICE: ADDON: script.module.chardet v3.0.4 installed
2019-04-11 18:28:40.201 T:3011601744  NOTICE: ADDON: script.module.dateutil v2.8.1 installed
2019-04-11 18:28:40.201 T:3011601744  NOTICE: ADDON: script.module.future v0.17.1 installed
2019-04-11 18:28:40.202 T:3011601744  NOTICE: ADDON: script.module.idna v2.8 installed
2019-04-11 18:28:40.202 T:3011601744  NOTICE: ADDON: script.module.inputstreamhelper v0.5.1 installed
2019-04-11 18:28:40.202 T:3011601744  NOTICE: ADDON: script.module.kodi-six v0.1.3 installed
2019-04-11 18:28:40.202 T:3011601744  NOTICE: ADDON: script.module.lib3sat v1.0.0 installed
2019-04-11 18:28:40.202 T:3011601744  NOTICE: ADDON: script.module.libard v1.0.0 installed
2019-04-11 18:28:40.202 T:3011601744  NOTICE: ADDON: script.module.libbr v1.0.0 installed
2019-04-11 18:28:40.202 T:3011601744  NOTICE: ADDON: script.module.libdaserste v1.0.0 installed
2019-04-11 18:28:40.202 T:3011601744  NOTICE: ADDON: script.module.libhr v1.0.0 installed
2019-04-11 18:28:40.202 T:3011601744  NOTICE: ADDON: script.module.libmediathek3 v1.5.0 installed
2019-04-11 18:28:40.202 T:3011601744  NOTICE: ADDON: script.module.libndr v1.0.0 installed
2019-04-11 18:28:40.202 T:3011601744  NOTICE: ADDON: script.module.libwdr v1.0.0 installed
2019-04-11 18:28:40.202 T:3011601744  NOTICE: ADDON: script.module.libzdf v2.1.7 installed
2019-04-11 18:28:40.202 T:3011601744  NOTICE: ADDON: script.module.mechanicalsoup v0.12.0 installed
2019-04-11 18:28:40.202 T:3011601744  NOTICE: ADDON: script.module.mechanize v0.2.6 installed
2019-04-11 18:28:40.202 T:3011601744  NOTICE: ADDON: script.module.mediathekxmlservice v1.0.0 installed
2019-04-11 18:28:40.202 T:3011601744  NOTICE: ADDON: script.module.metadatautils v1.0.0 installed
2019-04-11 18:28:40.202 T:3011601744  NOTICE: ADDON: script.module.musicbrainz v0.6.0 installed
2019-04-11 18:28:40.202 T:3011601744  NOTICE: ADDON: script.module.pil v1.1.7 installed
2019-04-11 18:28:40.202 T:3011601744  NOTICE: ADDON: script.module.pyautogui v0.9.50 installed
2019-04-11 18:28:40.202 T:3011601744  NOTICE: ADDON: script.module.pycryptodome v3.4.3 installed
2019-04-11 18:28:40.202 T:3011601744  NOTICE: ADDON: script.module.pydes v2.0.4 installed
2019-04-11 18:28:40.202 T:3011601744  NOTICE: ADDON: script.module.pysocks v1.6.8 installed
2019-04-11 18:28:40.202 T:3011601744  NOTICE: ADDON: script.module.pyxbmct v1.3.1 installed
2019-04-11 18:28:40.202 T:3011601744  NOTICE: ADDON: script.module.requests v2.22.0 installed
2019-04-11 18:28:40.202 T:3011601744  NOTICE: ADDON: script.module.routing v0.2.3 installed
2019-04-11 18:28:40.202 T:3011601744  NOTICE: ADDON: script.module.simplecache v1.0.19 installed
2019-04-11 18:28:40.202 T:3011601744  NOTICE: ADDON: script.module.simplejson v3.16.1 installed
2019-04-11 18:28:40.202 T:3011601744  NOTICE: ADDON: script.module.six v1.13.0 installed
2019-04-11 18:28:40.202 T:3011601744  NOTICE: ADDON: script.module.t1mlib v1.0.18 installed
2019-04-11 18:28:40.202 T:3011601744  NOTICE: ADDON: script.module.thetvdb v1.0.12 installed
2019-04-11 18:28:40.202 T:3011601744  NOTICE: ADDON: script.module.urllib3 v1.25.6 installed
2019-04-11 18:28:40.202 T:3011601744  NOTICE: ADDON: script.module.xbmcswift2 v13.0.0 installed
2019-04-11 18:28:40.202 T:3011601744  NOTICE: ADDON: script.module.youtube.dl v20.616.0 installed
2019-04-11 18:28:40.202 T:3011601744  NOTICE: ADDON: script.program.driverselect v0.1.6 installed
2019-04-11 18:28:40.202 T:3011601744  NOTICE: ADDON: script.skin.helper.service v1.1.3 installed
2019-04-11 18:28:40.202 T:3011601744  NOTICE: ADDON: script.tubecast v1.4.5 installed
2019-04-11 18:28:40.202 T:3011601744  NOTICE: ADDON: script.tv.show.next.aired v6.0.15 installed
2019-04-11 18:28:40.202 T:3011601744  NOTICE: ADDON: service.library.data.provider v0.3.2 installed
2019-04-11 18:28:40.202 T:3011601744  NOTICE: ADDON: service.libreelec.settings v9.0.0 installed
2019-04-11 18:28:40.202 T:3011601744  NOTICE: ADDON: skin.ace2 v1.6.0 installed
2019-04-11 18:28:40.202 T:3011601744  NOTICE: ADDON: skin.estuary v2.0.27 installed
2019-04-11 18:28:40.202 T:3011601744  NOTICE: ADDON: virtual.multimedia-tools v9.2.0.109 installed
2019-04-11 18:28:40.202 T:3011601744  NOTICE: ADDON: virtual.system-tools v9.2.0.111 installed
2019-04-11 18:28:40.203 T:3011601744  NOTICE: ADDON: webinterface.arch v2.0.5 installed
2019-04-11 18:28:40.203 T:3011601744  NOTICE: ADDON: webinterface.awxi v0.7.6 installed
2019-04-11 18:28:40.203 T:3011601744  NOTICE: ADDON: webinterface.chorus v0.3.10 installed
2019-04-11 18:28:40.203 T:3011601744  NOTICE: ADDON: webinterface.default v18.x-2.4.6 installed
2019-04-11 18:28:40.203 T:3011601744  NOTICE: ADDON: webinterface.hax v0.1.1 installed
2019-04-11 18:28:40.203 T:3011601744  NOTICE: ADDON: xbmc.addon v18.9 installed
2019-04-11 18:28:40.203 T:3011601744  NOTICE: ADDON: xbmc.core v0.1.0 installed
2019-04-11 18:28:40.203 T:3011601744  NOTICE: ADDON: xbmc.gui v5.14.0 installed
2019-04-11 18:28:40.203 T:3011601744  NOTICE: ADDON: xbmc.json v10.3.0 installed
2019-04-11 18:28:40.203 T:3011601744  NOTICE: ADDON: xbmc.metadata v2.1.0 installed
2019-04-11 18:28:40.203 T:3011601744  NOTICE: ADDON: xbmc.python v2.26.0 installed
2019-04-11 18:28:40.203 T:3011601744  NOTICE: ADDON: xbmc.webinterface v1.0.0 installed
2019-04-11 18:28:40.250 T:3011601744   ERROR: DBus error: org.freedesktop.DBus.Error.ServiceUnknown - The name org.freedesktop.UPower was not provided by any .service files
2019-04-11 18:28:40.284 T:2989110128 WARNING: Pulseaudio module module-allow-passthrough not loaded - opening PT devices might fail
2019-04-11 18:28:40.285 T:2989110128  NOTICE: Found 2 Lists of Devices
2019-04-11 18:28:40.285 T:2989110128  NOTICE: Enumerated PI devices:
2019-04-11 18:28:40.285 T:2989110128  NOTICE:     Device 1
2019-04-11 18:28:40.285 T:2989110128  NOTICE:         m_deviceName      : HDMI
2019-04-11 18:28:40.285 T:2989110128  NOTICE:         m_displayName     : HDMI
2019-04-11 18:28:40.285 T:2989110128  NOTICE:         m_displayNameExtra:
2019-04-11 18:28:40.285 T:2989110128  NOTICE:         m_deviceType      : AE_DEVTYPE_HDMI
2019-04-11 18:28:40.285 T:2989110128  NOTICE:         m_channels        : FL, FR
2019-04-11 18:28:40.285 T:2989110128  NOTICE:         m_sampleRates     : 8000,11025,16000,22050,24000,32000,44100,48000,88200,96000,176400,192000
2019-04-11 18:28:40.285 T:2989110128  NOTICE:         m_dataFormats     : AE_FMT_FLOAT,AE_FMT_S32NE,AE_FMT_S16NE,AE_FMT_S32LE,AE_FMT_S16LE,AE_FMT_FLOATP,AE_FMT_S32NEP,AE_FMT_S16NEP,AE_FMT_RAW
2019-04-11 18:28:40.285 T:2989110128  NOTICE:         m_streamTypes     : STREAM_TYPE_AC3,STREAM_TYPE_EAC3,STREAM_TYPE_DTSHD_CORE,STREAM_TYPE_DTS_2048,STREAM_TYPE_DTS_1024,STREAM_TYPE_DTS_512
2019-04-11 18:28:40.285 T:2989110128  NOTICE:     Device 2
2019-04-11 18:28:40.285 T:2989110128  NOTICE:         m_deviceName      : Analogue
2019-04-11 18:28:40.285 T:2989110128  NOTICE:         m_displayName     : Analogue
2019-04-11 18:28:40.285 T:2989110128  NOTICE:         m_displayNameExtra:
2019-04-11 18:28:40.285 T:2989110128  NOTICE:         m_deviceType      : AE_DEVTYPE_PCM
2019-04-11 18:28:40.285 T:2989110128  NOTICE:         m_channels        : FL, FR
2019-04-11 18:28:40.285 T:2989110128  NOTICE:         m_sampleRates     : 48000
2019-04-11 18:28:40.285 T:2989110128  NOTICE:         m_dataFormats     : AE_FMT_FLOAT,AE_FMT_S32LE,AE_FMT_S16LE,AE_FMT_FLOATP,AE_FMT_S32NEP,AE_FMT_S16NEP
2019-04-11 18:28:40.285 T:2989110128  NOTICE:         m_streamTypes     : No passthrough capabilities
2019-04-11 18:28:40.285 T:2989110128  NOTICE:     Device 3
2019-04-11 18:28:40.285 T:2989110128  NOTICE:         m_deviceName      : Both
2019-04-11 18:28:40.285 T:2989110128  NOTICE:         m_displayName     : HDMI and Analogue
2019-04-11 18:28:40.285 T:2989110128  NOTICE:         m_displayNameExtra:
2019-04-11 18:28:40.285 T:2989110128  NOTICE:         m_deviceType      : AE_DEVTYPE_PCM
2019-04-11 18:28:40.285 T:2989110128  NOTICE:         m_channels        : FL, FR
2019-04-11 18:28:40.285 T:2989110128  NOTICE:         m_sampleRates     : 48000
2019-04-11 18:28:40.285 T:2989110128  NOTICE:         m_dataFormats     : AE_FMT_FLOAT,AE_FMT_S32LE,AE_FMT_S16LE,AE_FMT_FLOATP,AE_FMT_S32NEP,AE_FMT_S16NEP
2019-04-11 18:28:40.286 T:2989110128  NOTICE:         m_streamTypes     : No passthrough capabilities
2019-04-11 18:28:40.286 T:2989110128  NOTICE: Enumerated PULSE devices:
2019-04-11 18:28:40.286 T:2989110128  NOTICE:     Device 1
2019-04-11 18:28:40.286 T:2989110128  NOTICE:         m_deviceName      : Default
2019-04-11 18:28:40.286 T:2989110128  NOTICE:         m_displayName     : Default
2019-04-11 18:28:40.286 T:2989110128  NOTICE:         m_displayNameExtra: Bluetooth Audio (PULSEAUDIO)
2019-04-11 18:28:40.286 T:2989110128  NOTICE:         m_deviceType      : AE_DEVTYPE_PCM
2019-04-11 18:28:40.286 T:2989110128  NOTICE:         m_channels        : FL, FR
2019-04-11 18:28:40.286 T:2989110128  NOTICE:         m_sampleRates     : 5512,8000,11025,16000,22050,32000,44100,48000,64000,88200,96000,176400,192000,384000
2019-04-11 18:28:40.286 T:2989110128  NOTICE:         m_dataFormats     : AE_FMT_U8,AE_FMT_S16NE,AE_FMT_S24NE3,AE_FMT_S24NE4,AE_FMT_S32NE,AE_FMT_FLOAT
2019-04-11 18:28:40.286 T:2989110128  NOTICE:         m_streamTypes     : No passthrough capabilities
2019-04-11 18:28:40.331 T:3011601744  NOTICE: Raspberry PI firmware version: Jun 26 2020 14:49:28 
                                            Copyright (c) 2012 Broadcom
                                            version b078012603a6a094178f959805996ad225a0d83b (clean) (release) (start_x)
2019-04-11 18:28:40.331 T:3011601744  NOTICE: ARM mem: 704MB GPU mem: 320MB MPG2:0 WVC1:0
2019-04-11 18:28:40.332 T:3011601744  NOTICE: Config:
                                            arm_freq=1500
                                            audio_pwm_mode=514
                                            config_hdmi_boost=5
                                            core_freq=500
                                            core_freq_min=200
                                            disable_commandline_tags=2
                                            disable_l2cache=1
                                            disable_overscan=1
                                            display_hdmi_rotate=-1
                                            display_lcd_rotate=-1
                                            enable_gic=1
                                            force_eeprom_read=1
                                            force_pwm_open=1
                                            framebuffer_ignore_alpha=1
                                            framebuffer_swap=1
                                            gpu_freq=500
                                            gpu_freq_min=250
                                            hdmi_channel_map=8
                                            init_uart_clock=0x2dc6c00
                                            lcd_framerate=60
                                            mask_gpu_interrupt0=1024
                                            mask_gpu_interrupt1=0x10000
                                            over_voltage_avs=-42500
                                            pause_burst_frames=1
                                            program_serial_random=1
                                            total_mem=4096
                                            hdmi_force_cec_address:0=65535
                                            hdmi_force_cec_address:1=65535
                                            hdmi_ignore_cec_init:0=1
                                            hdmi_pixel_freq_limit:0=0x11e1a300
                                            hdmi_pixel_freq_limit:1=0x11e1a300
2019-04-11 18:28:40.332 T:3011601744  NOTICE: Config:
                                            device_tree=-
                                            overlay_prefix=overlays/
                                            hdmi_cvt:0=
                                            hdmi_cvt:1=
                                            hdmi_edid_filename:0=
                                            hdmi_edid_filename:1=
                                            hdmi_timings:0=
                                            hdmi_timings:1=
2019-04-11 18:28:40.523 T:3011601744 WARNING: CDRMUtils::FindPlane - could not find plane
2019-04-11 18:28:40.685 T:3011601744  NOTICE: Found resolution 1920x1080 with 1920x1080 @ 60.000000 Hz
2019-04-11 18:28:40.685 T:3011601744  NOTICE: Found resolution 1920x1080 with 1920x1080 @ 59.940063 Hz
2019-04-11 18:28:40.685 T:3011601744  NOTICE: Found resolution 1920x1080 with 1920x1080 @ 50.000000 Hz
2019-04-11 18:28:40.685 T:3011601744  NOTICE: Found resolution 1920x1080 with 1920x1080 @ 24.000000 Hz
2019-04-11 18:28:40.685 T:3011601744  NOTICE: Found resolution 1920x1080 with 1920x1080 @ 23.976025 Hz
2019-04-11 18:28:40.685 T:3011601744  NOTICE: Found resolution 1280x1024 with 1280x1024 @ 75.000000 Hz
2019-04-11 18:28:40.685 T:3011601744  NOTICE: Found resolution 1152x864 with 1152x864 @ 75.000000 Hz
2019-04-11 18:28:40.685 T:3011601744  NOTICE: Found resolution 1280x720 with 1280x720 @ 60.000000 Hz
2019-04-11 18:28:40.685 T:3011601744  NOTICE: Found resolution 1280x720 with 1280x720 @ 59.940063 Hz
2019-04-11 18:28:40.685 T:3011601744  NOTICE: Found resolution 1280x720 with 1280x720 @ 50.000000 Hz
2019-04-11 18:28:40.685 T:3011601744  NOTICE: Found resolution 1024x768 with 1024x768 @ 75.000000 Hz
2019-04-11 18:28:40.685 T:3011601744  NOTICE: Found resolution 1024x768 with 1024x768 @ 70.000000 Hz
2019-04-11 18:28:40.686 T:3011601744  NOTICE: Found resolution 1024x768 with 1024x768 @ 60.000000 Hz
2019-04-11 18:28:40.686 T:3011601744  NOTICE: Found resolution 832x624 with 832x624 @ 74.925079 Hz
2019-04-11 18:28:40.686 T:3011601744  NOTICE: Found resolution 800x600 with 800x600 @ 75.000000 Hz
2019-04-11 18:28:40.686 T:3011601744  NOTICE: Found resolution 800x600 with 800x600 @ 72.000000 Hz
2019-04-11 18:28:40.686 T:3011601744  NOTICE: Found resolution 800x600 with 800x600 @ 60.000000 Hz
2019-04-11 18:28:40.686 T:3011601744  NOTICE: Found resolution 800x600 with 800x600 @ 56.000000 Hz
2019-04-11 18:28:40.686 T:3011601744  NOTICE: Found resolution 720x576 with 720x576 @ 50.000000 Hz
2019-04-11 18:28:40.686 T:3011601744  NOTICE: Found resolution 720x480 with 720x480 @ 59.940063 Hz
2019-04-11 18:28:40.686 T:3011601744  NOTICE: Found resolution 720x480 with 720x480 @ 60.000000 Hz
2019-04-11 18:28:40.686 T:3011601744  NOTICE: Found resolution 640x480 with 640x480 @ 75.000000 Hz
2019-04-11 18:28:40.686 T:3011601744  NOTICE: Found resolution 640x480 with 640x480 @ 73.000000 Hz
2019-04-11 18:28:40.686 T:3011601744  NOTICE: Found resolution 640x480 with 640x480 @ 67.000000 Hz
2019-04-11 18:28:40.686 T:3011601744  NOTICE: Found resolution 640x480 with 640x480 @ 60.000000 Hz
2019-04-11 18:28:40.688 T:3011601744  NOTICE: Previous line repeats 1 times.
2019-04-11 18:28:40.688 T:3011601744  NOTICE: EGL_VERSION = 1.4
2019-04-11 18:28:40.688 T:3011601744  NOTICE: EGL_VENDOR = Mesa Project
2019-04-11 18:28:40.688 T:3011601744  NOTICE: EGL_EXTENSIONS = EGL_EXT_buffer_age EGL_EXT_image_dma_buf_import EGL_EXT_image_dma_buf_import_modifiers EGL_KHR_cl_event2 EGL_KHR_config_attribs EGL_KHR_create_context EGL_KHR_create_context_no_error EGL_KHR_fence_sync EGL_KHR_get_all_proc_addresses EGL_KHR_gl_colorspace EGL_KHR_gl_renderbuffer_image EGL_KHR_gl_texture_2D_image EGL_KHR_gl_texture_3D_image EGL_KHR_gl_texture_cubemap_image EGL_KHR_image EGL_KHR_image_base EGL_KHR_image_pixmap EGL_KHR_no_config_context EGL_KHR_reusable_sync EGL_KHR_surfaceless_context EGL_EXT_pixel_format_float EGL_KHR_wait_sync EGL_MESA_configless_context EGL_MESA_drm_image EGL_MESA_image_dma_buf_export
2019-04-11 18:28:40.688 T:3011601744  NOTICE: EGL_CLIENT_EXTENSIONS = EGL_EXT_client_extensions EGL_EXT_device_base EGL_EXT_device_enumeration EGL_EXT_device_query EGL_EXT_platform_base EGL_KHR_client_get_all_proc_addresses EGL_KHR_debug EGL_MESA_platform_gbm
2019-04-11 18:28:40.692 T:3011601744  NOTICE: Checking resolution 16
2019-04-11 18:28:40.815 T:3011601744 WARNING: CGBMUtils::DestroySurface - surface already destroyed
2019-04-11 18:28:40.860 T:3011601744  NOTICE: GL_VENDOR = Broadcom
2019-04-11 18:28:40.860 T:3011601744  NOTICE: GL_RENDERER = V3D 4.2
2019-04-11 18:28:40.860 T:3011601744  NOTICE: GL_VERSION = OpenGL ES 3.0 Mesa 19.1.7
2019-04-11 18:28:40.860 T:3011601744  NOTICE: GL_SHADING_LANGUAGE_VERSION = OpenGL ES GLSL ES 3.00
2019-04-11 18:28:40.860 T:3011601744  NOTICE: GL_EXTENSIONS = GL_EXT_blend_minmax GL_EXT_multi_draw_arrays GL_EXT_texture_format_BGRA8888 GL_OES_compressed_ETC1_RGB8_texture GL_OES_depth24 GL_OES_element_index_uint GL_OES_fbo_render_mipmap GL_OES_mapbuffer GL_OES_rgb8_rgba8 GL_OES_standard_derivatives GL_OES_stencil8 GL_OES_texture_3D GL_OES_texture_float GL_OES_texture_half_float GL_OES_texture_half_float_linear GL_OES_texture_npot GL_OES_vertex_half_float GL_EXT_texture_sRGB_decode GL_OES_EGL_image GL_OES_depth_texture GL_OES_packed_depth_stencil GL_EXT_texture_type_2_10_10_10_REV GL_OES_get_program_binary GL_APPLE_texture_max_level GL_EXT_discard_framebuffer GL_EXT_read_format_bgra GL_EXT_frag_depth GL_NV_fbo_color_attachments GL_OES_EGL_image_external GL_OES_EGL_sync GL_OES_vertex_array_object GL_EXT_occlusion_query_boolean GL_EXT_texture_rg GL_EXT_unpack_subimage GL_NV_draw_buffers GL_NV_read_buffer GL_NV_read_depth GL_NV_read_depth_stencil GL_NV_read_stencil GL_EXT_draw_buffers GL_EXT_map_buffer_range GL_KHR_debug GL_KHR_texture_compression_astc_ldr GL_OES_depth_texture_cube_map GL_OES_required_internalformat GL_OES_surfaceless_context GL_EXT_color_buffer_float GL_EXT_sRGB_write_control GL_EXT_separate_shader_objects GL_EXT_shader_integer_mix GL_EXT_base_instance GL_EXT_compressed_ETC1_RGB8_sub_texture GL_EXT_draw_elements_base_vertex GL_EXT_texture_border_clamp GL_KHR_context_flush_control GL_OES_draw_elements_base_vertex GL_OES_texture_border_clamp GL_OES_texture_stencil8 GL_EXT_float_blend GL_KHR_no_error GL_KHR_texture_compression_astc_sliced_3d GL_OES_EGL_image_external_essl3 GL_MESA_shader_integer_functions GL_KHR_parallel_shader_compile GL_EXT_texture_query_lod
2020-11-23 20:31:32.510 T:2881561456  NOTICE: Running database version Addons27
2020-11-23 20:31:32.514 T:2881561456  NOTICE: Running database version ViewModes6
2020-11-23 20:31:32.836 T:2881561456  NOTICE: Running database version Textures13
2020-11-23 20:31:32.848 T:2881561456  NOTICE: Running database version MyMusic72
2020-11-23 20:31:32.880 T:2881561456  NOTICE: Running database version MyVideos116
2020-11-23 20:31:32.885 T:2881561456  NOTICE: Running database version TV32
2020-11-23 20:31:32.888 T:2881561456  NOTICE: Running database version Epg12
2020-11-23 20:31:32.905 T:3011601744  NOTICE: start dvd mediatype detection
2020-11-23 20:31:32.977 T:3011601744  NOTICE:   load skin from: /usr/share/kodi/addons/skin.estuary (version: 2.0.27)
2020-11-23 20:31:33.560 T:3011601744 WARNING: JSONRPC: Could not parse type "Setting.Details.SettingList"
2020-11-23 20:31:33.625 T:3011601744  NOTICE: Register - new keyboard device registered on application->keyboard: Tastatur (0000:0000)
2020-11-23 20:31:33.625 T:3011601744  NOTICE: Register - new mouse device registered on application->mouse: Maus (0000:0000)
2020-11-23 20:31:33.641 T:3011601744  NOTICE: Loading player core factory settings from special://xbmc/system/playercorefactory.xml.
2020-11-23 20:31:33.641 T:3011601744  NOTICE: Loaded playercorefactory configuration
2020-11-23 20:31:33.642 T:3011601744  NOTICE: Loading player core factory settings from special://masterprofile/playercorefactory.xml.
2020-11-23 20:31:33.642 T:3011601744  NOTICE: special://masterprofile/playercorefactory.xml does not exist. Skipping.
2020-11-23 20:31:33.723 T:3011601744  NOTICE: initialize done
2020-11-23 20:31:33.723 T:3011601744  NOTICE: Running the application...
2020-11-23 20:31:33.738 T:3011601744  NOTICE: starting zeroconf publishing
2020-11-23 20:31:33.741 T:3011601744  NOTICE: CWebServer[8080]: Started
2020-11-23 20:31:33.742 T:3011601744  NOTICE: starting upnp client
2020-11-23 20:31:33.748 T:3011601744  NOTICE: starting upnp server
2020-11-23 20:31:33.758 T:3011601744  NOTICE: starting upnp controller
2020-11-23 20:31:33.758 T:3011601744  NOTICE: starting upnp renderer
2020-11-23 20:31:33.775 T:2633900912  NOTICE: ES: Starting UDP Event server on port 9777
2020-11-23 20:31:33.776 T:2633900912  NOTICE: UDP: Listening on port 9777 (ipv6 : true)
2020-11-23 20:31:34.114 T:2836484976  NOTICE: Register - new cec device registered on cec->RPI: CEC Adapter (2708:1001)
2020-11-23 20:31:34.597 T:2870014832   ERROR: CCurlFile::FillBuffer - Failed: Couldn't resolve host name(6)
2020-11-23 20:31:34.597 T:2870014832   ERROR: CCurlFile::Open failed with code 0 for https://johtru.com/repo/repo.php?md5=true:
2020-11-23 20:31:34.597 T:2870014832   ERROR: Open - failed to open source <https://johtru.com/repo/repo.php?md5=true>
2020-11-23 20:31:34.597 T:2870014832   ERROR: CRepository: failed read 'https://johtru.com/repo/repo.php?md5=true'
2020-11-23 20:31:36.010 T:2870014832   ERROR: CCurlFile::Open failed with code 404 for https://www.quarantine.hs-mittweida.de/~jesch/repo/addons/addons.xml.md5:
2020-11-23 20:31:36.010 T:2870014832   ERROR: Open - failed to open source <https://www.quarantine.hs-mittweida.de/~jesch/repo/addons/addons.xml.md5>
2020-11-23 20:31:36.010 T:2870014832   ERROR: CRepository: failed read 'https://www.quarantine.hs-mittweida.de/~jesch/repo/addons/addons.xml.md5'
2020-11-23 20:31:36.375 T:2870014832 WARNING: CreateLoader - unsupported protocol(thumb) in thumb://None/
2020-11-23 20:31:36.760 T:2734613360  NOTICE: script.tv.show.next.aired: ### TV Show - Next Aired starting background proc (6.0.15)
2020-11-23 20:31:36.768 T:2734613360  NOTICE: script.tv.show.next.aired: ### no prior data found
2020-11-23 20:31:36.804 T:2351219568  NOTICE: Skin Helper Service --> WebService - start helper webservice on port 52307
2020-11-23 20:31:36.827 T:2751398768  NOTICE: Skin Helper Service --> Skin Helper Service version 1.1.3 started
2020-11-23 20:31:38.509 T:2759791472  NOTICE: [Amazon VOD] Service: Proxy bound to 127.0.0.1:41261
2020-11-23 20:31:38.779 T:2734613360  NOTICE: script.tv.show.next.aired: ### starting data update
2020-11-23 20:31:38.779 T:2734613360  NOTICE: script.tv.show.next.aired: ### grabbing a new country mapping list
2020-11-23 20:31:38.913 T:2759791472  NOTICE: [Amazon VOD] Service: Proxy server started
2020-11-23 20:31:38.916 T:2759791472  NOTICE: [Amazon VOD] Service started
2020-11-23 20:31:41.810 T:2870014832  NOTICE: ADDON: audioencoder.kodi.builtin.aac v1.0.0 installed
2020-11-23 20:31:41.810 T:2870014832  NOTICE: ADDON: audioencoder.kodi.builtin.wma v1.0.0 installed
2020-11-23 20:31:41.810 T:2870014832  NOTICE: ADDON: driver.dvb.crazycat v9.2.0.0 installed
2020-11-23 20:31:41.810 T:2870014832  NOTICE: ADDON: driver.dvb.dvb-latest v9.2.0.0 installed
2020-11-23 20:31:41.810 T:2870014832  NOTICE: ADDON: game.controller.default v1.0.8 installed
2020-11-23 20:31:41.810 T:2870014832  NOTICE: ADDON: game.controller.snes v1.0.8 installed
2020-11-23 20:31:41.810 T:2870014832  NOTICE: ADDON: inputstream.adaptive v2.4.6.1 installed
2020-11-23 20:31:41.810 T:2870014832  NOTICE: ADDON: inputstream.rtmp v2.0.9.2 installed
2020-11-23 20:31:41.810 T:2870014832  NOTICE: ADDON: kodi.binary.global.audioengine v1.0.1 installed
2020-11-23 20:31:41.810 T:2870014832  NOTICE: ADDON: kodi.binary.global.filesystem v1.0.2 installed
2020-11-23 20:31:41.810 T:2870014832  NOTICE: ADDON: kodi.binary.global.general v1.0.3 installed
2020-11-23 20:31:41.810 T:2870014832  NOTICE: ADDON: kodi.binary.global.gui v5.12.0 installed
2020-11-23 20:31:41.810 T:2870014832  NOTICE: ADDON: kodi.binary.global.main v1.0.14 installed
2020-11-23 20:31:41.810 T:2870014832  NOTICE: ADDON: kodi.binary.global.network v1.0.0 installed
2020-11-23 20:31:41.810 T:2870014832  NOTICE: ADDON: kodi.binary.instance.audiodecoder v2.0.0 installed
2020-11-23 20:31:41.810 T:2870014832  NOTICE: ADDON: kodi.binary.instance.audioencoder v2.0.0 installed
2020-11-23 20:31:41.810 T:2870014832  NOTICE: ADDON: kodi.binary.instance.game v1.1.0 installed
2020-11-23 20:31:41.810 T:2870014832  NOTICE: ADDON: kodi.binary.instance.imagedecoder v2.0.0 installed
2020-11-23 20:31:41.810 T:2870014832  NOTICE: ADDON: kodi.binary.instance.inputstream v2.0.8 installed
2020-11-23 20:31:41.810 T:2870014832  NOTICE: ADDON: kodi.binary.instance.peripheral v1.3.7 installed
2020-11-23 20:31:41.810 T:2870014832  NOTICE: ADDON: kodi.binary.instance.pvr v5.10.3 installed
2020-11-23 20:31:41.810 T:2870014832  NOTICE: ADDON: kodi.binary.instance.screensaver v2.0.0 installed
2020-11-23 20:31:41.810 T:2870014832  NOTICE: ADDON: kodi.binary.instance.vfs v2.0.0 installed
2020-11-23 20:31:41.810 T:2870014832  NOTICE: ADDON: kodi.binary.instance.videocodec v1.0.1 installed
2020-11-23 20:31:41.810 T:2870014832  NOTICE: ADDON: kodi.binary.instance.visualization v2.0.1 installed
2020-11-23 20:31:41.810 T:2870014832  NOTICE: ADDON: kodi.resource v1.0.0 installed
2020-11-23 20:31:41.810 T:2870014832  NOTICE: ADDON: metadata.album.universal v3.1.3 installed
2020-11-23 20:31:41.810 T:2870014832  NOTICE: ADDON: metadata.artists.universal v4.3.3 installed
2020-11-23 20:31:41.810 T:2870014832  NOTICE: ADDON: metadata.common.allmusic.com v3.2.2 installed
2020-11-23 20:31:41.811 T:2870014832  NOTICE: ADDON: metadata.common.fanart.tv v3.6.3 installed
2020-11-23 20:31:41.811 T:2870014832  NOTICE: ADDON: metadata.common.imdb.com v3.1.6 installed
2020-11-23 20:31:41.811 T:2870014832  NOTICE: ADDON: metadata.common.musicbrainz.org v2.2.4 installed
2020-11-23 20:31:41.811 T:2870014832  NOTICE: ADDON: metadata.common.theaudiodb.com v2.0.3 installed
2020-11-23 20:31:41.811 T:2870014832  NOTICE: ADDON: metadata.common.themoviedb.org v3.2.11 installed
2020-11-23 20:31:41.811 T:2870014832  NOTICE: ADDON: metadata.local v1.0.0 installed
2020-11-23 20:31:41.811 T:2870014832  NOTICE: ADDON: metadata.themoviedb.org v5.2.2 installed
2020-11-23 20:31:41.811 T:2870014832  NOTICE: ADDON: metadata.tvshows.themoviedb.org v3.5.9 installed
2020-11-23 20:31:41.811 T:2870014832  NOTICE: ADDON: os.libreelec.tv v9.2 installed
2020-11-23 20:31:41.811 T:2870014832  NOTICE: ADDON: os.openelec.tv v9.2 installed
2020-11-23 20:31:41.811 T:2870014832  NOTICE: ADDON: peripheral.joystick v1.4.9 installed
2020-11-23 20:31:41.811 T:2870014832  NOTICE: ADDON: plugin.audio.prime_music v0.10.6 installed
2020-11-23 20:31:41.811 T:2870014832  NOTICE: ADDON: plugin.image.google v0.9.8 installed
2020-11-23 20:31:41.811 T:2870014832  NOTICE: ADDON: plugin.video.3satmediathek v1.2.0 installed
2020-11-23 20:31:41.811 T:2870014832  NOTICE: ADDON: plugin.video.L0RE.arte v0.7.0 installed
2020-11-23 20:31:41.811 T:2870014832  NOTICE: ADDON: plugin.video.L0RE.dmax v1.0.9 installed
2020-11-23 20:31:41.811 T:2870014832  NOTICE: ADDON: plugin.video.L0RE.spiegeltv v1.0.2 installed
2020-11-23 20:31:41.811 T:2870014832  NOTICE: ADDON: plugin.video.amazon-test v0.8.9 installed
2020-11-23 20:31:41.811 T:2870014832  NOTICE: ADDON: plugin.video.ardundzdf v2.9.2 installed
2020-11-23 20:31:41.811 T:2870014832  NOTICE: ADDON: plugin.video.cnn v1.0.0 installed
2020-11-23 20:31:41.811 T:2870014832  NOTICE: ADDON: plugin.video.gq v3.0.4 installed
2020-11-23 20:31:41.811 T:2870014832  NOTICE: ADDON: plugin.video.hrmediathek v1.0.0 installed
2020-11-23 20:31:41.811 T:2870014832  NOTICE: ADDON: plugin.video.koditube v1.0.0 installed
2020-11-23 20:31:41.811 T:2870014832  NOTICE: ADDON: plugin.video.mediathek v0.9.4 installed
2020-11-23 20:31:41.811 T:2870014832  NOTICE: ADDON: plugin.video.mediathekdirekt v0.0.15 installed
2020-11-23 20:31:41.811 T:2870014832  NOTICE: ADDON: plugin.video.nasa v3.0.0 installed
2020-11-23 20:31:41.811 T:2870014832  NOTICE: ADDON: plugin.video.netflix v1.11.0 installed
2020-11-23 20:31:41.811 T:2870014832  NOTICE: ADDON: plugin.video.ng v1.0.0 installed
2020-11-23 20:31:41.811 T:2870014832  NOTICE: ADDON: plugin.video.prosiebensat1 v1.2.0 installed
2020-11-23 20:31:41.811 T:2870014832  NOTICE: ADDON: plugin.video.tagesschau v2.2.2 installed
2020-11-23 20:31:41.811 T:2870014832  NOTICE: ADDON: plugin.video.tyl0re.arte v1.0.2 installed
2020-11-23 20:31:41.811 T:2870014832  NOTICE: ADDON: plugin.video.tyl0re.dmax v2.1.2 installed
2020-11-23 20:31:41.811 T:2870014832  NOTICE: ADDON: plugin.video.tyl0re.spiegeltv v2.0.5 installed
2020-11-23 20:31:41.811 T:2870014832  NOTICE: ADDON: plugin.video.wdrmediathek v1.0.0 installed
2020-11-23 20:31:41.812 T:2870014832  NOTICE: ADDON: plugin.video.youtube v6.8.7 installed
2020-11-23 20:31:41.812 T:2870014832  NOTICE: ADDON: repository.castagnait v1.0.1 installed
2020-11-23 20:31:41.812 T:2870014832  NOTICE: ADDON: repository.kodi.game v1.0.0 installed
2020-11-23 20:31:41.812 T:2870014832  NOTICE: ADDON: repository.kodinerds v9.0.103.103 installed
2020-11-23 20:31:41.812 T:2870014832  NOTICE: ADDON: repository.libreelec.tv v9.2.0 installed
2020-11-23 20:31:41.812 T:2870014832  NOTICE: ADDON: repository.netflix v1.0.1 installed
2020-11-23 20:31:41.812 T:2870014832  NOTICE: ADDON: repository.sandmann79.plugins v1.0.3 installed
2020-11-23 20:31:41.812 T:2870014832  NOTICE: ADDON: repository.saxbmc v1.2.2 installed
2020-11-23 20:31:41.812 T:2870014832  NOTICE: ADDON: repository.xbmc.org v3.1.6 installed
2020-11-23 20:31:41.812 T:2870014832  NOTICE: ADDON: resource.images.weathericons.default v1.1.8 installed
2020-11-23 20:31:41.812 T:2870014832  NOTICE: ADDON: resource.language.de_de v9.0.21 installed
2020-11-23 20:31:41.812 T:2870014832  NOTICE: ADDON: resource.language.en_gb v2.0.1 installed
2020-11-23 20:31:41.812 T:2870014832  NOTICE: ADDON: resource.uisounds.kodi v1.0.0 installed
2020-11-23 20:31:41.812 T:2870014832  NOTICE: ADDON: screensaver.xbmc.builtin.black v1.0.33 installed
2020-11-23 20:31:41.812 T:2870014832  NOTICE: ADDON: screensaver.xbmc.builtin.dim v1.0.59 installed
2020-11-23 20:31:41.812 T:2870014832  NOTICE: ADDON: script.module.addon.signals v0.0.6 installed
2020-11-23 20:31:41.812 T:2870014832  NOTICE: ADDON: script.module.arrow v0.15.5 installed
2020-11-23 20:31:41.812 T:2870014832  NOTICE: ADDON: script.module.backports.functools_lru_cache v1.6.1 installed
2020-11-23 20:31:41.812 T:2870014832  NOTICE: ADDON: script.module.beautifulsoup v3.2.1 installed
2020-11-23 20:31:41.812 T:2870014832  NOTICE: ADDON: script.module.beautifulsoup4 v4.6.2 installed
2020-11-23 20:31:41.812 T:2870014832  NOTICE: ADDON: script.module.bottle v0.12.17 installed
2020-11-23 20:31:41.812 T:2870014832  NOTICE: ADDON: script.module.cache v1.0.3 installed
2020-11-23 20:31:41.812 T:2870014832  NOTICE: ADDON: script.module.certifi v2019.9.11 installed
2020-11-23 20:31:41.812 T:2870014832  NOTICE: ADDON: script.module.chardet v3.0.4 installed
2020-11-23 20:31:41.812 T:2870014832  NOTICE: ADDON: script.module.dateutil v2.8.1 installed
2020-11-23 20:31:41.812 T:2870014832  NOTICE: ADDON: script.module.future v0.17.1 installed
2020-11-23 20:31:41.812 T:2870014832  NOTICE: ADDON: script.module.idna v2.8 installed
2020-11-23 20:31:41.812 T:2870014832  NOTICE: ADDON: script.module.inputstreamhelper v0.5.1 installed
2020-11-23 20:31:41.812 T:2870014832  NOTICE: ADDON: script.module.kodi-six v0.1.3 installed
2020-11-23 20:31:41.812 T:2870014832  NOTICE: ADDON: script.module.lib3sat v1.0.0 installed
2020-11-23 20:31:41.812 T:2870014832  NOTICE: ADDON: script.module.libard v1.0.0 installed
2020-11-23 20:31:41.812 T:2870014832  NOTICE: ADDON: script.module.libbr v1.0.0 installed
2020-11-23 20:31:41.812 T:2870014832  NOTICE: ADDON: script.module.libdaserste v1.0.0 installed
2020-11-23 20:31:41.812 T:2870014832  NOTICE: ADDON: script.module.libhr v1.0.0 installed
2020-11-23 20:31:41.812 T:2870014832  NOTICE: ADDON: script.module.libmediathek3 v1.5.0 installed
2020-11-23 20:31:41.812 T:2870014832  NOTICE: ADDON: script.module.libndr v1.0.0 installed
2020-11-23 20:31:41.812 T:2870014832  NOTICE: ADDON: script.module.libwdr v1.0.0 installed
2020-11-23 20:31:41.813 T:2870014832  NOTICE: ADDON: script.module.libzdf v2.1.7 installed
2020-11-23 20:31:41.813 T:2870014832  NOTICE: ADDON: script.module.mechanicalsoup v0.12.0 installed
2020-11-23 20:31:41.813 T:2870014832  NOTICE: ADDON: script.module.mechanize v0.2.6 installed
2020-11-23 20:31:41.813 T:2870014832  NOTICE: ADDON: script.module.mediathekxmlservice v1.0.0 installed
2020-11-23 20:31:41.813 T:2870014832  NOTICE: ADDON: script.module.metadatautils v1.0.0 installed
2020-11-23 20:31:41.813 T:2870014832  NOTICE: ADDON: script.module.musicbrainz v0.6.0 installed
2020-11-23 20:31:41.813 T:2870014832  NOTICE: ADDON: script.module.pil v1.1.7 installed
2020-11-23 20:31:41.813 T:2870014832  NOTICE: ADDON: script.module.pyautogui v0.9.50 installed
2020-11-23 20:31:41.813 T:2870014832  NOTICE: ADDON: script.module.pycryptodome v3.4.3 installed
2020-11-23 20:31:41.813 T:2870014832  NOTICE: ADDON: script.module.pydes v2.0.4 installed
2020-11-23 20:31:41.813 T:2870014832  NOTICE: ADDON: script.module.pysocks v1.6.8 installed
2020-11-23 20:31:41.813 T:2870014832  NOTICE: ADDON: script.module.pyxbmct v1.3.1 installed
2020-11-23 20:31:41.813 T:2870014832  NOTICE: ADDON: script.module.requests v2.22.0 installed
2020-11-23 20:31:41.813 T:2870014832  NOTICE: ADDON: script.module.routing v0.2.3 installed
2020-11-23 20:31:41.813 T:2870014832  NOTICE: ADDON: script.module.simplecache v1.0.20 installed
2020-11-23 20:31:41.813 T:2870014832  NOTICE: ADDON: script.module.simplejson v3.16.1 installed
2020-11-23 20:31:41.813 T:2870014832  NOTICE: ADDON: script.module.six v1.13.0 installed
2020-11-23 20:31:41.813 T:2870014832  NOTICE: ADDON: script.module.t1mlib v1.0.18 installed
2020-11-23 20:31:41.813 T:2870014832  NOTICE: ADDON: script.module.thetvdb v1.0.12 installed
2020-11-23 20:31:41.813 T:2870014832  NOTICE: ADDON: script.module.urllib3 v1.25.6 installed
2020-11-23 20:31:41.813 T:2870014832  NOTICE: ADDON: script.module.xbmcswift2 v13.0.0 installed
2020-11-23 20:31:41.813 T:2870014832  NOTICE: ADDON: script.module.youtube.dl v20.616.0 installed
2020-11-23 20:31:41.813 T:2870014832  NOTICE: ADDON: script.program.driverselect v0.1.6 installed
2020-11-23 20:31:41.813 T:2870014832  NOTICE: ADDON: script.skin.helper.service v1.1.3 installed
2020-11-23 20:31:41.813 T:2870014832  NOTICE: ADDON: script.tubecast v1.4.5 installed
2020-11-23 20:31:41.813 T:2870014832  NOTICE: ADDON: script.tv.show.next.aired v6.0.15 installed
2020-11-23 20:31:41.813 T:2870014832  NOTICE: ADDON: service.library.data.provider v0.3.2 installed
2020-11-23 20:31:41.813 T:2870014832  NOTICE: ADDON: service.libreelec.settings v9.0.0 installed
2020-11-23 20:31:41.813 T:2870014832  NOTICE: ADDON: skin.ace2 v1.6.0 installed
2020-11-23 20:31:41.813 T:2870014832  NOTICE: ADDON: skin.estuary v2.0.27 installed
2020-11-23 20:31:41.813 T:2870014832  NOTICE: ADDON: virtual.multimedia-tools v9.2.0.109 installed
2020-11-23 20:31:41.813 T:2870014832  NOTICE: ADDON: virtual.system-tools v9.2.0.111 installed
2020-11-23 20:31:41.813 T:2870014832  NOTICE: ADDON: webinterface.arch v2.0.5 installed
2020-11-23 20:31:41.813 T:2870014832  NOTICE: ADDON: webinterface.awxi v0.7.6 installed
2020-11-23 20:31:41.813 T:2870014832  NOTICE: ADDON: webinterface.chorus v0.3.10 installed
2020-11-23 20:31:41.813 T:2870014832  NOTICE: ADDON: webinterface.default v18.x-2.4.6 installed
2020-11-23 20:31:41.813 T:2870014832  NOTICE: ADDON: webinterface.hax v0.1.1 installed
2020-11-23 20:31:41.813 T:2870014832  NOTICE: ADDON: xbmc.addon v18.9 installed
2020-11-23 20:31:41.813 T:2870014832  NOTICE: ADDON: xbmc.core v0.1.0 installed
2020-11-23 20:31:41.814 T:2870014832  NOTICE: ADDON: xbmc.gui v5.14.0 installed
2020-11-23 20:31:41.814 T:2870014832  NOTICE: ADDON: xbmc.json v10.3.0 installed
2020-11-23 20:31:41.814 T:2870014832  NOTICE: ADDON: xbmc.metadata v2.1.0 installed
2020-11-23 20:31:41.814 T:2870014832  NOTICE: ADDON: xbmc.python v2.26.0 installed
2020-11-23 20:31:41.814 T:2870014832  NOTICE: ADDON: xbmc.webinterface v1.0.0 installed
2020-11-23 20:31:42.605 T:2881561456  NOTICE: ADDON: audioencoder.kodi.builtin.aac v1.0.0 installed
2020-11-23 20:31:42.605 T:2881561456  NOTICE: ADDON: audioencoder.kodi.builtin.wma v1.0.0 installed
2020-11-23 20:31:42.605 T:2881561456  NOTICE: ADDON: driver.dvb.crazycat v9.2.0.0 installed
2020-11-23 20:31:42.605 T:2881561456  NOTICE: ADDON: driver.dvb.dvb-latest v9.2.0.0 installed
2020-11-23 20:31:42.605 T:2881561456  NOTICE: ADDON: game.controller.default v1.0.8 installed
2020-11-23 20:31:42.605 T:2881561456  NOTICE: ADDON: game.controller.snes v1.0.8 installed
2020-11-23 20:31:42.605 T:2881561456  NOTICE: ADDON: inputstream.adaptive v2.4.6.1 installed
2020-11-23 20:31:42.605 T:2881561456  NOTICE: ADDON: inputstream.rtmp v2.0.9.2 installed
2020-11-23 20:31:42.605 T:2881561456  NOTICE: ADDON: kodi.binary.global.audioengine v1.0.1 installed
2020-11-23 20:31:42.605 T:2881561456  NOTICE: ADDON: kodi.binary.global.filesystem v1.0.2 installed
2020-11-23 20:31:42.605 T:2881561456  NOTICE: ADDON: kodi.binary.global.general v1.0.3 installed
2020-11-23 20:31:42.605 T:2881561456  NOTICE: ADDON: kodi.binary.global.gui v5.12.0 installed
2020-11-23 20:31:42.605 T:2881561456  NOTICE: ADDON: kodi.binary.global.main v1.0.14 installed
2020-11-23 20:31:42.605 T:2881561456  NOTICE: ADDON: kodi.binary.global.network v1.0.0 installed
2020-11-23 20:31:42.606 T:2881561456  NOTICE: ADDON: kodi.binary.instance.audiodecoder v2.0.0 installed
2020-11-23 20:31:42.606 T:2881561456  NOTICE: ADDON: kodi.binary.instance.audioencoder v2.0.0 installed
2020-11-23 20:31:42.606 T:2881561456  NOTICE: ADDON: kodi.binary.instance.game v1.1.0 installed
2020-11-23 20:31:42.606 T:2881561456  NOTICE: ADDON: kodi.binary.instance.imagedecoder v2.0.0 installed
2020-11-23 20:31:42.606 T:2881561456  NOTICE: ADDON: kodi.binary.instance.inputstream v2.0.8 installed
2020-11-23 20:31:42.606 T:2881561456  NOTICE: ADDON: kodi.binary.instance.peripheral v1.3.7 installed
2020-11-23 20:31:42.606 T:2881561456  NOTICE: ADDON: kodi.binary.instance.pvr v5.10.3 installed
2020-11-23 20:31:42.606 T:2881561456  NOTICE: ADDON: kodi.binary.instance.screensaver v2.0.0 installed
2020-11-23 20:31:42.606 T:2881561456  NOTICE: ADDON: kodi.binary.instance.vfs v2.0.0 installed
2020-11-23 20:31:42.606 T:2881561456  NOTICE: ADDON: kodi.binary.instance.videocodec v1.0.1 installed
2020-11-23 20:31:42.606 T:2881561456  NOTICE: ADDON: kodi.binary.instance.visualization v2.0.1 installed
2020-11-23 20:31:42.606 T:2881561456  NOTICE: ADDON: kodi.resource v1.0.0 installed
2020-11-23 20:31:42.606 T:2881561456  NOTICE: ADDON: metadata.album.universal v3.1.3 installed
2020-11-23 20:31:42.606 T:2881561456  NOTICE: ADDON: metadata.artists.universal v4.3.3 installed
2020-11-23 20:31:42.606 T:2881561456  NOTICE: ADDON: metadata.common.allmusic.com v3.2.2 installed
2020-11-23 20:31:42.606 T:2881561456  NOTICE: ADDON: metadata.common.fanart.tv v3.6.3 installed
2020-11-23 20:31:42.606 T:2881561456  NOTICE: ADDON: metadata.common.imdb.com v3.1.6 installed
2020-11-23 20:31:42.606 T:2881561456  NOTICE: ADDON: metadata.common.musicbrainz.org v2.2.4 installed
2020-11-23 20:31:42.606 T:2881561456  NOTICE: ADDON: metadata.common.theaudiodb.com v2.0.3 installed
2020-11-23 20:31:42.606 T:2881561456  NOTICE: ADDON: metadata.common.themoviedb.org v3.2.11 installed
2020-11-23 20:31:42.606 T:2881561456  NOTICE: ADDON: metadata.local v1.0.0 installed
2020-11-23 20:31:42.606 T:2881561456  NOTICE: ADDON: metadata.themoviedb.org v5.2.2 installed
2020-11-23 20:31:42.606 T:2881561456  NOTICE: ADDON: metadata.tvshows.themoviedb.org v3.5.9 installed
2020-11-23 20:31:42.606 T:2881561456  NOTICE: ADDON: os.libreelec.tv v9.2 installed
2020-11-23 20:31:42.606 T:2881561456  NOTICE: ADDON: os.openelec.tv v9.2 installed
2020-11-23 20:31:42.606 T:2881561456  NOTICE: ADDON: peripheral.joystick v1.4.9 installed
2020-11-23 20:31:42.606 T:2881561456  NOTICE: ADDON: plugin.audio.prime_music v0.10.6 installed
2020-11-23 20:31:42.606 T:2881561456  NOTICE: ADDON: plugin.image.google v0.9.8 installed
2020-11-23 20:31:42.606 T:2881561456  NOTICE: ADDON: plugin.video.3satmediathek v1.2.0 installed
2020-11-23 20:31:42.606 T:2881561456  NOTICE: ADDON: plugin.video.L0RE.arte v0.7.0 installed
2020-11-23 20:31:42.606 T:2881561456  NOTICE: ADDON: plugin.video.L0RE.dmax v1.0.9 installed
2020-11-23 20:31:42.606 T:2881561456  NOTICE: ADDON: plugin.video.L0RE.spiegeltv v1.0.2 installed
2020-11-23 20:31:42.606 T:2881561456  NOTICE: ADDON: plugin.video.amazon-test v0.8.9 installed
2020-11-23 20:31:42.606 T:2881561456  NOTICE: ADDON: plugin.video.ardundzdf v2.9.2 installed
2020-11-23 20:31:42.606 T:2881561456  NOTICE: ADDON: plugin.video.cnn v1.0.0 installed
2020-11-23 20:31:42.606 T:2881561456  NOTICE: ADDON: plugin.video.gq v3.0.4 installed
2020-11-23 20:31:42.606 T:2881561456  NOTICE: ADDON: plugin.video.hrmediathek v1.0.0 installed
2020-11-23 20:31:42.606 T:2881561456  NOTICE: ADDON: plugin.video.koditube v1.0.0 installed
2020-11-23 20:31:42.606 T:2881561456  NOTICE: ADDON: plugin.video.mediathek v0.9.4 installed
2020-11-23 20:31:42.606 T:2881561456  NOTICE: ADDON: plugin.video.mediathekdirekt v0.0.15 installed
2020-11-23 20:31:42.607 T:2881561456  NOTICE: ADDON: plugin.video.nasa v3.0.0 installed
2020-11-23 20:31:42.607 T:2881561456  NOTICE: ADDON: plugin.video.netflix v1.11.0 installed
2020-11-23 20:31:42.607 T:2881561456  NOTICE: ADDON: plugin.video.ng v1.0.0 installed
2020-11-23 20:31:42.607 T:2881561456  NOTICE: ADDON: plugin.video.prosiebensat1 v1.2.0 installed
2020-11-23 20:31:42.607 T:2881561456  NOTICE: ADDON: plugin.video.tagesschau v2.2.2 installed
2020-11-23 20:31:42.607 T:2881561456  NOTICE: ADDON: plugin.video.tyl0re.arte v1.0.2 installed
2020-11-23 20:31:42.607 T:2881561456  NOTICE: ADDON: plugin.video.tyl0re.dmax v2.1.2 installed
2020-11-23 20:31:42.607 T:2881561456  NOTICE: ADDON: plugin.video.tyl0re.spiegeltv v2.0.5 installed
2020-11-23 20:31:42.607 T:2881561456  NOTICE: ADDON: plugin.video.wdrmediathek v1.0.0 installed
2020-11-23 20:31:42.607 T:2881561456  NOTICE: ADDON: plugin.video.youtube v6.8.8 installed
2020-11-23 20:31:42.607 T:2881561456  NOTICE: ADDON: repository.castagnait v1.0.1 installed
2020-11-23 20:31:42.607 T:2881561456  NOTICE: ADDON: repository.kodi.game v1.0.0 installed
2020-11-23 20:31:42.607 T:2881561456  NOTICE: ADDON: repository.kodinerds v9.0.103.103 installed
2020-11-23 20:31:42.607 T:2881561456  NOTICE: ADDON: repository.libreelec.tv v9.2.0 installed
2020-11-23 20:31:42.607 T:2881561456  NOTICE: ADDON: repository.netflix v1.0.1 installed
2020-11-23 20:31:42.607 T:2881561456  NOTICE: ADDON: repository.sandmann79.plugins v1.0.3 installed
2020-11-23 20:31:42.607 T:2881561456  NOTICE: ADDON: repository.saxbmc v1.2.2 installed
2020-11-23 20:31:42.607 T:2881561456  NOTICE: ADDON: repository.xbmc.org v3.1.6 installed
2020-11-23 20:31:42.607 T:2881561456  NOTICE: ADDON: resource.images.weathericons.default v1.1.8 installed
2020-11-23 20:31:42.607 T:2881561456  NOTICE: ADDON: resource.language.de_de v9.0.21 installed
2020-11-23 20:31:42.607 T:2881561456  NOTICE: ADDON: resource.language.en_gb v2.0.1 installed
2020-11-23 20:31:42.607 T:2881561456  NOTICE: ADDON: resource.uisounds.kodi v1.0.0 installed
2020-11-23 20:31:42.607 T:2881561456  NOTICE: ADDON: screensaver.xbmc.builtin.black v1.0.33 installed
2020-11-23 20:31:42.607 T:2881561456  NOTICE: ADDON: screensaver.xbmc.builtin.dim v1.0.59 installed
2020-11-23 20:31:42.607 T:2881561456  NOTICE: ADDON: script.module.addon.signals v0.0.6 installed
2020-11-23 20:31:42.607 T:2881561456  NOTICE: ADDON: script.module.arrow v0.15.5 installed
2020-11-23 20:31:42.607 T:2881561456  NOTICE: ADDON: script.module.backports.functools_lru_cache v1.6.1 installed
2020-11-23 20:31:42.607 T:2881561456  NOTICE: ADDON: script.module.beautifulsoup v3.2.1 installed
2020-11-23 20:31:42.607 T:2881561456  NOTICE: ADDON: script.module.beautifulsoup4 v4.6.2 installed
2020-11-23 20:31:42.607 T:2881561456  NOTICE: ADDON: script.module.bottle v0.12.17 installed
2020-11-23 20:31:42.607 T:2881561456  NOTICE: ADDON: script.module.cache v1.0.3 installed
2020-11-23 20:31:42.607 T:2881561456  NOTICE: ADDON: script.module.certifi v2019.9.11 installed
2020-11-23 20:31:42.607 T:2881561456  NOTICE: ADDON: script.module.chardet v3.0.4 installed
2020-11-23 20:31:42.607 T:2881561456  NOTICE: ADDON: script.module.dateutil v2.8.1 installed
2020-11-23 20:31:42.607 T:2881561456  NOTICE: ADDON: script.module.future v0.17.1 installed
2020-11-23 20:31:42.607 T:2881561456  NOTICE: ADDON: script.module.idna v2.8 installed
2020-11-23 20:31:42.607 T:2881561456  NOTICE: ADDON: script.module.inputstreamhelper v0.5.1 installed
2020-11-23 20:31:42.607 T:2881561456  NOTICE: ADDON: script.module.kodi-six v0.1.3 installed
2020-11-23 20:31:42.607 T:2881561456  NOTICE: ADDON: script.module.lib3sat v1.0.0 installed
2020-11-23 20:31:42.607 T:2881561456  NOTICE: ADDON: script.module.libard v1.0.0 installed
2020-11-23 20:31:42.607 T:2881561456  NOTICE: ADDON: script.module.libbr v1.0.0 installed
2020-11-23 20:31:42.607 T:2881561456  NOTICE: ADDON: script.module.libdaserste v1.0.0 installed
2020-11-23 20:31:42.608 T:2881561456  NOTICE: ADDON: script.module.libhr v1.0.0 installed
2020-11-23 20:31:42.608 T:2881561456  NOTICE: ADDON: script.module.libmediathek3 v1.5.0 installed
2020-11-23 20:31:42.608 T:2881561456  NOTICE: ADDON: script.module.libndr v1.0.0 installed
2020-11-23 20:31:42.608 T:2881561456  NOTICE: ADDON: script.module.libwdr v1.0.0 installed
2020-11-23 20:31:42.608 T:2881561456  NOTICE: ADDON: script.module.libzdf v2.1.7 installed
2020-11-23 20:31:42.608 T:2881561456  NOTICE: ADDON: script.module.mechanicalsoup v0.12.0 installed
2020-11-23 20:31:42.608 T:2881561456  NOTICE: ADDON: script.module.mechanize v0.2.6 installed
2020-11-23 20:31:42.608 T:2881561456  NOTICE: ADDON: script.module.mediathekxmlservice v1.0.0 installed
2020-11-23 20:31:42.608 T:2881561456  NOTICE: ADDON: script.module.metadatautils v1.0.0 installed
2020-11-23 20:31:42.608 T:2881561456  NOTICE: ADDON: script.module.musicbrainz v0.6.0 installed
2020-11-23 20:31:42.608 T:2881561456  NOTICE: ADDON: script.module.pil v1.1.7 installed
2020-11-23 20:31:42.608 T:2881561456  NOTICE: ADDON: script.module.pyautogui v0.9.50 installed
2020-11-23 20:31:42.608 T:2881561456  NOTICE: ADDON: script.module.pycryptodome v3.4.3 installed
2020-11-23 20:31:42.608 T:2881561456  NOTICE: ADDON: script.module.pydes v2.0.4 installed
2020-11-23 20:31:42.608 T:2881561456  NOTICE: ADDON: script.module.pysocks v1.6.8 installed
2020-11-23 20:31:42.608 T:2881561456  NOTICE: ADDON: script.module.pyxbmct v1.3.1 installed
2020-11-23 20:31:42.608 T:2881561456  NOTICE: ADDON: script.module.requests v2.22.0 installed
2020-11-23 20:31:42.608 T:2881561456  NOTICE: ADDON: script.module.routing v0.2.3 installed
2020-11-23 20:31:42.608 T:2881561456  NOTICE: ADDON: script.module.simplecache v1.0.20 installed
2020-11-23 20:31:42.608 T:2881561456  NOTICE: ADDON: script.module.simplejson v3.16.1 installed
2020-11-23 20:31:42.608 T:2881561456  NOTICE: ADDON: script.module.six v1.13.0 installed
2020-11-23 20:31:42.608 T:2881561456  NOTICE: ADDON: script.module.t1mlib v1.0.18 installed
2020-11-23 20:31:42.608 T:2881561456  NOTICE: ADDON: script.module.thetvdb v1.0.12 installed
2020-11-23 20:31:42.608 T:2881561456  NOTICE: ADDON: script.module.urllib3 v1.25.6 installed
2020-11-23 20:31:42.608 T:2881561456  NOTICE: ADDON: script.module.xbmcswift2 v13.0.0 installed
2020-11-23 20:31:42.608 T:2881561456  NOTICE: ADDON: script.module.youtube.dl v20.616.0 installed
2020-11-23 20:31:42.608 T:2881561456  NOTICE: ADDON: script.program.driverselect v0.1.6 installed
2020-11-23 20:31:42.608 T:2881561456  NOTICE: ADDON: script.skin.helper.service v1.1.3 installed
2020-11-23 20:31:42.608 T:2881561456  NOTICE: ADDON: script.tubecast v1.4.5 installed
2020-11-23 20:31:42.608 T:2881561456  NOTICE: ADDON: script.tv.show.next.aired v6.0.15 installed
2020-11-23 20:31:42.608 T:2881561456  NOTICE: ADDON: service.library.data.provider v0.3.2 installed
2020-11-23 20:31:42.608 T:2881561456  NOTICE: ADDON: service.libreelec.settings v9.0.0 installed
2020-11-23 20:31:42.608 T:2881561456  NOTICE: ADDON: skin.ace2 v1.6.0 installed
2020-11-23 20:31:42.608 T:2881561456  NOTICE: ADDON: skin.estuary v2.0.27 installed
2020-11-23 20:31:42.608 T:2881561456  NOTICE: ADDON: virtual.multimedia-tools v9.2.0.109 installed
2020-11-23 20:31:42.608 T:2881561456  NOTICE: ADDON: virtual.system-tools v9.2.0.111 installed
2020-11-23 20:31:42.608 T:2881561456  NOTICE: ADDON: webinterface.arch v2.0.5 installed
2020-11-23 20:31:42.608 T:2881561456  NOTICE: ADDON: webinterface.awxi v0.7.6 installed
2020-11-23 20:31:42.608 T:2881561456  NOTICE: ADDON: webinterface.chorus v0.3.10 installed
2020-11-23 20:31:42.608 T:2881561456  NOTICE: ADDON: webinterface.default v18.x-2.4.6 installed
2020-11-23 20:31:42.608 T:2881561456  NOTICE: ADDON: webinterface.hax v0.1.1 installed
2020-11-23 20:31:42.609 T:2881561456  NOTICE: ADDON: xbmc.addon v18.9 installed
2020-11-23 20:31:42.609 T:2881561456  NOTICE: ADDON: xbmc.core v0.1.0 installed
2020-11-23 20:31:42.609 T:2881561456  NOTICE: ADDON: xbmc.gui v5.14.0 installed
2020-11-23 20:31:42.609 T:2881561456  NOTICE: ADDON: xbmc.json v10.3.0 installed
2020-11-23 20:31:42.609 T:2881561456  NOTICE: ADDON: xbmc.metadata v2.1.0 installed
2020-11-23 20:31:42.609 T:2881561456  NOTICE: ADDON: xbmc.python v2.26.0 installed
2020-11-23 20:31:42.609 T:2881561456  NOTICE: ADDON: xbmc.webinterface v1.0.0 installed
2020-11-23 20:33:44.806 T:3011601744  NOTICE: VideoPlayer::OpenFile: plugin://plugin.video.mediathek/?type=ZDF&action=openJsonLink&link=https%3A%2F%2Fzdf-cdn.live.cellular.de%2FmediathekV2%2Fdocument%2F201123-heute-sendung-19-uhr-100
2020-11-23 20:33:44.945 T:2521559920  NOTICE: Creating InputStream
2020-11-23 20:33:45.133 T:2521559920  NOTICE: Creating Demuxer
2020-11-23 20:33:45.584 T:2521559920  NOTICE: Opening stream: 0 source: 256
2020-11-23 20:33:45.584 T:2521559920  NOTICE: Creating video codec with codec id: 27
2020-11-23 20:33:45.596 T:2521559920  NOTICE: Creating video thread
2020-11-23 20:33:45.596 T:2794521456  NOTICE: running thread: video_thread
2020-11-23 20:33:45.666 T:2521559920  NOTICE: Opening stream: 1 source: 256
2020-11-23 20:33:45.666 T:2521559920  NOTICE: Finding audio codec for: 86018
2020-11-23 20:33:45.669 T:2521559920  NOTICE: CDVDAudioCodecFFmpeg::Open() Successful opened audio decoder aac
2020-11-23 20:33:45.669 T:2521559920  NOTICE: Creating audio thread
2020-11-23 20:33:45.670 T:2440770416  NOTICE: running thread: CVideoPlayerAudio::Process()
2020-11-23 20:33:45.670 T:2440770416  NOTICE: Creating audio stream (codec id: 86018, channels: 2, sample rate: 44100, no pass-through)
2020-11-23 20:33:46.222 T:2794521456 WARNING: CRenderManager::WaitForBuffer - timeout waiting for buffer
2020-11-23 20:36:36.904 T:2734613360  NOTICE: script.tv.show.next.aired: ### no prior data found
2020-11-23 20:36:38.905 T:2734613360  NOTICE: script.tv.show.next.aired: ### starting data update
2020-11-23 20:36:38.905 T:2734613360  NOTICE: script.tv.show.next.aired: ### grabbing a new country mapping list
2020-11-23 20:46:37.775 T:2734613360  NOTICE: script.tv.show.next.aired: ### no prior data found
2020-11-23 20:46:39.776 T:2734613360  NOTICE: script.tv.show.next.aired: ### starting data update
2020-11-23 20:46:39.776 T:2734613360  NOTICE: script.tv.show.next.aired: ### grabbing a new country mapping list
2020-11-23 20:52:11.610 T:2521559920  NOTICE: CVideoPlayer::OnExit()
2020-11-23 20:52:11.610 T:2521559920  NOTICE: VideoPlayer: eof, waiting for queues to empty
2020-11-23 20:52:11.611 T:2521559920  NOTICE: Closing stream player 1
2020-11-23 20:52:11.611 T:2521559920  NOTICE: CDVDMessageQueue(audio)::WaitUntilEmpty
2020-11-23 20:52:11.611 T:2521559920  NOTICE: Waiting for audio thread to exit
2020-11-23 20:52:11.611 T:2440770416   ERROR: Got MSGQ_ABORT or MSGO_IS_ERROR return true
2020-11-23 20:52:11.611 T:2440770416  NOTICE: thread end: CVideoPlayerAudio::OnExit()
2020-11-23 20:52:11.611 T:2521559920  NOTICE: Closing audio device
2020-11-23 20:52:11.646 T:2521559920  NOTICE: Deleting audio codec
2020-11-23 20:52:11.646 T:2521559920  NOTICE: Closing stream player 2
2020-11-23 20:52:11.646 T:2521559920  NOTICE: CDVDMessageQueue(video)::WaitUntilEmpty
2020-11-23 20:52:11.787 T:2521559920  NOTICE: waiting for video thread to exit
2020-11-23 20:52:11.787 T:2794521456   ERROR: Got MSGQ_ABORT or MSGO_IS_ERROR return true
2020-11-23 20:52:11.788 T:2794521456  NOTICE: thread end: video_thread
2020-11-23 20:52:11.788 T:2521559920  NOTICE: deleting video codec
2020-11-23 20:52:11.874 T:3011601744  NOTICE: CVideoPlayer::CloseFile()
2020-11-23 20:52:11.909 T:3011601744  NOTICE: VideoPlayer: waiting for threads to exit
2020-11-23 20:52:11.909 T:3011601744  NOTICE: VideoPlayer: finished waiting
2020-11-23 20:52:11.909 T:3011601744  NOTICE: CVideoPlayer::CloseFile()
2020-11-23 20:52:11.910 T:3011601744  NOTICE: VideoPlayer: waiting for threads to exit
2020-11-23 20:52:11.910 T:3011601744  NOTICE: VideoPlayer: finished waiting
2020-11-23 20:52:11.928 T:3011601744   ERROR: Control 55 in window 10025 has been asked to focus, but it can't
2020-11-23 20:52:15.845 T:2334434160 WARNING: CreateLoader - unsupported protocol(thumb) in thumb://None/
2020-11-23 20:52:18.549 T:3011601744   ERROR: Control 55 in window 10025 has been asked to focus, but it can't
2020-11-23 20:52:29.049 T:2504774512 WARNING: Skin Helper Service --> Traceback (most recent call last):
                                              File "/storage/.kodi/addons/script.skin.helper.service/resources/lib/listitem_monitor.py", line 312, in set_listitem_details
                                                details["year"], details["imdbnumber"], details["tvshowtitle"])
                                              File "/storage/.kodi/addons/script.module.simplecache/lib/simplecache.py", line 313, in decorated
                                              File "/storage/.kodi/addons/script.module.simplecache/lib/simplecache.py", line 68, in get
                                              File "/storage/.kodi/addons/script.module.simplecache/lib/simplecache.py", line 158, in _get_db_cache
                                                self._execute_sql(query, (endpoint, expires, data, checksum))
                                              File "/storage/.kodi/addons/script.module.simplecache/lib/simplecache.py", line 134, in _set_mem_cache
                                                '''get cache data from sqllite _database'''
                                            UnicodeEncodeError: 'ascii' codec can't encode character u'\u2013' in position 45: ordinal not in range(128)
2020-11-23 20:52:29.049 T:2504774512   ERROR: Skin Helper Service --> Exception in resources.lib.listitem_monitor ! --> 'ascii' codec can't encode character u'\u2013' in position 45: ordinal not in range(128)
2020-11-23 20:52:29.545 T:2811306864 WARNING: Skin Helper Service --> Traceback (most recent call last):
                                              File "/storage/.kodi/addons/script.skin.helper.service/resources/lib/listitem_monitor.py", line 312, in set_listitem_details
                                                details["year"], details["imdbnumber"], details["tvshowtitle"])
                                              File "/storage/.kodi/addons/script.module.simplecache/lib/simplecache.py", line 313, in decorated
                                              File "/storage/.kodi/addons/script.module.simplecache/lib/simplecache.py", line 68, in get
                                              File "/storage/.kodi/addons/script.module.simplecache/lib/simplecache.py", line 158, in _get_db_cache
                                                self._execute_sql(query, (endpoint, expires, data, checksum))
                                              File "/storage/.kodi/addons/script.module.simplecache/lib/simplecache.py", line 134, in _set_mem_cache
                                                '''get cache data from sqllite _database'''
                                            UnicodeEncodeError: 'ascii' codec can't encode character u'\u2013' in position 39: ordinal not in range(128)
2020-11-23 20:52:29.545 T:2811306864   ERROR: Skin Helper Service --> Exception in resources.lib.listitem_monitor ! --> 'ascii' codec can't encode character u'\u2013' in position 39: ordinal not in range(128)
2020-11-23 20:52:30.112 T:2308006768 WARNING: Skin Helper Service --> Traceback (most recent call last):
                                              File "/storage/.kodi/addons/script.skin.helper.service/resources/lib/listitem_monitor.py", line 312, in set_listitem_details
                                                details["year"], details["imdbnumber"], details["tvshowtitle"])
                                              File "/storage/.kodi/addons/script.module.simplecache/lib/simplecache.py", line 313, in decorated
                                              File "/storage/.kodi/addons/script.module.simplecache/lib/simplecache.py", line 68, in get
                                              File "/storage/.kodi/addons/script.module.simplecache/lib/simplecache.py", line 158, in _get_db_cache
                                                self._execute_sql(query, (endpoint, expires, data, checksum))
                                              File "/storage/.kodi/addons/script.module.simplecache/lib/simplecache.py", line 134, in _set_mem_cache
                                                '''get cache data from sqllite _database'''
                                            UnicodeEncodeError: 'ascii' codec can't encode character u'\u2013' in position 42: ordinal not in range(128)
2020-11-23 20:52:30.112 T:2308006768   ERROR: Skin Helper Service --> Exception in resources.lib.listitem_monitor ! --> 'ascii' codec can't encode character u'\u2013' in position 42: ordinal not in range(128)
2020-11-23 20:52:42.231 T:2513167216   ERROR: EXCEPTION: Invalid setting type
2020-11-23 20:52:42.232 T:2513167216  NOTICE: [script.module.inputstreamhelper] Widevine update check was made on 2020-11-19 21:05
2020-11-23 20:52:42.321 T:3011601744  NOTICE: VideoPlayer::OpenFile: plugin://plugin.video.netflix/play/show/80025678/season/80215846/episode/80215491/?profile_guid=AB65UH7MH5DGHDDLDTEPE5N5SE
2020-11-23 20:52:42.323 T:2811306864  NOTICE: Creating InputStream
2020-11-23 20:52:42.402 T:2811306864   ERROR: GetDirectory - Error getting /usr/lib/kodi/addons/inputstream.adaptive/
2020-11-23 20:52:44.167 T:2811306864  NOTICE: Creating Demuxer
2020-11-23 20:52:44.168 T:2811306864  NOTICE: Opening stream: 1001 source: 256
2020-11-23 20:52:44.256 T:2811306864  NOTICE: Creating video codec with codec id: 27
2020-11-23 20:52:44.267 T:2811306864  NOTICE: Creating video thread
2020-11-23 20:52:44.267 T:2101412720  NOTICE: running thread: video_thread
2020-11-23 20:52:44.267 T:2811306864  NOTICE: Opening stream: 1002 source: 256
2020-11-23 20:52:44.297 T:2811306864  NOTICE: Finding audio codec for: 86056
2020-11-23 20:52:44.298 T:2811306864  NOTICE: CDVDAudioCodecFFmpeg::Open() Successful opened audio decoder eac3
2020-11-23 20:52:44.298 T:2811306864  NOTICE: Creating audio thread
2020-11-23 20:52:44.298 T:2087539568  NOTICE: running thread: CVideoPlayerAudio::Process()
2020-11-23 20:52:44.299 T:2811306864  NOTICE: Opening stream: 1015 source: 256
2020-11-23 20:52:45.019 T:2087539568  NOTICE: Creating audio stream (codec id: 86056, channels: 6, sample rate: 48000, no pass-through)
2020-11-23 21:01:38.027 T:2734613360  NOTICE: script.tv.show.next.aired: ### no prior data found
2020-11-23 21:01:40.028 T:2734613360  NOTICE: script.tv.show.next.aired: ### starting data update
2020-11-23 21:01:40.028 T:2734613360  NOTICE: script.tv.show.next.aired: ### grabbing a new country mapping list
2020-11-23 21:12:29.058 T:3011601744  NOTICE: CVideoPlayer::CloseFile()
2020-11-23 21:12:29.060 T:2811306864  NOTICE: CVideoPlayer::OnExit()
2020-11-23 21:12:29.060 T:2811306864  NOTICE: Closing stream player 1
2020-11-23 21:12:29.060 T:2811306864  NOTICE: Waiting for audio thread to exit
2020-11-23 21:12:29.070 T:2087539568  NOTICE: thread end: CVideoPlayerAudio::OnExit()
2020-11-23 21:12:29.070 T:2811306864  NOTICE: Closing audio device
2020-11-23 21:12:29.121 T:2811306864  NOTICE: Deleting audio codec
2020-11-23 21:12:29.121 T:2811306864  NOTICE: Closing stream player 2
2020-11-23 21:12:29.121 T:2811306864  NOTICE: waiting for video thread to exit
2020-11-23 21:12:29.141 T:2101412720  NOTICE: thread end: video_thread
2020-11-23 21:12:29.142 T:2811306864  NOTICE: deleting video codec
2020-11-23 21:12:29.144 T:3011601744  NOTICE: VideoPlayer: waiting for threads to exit
2020-11-23 21:12:29.532 T:2811306864  NOTICE: Closing stream player 3
2020-11-23 21:12:29.577 T:3011601744  NOTICE: VideoPlayer: finished waiting
2020-11-23 21:12:29.577 T:3011601744  NOTICE: CVideoPlayer::CloseFile()
2020-11-23 21:12:29.577 T:3011601744  NOTICE: VideoPlayer: waiting for threads to exit
2020-11-23 21:12:29.577 T:3011601744  NOTICE: VideoPlayer: finished waiting
2020-11-23 21:12:29.706 T:3011601744   ERROR: Control 55 in window 10025 has been asked to focus, but it can't
2020-11-23 21:12:44.578 T:2513167216   ERROR: EXCEPTION: Invalid setting type
2020-11-23 21:12:44.578 T:2513167216  NOTICE: [script.module.inputstreamhelper] Widevine update check was made on 2020-11-19 21:05
2020-11-23 21:12:44.678 T:3011601744  NOTICE: VideoPlayer::OpenFile: plugin://plugin.video.netflix/play/show/80025678/season/80215846/episode/80215492/?profile_guid=AB65UH7MH5DGHDDLDTEPE5N5SE
2020-11-23 21:12:44.689 T:2482733936  NOTICE: Creating InputStream
2020-11-23 21:12:44.704 T:2482733936   ERROR: GetDirectory - Error getting /usr/lib/kodi/addons/inputstream.adaptive/
2020-11-23 21:12:46.123 T:2482733936  NOTICE: Creating Demuxer
2020-11-23 21:12:46.124 T:2482733936  NOTICE: Opening stream: 1001 source: 256
2020-11-23 21:12:46.207 T:2482733936  NOTICE: Creating video codec with codec id: 27
2020-11-23 21:12:46.219 T:2482733936  NOTICE: Creating video thread
2020-11-23 21:12:46.220 T:2521822064  NOTICE: running thread: video_thread
2020-11-23 21:12:46.220 T:2482733936  NOTICE: Opening stream: 1002 source: 256
2020-11-23 21:12:46.248 T:2482733936  NOTICE: Finding audio codec for: 86056
2020-11-23 21:12:46.250 T:2482733936  NOTICE: CDVDAudioCodecFFmpeg::Open() Successful opened audio decoder eac3
2020-11-23 21:12:46.250 T:2482733936  NOTICE: Creating audio thread
2020-11-23 21:12:46.250 T:2053108592  NOTICE: running thread: CVideoPlayerAudio::Process()
2020-11-23 21:12:46.250 T:2482733936  NOTICE: Opening stream: 1015 source: 256
2020-11-23 21:12:46.775 T:2053108592  NOTICE: Creating audio stream (codec id: 86056, channels: 6, sample rate: 48000, no pass-through)
2020-11-23 21:21:38.541 T:2734613360  NOTICE: script.tv.show.next.aired: ### no prior data found
2020-11-23 21:21:40.541 T:2734613360  NOTICE: script.tv.show.next.aired: ### starting data update
2020-11-23 21:21:40.541 T:2734613360  NOTICE: script.tv.show.next.aired: ### grabbing a new country mapping list
2020-11-23 21:46:38.570 T:2734613360  NOTICE: script.tv.show.next.aired: ### no prior data found
2020-11-23 21:46:40.570 T:2734613360  NOTICE: script.tv.show.next.aired: ### starting data update
2020-11-23 21:46:40.570 T:2734613360  NOTICE: script.tv.show.next.aired: ### grabbing a new country mapping list
2020-11-23 22:04:33.109 T:2482733936  NOTICE: CVideoPlayer::OnExit()
2020-11-23 22:04:33.110 T:2482733936  NOTICE: VideoPlayer: eof, waiting for queues to empty
2020-11-23 22:04:33.110 T:2482733936  NOTICE: Closing stream player 1
2020-11-23 22:04:33.111 T:2482733936  NOTICE: CDVDMessageQueue(audio)::WaitUntilEmpty
2020-11-23 22:04:33.112 T:2482733936  NOTICE: Waiting for audio thread to exit
2020-11-23 22:04:33.112 T:2053108592  NOTICE: thread end: CVideoPlayerAudio::OnExit()
2020-11-23 22:04:33.112 T:2482733936  NOTICE: Closing audio device
2020-11-23 22:04:33.491 T:2482733936  NOTICE: Deleting audio codec
2020-11-23 22:04:33.492 T:2482733936  NOTICE: Closing stream player 2
2020-11-23 22:04:33.493 T:2482733936  NOTICE: CDVDMessageQueue(video)::WaitUntilEmpty
2020-11-23 22:04:33.493 T:2482733936  NOTICE: waiting for video thread to exit
2020-11-23 22:04:33.493 T:2521822064   ERROR: Got MSGQ_ABORT or MSGO_IS_ERROR return true
2020-11-23 22:04:33.493 T:2521822064  NOTICE: thread end: video_thread
2020-11-23 22:04:33.493 T:2482733936  NOTICE: deleting video codec
2020-11-23 22:04:33.927 T:2482733936  NOTICE: Closing stream player 3
2020-11-23 22:04:33.999 T:3011601744  NOTICE: CVideoPlayer::CloseFile()
2020-11-23 22:04:34.048 T:3011601744  NOTICE: VideoPlayer: waiting for threads to exit
2020-11-23 22:04:34.048 T:3011601744  NOTICE: VideoPlayer: finished waiting
2020-11-23 22:04:34.048 T:3011601744  NOTICE: CVideoPlayer::CloseFile()
2020-11-23 22:04:34.048 T:3011601744  NOTICE: VideoPlayer: waiting for threads to exit
2020-11-23 22:04:34.048 T:3011601744  NOTICE: VideoPlayer: finished waiting
2020-11-23 22:04:34.067 T:3011601744   ERROR: Control 55 in window 10025 has been asked to focus, but it can't
2020-11-23 22:08:32.653 T:2482733936 WARNING: CreateLoader - unsupported protocol(thumb) in thumb://None/
2020-11-23 22:08:37.133 T:3011601744 WARNING: Previous line repeats 1 times.
2020-11-23 22:08:37.133 T:3011601744  NOTICE: VideoPlayer::OpenFile: https://ndrfs-lh.akamaihd.net/i/ndrfs_sh@430234/index_3776_av-p.m3u8
2020-11-23 22:08:37.229 T:2307908464  NOTICE: Creating InputStream
2020-11-23 22:08:37.303 T:2307908464  NOTICE: Creating Demuxer
2020-11-23 22:08:37.449 T:2811306864 WARNING: CreateLoader - unsupported protocol(thumb) in thumb://None/
2020-11-23 22:08:37.778 T:2307908464  NOTICE: Opening stream: 0 source: 256
2020-11-23 22:08:37.778 T:2307908464  NOTICE: Creating video codec with codec id: 27
2020-11-23 22:08:37.794 T:2307908464  NOTICE: Creating video thread
2020-11-23 22:08:37.794 T:2265682800  NOTICE: running thread: video_thread
2020-11-23 22:08:37.852 T:2307908464  NOTICE: Opening stream: 1 source: 256
2020-11-23 22:08:37.852 T:2307908464  NOTICE: Finding audio codec for: 86018
2020-11-23 22:08:37.856 T:2307908464  NOTICE: CDVDAudioCodecFFmpeg::Open() Successful opened audio decoder aac
2020-11-23 22:08:37.856 T:2307908464  NOTICE: Creating audio thread
2020-11-23 22:08:37.857 T:2126590832  NOTICE: running thread: CVideoPlayerAudio::Process()
2020-11-23 22:08:37.867 T:2126590832  NOTICE: Creating audio stream (codec id: 86018, channels: 2, sample rate: 48000, no pass-through)
2020-11-23 22:10:41.278 T:3011601744   ERROR: Control 602 in window 12901 has been asked to focus, but it can't
2020-11-23 22:11:19.074 T:3011601744   ERROR: Previous line repeats 1 times.
2020-11-23 22:11:19.075 T:3011601744  NOTICE: CVideoPlayer::CloseFile()
2020-11-23 22:11:19.075 T:2307908464  NOTICE: CVideoPlayer::OnExit()
2020-11-23 22:11:19.075 T:2307908464  NOTICE: Closing stream player 1
2020-11-23 22:11:19.075 T:2307908464  NOTICE: Waiting for audio thread to exit
2020-11-23 22:11:19.121 T:2126590832  NOTICE: thread end: CVideoPlayerAudio::OnExit()
2020-11-23 22:11:19.121 T:2307908464  NOTICE: Closing audio device
2020-11-23 22:11:19.144 T:3011601744  NOTICE: VideoPlayer: waiting for threads to exit
2020-11-23 22:11:19.172 T:2307908464  NOTICE: Deleting audio codec
2020-11-23 22:11:19.173 T:2307908464  NOTICE: Closing stream player 2
2020-11-23 22:11:19.173 T:2307908464  NOTICE: waiting for video thread to exit
2020-11-23 22:11:19.213 T:2265682800  NOTICE: thread end: video_thread
2020-11-23 22:11:19.217 T:2307908464  NOTICE: deleting video codec
2020-11-23 22:11:19.231 T:3011601744  NOTICE: VideoPlayer: finished waiting
2020-11-23 22:11:19.231 T:3011601744  NOTICE: CVideoPlayer::CloseFile()
2020-11-23 22:11:19.231 T:3011601744  NOTICE: VideoPlayer: waiting for threads to exit
2020-11-23 22:11:19.231 T:3011601744  NOTICE: VideoPlayer: finished waiting
2020-11-23 22:11:19.601 T:2109805424 WARNING: CreateLoader - unsupported protocol(thumb) in thumb://None/
2020-11-23 22:11:27.171 T:3011601744  NOTICE: VideoPlayer::OpenFile: https://brlive-lh.akamaihd.net/i/bralpha_germany@119899/index_1_av-p.m3u8
2020-11-23 22:11:27.291 T:2176848752  NOTICE: Creating InputStream
2020-11-23 22:11:27.369 T:2176848752  NOTICE: Creating Demuxer
2020-11-23 22:11:27.514 T:2307908464 WARNING: CreateLoader - unsupported protocol(thumb) in thumb://None/
2020-11-23 22:11:27.887 T:2176848752  NOTICE: Opening stream: 0 source: 256
2020-11-23 22:11:27.887 T:2176848752  NOTICE: Creating video codec with codec id: 27
2020-11-23 22:11:27.904 T:2176848752  NOTICE: Creating video thread
2020-11-23 22:11:27.904 T:2087539568  NOTICE: running thread: video_thread
2020-11-23 22:11:27.985 T:2176848752  NOTICE: Opening stream: 1 source: 256
2020-11-23 22:11:27.985 T:2176848752  NOTICE: Finding audio codec for: 86018
2020-11-23 22:11:27.985 T:2176848752  NOTICE: CDVDAudioCodecFFmpeg::Open() Successful opened audio decoder aac
2020-11-23 22:11:27.985 T:2176848752  NOTICE: Creating audio thread
2020-11-23 22:11:27.986 T:2265682800  NOTICE: running thread: CVideoPlayerAudio::Process()
2020-11-23 22:11:27.996 T:2265682800  NOTICE: Creating audio stream (codec id: 86018, channels: 2, sample rate: 48000, no pass-through)
2020-11-23 22:12:00.234 T:3011601744   ERROR: Control 602 in window 12901 has been asked to focus, but it can't
2020-11-23 22:12:02.341 T:3011601744  NOTICE: CVideoPlayer::CloseFile()
2020-11-23 22:12:02.345 T:2176848752  NOTICE: CVideoPlayer::OnExit()
2020-11-23 22:12:02.345 T:2176848752  NOTICE: Closing stream player 1
2020-11-23 22:12:02.345 T:2176848752  NOTICE: Waiting for audio thread to exit
2020-11-23 22:12:02.361 T:2265682800  NOTICE: thread end: CVideoPlayerAudio::OnExit()
2020-11-23 22:12:02.361 T:2176848752  NOTICE: Closing audio device
2020-11-23 22:12:02.394 T:3011601744  NOTICE: VideoPlayer: waiting for threads to exit
2020-11-23 22:12:02.414 T:2176848752  NOTICE: Deleting audio codec
2020-11-23 22:12:02.414 T:2176848752  NOTICE: Closing stream player 2
2020-11-23 22:12:02.414 T:2176848752  NOTICE: waiting for video thread to exit
2020-11-23 22:12:02.428 T:2087539568  NOTICE: thread end: video_thread
2020-11-23 22:12:02.429 T:2176848752  NOTICE: deleting video codec
2020-11-23 22:12:02.444 T:3011601744  NOTICE: VideoPlayer: finished waiting
2020-11-23 22:12:02.445 T:3011601744  NOTICE: CVideoPlayer::CloseFile()
2020-11-23 22:12:02.445 T:3011601744  NOTICE: VideoPlayer: waiting for threads to exit
2020-11-23 22:12:02.445 T:3011601744  NOTICE: VideoPlayer: finished waiting
2020-11-23 22:12:02.806 T:2482733936 WARNING: CreateLoader - unsupported protocol(thumb) in thumb://None/
2020-11-23 22:12:07.854 T:3011601744 WARNING: Previous line repeats 1 times.
2020-11-23 22:12:07.854 T:3011601744  NOTICE: VideoPlayer::OpenFile: https://artelive-lh.akamaihd.net/i/artelive_de@393591/master.m3u8?b=0-1628&set-segment-duration=quality
2020-11-23 22:12:07.945 T:2316301168  NOTICE: Creating InputStream
2020-11-23 22:12:07.997 T:2316301168  NOTICE: Creating Demuxer
2020-11-23 22:12:08.164 T:2482733936 WARNING: CreateLoader - unsupported protocol(thumb) in thumb://None/
2020-11-23 22:12:14.158 T:2316301168  NOTICE: Opening stream: 18 source: 256
2020-11-23 22:12:14.158 T:2316301168  NOTICE: Creating video codec with codec id: 27
2020-11-23 22:12:14.170 T:2316301168  NOTICE: Creating video thread
2020-11-23 22:12:14.171 T:2274337648  NOTICE: running thread: video_thread
2020-11-23 22:12:14.219 T:2316301168  NOTICE: Opening stream: 19 source: 256
2020-11-23 22:12:14.219 T:2316301168  NOTICE: Finding audio codec for: 86018
2020-11-23 22:12:14.221 T:2316301168  NOTICE: CDVDAudioCodecFFmpeg::Open() Successful opened audio decoder aac
2020-11-23 22:12:14.221 T:2316301168  NOTICE: Creating audio thread
2020-11-23 22:12:14.221 T:2087539568  NOTICE: running thread: CVideoPlayerAudio::Process()
2020-11-23 22:12:14.232 T:2087539568  NOTICE: Creating audio stream (codec id: 86018, channels: 2, sample rate: 48000, no pass-through)
2020-11-23 22:12:14.774 T:2274337648 WARNING: CRenderManager::WaitForBuffer - timeout waiting for buffer
2020-11-23 22:12:19.443 T:3011601744   ERROR: Control 602 in window 12901 has been asked to focus, but it can't
2020-11-23 22:12:21.940 T:3011601744  NOTICE: CVideoPlayer::CloseFile()
2020-11-23 22:12:21.945 T:2316301168  NOTICE: CVideoPlayer::OnExit()
2020-11-23 22:12:21.945 T:2316301168  NOTICE: Closing stream player 1
2020-11-23 22:12:21.945 T:2316301168  NOTICE: Waiting for audio thread to exit
2020-11-23 22:12:21.953 T:2087539568  NOTICE: thread end: CVideoPlayerAudio::OnExit()
2020-11-23 22:12:21.953 T:2316301168  NOTICE: Closing audio device
2020-11-23 22:12:22.005 T:2316301168  NOTICE: Deleting audio codec
2020-11-23 22:12:22.005 T:2316301168  NOTICE: Closing stream player 2
2020-11-23 22:12:22.005 T:2316301168  NOTICE: waiting for video thread to exit
2020-11-23 22:12:22.027 T:2274337648  NOTICE: thread end: video_thread
2020-11-23 22:12:22.027 T:3011601744  NOTICE: VideoPlayer: waiting for threads to exit
2020-11-23 22:12:22.028 T:2316301168  NOTICE: deleting video codec
2020-11-23 22:12:22.061 T:3011601744  NOTICE: VideoPlayer: finished waiting
2020-11-23 22:12:22.061 T:3011601744  NOTICE: CVideoPlayer::CloseFile()
2020-11-23 22:12:22.061 T:3011601744  NOTICE: VideoPlayer: waiting for threads to exit
2020-11-23 22:12:22.061 T:3011601744  NOTICE: VideoPlayer: finished waiting
2020-11-23 22:12:22.414 T:2504774512 WARNING: CreateLoader - unsupported protocol(thumb) in thumb://None/
2020-11-23 22:12:25.524 T:3011601744 WARNING: Previous line repeats 2 times.
2020-11-23 22:12:25.524 T:3011601744  NOTICE: VideoPlayer::OpenFile: https://zdf-hls-17.akamaized.net/hls/live/2016500/de/med/master.m3u8
2020-11-23 22:12:25.531 T:2126590832  NOTICE: Creating InputStream
2020-11-23 22:12:25.624 T:2126590832  NOTICE: Creating Demuxer
2020-11-23 22:12:25.794 T:2504774512 WARNING: CreateLoader - unsupported protocol(thumb) in thumb://None/
2020-11-23 22:12:30.258 T:2126590832  NOTICE: Opening stream: 10 source: 256
2020-11-23 22:12:30.258 T:2126590832  NOTICE: Creating video codec with codec id: 27
2020-11-23 22:12:30.269 T:2126590832  NOTICE: Creating video thread
2020-11-23 22:12:30.269 T:2265682800  NOTICE: running thread: video_thread
2020-11-23 22:12:30.316 T:2126590832  NOTICE: Opening stream: 0 source: 256
2020-11-23 22:12:30.317 T:2126590832  NOTICE: Finding audio codec for: 86018
2020-11-23 22:12:30.319 T:2126590832  NOTICE: CDVDAudioCodecFFmpeg::Open() Successful opened audio decoder aac
2020-11-23 22:12:30.319 T:2126590832  NOTICE: Creating audio thread
2020-11-23 22:12:30.319 T:2070754160  NOTICE: running thread: CVideoPlayerAudio::Process()
2020-11-23 22:12:30.330 T:2070754160  NOTICE: Creating audio stream (codec id: 86018, channels: 2, sample rate: 48000, no pass-through)
2020-11-23 22:12:30.957 T:2265682800 WARNING: CRenderManager::WaitForBuffer - timeout waiting for buffer
2020-11-23 22:13:41.609 T:3011601744   ERROR: Control 602 in window 12901 has been asked to focus, but it can't
2020-11-23 22:16:38.897 T:2734613360  NOTICE: script.tv.show.next.aired: ### no prior data found
2020-11-23 22:16:40.897 T:2734613360  NOTICE: script.tv.show.next.aired: ### starting data update
2020-11-23 22:16:40.898 T:2734613360  NOTICE: script.tv.show.next.aired: ### grabbing a new country mapping list
2020-11-23 22:36:24.905 T:3011601744   ERROR: Control 602 in window 12901 has been asked to focus, but it can't
2020-11-23 22:36:29.705 T:3011601744  NOTICE: CVideoPlayer::CloseFile()
2020-11-23 22:36:29.756 T:2126590832  NOTICE: CVideoPlayer::OnExit()
2020-11-23 22:36:29.756 T:2126590832  NOTICE: Closing stream player 1
2020-11-23 22:36:29.756 T:2126590832  NOTICE: Waiting for audio thread to exit
2020-11-23 22:36:29.792 T:3011601744  NOTICE: VideoPlayer: waiting for threads to exit
2020-11-23 22:36:29.797 T:2070754160  NOTICE: thread end: CVideoPlayerAudio::OnExit()
2020-11-23 22:36:29.797 T:2126590832  NOTICE: Closing audio device
2020-11-23 22:36:29.847 T:2126590832  NOTICE: Deleting audio codec
2020-11-23 22:36:29.848 T:2126590832  NOTICE: Closing stream player 2
2020-11-23 22:36:29.848 T:2126590832  NOTICE: waiting for video thread to exit
2020-11-23 22:36:29.892 T:2265682800  NOTICE: thread end: video_thread
2020-11-23 22:36:29.893 T:2126590832  NOTICE: deleting video codec
2020-11-23 22:36:29.935 T:3011601744  NOTICE: VideoPlayer: finished waiting
2020-11-23 22:36:29.935 T:3011601744  NOTICE: CVideoPlayer::CloseFile()
2020-11-23 22:36:29.935 T:3011601744  NOTICE: VideoPlayer: waiting for threads to exit
2020-11-23 22:36:29.935 T:3011601744  NOTICE: VideoPlayer: finished waiting
2020-11-23 22:36:30.324 T:2101412720 WARNING: CreateLoader - unsupported protocol(thumb) in thumb://None/
2020-11-23 22:36:49.838 T:3011601744  NOTICE: Quitting due to POSIX signal
2020-11-23 22:36:49.871 T:3011601744  NOTICE: Stopping player
2020-11-23 22:36:49.871 T:3011601744  NOTICE: Storing total System Uptime
2020-11-23 22:36:49.871 T:3011601744  NOTICE: Saving settings
2020-11-23 22:36:49.879 T:3011601744  NOTICE: Saving skin settings
2020-11-23 22:36:49.880 T:3011601744  NOTICE: Stopping all
2020-11-23 22:36:49.881 T:3011601744  NOTICE: ES: Stopping event server
2020-11-23 22:36:49.980 T:3011601744  NOTICE: stopping upnp
2020-11-23 22:36:50.389 T:3011601744  NOTICE: stopping zeroconf publishing
2020-11-23 22:36:50.394 T:3011601744  NOTICE: CWebServer[8080]: Stopped
2020-11-23 22:36:50.619 T:2633900912  NOTICE: ES: UDP Event server stopped
2020-11-23 22:36:50.619 T:3011601744  NOTICE: stop dvd detect media
2020-11-23 22:36:50.787 T:2759791472  NOTICE: [Amazon VOD] Service: Proxy server stopped
2020-11-23 22:36:50.788 T:2759791472  NOTICE: [Amazon VOD] Service stopped
2020-11-23 22:36:50.807 T:2759791472 WARNING: CPythonInvoker(4, /storage/.kodi/addons/plugin.video.amazon-test/service.py): the python script "/storage/.kodi/addons/plugin.video.amazon-test/service.py" has left several classes in memory that we couldn't clean up. The classes include: N9XBMCAddon9xbmcaddon5AddonE,N9XBMCAddon7xbmcgui6DialogE,N14PythonBindings31XBMCAddon_xbmc_Monitor_DirectorE
2020-11-23 22:36:51.905 T:2751398768  NOTICE: Skin Helper Service --> Shutdown requested !
2020-11-23 22:36:51.913 T:2751398768  NOTICE: Skin Helper Service --> Skin Helper Service version 1.1.3 stopped
2020-11-23 22:36:52.840 T:2734613360  NOTICE: script.tv.show.next.aired: ### abort requested -- stopping background processing
2020-11-23 22:36:53.130 T:3011601744  NOTICE: Application stopped
2020-11-23 22:36:53.330 T:3011601744  NOTICE: XBApplicationEx: destroying...
2020-11-23 22:36:55.682 T:3011601744  NOTICE: unload skin
2020-11-23 22:36:55.722 T:3011601744 WARNING: Cleanup: Having to cleanup texture lists/focus.png
2020-11-23 22:36:55.940 T:3011601744  NOTICE: unload sections
2020-11-23 22:36:56.470 T:3011601744  NOTICE: XBApplicationEx: application stopped!

############### END LOG FILE ################

############ END kodi CRASH LOG #############
