############## kodi CRASH LOG ###############

################ SYSTEM INFO ################
 Date: Wed Nov 25 22:26:50 CET 2020
 kodi Options: --standalone -fs
 Arch: armv7l
 Kernel: Linux 4.19.127 #1 SMP Sat Oct 24 15:01:22 EDT 2020
 Release: LibreELEC 9.2.6
############## END SYSTEM INFO ##############

############### STACK TRACE #################
=====>  Core file: /storage/.cache/cores/core.!usr!lib!kodi!kodi.bin.1606339595.434
        =========================================
[New LWP 434]
[New LWP 446]
[New LWP 447]
[New LWP 441]
[New LWP 480]
[New LWP 445]
[New LWP 448]
[New LWP 444]
[New LWP 443]
[Thread debugging using libthread_db enabled]
Using host libthread_db library "/usr/lib/libthread_db.so.1".
Core was generated by `/usr/lib/kodi/kodi.bin --standalone -fs'.
Program terminated with signal SIGSEGV, Segmentation fault.
#0  0x00899140 in ?? ()
[Current thread is 1 (Thread 0xb3806550 (LWP 434))]

Thread 9 (Thread 0xb08fe370 (LWP 443)):
#0  0xb4efbffc in ioctl () at ../sysdeps/unix/syscall-template.S:78
Backtrace stopped: Cannot access memory at address 0x6c6c615a

Thread 8 (Thread 0xafcff370 (LWP 444)):
#0  futex_abstimed_wait_cancelable (private=0, abstime=0x0, expected=1, futex_word=0xb4fbe480) at ../sysdeps/unix/sysv/linux/futex-internal.h:205
#1  do_futex_wait (sem=sem@entry=0xb4fbe480, abstime=0x0) at sem_waitcommon.c:115
#2  0xb6f238e0 in __new_sem_wait_slow (sem=0xb4fbe480, abstime=0x0) at sem_waitcommon.c:282
#3  0xb4fa74d4 in ?? () from /usr/lib/libbcm_host.so
Backtrace stopped: previous frame identical to this frame (corrupt stack?)

Thread 7 (Thread 0xaccfc370 (LWP 448)):
#0  futex_abstimed_wait_cancelable (private=0, abstime=0x0, expected=1, futex_word=0xaff03c2c) at ../sysdeps/unix/sysv/linux/futex-internal.h:205
#1  do_futex_wait (sem=sem@entry=0xaff03c2c, abstime=0x0) at sem_waitcommon.c:115
#2  0xb6f238e0 in __new_sem_wait_slow (sem=0xaff03c2c, abstime=0x0) at sem_waitcommon.c:282
#3  0xb4b39b60 in vchiu_queue_pop () from /usr/lib/libvchiq_arm.so
#4  0xb26ebd70 in ?? () from /usr/lib/libopenmaxil.so
Backtrace stopped: previous frame identical to this frame (corrupt stack?)

Thread 6 (Thread 0xae4ff370 (LWP 445)):
#0  futex_abstimed_wait_cancelable (private=0, abstime=0x0, expected=1, futex_word=0xb4fbd5f4) at ../sysdeps/unix/sysv/linux/futex-internal.h:205
#1  do_futex_wait (sem=sem@entry=0xb4fbd5f4, abstime=0x0) at sem_waitcommon.c:115
#2  0xb6f238e0 in __new_sem_wait_slow (sem=0xb4fbd5f4, abstime=0x0) at sem_waitcommon.c:282
#3  0xb4fa33b0 in ?? () from /usr/lib/libbcm_host.so
Backtrace stopped: previous frame identical to this frame (corrupt stack?)

Thread 5 (Thread 0xa2da8370 (LWP 480)):
#0  __GI___poll (timeout=-1, nfds=2, fds=0xaff28288) at ../sysdeps/unix/sysv/linux/poll.c:29
#1  __GI___poll (fds=0xaff28288, nfds=2, timeout=-1) at ../sysdeps/unix/sysv/linux/poll.c:26
#2  0xb6f78da4 in ?? () from /usr/lib/libavahi-common.so.3
Backtrace stopped: previous frame identical to this frame (corrupt stack?)

Thread 4 (Thread 0xb10ff370 (LWP 441)):
#0  __GI___poll (timeout=-1, nfds=1, fds=0xb1100700) at ../sysdeps/unix/sysv/linux/poll.c:29
#1  __GI___poll (fds=0xb1100700, nfds=1, timeout=-1) at ../sysdeps/unix/sysv/linux/poll.c:26
#2  0x0083868c in CFDEventMonitor::Process() ()
#3  0x00694898 in CThread::Action() ()
#4  0x006b2820 in CThread::staticThread(void*) ()
#5  0xb6f1a378 in start_thread (arg=0xb10ff370) at pthread_create.c:486
#6  0xb4f033c8 in ?? () at ../sysdeps/unix/sysv/linux/arm/clone.S:73 from /usr/lib/libc.so.6
Backtrace stopped: previous frame identical to this frame (corrupt stack?)

Thread 3 (Thread 0xad4fd370 (LWP 447)):
#0  futex_wait_cancelable (private=0, expected=0, futex_word=0xaff03ac0) at ../sysdeps/unix/sysv/linux/futex-internal.h:88
#1  __pthread_cond_wait_common (abstime=0x0, mutex=<optimized out>, cond=0xaff03a98) at pthread_cond_wait.c:502
#2  __pthread_cond_wait (cond=0xaff03a98, mutex=0x0) at pthread_cond_wait.c:655
#3  0xb401cd94 in ?? () from /usr/lib/libvcos.so
Backtrace stopped: previous frame identical to this frame (corrupt stack?)

Thread 2 (Thread 0xadcfe370 (LWP 446)):
#0  futex_abstimed_wait_cancelable (private=0, abstime=0x0, expected=1, futex_word=0xb4fbe384) at ../sysdeps/unix/sysv/linux/futex-internal.h:205
#1  do_futex_wait (sem=sem@entry=0xb4fbe384, abstime=0x0) at sem_waitcommon.c:115
#2  0xb6f238e0 in __new_sem_wait_slow (sem=0xb4fbe384, abstime=0x0) at sem_waitcommon.c:282
#3  0xb4fa4720 in ?? () from /usr/lib/libbcm_host.so
Backtrace stopped: previous frame identical to this frame (corrupt stack?)

Thread 1 (Thread 0xb3806550 (LWP 434)):
#0  0x00899140 in ?? ()
#1  0x002cc0a4 in _start ()
Backtrace stopped: previous frame identical to this frame (corrupt stack?)
############# END STACK TRACE ###############

################# LOG FILE ##################

﻿2019-04-11 18:28:39.703 T:3011536208  NOTICE: -----------------------------------------------------------------------
2019-04-11 18:28:39.703 T:3011536208  NOTICE: Starting Kodi (18.9 (18.9.0) Git:leia_pi4_18.9-Leia). Platform: Linux ARM 32-bit
2019-04-11 18:28:39.703 T:3011536208  NOTICE: Using Release Kodi x32 build
2019-04-11 18:28:39.703 T:3011536208  NOTICE: Kodi compiled 2020-10-24 by GCC 8.3.0 for Linux ARM 32-bit version 4.19.127 (267135)
2019-04-11 18:28:39.703 T:3011536208  NOTICE: Running on LibreELEC (official): 9.2.6, kernel: Linux ARM 32-bit version 4.19.127
2019-04-11 18:28:39.704 T:3011536208  NOTICE: FFmpeg version/source: 4.0.4-Kodi
2019-04-11 18:28:39.704 T:3011536208  NOTICE: Host CPU: ARMv7 Processor rev 3 (v7l), 4 cores available
2019-04-11 18:28:39.704 T:3011536208  NOTICE: ARM Features: Neon enabled
2019-04-11 18:28:39.704 T:3011536208  NOTICE: special://xbmc/ is mapped to: /usr/share/kodi/
2019-04-11 18:28:39.704 T:3011536208  NOTICE: special://xbmcbin/ is mapped to: /usr/lib/kodi
2019-04-11 18:28:39.704 T:3011536208  NOTICE: special://xbmcbinaddons/ is mapped to: /usr/lib/kodi/addons
2019-04-11 18:28:39.704 T:3011536208  NOTICE: special://masterprofile/ is mapped to: /storage/.kodi/userdata
2019-04-11 18:28:39.704 T:3011536208  NOTICE: special://envhome/ is mapped to: /storage
2019-04-11 18:28:39.704 T:3011536208  NOTICE: special://home/ is mapped to: /storage/.kodi
2019-04-11 18:28:39.704 T:3011536208  NOTICE: special://temp/ is mapped to: /storage/.kodi/temp
2019-04-11 18:28:39.704 T:3011536208  NOTICE: special://logpath/ is mapped to: /storage/.kodi/temp
2019-04-11 18:28:39.704 T:3011536208  NOTICE: The executable running is: /usr/lib/kodi/kodi.bin
2019-04-11 18:28:39.704 T:3011536208  NOTICE: Local hostname: RaspiKodi
2019-04-11 18:28:39.704 T:3011536208  NOTICE: Log File is located: /storage/.kodi/temp/kodi.log
2019-04-11 18:28:39.704 T:3011536208  NOTICE: -----------------------------------------------------------------------
2019-04-11 18:28:39.715 T:3011536208    INFO: loading settings
2019-04-11 18:28:39.720 T:3011536208  NOTICE: special://profile/ is mapped to: special://masterprofile/
2019-04-11 18:28:39.744 T:3011536208   DEBUG: CSkinSettings: no <skinsettings> tag found
2019-04-11 18:28:39.744 T:3011536208  NOTICE: Loaded settings file from special://xbmc/system/advancedsettings.xml
2019-04-11 18:28:39.744 T:3011536208  NOTICE: Contents of special://xbmc/system/advancedsettings.xml are...
                                            <?xml version="1.0" encoding="utf-8" ?>
                                            <advancedsettings>
                                              <cputempcommand>/usr/bin/cputemp</cputempcommand>
                                              <gputempcommand>/usr/bin/gputemp</gputempcommand>
                                              <showexitbutton>false</showexitbutton>
                                              <remotedelay>1</remotedelay>
                                              <samba>
                                                <clienttimeout>30</clienttimeout>
                                              </samba>
                                              <fanartres>720</fanartres>
                                              <imageres>540</imageres>
                                            </advancedsettings>
2019-04-11 18:28:39.744 T:3011536208 WARNING: CSettingsManager: missing version attribute
2019-04-11 18:28:39.745 T:3011536208  NOTICE: No settings file to load (special://masterprofile/advancedsettings.xml)
2019-04-11 18:28:39.745 T:3011536208  NOTICE: Default Video Player: VideoPlayer
2019-04-11 18:28:39.746 T:3011536208  NOTICE: Default Audio Player: paplayer
2019-04-11 18:28:39.746 T:3011536208  NOTICE: Disabled debug logging due to GUI setting. Level 0.
2019-04-11 18:28:39.746 T:3011536208  NOTICE: Log level changed to "LOG_LEVEL_NORMAL"
2019-04-11 18:28:39.746 T:3011536208  NOTICE: CMediaSourceSettings: loading media sources from special://masterprofile/sources.xml
2019-04-11 18:28:39.878 T:3011536208  NOTICE: PulseAudio: Server found running - will try to use Pulse
2019-04-11 18:28:39.945 T:3011536208  NOTICE: Running database version Addons27
2019-04-11 18:28:40.187 T:3011536208  NOTICE: ADDON: audioencoder.kodi.builtin.aac v1.0.0 installed
2019-04-11 18:28:40.187 T:3011536208  NOTICE: ADDON: audioencoder.kodi.builtin.wma v1.0.0 installed
2019-04-11 18:28:40.187 T:3011536208  NOTICE: ADDON: driver.dvb.crazycat v9.2.0.0 installed
2019-04-11 18:28:40.187 T:3011536208  NOTICE: ADDON: driver.dvb.dvb-latest v9.2.0.0 installed
2019-04-11 18:28:40.187 T:3011536208  NOTICE: ADDON: game.controller.default v1.0.8 installed
2019-04-11 18:28:40.187 T:3011536208  NOTICE: ADDON: game.controller.snes v1.0.8 installed
2019-04-11 18:28:40.187 T:3011536208  NOTICE: ADDON: inputstream.adaptive v2.4.6.1 installed
2019-04-11 18:28:40.187 T:3011536208  NOTICE: ADDON: inputstream.rtmp v2.0.9.2 installed
2019-04-11 18:28:40.187 T:3011536208  NOTICE: ADDON: kodi.binary.global.audioengine v1.0.1 installed
2019-04-11 18:28:40.187 T:3011536208  NOTICE: ADDON: kodi.binary.global.filesystem v1.0.2 installed
2019-04-11 18:28:40.187 T:3011536208  NOTICE: ADDON: kodi.binary.global.general v1.0.3 installed
2019-04-11 18:28:40.187 T:3011536208  NOTICE: ADDON: kodi.binary.global.gui v5.12.0 installed
2019-04-11 18:28:40.187 T:3011536208  NOTICE: ADDON: kodi.binary.global.main v1.0.14 installed
2019-04-11 18:28:40.187 T:3011536208  NOTICE: ADDON: kodi.binary.global.network v1.0.0 installed
2019-04-11 18:28:40.187 T:3011536208  NOTICE: ADDON: kodi.binary.instance.audiodecoder v2.0.0 installed
2019-04-11 18:28:40.187 T:3011536208  NOTICE: ADDON: kodi.binary.instance.audioencoder v2.0.0 installed
2019-04-11 18:28:40.187 T:3011536208  NOTICE: ADDON: kodi.binary.instance.game v1.1.0 installed
2019-04-11 18:28:40.187 T:3011536208  NOTICE: ADDON: kodi.binary.instance.imagedecoder v2.0.0 installed
2019-04-11 18:28:40.187 T:3011536208  NOTICE: ADDON: kodi.binary.instance.inputstream v2.0.8 installed
2019-04-11 18:28:40.187 T:3011536208  NOTICE: ADDON: kodi.binary.instance.peripheral v1.3.7 installed
2019-04-11 18:28:40.187 T:3011536208  NOTICE: ADDON: kodi.binary.instance.pvr v5.10.3 installed
2019-04-11 18:28:40.187 T:3011536208  NOTICE: ADDON: kodi.binary.instance.screensaver v2.0.0 installed
2019-04-11 18:28:40.187 T:3011536208  NOTICE: ADDON: kodi.binary.instance.vfs v2.0.0 installed
2019-04-11 18:28:40.187 T:3011536208  NOTICE: ADDON: kodi.binary.instance.videocodec v1.0.1 installed
2019-04-11 18:28:40.187 T:3011536208  NOTICE: ADDON: kodi.binary.instance.visualization v2.0.1 installed
2019-04-11 18:28:40.187 T:3011536208  NOTICE: ADDON: kodi.resource v1.0.0 installed
2019-04-11 18:28:40.187 T:3011536208  NOTICE: ADDON: metadata.album.universal v3.1.3 installed
2019-04-11 18:28:40.187 T:3011536208  NOTICE: ADDON: metadata.artists.universal v4.3.3 installed
2019-04-11 18:28:40.187 T:3011536208  NOTICE: ADDON: metadata.common.allmusic.com v3.2.2 installed
2019-04-11 18:28:40.187 T:3011536208  NOTICE: ADDON: metadata.common.fanart.tv v3.6.3 installed
2019-04-11 18:28:40.187 T:3011536208  NOTICE: ADDON: metadata.common.imdb.com v3.1.6 installed
2019-04-11 18:28:40.187 T:3011536208  NOTICE: ADDON: metadata.common.musicbrainz.org v2.2.4 installed
2019-04-11 18:28:40.187 T:3011536208  NOTICE: ADDON: metadata.common.theaudiodb.com v2.0.3 installed
2019-04-11 18:28:40.188 T:3011536208  NOTICE: ADDON: metadata.common.themoviedb.org v3.2.11 installed
2019-04-11 18:28:40.188 T:3011536208  NOTICE: ADDON: metadata.local v1.0.0 installed
2019-04-11 18:28:40.188 T:3011536208  NOTICE: ADDON: metadata.themoviedb.org v5.2.2 installed
2019-04-11 18:28:40.188 T:3011536208  NOTICE: ADDON: metadata.tvshows.themoviedb.org v3.5.9 installed
2019-04-11 18:28:40.188 T:3011536208  NOTICE: ADDON: os.libreelec.tv v9.2 installed
2019-04-11 18:28:40.188 T:3011536208  NOTICE: ADDON: os.openelec.tv v9.2 installed
2019-04-11 18:28:40.188 T:3011536208  NOTICE: ADDON: peripheral.joystick v1.4.9 installed
2019-04-11 18:28:40.188 T:3011536208  NOTICE: ADDON: plugin.audio.prime_music v0.10.6 installed
2019-04-11 18:28:40.188 T:3011536208  NOTICE: ADDON: plugin.image.google v0.9.8 installed
2019-04-11 18:28:40.188 T:3011536208  NOTICE: ADDON: plugin.video.3satmediathek v1.2.0 installed
2019-04-11 18:28:40.188 T:3011536208  NOTICE: ADDON: plugin.video.L0RE.arte v0.7.0 installed
2019-04-11 18:28:40.188 T:3011536208  NOTICE: ADDON: plugin.video.L0RE.dmax v1.0.9 installed
2019-04-11 18:28:40.188 T:3011536208  NOTICE: ADDON: plugin.video.L0RE.spiegeltv v1.0.2 installed
2019-04-11 18:28:40.188 T:3011536208  NOTICE: ADDON: plugin.video.amazon-test v0.8.9 installed
2019-04-11 18:28:40.188 T:3011536208  NOTICE: ADDON: plugin.video.ardundzdf v2.9.2 installed
2019-04-11 18:28:40.188 T:3011536208  NOTICE: ADDON: plugin.video.cnn v1.0.0 installed
2019-04-11 18:28:40.188 T:3011536208  NOTICE: ADDON: plugin.video.gq v3.0.4 installed
2019-04-11 18:28:40.188 T:3011536208  NOTICE: ADDON: plugin.video.hrmediathek v1.0.0 installed
2019-04-11 18:28:40.188 T:3011536208  NOTICE: ADDON: plugin.video.koditube v1.0.0 installed
2019-04-11 18:28:40.188 T:3011536208  NOTICE: ADDON: plugin.video.mediathek v0.9.4 installed
2019-04-11 18:28:40.188 T:3011536208  NOTICE: ADDON: plugin.video.mediathekdirekt v0.0.15 installed
2019-04-11 18:28:40.188 T:3011536208  NOTICE: ADDON: plugin.video.nasa v3.0.0 installed
2019-04-11 18:28:40.188 T:3011536208  NOTICE: ADDON: plugin.video.netflix v1.11.0 installed
2019-04-11 18:28:40.188 T:3011536208  NOTICE: ADDON: plugin.video.ng v1.0.0 installed
2019-04-11 18:28:40.188 T:3011536208  NOTICE: ADDON: plugin.video.prosiebensat1 v1.2.0 installed
2019-04-11 18:28:40.188 T:3011536208  NOTICE: ADDON: plugin.video.tagesschau v2.2.2 installed
2019-04-11 18:28:40.188 T:3011536208  NOTICE: ADDON: plugin.video.tyl0re.arte v1.0.2 installed
2019-04-11 18:28:40.188 T:3011536208  NOTICE: ADDON: plugin.video.tyl0re.dmax v2.1.2 installed
2019-04-11 18:28:40.188 T:3011536208  NOTICE: ADDON: plugin.video.tyl0re.spiegeltv v2.0.5 installed
2019-04-11 18:28:40.188 T:3011536208  NOTICE: ADDON: plugin.video.wdrmediathek v1.0.0 installed
2019-04-11 18:28:40.188 T:3011536208  NOTICE: ADDON: plugin.video.youtube v6.8.8 installed
2019-04-11 18:28:40.188 T:3011536208  NOTICE: ADDON: repository.castagnait v1.0.1 installed
2019-04-11 18:28:40.188 T:3011536208  NOTICE: ADDON: repository.kodi.game v1.0.0 installed
2019-04-11 18:28:40.188 T:3011536208  NOTICE: ADDON: repository.kodinerds v9.0.103.103 installed
2019-04-11 18:28:40.188 T:3011536208  NOTICE: ADDON: repository.libreelec.tv v9.2.0 installed
2019-04-11 18:28:40.188 T:3011536208  NOTICE: ADDON: repository.netflix v1.0.1 installed
2019-04-11 18:28:40.188 T:3011536208  NOTICE: ADDON: repository.sandmann79.plugins v1.0.3 installed
2019-04-11 18:28:40.188 T:3011536208  NOTICE: ADDON: repository.saxbmc v1.2.2 installed
2019-04-11 18:28:40.188 T:3011536208  NOTICE: ADDON: repository.xbmc.org v3.1.6 installed
2019-04-11 18:28:40.188 T:3011536208  NOTICE: ADDON: resource.images.weathericons.default v1.1.8 installed
2019-04-11 18:28:40.188 T:3011536208  NOTICE: ADDON: resource.language.de_de v9.0.21 installed
2019-04-11 18:28:40.188 T:3011536208  NOTICE: ADDON: resource.language.en_gb v2.0.1 installed
2019-04-11 18:28:40.189 T:3011536208  NOTICE: ADDON: resource.uisounds.kodi v1.0.0 installed
2019-04-11 18:28:40.189 T:3011536208  NOTICE: ADDON: screensaver.xbmc.builtin.black v1.0.33 installed
2019-04-11 18:28:40.189 T:3011536208  NOTICE: ADDON: screensaver.xbmc.builtin.dim v1.0.59 installed
2019-04-11 18:28:40.189 T:3011536208  NOTICE: ADDON: script.module.addon.signals v0.0.6 installed
2019-04-11 18:28:40.189 T:3011536208  NOTICE: ADDON: script.module.arrow v0.15.5 installed
2019-04-11 18:28:40.189 T:3011536208  NOTICE: ADDON: script.module.backports.functools_lru_cache v1.6.1 installed
2019-04-11 18:28:40.189 T:3011536208  NOTICE: ADDON: script.module.beautifulsoup v3.2.1 installed
2019-04-11 18:28:40.189 T:3011536208  NOTICE: ADDON: script.module.beautifulsoup4 v4.6.2 installed
2019-04-11 18:28:40.189 T:3011536208  NOTICE: ADDON: script.module.bottle v0.12.17 installed
2019-04-11 18:28:40.189 T:3011536208  NOTICE: ADDON: script.module.cache v1.0.3 installed
2019-04-11 18:28:40.189 T:3011536208  NOTICE: ADDON: script.module.certifi v2019.9.11 installed
2019-04-11 18:28:40.189 T:3011536208  NOTICE: ADDON: script.module.chardet v3.0.4 installed
2019-04-11 18:28:40.189 T:3011536208  NOTICE: ADDON: script.module.dateutil v2.8.1 installed
2019-04-11 18:28:40.189 T:3011536208  NOTICE: ADDON: script.module.future v0.17.1 installed
2019-04-11 18:28:40.189 T:3011536208  NOTICE: ADDON: script.module.idna v2.8 installed
2019-04-11 18:28:40.189 T:3011536208  NOTICE: ADDON: script.module.inputstreamhelper v0.5.1 installed
2019-04-11 18:28:40.189 T:3011536208  NOTICE: ADDON: script.module.kodi-six v0.1.3 installed
2019-04-11 18:28:40.189 T:3011536208  NOTICE: ADDON: script.module.lib3sat v1.0.0 installed
2019-04-11 18:28:40.189 T:3011536208  NOTICE: ADDON: script.module.libard v1.0.0 installed
2019-04-11 18:28:40.189 T:3011536208  NOTICE: ADDON: script.module.libbr v1.0.0 installed
2019-04-11 18:28:40.189 T:3011536208  NOTICE: ADDON: script.module.libdaserste v1.0.0 installed
2019-04-11 18:28:40.189 T:3011536208  NOTICE: ADDON: script.module.libhr v1.0.0 installed
2019-04-11 18:28:40.189 T:3011536208  NOTICE: ADDON: script.module.libmediathek3 v1.5.0 installed
2019-04-11 18:28:40.189 T:3011536208  NOTICE: ADDON: script.module.libndr v1.0.0 installed
2019-04-11 18:28:40.189 T:3011536208  NOTICE: ADDON: script.module.libwdr v1.0.0 installed
2019-04-11 18:28:40.189 T:3011536208  NOTICE: ADDON: script.module.libzdf v2.1.7 installed
2019-04-11 18:28:40.189 T:3011536208  NOTICE: ADDON: script.module.mechanicalsoup v0.12.0 installed
2019-04-11 18:28:40.189 T:3011536208  NOTICE: ADDON: script.module.mechanize v0.2.6 installed
2019-04-11 18:28:40.189 T:3011536208  NOTICE: ADDON: script.module.mediathekxmlservice v1.0.0 installed
2019-04-11 18:28:40.189 T:3011536208  NOTICE: ADDON: script.module.metadatautils v1.0.0 installed
2019-04-11 18:28:40.189 T:3011536208  NOTICE: ADDON: script.module.musicbrainz v0.6.0 installed
2019-04-11 18:28:40.189 T:3011536208  NOTICE: ADDON: script.module.pil v1.1.7 installed
2019-04-11 18:28:40.189 T:3011536208  NOTICE: ADDON: script.module.pyautogui v0.9.50 installed
2019-04-11 18:28:40.189 T:3011536208  NOTICE: ADDON: script.module.pycryptodome v3.4.3 installed
2019-04-11 18:28:40.189 T:3011536208  NOTICE: ADDON: script.module.pydes v2.0.4 installed
2019-04-11 18:28:40.189 T:3011536208  NOTICE: ADDON: script.module.pysocks v1.6.8 installed
2019-04-11 18:28:40.189 T:3011536208  NOTICE: ADDON: script.module.pyxbmct v1.3.1 installed
2019-04-11 18:28:40.189 T:3011536208  NOTICE: ADDON: script.module.requests v2.22.0 installed
2019-04-11 18:28:40.189 T:3011536208  NOTICE: ADDON: script.module.routing v0.2.3 installed
2019-04-11 18:28:40.189 T:3011536208  NOTICE: ADDON: script.module.simplecache v1.0.20 installed
2019-04-11 18:28:40.189 T:3011536208  NOTICE: ADDON: script.module.simplejson v3.16.1 installed
2019-04-11 18:28:40.189 T:3011536208  NOTICE: ADDON: script.module.six v1.13.0 installed
2019-04-11 18:28:40.190 T:3011536208  NOTICE: ADDON: script.module.t1mlib v1.0.18 installed
2019-04-11 18:28:40.190 T:3011536208  NOTICE: ADDON: script.module.thetvdb v1.0.12 installed
2019-04-11 18:28:40.190 T:3011536208  NOTICE: ADDON: script.module.urllib3 v1.25.6 installed
2019-04-11 18:28:40.190 T:3011536208  NOTICE: ADDON: script.module.xbmcswift2 v13.0.0 installed
2019-04-11 18:28:40.190 T:3011536208  NOTICE: ADDON: script.module.youtube.dl v20.616.0 installed
2019-04-11 18:28:40.190 T:3011536208  NOTICE: ADDON: script.program.driverselect v0.1.6 installed
2019-04-11 18:28:40.190 T:3011536208  NOTICE: ADDON: script.skin.helper.service v1.1.3 installed
2019-04-11 18:28:40.190 T:3011536208  NOTICE: ADDON: script.tubecast v1.4.5 installed
2019-04-11 18:28:40.190 T:3011536208  NOTICE: ADDON: script.tv.show.next.aired v6.0.15 installed
2019-04-11 18:28:40.190 T:3011536208  NOTICE: ADDON: service.library.data.provider v0.3.2 installed
2019-04-11 18:28:40.190 T:3011536208  NOTICE: ADDON: service.libreelec.settings v9.0.0 installed
2019-04-11 18:28:40.190 T:3011536208  NOTICE: ADDON: skin.ace2 v1.6.0 installed
2019-04-11 18:28:40.190 T:3011536208  NOTICE: ADDON: skin.estuary v2.0.27 installed
2019-04-11 18:28:40.190 T:3011536208  NOTICE: ADDON: virtual.multimedia-tools v9.2.0.109 installed
2019-04-11 18:28:40.190 T:3011536208  NOTICE: ADDON: virtual.system-tools v9.2.0.111 installed
2019-04-11 18:28:40.190 T:3011536208  NOTICE: ADDON: webinterface.arch v2.0.5 installed
2019-04-11 18:28:40.190 T:3011536208  NOTICE: ADDON: webinterface.awxi v0.7.6 installed
2019-04-11 18:28:40.190 T:3011536208  NOTICE: ADDON: webinterface.chorus v0.3.10 installed
2019-04-11 18:28:40.190 T:3011536208  NOTICE: ADDON: webinterface.default v18.x-2.4.6 installed
2019-04-11 18:28:40.190 T:3011536208  NOTICE: ADDON: webinterface.hax v0.1.1 installed
2019-04-11 18:28:40.190 T:3011536208  NOTICE: ADDON: xbmc.addon v18.9 installed
2019-04-11 18:28:40.190 T:3011536208  NOTICE: ADDON: xbmc.core v0.1.0 installed
2019-04-11 18:28:40.190 T:3011536208  NOTICE: ADDON: xbmc.gui v5.14.0 installed
2019-04-11 18:28:40.190 T:3011536208  NOTICE: ADDON: xbmc.json v10.3.0 installed
2019-04-11 18:28:40.190 T:3011536208  NOTICE: ADDON: xbmc.metadata v2.1.0 installed
2019-04-11 18:28:40.190 T:3011536208  NOTICE: ADDON: xbmc.python v2.26.0 installed
2019-04-11 18:28:40.190 T:3011536208  NOTICE: ADDON: xbmc.webinterface v1.0.0 installed
2019-04-11 18:28:40.237 T:3011536208   ERROR: DBus error: org.freedesktop.DBus.Error.ServiceUnknown - The name org.freedesktop.UPower was not provided by any .service files
2019-04-11 18:28:40.270 T:2989106032 WARNING: Pulseaudio module module-allow-passthrough not loaded - opening PT devices might fail
2019-04-11 18:28:40.271 T:2989106032  NOTICE: Found 2 Lists of Devices
2019-04-11 18:28:40.271 T:2989106032  NOTICE: Enumerated PI devices:
2019-04-11 18:28:40.271 T:2989106032  NOTICE:     Device 1
2019-04-11 18:28:40.271 T:2989106032  NOTICE:         m_deviceName      : HDMI
2019-04-11 18:28:40.271 T:2989106032  NOTICE:         m_displayName     : HDMI
2019-04-11 18:28:40.271 T:2989106032  NOTICE:         m_displayNameExtra:
2019-04-11 18:28:40.271 T:2989106032  NOTICE:         m_deviceType      : AE_DEVTYPE_HDMI
2019-04-11 18:28:40.271 T:2989106032  NOTICE:         m_channels        : FL, FR
2019-04-11 18:28:40.271 T:2989106032  NOTICE:         m_sampleRates     : 8000,11025,16000,22050,24000,32000,44100,48000,88200,96000,176400,192000
2019-04-11 18:28:40.272 T:2989106032  NOTICE:         m_dataFormats     : AE_FMT_FLOAT,AE_FMT_S32NE,AE_FMT_S16NE,AE_FMT_S32LE,AE_FMT_S16LE,AE_FMT_FLOATP,AE_FMT_S32NEP,AE_FMT_S16NEP,AE_FMT_RAW
2019-04-11 18:28:40.272 T:2989106032  NOTICE:         m_streamTypes     : STREAM_TYPE_AC3,STREAM_TYPE_EAC3,STREAM_TYPE_DTSHD_CORE,STREAM_TYPE_DTS_2048,STREAM_TYPE_DTS_1024,STREAM_TYPE_DTS_512
2019-04-11 18:28:40.272 T:2989106032  NOTICE:     Device 2
2019-04-11 18:28:40.272 T:2989106032  NOTICE:         m_deviceName      : Analogue
2019-04-11 18:28:40.272 T:2989106032  NOTICE:         m_displayName     : Analogue
2019-04-11 18:28:40.272 T:2989106032  NOTICE:         m_displayNameExtra:
2019-04-11 18:28:40.272 T:2989106032  NOTICE:         m_deviceType      : AE_DEVTYPE_PCM
2019-04-11 18:28:40.272 T:2989106032  NOTICE:         m_channels        : FL, FR
2019-04-11 18:28:40.272 T:2989106032  NOTICE:         m_sampleRates     : 48000
2019-04-11 18:28:40.272 T:2989106032  NOTICE:         m_dataFormats     : AE_FMT_FLOAT,AE_FMT_S32LE,AE_FMT_S16LE,AE_FMT_FLOATP,AE_FMT_S32NEP,AE_FMT_S16NEP
2019-04-11 18:28:40.272 T:2989106032  NOTICE:         m_streamTypes     : No passthrough capabilities
2019-04-11 18:28:40.272 T:2989106032  NOTICE:     Device 3
2019-04-11 18:28:40.272 T:2989106032  NOTICE:         m_deviceName      : Both
2019-04-11 18:28:40.272 T:2989106032  NOTICE:         m_displayName     : HDMI and Analogue
2019-04-11 18:28:40.272 T:2989106032  NOTICE:         m_displayNameExtra:
2019-04-11 18:28:40.272 T:2989106032  NOTICE:         m_deviceType      : AE_DEVTYPE_PCM
2019-04-11 18:28:40.272 T:2989106032  NOTICE:         m_channels        : FL, FR
2019-04-11 18:28:40.272 T:2989106032  NOTICE:         m_sampleRates     : 48000
2019-04-11 18:28:40.272 T:2989106032  NOTICE:         m_dataFormats     : AE_FMT_FLOAT,AE_FMT_S32LE,AE_FMT_S16LE,AE_FMT_FLOATP,AE_FMT_S32NEP,AE_FMT_S16NEP
2019-04-11 18:28:40.272 T:2989106032  NOTICE:         m_streamTypes     : No passthrough capabilities
2019-04-11 18:28:40.272 T:2989106032  NOTICE: Enumerated PULSE devices:
2019-04-11 18:28:40.272 T:2989106032  NOTICE:     Device 1
2019-04-11 18:28:40.272 T:2989106032  NOTICE:         m_deviceName      : Default
2019-04-11 18:28:40.272 T:2989106032  NOTICE:         m_displayName     : Default
2019-04-11 18:28:40.272 T:2989106032  NOTICE:         m_displayNameExtra: Bluetooth Audio (PULSEAUDIO)
2019-04-11 18:28:40.272 T:2989106032  NOTICE:         m_deviceType      : AE_DEVTYPE_PCM
2019-04-11 18:28:40.272 T:2989106032  NOTICE:         m_channels        : FL, FR
2019-04-11 18:28:40.272 T:2989106032  NOTICE:         m_sampleRates     : 5512,8000,11025,16000,22050,32000,44100,48000,64000,88200,96000,176400,192000,384000
2019-04-11 18:28:40.272 T:2989106032  NOTICE:         m_dataFormats     : AE_FMT_U8,AE_FMT_S16NE,AE_FMT_S24NE3,AE_FMT_S24NE4,AE_FMT_S32NE,AE_FMT_FLOAT
2019-04-11 18:28:40.272 T:2989106032  NOTICE:         m_streamTypes     : No passthrough capabilities
2019-04-11 18:28:40.319 T:3011536208  NOTICE: Raspberry PI firmware version: Jun 26 2020 14:49:28 
                                            Copyright (c) 2012 Broadcom
                                            version b078012603a6a094178f959805996ad225a0d83b (clean) (release) (start_x)
2019-04-11 18:28:40.319 T:3011536208  NOTICE: ARM mem: 704MB GPU mem: 320MB MPG2:0 WVC1:0
2019-04-11 18:28:40.319 T:3011536208  NOTICE: Config:
                                            arm_freq=1500
                                            audio_pwm_mode=514
                                            config_hdmi_boost=5
                                            core_freq=500
                                            core_freq_min=200
                                            disable_commandline_tags=2
                                            disable_l2cache=1
                                            disable_overscan=1
                                            display_hdmi_rotate=-1
                                            display_lcd_rotate=-1
                                            enable_gic=1
                                            force_eeprom_read=1
                                            force_pwm_open=1
                                            framebuffer_ignore_alpha=1
                                            framebuffer_swap=1
                                            gpu_freq=500
                                            gpu_freq_min=250
                                            hdmi_channel_map=8
                                            init_uart_clock=0x2dc6c00
                                            lcd_framerate=60
                                            mask_gpu_interrupt0=1024
                                            mask_gpu_interrupt1=0x10000
                                            over_voltage_avs=-42500
                                            pause_burst_frames=1
                                            program_serial_random=1
                                            total_mem=4096
                                            hdmi_force_cec_address:0=65535
                                            hdmi_force_cec_address:1=65535
                                            hdmi_ignore_cec_init:0=1
                                            hdmi_pixel_freq_limit:0=0x11e1a300
                                            hdmi_pixel_freq_limit:1=0x11e1a300
2019-04-11 18:28:40.319 T:3011536208  NOTICE: Config:
                                            device_tree=-
                                            overlay_prefix=overlays/
                                            hdmi_cvt:0=
                                            hdmi_cvt:1=
                                            hdmi_edid_filename:0=
                                            hdmi_edid_filename:1=
                                            hdmi_timings:0=
                                            hdmi_timings:1=
2019-04-11 18:28:40.515 T:3011536208 WARNING: CDRMUtils::FindPlane - could not find plane
2019-04-11 18:28:40.641 T:3011536208  NOTICE: Found resolution 1920x1080 with 1920x1080 @ 60.000000 Hz
2019-04-11 18:28:40.641 T:3011536208  NOTICE: Found resolution 1920x1080 with 1920x1080 @ 59.940063 Hz
2019-04-11 18:28:40.641 T:3011536208  NOTICE: Found resolution 1920x1080 with 1920x1080 @ 50.000000 Hz
2019-04-11 18:28:40.641 T:3011536208  NOTICE: Found resolution 1920x1080 with 1920x1080 @ 24.000000 Hz
2019-04-11 18:28:40.641 T:3011536208  NOTICE: Found resolution 1920x1080 with 1920x1080 @ 23.976025 Hz
2019-04-11 18:28:40.641 T:3011536208  NOTICE: Found resolution 1280x1024 with 1280x1024 @ 75.000000 Hz
2019-04-11 18:28:40.641 T:3011536208  NOTICE: Found resolution 1152x864 with 1152x864 @ 75.000000 Hz
2019-04-11 18:28:40.641 T:3011536208  NOTICE: Found resolution 1280x720 with 1280x720 @ 60.000000 Hz
2019-04-11 18:28:40.641 T:3011536208  NOTICE: Found resolution 1280x720 with 1280x720 @ 59.940063 Hz
2019-04-11 18:28:40.641 T:3011536208  NOTICE: Found resolution 1280x720 with 1280x720 @ 50.000000 Hz
2019-04-11 18:28:40.641 T:3011536208  NOTICE: Found resolution 1024x768 with 1024x768 @ 75.000000 Hz
2019-04-11 18:28:40.641 T:3011536208  NOTICE: Found resolution 1024x768 with 1024x768 @ 70.000000 Hz
2019-04-11 18:28:40.641 T:3011536208  NOTICE: Found resolution 1024x768 with 1024x768 @ 60.000000 Hz
2019-04-11 18:28:40.641 T:3011536208  NOTICE: Found resolution 832x624 with 832x624 @ 74.925079 Hz
2019-04-11 18:28:40.641 T:3011536208  NOTICE: Found resolution 800x600 with 800x600 @ 75.000000 Hz
2019-04-11 18:28:40.641 T:3011536208  NOTICE: Found resolution 800x600 with 800x600 @ 72.000000 Hz
2019-04-11 18:28:40.641 T:3011536208  NOTICE: Found resolution 800x600 with 800x600 @ 60.000000 Hz
2019-04-11 18:28:40.641 T:3011536208  NOTICE: Found resolution 800x600 with 800x600 @ 56.000000 Hz
2019-04-11 18:28:40.641 T:3011536208  NOTICE: Found resolution 720x576 with 720x576 @ 50.000000 Hz
2019-04-11 18:28:40.641 T:3011536208  NOTICE: Found resolution 720x480 with 720x480 @ 59.940063 Hz
2019-04-11 18:28:40.642 T:3011536208  NOTICE: Found resolution 720x480 with 720x480 @ 60.000000 Hz
2019-04-11 18:28:40.642 T:3011536208  NOTICE: Found resolution 640x480 with 640x480 @ 75.000000 Hz
2019-04-11 18:28:40.642 T:3011536208  NOTICE: Found resolution 640x480 with 640x480 @ 73.000000 Hz
2019-04-11 18:28:40.642 T:3011536208  NOTICE: Found resolution 640x480 with 640x480 @ 67.000000 Hz
2019-04-11 18:28:40.642 T:3011536208  NOTICE: Found resolution 640x480 with 640x480 @ 60.000000 Hz
2019-04-11 18:28:40.644 T:3011536208  NOTICE: Previous line repeats 1 times.
2019-04-11 18:28:40.644 T:3011536208  NOTICE: EGL_VERSION = 1.4
2019-04-11 18:28:40.644 T:3011536208  NOTICE: EGL_VENDOR = Mesa Project
2019-04-11 18:28:40.644 T:3011536208  NOTICE: EGL_EXTENSIONS = EGL_EXT_buffer_age EGL_EXT_image_dma_buf_import EGL_EXT_image_dma_buf_import_modifiers EGL_KHR_cl_event2 EGL_KHR_config_attribs EGL_KHR_create_context EGL_KHR_create_context_no_error EGL_KHR_fence_sync EGL_KHR_get_all_proc_addresses EGL_KHR_gl_colorspace EGL_KHR_gl_renderbuffer_image EGL_KHR_gl_texture_2D_image EGL_KHR_gl_texture_3D_image EGL_KHR_gl_texture_cubemap_image EGL_KHR_image EGL_KHR_image_base EGL_KHR_image_pixmap EGL_KHR_no_config_context EGL_KHR_reusable_sync EGL_KHR_surfaceless_context EGL_EXT_pixel_format_float EGL_KHR_wait_sync EGL_MESA_configless_context EGL_MESA_drm_image EGL_MESA_image_dma_buf_export
2019-04-11 18:28:40.644 T:3011536208  NOTICE: EGL_CLIENT_EXTENSIONS = EGL_EXT_client_extensions EGL_EXT_device_base EGL_EXT_device_enumeration EGL_EXT_device_query EGL_EXT_platform_base EGL_KHR_client_get_all_proc_addresses EGL_KHR_debug EGL_MESA_platform_gbm
2019-04-11 18:28:40.647 T:3011536208  NOTICE: Checking resolution 16
2019-04-11 18:28:40.753 T:3011536208 WARNING: CGBMUtils::DestroySurface - surface already destroyed
2019-04-11 18:28:40.798 T:3011536208  NOTICE: GL_VENDOR = Broadcom
2019-04-11 18:28:40.798 T:3011536208  NOTICE: GL_RENDERER = V3D 4.2
2019-04-11 18:28:40.798 T:3011536208  NOTICE: GL_VERSION = OpenGL ES 3.0 Mesa 19.1.7
2019-04-11 18:28:40.798 T:3011536208  NOTICE: GL_SHADING_LANGUAGE_VERSION = OpenGL ES GLSL ES 3.00
2019-04-11 18:28:40.798 T:3011536208  NOTICE: GL_EXTENSIONS = GL_EXT_blend_minmax GL_EXT_multi_draw_arrays GL_EXT_texture_format_BGRA8888 GL_OES_compressed_ETC1_RGB8_texture GL_OES_depth24 GL_OES_element_index_uint GL_OES_fbo_render_mipmap GL_OES_mapbuffer GL_OES_rgb8_rgba8 GL_OES_standard_derivatives GL_OES_stencil8 GL_OES_texture_3D GL_OES_texture_float GL_OES_texture_half_float GL_OES_texture_half_float_linear GL_OES_texture_npot GL_OES_vertex_half_float GL_EXT_texture_sRGB_decode GL_OES_EGL_image GL_OES_depth_texture GL_OES_packed_depth_stencil GL_EXT_texture_type_2_10_10_10_REV GL_OES_get_program_binary GL_APPLE_texture_max_level GL_EXT_discard_framebuffer GL_EXT_read_format_bgra GL_EXT_frag_depth GL_NV_fbo_color_attachments GL_OES_EGL_image_external GL_OES_EGL_sync GL_OES_vertex_array_object GL_EXT_occlusion_query_boolean GL_EXT_texture_rg GL_EXT_unpack_subimage GL_NV_draw_buffers GL_NV_read_buffer GL_NV_read_depth GL_NV_read_depth_stencil GL_NV_read_stencil GL_EXT_draw_buffers GL_EXT_map_buffer_range GL_KHR_debug GL_KHR_texture_compression_astc_ldr GL_OES_depth_texture_cube_map GL_OES_required_internalformat GL_OES_surfaceless_context GL_EXT_color_buffer_float GL_EXT_sRGB_write_control GL_EXT_separate_shader_objects GL_EXT_shader_integer_mix GL_EXT_base_instance GL_EXT_compressed_ETC1_RGB8_sub_texture GL_EXT_draw_elements_base_vertex GL_EXT_texture_border_clamp GL_KHR_context_flush_control GL_OES_draw_elements_base_vertex GL_OES_texture_border_clamp GL_OES_texture_stencil8 GL_EXT_float_blend GL_KHR_no_error GL_KHR_texture_compression_astc_sliced_3d GL_OES_EGL_image_external_essl3 GL_MESA_shader_integer_functions GL_KHR_parallel_shader_compile GL_EXT_texture_query_lod
2020-11-25 20:48:45.557 T:2881561456  NOTICE: Running database version Addons27
2020-11-25 20:48:45.564 T:2881561456  NOTICE: Running database version ViewModes6
2020-11-25 20:48:45.883 T:2881561456  NOTICE: Running database version Textures13
2020-11-25 20:48:45.895 T:2881561456  NOTICE: Running database version MyMusic72
2020-11-25 20:48:45.927 T:2881561456  NOTICE: Running database version MyVideos116
2020-11-25 20:48:45.931 T:2881561456  NOTICE: Running database version TV32
2020-11-25 20:48:45.934 T:2881561456  NOTICE: Running database version Epg12
2020-11-25 20:48:45.952 T:3011536208  NOTICE: start dvd mediatype detection
2020-11-25 20:48:46.024 T:3011536208  NOTICE:   load skin from: /usr/share/kodi/addons/skin.estuary (version: 2.0.27)
2020-11-25 20:48:46.565 T:3011536208 WARNING: JSONRPC: Could not parse type "Setting.Details.SettingList"
2020-11-25 20:48:46.642 T:3011536208  NOTICE: Register - new keyboard device registered on application->keyboard: Tastatur (0000:0000)
2020-11-25 20:48:46.643 T:3011536208  NOTICE: Register - new mouse device registered on application->mouse: Maus (0000:0000)
2020-11-25 20:48:46.658 T:3011536208  NOTICE: Loading player core factory settings from special://xbmc/system/playercorefactory.xml.
2020-11-25 20:48:46.658 T:3011536208  NOTICE: Loaded playercorefactory configuration
2020-11-25 20:48:46.658 T:3011536208  NOTICE: Loading player core factory settings from special://masterprofile/playercorefactory.xml.
2020-11-25 20:48:46.658 T:3011536208  NOTICE: special://masterprofile/playercorefactory.xml does not exist. Skipping.
2020-11-25 20:48:46.751 T:3011536208  NOTICE: initialize done
2020-11-25 20:48:46.751 T:3011536208  NOTICE: Running the application...
2020-11-25 20:48:46.767 T:3011536208  NOTICE: starting zeroconf publishing
2020-11-25 20:48:46.770 T:3011536208  NOTICE: CWebServer[8080]: Started
2020-11-25 20:48:46.770 T:3011536208  NOTICE: starting upnp client
2020-11-25 20:48:46.784 T:3011536208  NOTICE: starting upnp server
2020-11-25 20:48:46.796 T:3011536208  NOTICE: starting upnp controller
2020-11-25 20:48:46.796 T:3011536208  NOTICE: starting upnp renderer
2020-11-25 20:48:46.804 T:2612253552  NOTICE: ES: Starting UDP Event server on port 9777
2020-11-25 20:48:46.804 T:2612253552  NOTICE: UDP: Listening on port 9777 (ipv6 : true)
2020-11-25 20:48:47.121 T:2828247920  NOTICE: Register - new cec device registered on cec->RPI: CEC Adapter (2708:1001)
2020-11-25 20:48:47.524 T:2861781872   ERROR: CCurlFile::FillBuffer - Failed: Couldn't resolve host name(6)
2020-11-25 20:48:47.524 T:2861781872   ERROR: CCurlFile::Open failed with code 0 for https://johtru.com/repo/repo.php?md5=true:
2020-11-25 20:48:47.524 T:2861781872   ERROR: Open - failed to open source <https://johtru.com/repo/repo.php?md5=true>
2020-11-25 20:48:47.524 T:2861781872   ERROR: CRepository: failed read 'https://johtru.com/repo/repo.php?md5=true'
2020-11-25 20:48:47.609 T:2740622192  NOTICE: script.tv.show.next.aired: ### TV Show - Next Aired starting background proc (6.0.15)
2020-11-25 20:48:47.745 T:2740622192  NOTICE: script.tv.show.next.aired: ### no prior data found
2020-11-25 20:48:48.074 T:2861781872   ERROR: CCurlFile::Open failed with code 404 for https://www.quarantine.hs-mittweida.de/~jesch/repo/addons/addons.xml.md5:
2020-11-25 20:48:48.075 T:2861781872   ERROR: Open - failed to open source <https://www.quarantine.hs-mittweida.de/~jesch/repo/addons/addons.xml.md5>
2020-11-25 20:48:48.075 T:2861781872   ERROR: CRepository: failed read 'https://www.quarantine.hs-mittweida.de/~jesch/repo/addons/addons.xml.md5'
2020-11-25 20:48:48.472 T:2861781872 WARNING: CreateLoader - unsupported protocol(thumb) in thumb://None/
2020-11-25 20:48:49.755 T:2740622192  NOTICE: script.tv.show.next.aired: ### starting data update
2020-11-25 20:48:49.756 T:2740622192  NOTICE: script.tv.show.next.aired: ### grabbing a new country mapping list
2020-11-25 20:48:51.075 T:2348794736  NOTICE: Skin Helper Service --> WebService - start helper webservice on port 52307
2020-11-25 20:48:51.152 T:2757407600  NOTICE: Skin Helper Service --> Skin Helper Service version 1.1.3 started
2020-11-25 20:48:51.537 T:2799371120  NOTICE: [Amazon VOD] Service: Proxy bound to 127.0.0.1:55975
2020-11-25 20:48:51.542 T:2799371120  NOTICE: [Amazon VOD] Service: Proxy server started
2020-11-25 20:48:51.542 T:2799371120  NOTICE: [Amazon VOD] Service started
2020-11-25 20:48:55.087 T:2861781872  NOTICE: ADDON: audioencoder.kodi.builtin.aac v1.0.0 installed
2020-11-25 20:48:55.087 T:2861781872  NOTICE: ADDON: audioencoder.kodi.builtin.wma v1.0.0 installed
2020-11-25 20:48:55.087 T:2861781872  NOTICE: ADDON: driver.dvb.crazycat v9.2.0.0 installed
2020-11-25 20:48:55.087 T:2861781872  NOTICE: ADDON: driver.dvb.dvb-latest v9.2.0.0 installed
2020-11-25 20:48:55.087 T:2861781872  NOTICE: ADDON: game.controller.default v1.0.8 installed
2020-11-25 20:48:55.088 T:2861781872  NOTICE: ADDON: game.controller.snes v1.0.8 installed
2020-11-25 20:48:55.088 T:2861781872  NOTICE: ADDON: inputstream.adaptive v2.4.6.1 installed
2020-11-25 20:48:55.088 T:2861781872  NOTICE: ADDON: inputstream.rtmp v2.0.9.2 installed
2020-11-25 20:48:55.088 T:2861781872  NOTICE: ADDON: kodi.binary.global.audioengine v1.0.1 installed
2020-11-25 20:48:55.088 T:2861781872  NOTICE: ADDON: kodi.binary.global.filesystem v1.0.2 installed
2020-11-25 20:48:55.088 T:2861781872  NOTICE: ADDON: kodi.binary.global.general v1.0.3 installed
2020-11-25 20:48:55.088 T:2861781872  NOTICE: ADDON: kodi.binary.global.gui v5.12.0 installed
2020-11-25 20:48:55.088 T:2861781872  NOTICE: ADDON: kodi.binary.global.main v1.0.14 installed
2020-11-25 20:48:55.088 T:2861781872  NOTICE: ADDON: kodi.binary.global.network v1.0.0 installed
2020-11-25 20:48:55.088 T:2861781872  NOTICE: ADDON: kodi.binary.instance.audiodecoder v2.0.0 installed
2020-11-25 20:48:55.088 T:2861781872  NOTICE: ADDON: kodi.binary.instance.audioencoder v2.0.0 installed
2020-11-25 20:48:55.088 T:2861781872  NOTICE: ADDON: kodi.binary.instance.game v1.1.0 installed
2020-11-25 20:48:55.088 T:2861781872  NOTICE: ADDON: kodi.binary.instance.imagedecoder v2.0.0 installed
2020-11-25 20:48:55.088 T:2861781872  NOTICE: ADDON: kodi.binary.instance.inputstream v2.0.8 installed
2020-11-25 20:48:55.088 T:2861781872  NOTICE: ADDON: kodi.binary.instance.peripheral v1.3.7 installed
2020-11-25 20:48:55.088 T:2861781872  NOTICE: ADDON: kodi.binary.instance.pvr v5.10.3 installed
2020-11-25 20:48:55.088 T:2861781872  NOTICE: ADDON: kodi.binary.instance.screensaver v2.0.0 installed
2020-11-25 20:48:55.088 T:2861781872  NOTICE: ADDON: kodi.binary.instance.vfs v2.0.0 installed
2020-11-25 20:48:55.088 T:2861781872  NOTICE: ADDON: kodi.binary.instance.videocodec v1.0.1 installed
2020-11-25 20:48:55.088 T:2861781872  NOTICE: ADDON: kodi.binary.instance.visualization v2.0.1 installed
2020-11-25 20:48:55.088 T:2861781872  NOTICE: ADDON: kodi.resource v1.0.0 installed
2020-11-25 20:48:55.088 T:2861781872  NOTICE: ADDON: metadata.album.universal v3.1.3 installed
2020-11-25 20:48:55.088 T:2861781872  NOTICE: ADDON: metadata.artists.universal v4.3.3 installed
2020-11-25 20:48:55.088 T:2861781872  NOTICE: ADDON: metadata.common.allmusic.com v3.2.2 installed
2020-11-25 20:48:55.088 T:2861781872  NOTICE: ADDON: metadata.common.fanart.tv v3.6.3 installed
2020-11-25 20:48:55.088 T:2861781872  NOTICE: ADDON: metadata.common.imdb.com v3.1.6 installed
2020-11-25 20:48:55.088 T:2861781872  NOTICE: ADDON: metadata.common.musicbrainz.org v2.2.4 installed
2020-11-25 20:48:55.088 T:2861781872  NOTICE: ADDON: metadata.common.theaudiodb.com v2.0.3 installed
2020-11-25 20:48:55.088 T:2861781872  NOTICE: ADDON: metadata.common.themoviedb.org v3.2.11 installed
2020-11-25 20:48:55.088 T:2861781872  NOTICE: ADDON: metadata.local v1.0.0 installed
2020-11-25 20:48:55.088 T:2861781872  NOTICE: ADDON: metadata.themoviedb.org v5.2.3 installed
2020-11-25 20:48:55.088 T:2861781872  NOTICE: ADDON: metadata.tvshows.themoviedb.org v3.5.9 installed
2020-11-25 20:48:55.088 T:2861781872  NOTICE: ADDON: os.libreelec.tv v9.2 installed
2020-11-25 20:48:55.088 T:2861781872  NOTICE: ADDON: os.openelec.tv v9.2 installed
2020-11-25 20:48:55.088 T:2861781872  NOTICE: ADDON: peripheral.joystick v1.4.9 installed
2020-11-25 20:48:55.088 T:2861781872  NOTICE: ADDON: plugin.audio.prime_music v0.10.6 installed
2020-11-25 20:48:55.088 T:2861781872  NOTICE: ADDON: plugin.image.google v0.9.8 installed
2020-11-25 20:48:55.088 T:2861781872  NOTICE: ADDON: plugin.video.3satmediathek v1.2.0 installed
2020-11-25 20:48:55.088 T:2861781872  NOTICE: ADDON: plugin.video.L0RE.arte v0.7.0 installed
2020-11-25 20:48:55.089 T:2861781872  NOTICE: ADDON: plugin.video.L0RE.dmax v1.0.9 installed
2020-11-25 20:48:55.089 T:2861781872  NOTICE: ADDON: plugin.video.L0RE.spiegeltv v1.0.2 installed
2020-11-25 20:48:55.089 T:2861781872  NOTICE: ADDON: plugin.video.amazon-test v0.8.9 installed
2020-11-25 20:48:55.089 T:2861781872  NOTICE: ADDON: plugin.video.ardundzdf v2.9.2 installed
2020-11-25 20:48:55.089 T:2861781872  NOTICE: ADDON: plugin.video.cnn v1.0.0 installed
2020-11-25 20:48:55.089 T:2861781872  NOTICE: ADDON: plugin.video.gq v3.0.4 installed
2020-11-25 20:48:55.089 T:2861781872  NOTICE: ADDON: plugin.video.hrmediathek v1.0.0 installed
2020-11-25 20:48:55.089 T:2861781872  NOTICE: ADDON: plugin.video.koditube v1.0.0 installed
2020-11-25 20:48:55.089 T:2861781872  NOTICE: ADDON: plugin.video.mediathek v0.9.4 installed
2020-11-25 20:48:55.089 T:2861781872  NOTICE: ADDON: plugin.video.mediathekdirekt v0.0.15 installed
2020-11-25 20:48:55.089 T:2861781872  NOTICE: ADDON: plugin.video.nasa v3.0.0 installed
2020-11-25 20:48:55.089 T:2861781872  NOTICE: ADDON: plugin.video.netflix v1.11.0 installed
2020-11-25 20:48:55.089 T:2861781872  NOTICE: ADDON: plugin.video.ng v1.0.0 installed
2020-11-25 20:48:55.089 T:2861781872  NOTICE: ADDON: plugin.video.prosiebensat1 v1.2.0 installed
2020-11-25 20:48:55.089 T:2861781872  NOTICE: ADDON: plugin.video.tagesschau v2.2.2 installed
2020-11-25 20:48:55.089 T:2861781872  NOTICE: ADDON: plugin.video.tyl0re.arte v1.0.2 installed
2020-11-25 20:48:55.089 T:2861781872  NOTICE: ADDON: plugin.video.tyl0re.dmax v2.1.2 installed
2020-11-25 20:48:55.089 T:2861781872  NOTICE: ADDON: plugin.video.tyl0re.spiegeltv v2.0.5 installed
2020-11-25 20:48:55.089 T:2861781872  NOTICE: ADDON: plugin.video.wdrmediathek v1.0.0 installed
2020-11-25 20:48:55.089 T:2861781872  NOTICE: ADDON: plugin.video.youtube v6.8.8 installed
2020-11-25 20:48:55.089 T:2861781872  NOTICE: ADDON: repository.castagnait v1.0.1 installed
2020-11-25 20:48:55.089 T:2861781872  NOTICE: ADDON: repository.kodi.game v1.0.0 installed
2020-11-25 20:48:55.089 T:2861781872  NOTICE: ADDON: repository.kodinerds v9.0.103.103 installed
2020-11-25 20:48:55.089 T:2861781872  NOTICE: ADDON: repository.libreelec.tv v9.2.0 installed
2020-11-25 20:48:55.089 T:2861781872  NOTICE: ADDON: repository.netflix v1.0.1 installed
2020-11-25 20:48:55.089 T:2861781872  NOTICE: ADDON: repository.sandmann79.plugins v1.0.3 installed
2020-11-25 20:48:55.089 T:2861781872  NOTICE: ADDON: repository.saxbmc v1.2.2 installed
2020-11-25 20:48:55.089 T:2861781872  NOTICE: ADDON: repository.xbmc.org v3.1.6 installed
2020-11-25 20:48:55.089 T:2861781872  NOTICE: ADDON: resource.images.weathericons.default v1.1.8 installed
2020-11-25 20:48:55.089 T:2861781872  NOTICE: ADDON: resource.language.de_de v9.0.21 installed
2020-11-25 20:48:55.089 T:2861781872  NOTICE: ADDON: resource.language.en_gb v2.0.1 installed
2020-11-25 20:48:55.089 T:2861781872  NOTICE: ADDON: resource.uisounds.kodi v1.0.0 installed
2020-11-25 20:48:55.089 T:2861781872  NOTICE: ADDON: screensaver.xbmc.builtin.black v1.0.33 installed
2020-11-25 20:48:55.089 T:2861781872  NOTICE: ADDON: screensaver.xbmc.builtin.dim v1.0.59 installed
2020-11-25 20:48:55.089 T:2861781872  NOTICE: ADDON: script.module.addon.signals v0.0.6 installed
2020-11-25 20:48:55.090 T:2861781872  NOTICE: ADDON: script.module.arrow v0.15.5 installed
2020-11-25 20:48:55.090 T:2861781872  NOTICE: ADDON: script.module.backports.functools_lru_cache v1.6.1 installed
2020-11-25 20:48:55.090 T:2861781872  NOTICE: ADDON: script.module.beautifulsoup v3.2.1 installed
2020-11-25 20:48:55.090 T:2861781872  NOTICE: ADDON: script.module.beautifulsoup4 v4.6.2 installed
2020-11-25 20:48:55.090 T:2861781872  NOTICE: ADDON: script.module.bottle v0.12.17 installed
2020-11-25 20:48:55.090 T:2861781872  NOTICE: ADDON: script.module.cache v1.0.3 installed
2020-11-25 20:48:55.090 T:2861781872  NOTICE: ADDON: script.module.certifi v2019.9.11 installed
2020-11-25 20:48:55.090 T:2861781872  NOTICE: ADDON: script.module.chardet v3.0.4 installed
2020-11-25 20:48:55.090 T:2861781872  NOTICE: ADDON: script.module.dateutil v2.8.1 installed
2020-11-25 20:48:55.090 T:2861781872  NOTICE: ADDON: script.module.future v0.17.1 installed
2020-11-25 20:48:55.090 T:2861781872  NOTICE: ADDON: script.module.idna v2.8 installed
2020-11-25 20:48:55.090 T:2861781872  NOTICE: ADDON: script.module.inputstreamhelper v0.5.1 installed
2020-11-25 20:48:55.090 T:2861781872  NOTICE: ADDON: script.module.kodi-six v0.1.3 installed
2020-11-25 20:48:55.090 T:2861781872  NOTICE: ADDON: script.module.lib3sat v1.0.0 installed
2020-11-25 20:48:55.090 T:2861781872  NOTICE: ADDON: script.module.libard v1.0.0 installed
2020-11-25 20:48:55.090 T:2861781872  NOTICE: ADDON: script.module.libbr v1.0.0 installed
2020-11-25 20:48:55.090 T:2861781872  NOTICE: ADDON: script.module.libdaserste v1.0.0 installed
2020-11-25 20:48:55.090 T:2861781872  NOTICE: ADDON: script.module.libhr v1.0.0 installed
2020-11-25 20:48:55.090 T:2861781872  NOTICE: ADDON: script.module.libmediathek3 v1.5.0 installed
2020-11-25 20:48:55.090 T:2861781872  NOTICE: ADDON: script.module.libndr v1.0.0 installed
2020-11-25 20:48:55.090 T:2861781872  NOTICE: ADDON: script.module.libwdr v1.0.0 installed
2020-11-25 20:48:55.090 T:2861781872  NOTICE: ADDON: script.module.libzdf v2.1.7 installed
2020-11-25 20:48:55.090 T:2861781872  NOTICE: ADDON: script.module.mechanicalsoup v0.12.0 installed
2020-11-25 20:48:55.090 T:2861781872  NOTICE: ADDON: script.module.mechanize v0.2.6 installed
2020-11-25 20:48:55.090 T:2861781872  NOTICE: ADDON: script.module.mediathekxmlservice v1.0.0 installed
2020-11-25 20:48:55.090 T:2861781872  NOTICE: ADDON: script.module.metadatautils v1.0.0 installed
2020-11-25 20:48:55.090 T:2861781872  NOTICE: ADDON: script.module.musicbrainz v0.6.0 installed
2020-11-25 20:48:55.090 T:2861781872  NOTICE: ADDON: script.module.pil v1.1.7 installed
2020-11-25 20:48:55.090 T:2861781872  NOTICE: ADDON: script.module.pyautogui v0.9.50 installed
2020-11-25 20:48:55.090 T:2861781872  NOTICE: ADDON: script.module.pycryptodome v3.4.3 installed
2020-11-25 20:48:55.090 T:2861781872  NOTICE: ADDON: script.module.pydes v2.0.4 installed
2020-11-25 20:48:55.090 T:2861781872  NOTICE: ADDON: script.module.pysocks v1.6.8 installed
2020-11-25 20:48:55.090 T:2861781872  NOTICE: ADDON: script.module.pyxbmct v1.3.1 installed
2020-11-25 20:48:55.090 T:2861781872  NOTICE: ADDON: script.module.requests v2.22.0 installed
2020-11-25 20:48:55.090 T:2861781872  NOTICE: ADDON: script.module.routing v0.2.3 installed
2020-11-25 20:48:55.090 T:2861781872  NOTICE: ADDON: script.module.simplecache v1.0.20 installed
2020-11-25 20:48:55.090 T:2861781872  NOTICE: ADDON: script.module.simplejson v3.16.1 installed
2020-11-25 20:48:55.090 T:2861781872  NOTICE: ADDON: script.module.six v1.13.0 installed
2020-11-25 20:48:55.090 T:2861781872  NOTICE: ADDON: script.module.t1mlib v1.0.18 installed
2020-11-25 20:48:55.091 T:2861781872  NOTICE: ADDON: script.module.thetvdb v1.0.12 installed
2020-11-25 20:48:55.091 T:2861781872  NOTICE: ADDON: script.module.urllib3 v1.25.6 installed
2020-11-25 20:48:55.091 T:2861781872  NOTICE: ADDON: script.module.xbmcswift2 v13.0.0 installed
2020-11-25 20:48:55.091 T:2861781872  NOTICE: ADDON: script.module.youtube.dl v20.616.0 installed
2020-11-25 20:48:55.091 T:2861781872  NOTICE: ADDON: script.program.driverselect v0.1.6 installed
2020-11-25 20:48:55.091 T:2861781872  NOTICE: ADDON: script.skin.helper.service v1.1.3 installed
2020-11-25 20:48:55.091 T:2861781872  NOTICE: ADDON: script.tubecast v1.4.5 installed
2020-11-25 20:48:55.091 T:2861781872  NOTICE: ADDON: script.tv.show.next.aired v6.0.15 installed
2020-11-25 20:48:55.091 T:2861781872  NOTICE: ADDON: service.library.data.provider v0.3.2 installed
2020-11-25 20:48:55.091 T:2861781872  NOTICE: ADDON: service.libreelec.settings v9.0.0 installed
2020-11-25 20:48:55.091 T:2861781872  NOTICE: ADDON: skin.ace2 v1.6.0 installed
2020-11-25 20:48:55.091 T:2861781872  NOTICE: ADDON: skin.estuary v2.0.27 installed
2020-11-25 20:48:55.091 T:2861781872  NOTICE: ADDON: virtual.multimedia-tools v9.2.0.109 installed
2020-11-25 20:48:55.091 T:2861781872  NOTICE: ADDON: virtual.system-tools v9.2.0.111 installed
2020-11-25 20:48:55.091 T:2861781872  NOTICE: ADDON: webinterface.arch v2.0.5 installed
2020-11-25 20:48:55.091 T:2861781872  NOTICE: ADDON: webinterface.awxi v0.7.6 installed
2020-11-25 20:48:55.091 T:2861781872  NOTICE: ADDON: webinterface.chorus v0.3.10 installed
2020-11-25 20:48:55.091 T:2861781872  NOTICE: ADDON: webinterface.default v18.x-2.4.6 installed
2020-11-25 20:48:55.091 T:2861781872  NOTICE: ADDON: webinterface.hax v0.1.1 installed
2020-11-25 20:48:55.091 T:2861781872  NOTICE: ADDON: xbmc.addon v18.9 installed
2020-11-25 20:48:55.091 T:2861781872  NOTICE: ADDON: xbmc.core v0.1.0 installed
2020-11-25 20:48:55.091 T:2861781872  NOTICE: ADDON: xbmc.gui v5.14.0 installed
2020-11-25 20:48:55.091 T:2861781872  NOTICE: ADDON: xbmc.json v10.3.0 installed
2020-11-25 20:48:55.091 T:2861781872  NOTICE: ADDON: xbmc.metadata v2.1.0 installed
2020-11-25 20:48:55.091 T:2861781872  NOTICE: ADDON: xbmc.python v2.26.0 installed
2020-11-25 20:48:55.091 T:2861781872  NOTICE: ADDON: xbmc.webinterface v1.0.0 installed
2020-11-25 20:52:06.181 T:3011536208  NOTICE: VideoPlayer::OpenFile: plugin://plugin.video.mediathek/?type=ZDF&action=openJsonLink&link=https%3A%2F%2Fzdf-cdn.live.cellular.de%2FmediathekV2%2Fdocument%2F201125-heute-sendung-12-uhr-100
2020-11-25 20:52:11.348 T:2357187440  NOTICE: Creating InputStream
2020-11-25 20:52:11.724 T:2357187440  NOTICE: Creating Demuxer
2020-11-25 20:52:12.259 T:2357187440  NOTICE: Opening stream: 0 source: 256
2020-11-25 20:52:12.260 T:2357187440  NOTICE: Creating video codec with codec id: 27
2020-11-25 20:52:12.285 T:2357187440  NOTICE: Creating video thread
2020-11-25 20:52:12.285 T:2373972848  NOTICE: running thread: video_thread
2020-11-25 20:52:12.387 T:2357187440  NOTICE: Opening stream: 1 source: 256
2020-11-25 20:52:12.387 T:2357187440  NOTICE: Finding audio codec for: 86018
2020-11-25 20:52:12.389 T:2357187440  NOTICE: CDVDAudioCodecFFmpeg::Open() Successful opened audio decoder aac
2020-11-25 20:52:12.389 T:2357187440  NOTICE: Creating audio thread
2020-11-25 20:52:12.389 T:2407547760  NOTICE: running thread: CVideoPlayerAudio::Process()
2020-11-25 20:52:12.400 T:2407547760  NOTICE: Creating audio stream (codec id: 86018, channels: 2, sample rate: 44100, no pass-through)
2020-11-25 20:52:12.936 T:2373972848 WARNING: CRenderManager::WaitForBuffer - timeout waiting for buffer
2020-11-25 20:53:48.003 T:2740622192  NOTICE: script.tv.show.next.aired: ### no prior data found
2020-11-25 20:53:50.004 T:2740622192  NOTICE: script.tv.show.next.aired: ### starting data update
2020-11-25 20:53:50.004 T:2740622192  NOTICE: script.tv.show.next.aired: ### grabbing a new country mapping list
2020-11-25 21:00:50.736 T:2373972848 WARNING: CRenderManager::WaitForBuffer - timeout waiting for buffer
2020-11-25 21:03:48.951 T:2740622192 WARNING: Previous line repeats 343 times.
2020-11-25 21:03:48.951 T:2740622192  NOTICE: script.tv.show.next.aired: ### no prior data found
2020-11-25 21:03:50.952 T:2740622192  NOTICE: script.tv.show.next.aired: ### starting data update
2020-11-25 21:03:50.952 T:2740622192  NOTICE: script.tv.show.next.aired: ### grabbing a new country mapping list
2020-11-25 21:03:51.086 T:2373972848 WARNING: CRenderManager::WaitForBuffer - timeout waiting for buffer
2020-11-25 21:05:50.127 T:2407547760 WARNING: Previous line repeats 104 times.
2020-11-25 21:05:50.127 T:2407547760  NOTICE: CVideoPlayerAudio::Process - stream stalled
2020-11-25 21:05:50.280 T:2357187440  NOTICE: CVideoPlayer::OnExit()
2020-11-25 21:05:50.280 T:2357187440  NOTICE: VideoPlayer: eof, waiting for queues to empty
2020-11-25 21:05:50.280 T:2357187440  NOTICE: Closing stream player 1
2020-11-25 21:05:50.281 T:2357187440  NOTICE: CDVDMessageQueue(audio)::WaitUntilEmpty
2020-11-25 21:05:50.281 T:2357187440  NOTICE: Waiting for audio thread to exit
2020-11-25 21:05:50.281 T:2407547760   ERROR: Got MSGQ_ABORT or MSGO_IS_ERROR return true
2020-11-25 21:05:50.281 T:2407547760  NOTICE: thread end: CVideoPlayerAudio::OnExit()
2020-11-25 21:05:50.281 T:2357187440  NOTICE: Closing audio device
2020-11-25 21:05:50.282 T:2357187440  NOTICE: Deleting audio codec
2020-11-25 21:05:50.282 T:2357187440  NOTICE: Closing stream player 2
2020-11-25 21:05:50.282 T:2357187440  NOTICE: CDVDMessageQueue(video)::WaitUntilEmpty
2020-11-25 21:05:50.282 T:2357187440  NOTICE: waiting for video thread to exit
2020-11-25 21:05:50.282 T:2373972848   ERROR: Got MSGQ_ABORT or MSGO_IS_ERROR return true
2020-11-25 21:05:50.283 T:2373972848  NOTICE: thread end: video_thread
2020-11-25 21:05:50.283 T:2357187440  NOTICE: deleting video codec
2020-11-25 21:05:50.375 T:3011536208  NOTICE: CVideoPlayer::CloseFile()
2020-11-25 21:05:50.441 T:3011536208  NOTICE: VideoPlayer: waiting for threads to exit
2020-11-25 21:05:50.441 T:3011536208  NOTICE: VideoPlayer: finished waiting
2020-11-25 21:05:50.441 T:3011536208  NOTICE: CVideoPlayer::CloseFile()
2020-11-25 21:05:50.441 T:3011536208  NOTICE: VideoPlayer: waiting for threads to exit
2020-11-25 21:05:50.441 T:3011536208  NOTICE: VideoPlayer: finished waiting
2020-11-25 21:05:50.459 T:3011536208   ERROR: Control 55 in window 10025 has been asked to focus, but it can't
2020-11-25 21:07:23.048 T:2298176368 WARNING: CreateLoader - unsupported protocol(thumb) in thumb://None/
2020-11-25 21:07:24.885 T:3011536208   ERROR: Control 55 in window 10025 has been asked to focus, but it can't
2020-11-25 21:07:56.800 T:2407547760   ERROR: EXCEPTION: Invalid setting type
2020-11-25 21:07:56.801 T:2407547760  NOTICE: [script.module.inputstreamhelper] Widevine update check was made on 2020-11-19 21:05
2020-11-25 21:07:56.889 T:3011536208  NOTICE: VideoPlayer::OpenFile: plugin://plugin.video.netflix/play/show/80025678/season/80215846/episode/80215493/?profile_guid=AB65UH7MH5DGHDDLDTEPE5N5SE
2020-11-25 21:07:56.891 T:2306569072  NOTICE: Creating InputStream
2020-11-25 21:07:56.981 T:2306569072   ERROR: GetDirectory - Error getting /usr/lib/kodi/addons/inputstream.adaptive/
2020-11-25 21:07:59.937 T:2306569072  NOTICE: Creating Demuxer
2020-11-25 21:07:59.939 T:2306569072  NOTICE: Opening stream: 1001 source: 256
2020-11-25 21:08:00.056 T:2306569072  NOTICE: Creating video codec with codec id: 27
2020-11-25 21:08:00.063 T:2306569072  NOTICE: Creating video thread
2020-11-25 21:08:00.063 T:2168447856  NOTICE: running thread: video_thread
2020-11-25 21:08:00.063 T:2306569072  NOTICE: Opening stream: 1002 source: 256
2020-11-25 21:08:00.153 T:2306569072  NOTICE: Finding audio codec for: 86056
2020-11-25 21:08:00.154 T:2306569072  NOTICE: CDVDAudioCodecFFmpeg::Open() Successful opened audio decoder eac3
2020-11-25 21:08:00.154 T:2306569072  NOTICE: Creating audio thread
2020-11-25 21:08:00.155 T:2137113456  NOTICE: running thread: CVideoPlayerAudio::Process()
2020-11-25 21:08:00.155 T:2306569072  NOTICE: Opening stream: 1015 source: 256
2020-11-25 21:08:01.489 T:2137113456  NOTICE: Creating audio stream (codec id: 86056, channels: 6, sample rate: 48000, no pass-through)
2020-11-25 21:18:48.996 T:2740622192  NOTICE: script.tv.show.next.aired: ### no prior data found
2020-11-25 21:18:50.997 T:2740622192  NOTICE: script.tv.show.next.aired: ### starting data update
2020-11-25 21:18:50.997 T:2740622192  NOTICE: script.tv.show.next.aired: ### grabbing a new country mapping list
2020-11-25 21:38:49.046 T:2740622192  NOTICE: script.tv.show.next.aired: ### no prior data found
2020-11-25 21:38:51.047 T:2740622192  NOTICE: script.tv.show.next.aired: ### starting data update
2020-11-25 21:38:51.047 T:2740622192  NOTICE: script.tv.show.next.aired: ### grabbing a new country mapping list
2020-11-25 21:59:00.560 T:3011536208  NOTICE: CVideoPlayer::CloseFile()
2020-11-25 21:59:00.563 T:2306569072  NOTICE: CVideoPlayer::OnExit()
2020-11-25 21:59:00.563 T:2306569072  NOTICE: Closing stream player 1
2020-11-25 21:59:00.563 T:2306569072  NOTICE: Waiting for audio thread to exit
2020-11-25 21:59:00.599 T:2137113456  NOTICE: thread end: CVideoPlayerAudio::OnExit()
2020-11-25 21:59:00.599 T:2306569072  NOTICE: Closing audio device
2020-11-25 21:59:00.612 T:3011536208  NOTICE: VideoPlayer: waiting for threads to exit
2020-11-25 21:59:00.650 T:2306569072  NOTICE: Deleting audio codec
2020-11-25 21:59:00.650 T:2306569072  NOTICE: Closing stream player 2
2020-11-25 21:59:00.650 T:2306569072  NOTICE: waiting for video thread to exit
2020-11-25 21:59:00.693 T:2168447856  NOTICE: thread end: video_thread
2020-11-25 21:59:00.694 T:2306569072  NOTICE: deleting video codec
2020-11-25 21:59:01.078 T:2306569072  NOTICE: Closing stream player 3
2020-11-25 21:59:01.130 T:3011536208  NOTICE: VideoPlayer: finished waiting
2020-11-25 21:59:01.130 T:3011536208  NOTICE: CVideoPlayer::CloseFile()
2020-11-25 21:59:01.130 T:3011536208  NOTICE: VideoPlayer: waiting for threads to exit
2020-11-25 21:59:01.130 T:3011536208  NOTICE: VideoPlayer: finished waiting
2020-11-25 21:59:01.151 T:3011536208   ERROR: Control 55 in window 10025 has been asked to focus, but it can't
2020-11-25 22:00:24.022 T:2323354480 WARNING: CreateLoader - unsupported protocol(thumb) in thumb://None/
2020-11-25 22:00:29.960 T:3011536208 WARNING: Previous line repeats 1 times.
2020-11-25 22:00:29.960 T:3011536208  NOTICE: VideoPlayer::OpenFile: https://brlive-lh.akamaihd.net/i/bralpha_germany@119899/index_1_av-p.m3u8
2020-11-25 22:00:30.143 T:2362303344  NOTICE: Creating InputStream
2020-11-25 22:00:30.247 T:2362303344  NOTICE: Creating Demuxer
2020-11-25 22:00:30.366 T:2306569072 WARNING: CreateLoader - unsupported protocol(thumb) in thumb://None/
2020-11-25 22:00:30.932 T:2362303344  NOTICE: Opening stream: 0 source: 256
2020-11-25 22:00:30.932 T:2362303344  NOTICE: Creating video codec with codec id: 27
2020-11-25 22:00:30.946 T:2362303344  NOTICE: Creating video thread
2020-11-25 22:00:30.950 T:2340139888  NOTICE: running thread: video_thread
2020-11-25 22:00:31.027 T:2362303344  NOTICE: Opening stream: 1 source: 256
2020-11-25 22:00:31.027 T:2362303344  NOTICE: Finding audio codec for: 86018
2020-11-25 22:00:31.028 T:2362303344  NOTICE: CDVDAudioCodecFFmpeg::Open() Successful opened audio decoder aac
2020-11-25 22:00:31.028 T:2362303344  NOTICE: Creating audio thread
2020-11-25 22:00:31.028 T:2236535664  NOTICE: running thread: CVideoPlayerAudio::Process()
2020-11-25 22:00:31.029 T:2236535664  NOTICE: Creating audio stream (codec id: 86018, channels: 2, sample rate: 48000, no pass-through)
2020-11-25 22:00:32.108 T:2340139888 WARNING: CRenderManager::WaitForBuffer - timeout waiting for buffer
2020-11-25 22:03:50.026 T:2740622192  NOTICE: script.tv.show.next.aired: ### no prior data found
2020-11-25 22:03:52.026 T:2740622192  NOTICE: script.tv.show.next.aired: ### starting data update
2020-11-25 22:03:52.027 T:2740622192  NOTICE: script.tv.show.next.aired: ### grabbing a new country mapping list
2020-11-25 22:26:18.946 T:3011536208   ERROR: Control 602 in window 12901 has been asked to focus, but it can't
2020-11-25 22:26:22.039 T:3011536208  NOTICE: CVideoPlayer::CloseFile()
2020-11-25 22:26:22.047 T:2362303344  NOTICE: CVideoPlayer::OnExit()
2020-11-25 22:26:22.047 T:2362303344  NOTICE: Closing stream player 1
2020-11-25 22:26:22.047 T:2362303344  NOTICE: Waiting for audio thread to exit
2020-11-25 22:26:22.087 T:2236535664  NOTICE: thread end: CVideoPlayerAudio::OnExit()
2020-11-25 22:26:22.087 T:2362303344  NOTICE: Closing audio device
2020-11-25 22:26:22.092 T:3011536208  NOTICE: VideoPlayer: waiting for threads to exit
2020-11-25 22:26:22.138 T:2362303344  NOTICE: Deleting audio codec
2020-11-25 22:26:22.138 T:2362303344  NOTICE: Closing stream player 2
2020-11-25 22:26:22.138 T:2362303344  NOTICE: waiting for video thread to exit
2020-11-25 22:26:22.176 T:2340139888  NOTICE: thread end: video_thread
2020-11-25 22:26:22.180 T:2362303344  NOTICE: deleting video codec
2020-11-25 22:26:22.195 T:3011536208  NOTICE: VideoPlayer: finished waiting
2020-11-25 22:26:22.195 T:3011536208  NOTICE: CVideoPlayer::CloseFile()
2020-11-25 22:26:22.195 T:3011536208  NOTICE: VideoPlayer: waiting for threads to exit
2020-11-25 22:26:22.196 T:3011536208  NOTICE: VideoPlayer: finished waiting
2020-11-25 22:26:22.534 T:2263810928 WARNING: CreateLoader - unsupported protocol(thumb) in thumb://None/
2020-11-25 22:26:28.939 T:3011536208  NOTICE: Quitting due to POSIX signal
2020-11-25 22:26:28.972 T:3011536208  NOTICE: Stopping player
2020-11-25 22:26:28.973 T:3011536208  NOTICE: Storing total System Uptime
2020-11-25 22:26:28.973 T:3011536208  NOTICE: Saving settings
2020-11-25 22:26:28.980 T:3011536208  NOTICE: Saving skin settings
2020-11-25 22:26:28.982 T:3011536208  NOTICE: Stopping all
2020-11-25 22:26:28.982 T:3011536208  NOTICE: ES: Stopping event server
2020-11-25 22:26:29.109 T:2612253552  NOTICE: ES: UDP Event server stopped
2020-11-25 22:26:29.309 T:3011536208  NOTICE: stopping upnp
2020-11-25 22:26:29.719 T:3011536208  NOTICE: stopping zeroconf publishing
2020-11-25 22:26:29.725 T:3011536208  NOTICE: CWebServer[8080]: Stopped
2020-11-25 22:26:29.956 T:3011536208  NOTICE: stop dvd detect media
2020-11-25 22:26:30.250 T:2799371120  NOTICE: [Amazon VOD] Service: Proxy server stopped
2020-11-25 22:26:30.251 T:2799371120  NOTICE: [Amazon VOD] Service stopped
2020-11-25 22:26:30.273 T:2799371120 WARNING: CPythonInvoker(4, /storage/.kodi/addons/plugin.video.amazon-test/service.py): the python script "/storage/.kodi/addons/plugin.video.amazon-test/service.py" has left several classes in memory that we couldn't clean up. The classes include: N9XBMCAddon7xbmcgui6DialogE,N14PythonBindings31XBMCAddon_xbmc_Monitor_DirectorE,N9XBMCAddon9xbmcaddon5AddonE
2020-11-25 22:26:31.483 T:2757407600  NOTICE: Skin Helper Service --> Shutdown requested !
2020-11-25 22:26:31.488 T:2757407600  NOTICE: Skin Helper Service --> Skin Helper Service version 1.1.3 stopped
2020-11-25 22:26:31.969 T:2740622192  NOTICE: script.tv.show.next.aired: ### abort requested -- stopping background processing
2020-11-25 22:26:32.231 T:3011536208  NOTICE: Application stopped
2020-11-25 22:26:32.431 T:3011536208  NOTICE: XBApplicationEx: destroying...
2020-11-25 22:26:35.367 T:3011536208  NOTICE: unload skin
2020-11-25 22:26:35.495 T:3011536208  NOTICE: unload sections
2020-11-25 22:26:35.974 T:3011536208  NOTICE: XBApplicationEx: application stopped!

############### END LOG FILE ################

############ END kodi CRASH LOG #############
