############## kodi CRASH LOG ###############

################ SYSTEM INFO ################
 Date: Tue Dec 22 22:03:56 CET 2020
 kodi Options: --standalone -fs
 Arch: armv7l
 Kernel: Linux 4.19.127 #1 SMP Sat Oct 24 15:01:22 EDT 2020
 Release: LibreELEC 9.2.6
############## END SYSTEM INFO ##############

############### STACK TRACE #################
=====>  Core file: /storage/.cache/cores/core.!usr!lib!kodi!kodi.bin.1608671029.432
        =========================================
[New LWP 444]
[New LWP 443]
[New LWP 435]
[New LWP 462]
[New LWP 442]
[New LWP 433]
[New LWP 479]
[New LWP 635]
[New LWP 574]
[New LWP 436]
[New LWP 439]
[New LWP 445]
[New LWP 564]
[New LWP 446]
[New LWP 441]
[New LWP 432]
[New LWP 465]
[New LWP 563]
[Thread debugging using libthread_db enabled]
Using host libthread_db library "/usr/lib/libthread_db.so.1".
Core was generated by `/usr/lib/kodi/kodi.bin --standalone -fs'.
Program terminated with signal SIGSEGV, Segmentation fault.
#0  0xb6dc9328 in CEC::CRPiCECAdapterMessageQueue::MessageReceived(CEC::cec_opcode, CEC::cec_logical_address, CEC::cec_logical_address, unsigned int) () from /usr/lib/libcec.so.4
[Current thread is 1 (Thread 0xadbfe370 (LWP 444))]

Thread 18 (Thread 0x821ec370 (LWP 563)):
#0  futex_abstimed_wait_cancelable (private=0, abstime=0x821ebcc8, expected=0, futex_word=0xb1066784) at ../sysdeps/unix/sysv/linux/futex-internal.h:205
#1  __pthread_cond_wait_common (abstime=0x821ebcc8, mutex=<optimized out>, cond=0xb1066758) at pthread_cond_wait.c:539
#2  __pthread_cond_timedwait (cond=0xb1066758, mutex=0x0, abstime=0x821ebcc8) at pthread_cond_wait.c:667
#3  0xb6dc0f14 in P8PLATFORM::CCondition<bool>::Wait(P8PLATFORM::CMutex&, bool (*)(void*), void*, unsigned int) () from /usr/lib/libcec.so.4
#4  0xb6dc1464 in P8PLATFORM::SyncedBuffer<CEC::CCallbackWrap*>::Pop(CEC::CCallbackWrap*&, int) () from /usr/lib/libcec.so.4
#5  0xb6dbef98 in CEC::CCECClient::Process() () from /usr/lib/libcec.so.4
#6  0xb6dbf658 in P8PLATFORM::CThread::ThreadHandler(void*) () from /usr/lib/libcec.so.4
#7  0xb6ed7378 in start_thread (arg=0x821ec370) at pthread_create.c:486
Backtrace stopped: Cannot access memory at address 0xe5b9d8

Thread 17 (Thread 0xa8975370 (LWP 465)):
#0  futex_abstimed_wait_cancelable (private=0, abstime=0xa8974ce0, expected=0, futex_word=0x1d55480) at ../sysdeps/unix/sysv/linux/futex-internal.h:205
#1  __pthread_cond_wait_common (abstime=0xa8974ce0, mutex=<optimized out>, cond=0x1d55458) at pthread_cond_wait.c:539
#2  __pthread_cond_timedwait (cond=0x1d55458, mutex=0x0, abstime=0xa8974ce0) at pthread_cond_wait.c:667
#3  0x008e11dc in ?? ()
#4  0x008e6b78 in ?? ()
#5  0x00443aec in PERIPHERALS::CPeripheralBus::Process() ()
#6  0x00694898 in CThread::Action() ()
#7  0x006b2820 in CThread::staticThread(void*) ()
#8  0xb6ed7378 in start_thread (arg=0xa8975370) at pthread_create.c:486
#9  0xb4ec03c8 in ?? () at ../sysdeps/unix/sysv/linux/arm/clone.S:73 from /usr/lib/libc.so.6
Backtrace stopped: previous frame identical to this frame (corrupt stack?)

Thread 16 (Thread 0xb37c3550 (LWP 432)):
#0  futex_abstimed_wait_cancelable (private=0, abstime=0xbeded0a0, expected=0, futex_word=0xb104bd00) at ../sysdeps/unix/sysv/linux/futex-internal.h:205
#1  __pthread_cond_wait_common (abstime=0xbeded0a0, mutex=<optimized out>, cond=0xb104bcd8) at pthread_cond_wait.c:539
#2  __pthread_cond_timedwait (cond=0xb104bcd8, mutex=0x0, abstime=0xbeded0a0) at pthread_cond_wait.c:667
#3  0x008e11dc in ?? ()
#4  0x008e6b78 in ?? ()
#5  0x006b81c0 in CThread::StopThread(bool) ()
#6  0x004669b8 in PERIPHERALS::CPeripheralCecAdapter::~CPeripheralCecAdapter() ()
#7  0x00466a68 in PERIPHERALS::CPeripheralCecAdapter::~CPeripheralCecAdapter() ()
#8  0x008e0ce8 in ?? ()
Backtrace stopped: previous frame identical to this frame (corrupt stack?)

Thread 15 (Thread 0xb07fe370 (LWP 441)):
#0  0xb4eb8ffc in ioctl () at ../sysdeps/unix/syscall-template.S:78
Backtrace stopped: Cannot access memory at address 0x6c6c615a

Thread 14 (Thread 0xacbfc370 (LWP 446)):
#0  futex_abstimed_wait_cancelable (private=0, abstime=0x0, expected=1, futex_word=0xafe03c2c) at ../sysdeps/unix/sysv/linux/futex-internal.h:205
#1  do_futex_wait (sem=sem@entry=0xafe03c2c, abstime=0x0) at sem_waitcommon.c:115
#2  0xb6ee08e0 in __new_sem_wait_slow (sem=0xafe03c2c, abstime=0x0) at sem_waitcommon.c:282
#3  0xb4af6b60 in vchiu_queue_pop () from /usr/lib/libvchiq_arm.so
#4  0xb2facd70 in ?? () from /usr/lib/libopenmaxil.so
Backtrace stopped: previous frame identical to this frame (corrupt stack?)

Thread 13 (Thread 0x97177370 (LWP 564)):
#0  futex_wait_cancelable (private=0, expected=0, futex_word=0x1e896b0) at ../sysdeps/unix/sysv/linux/futex-internal.h:88
#1  __pthread_cond_wait_common (abstime=0x0, mutex=<optimized out>, cond=0x1e89688) at pthread_cond_wait.c:502
#2  __pthread_cond_wait (cond=0x1e89688, mutex=0xb6ede428 <__pthread_cond_signal+544>) at pthread_cond_wait.c:655
#3  0xb6dc0e9c in P8PLATFORM::CCondition<bool>::Wait(P8PLATFORM::CMutex&, bool (*)(void*), void*, unsigned int) () from /usr/lib/libcec.so.4
#4  0xb6dc8bb4 in CEC::CRPiCECAdapterCommunication::UnregisterLogicalAddress() () from /usr/lib/libcec.so.4
#5  0xb6dc8ef8 in CEC::CRPiCECAdapterCommunication::~CRPiCECAdapterCommunication() () from /usr/lib/libcec.so.4
#6  0xb6dc8f50 in CEC::CRPiCECAdapterCommunication::~CRPiCECAdapterCommunication() () from /usr/lib/libcec.so.4
#7  0xb6dc34d0 in CEC::CCECProcessor::Close() () from /usr/lib/libcec.so.4
#8  0x004619a4 in PERIPHERALS::CPeripheralCecAdapter::Process() ()
#9  0x00694898 in CThread::Action() ()
#10 0x006b2820 in CThread::staticThread(void*) ()
#11 0xb6ed7378 in start_thread (arg=0x97177370) at pthread_create.c:486
#12 0xb4ec03c8 in ?? () at ../sysdeps/unix/sysv/linux/arm/clone.S:73 from /usr/lib/libc.so.6
Backtrace stopped: previous frame identical to this frame (corrupt stack?)

Thread 12 (Thread 0xad3fd370 (LWP 445)):
#0  futex_wait_cancelable (private=0, expected=0, futex_word=0xafe03ac0) at ../sysdeps/unix/sysv/linux/futex-internal.h:88
#1  __pthread_cond_wait_common (abstime=0x0, mutex=<optimized out>, cond=0xafe03a98) at pthread_cond_wait.c:502
#2  __pthread_cond_wait (cond=0xafe03a98, mutex=0x0) at pthread_cond_wait.c:655
#3  0xb3fd9d94 in ?? () from /usr/lib/libvcos.so
Backtrace stopped: previous frame identical to this frame (corrupt stack?)

Thread 11 (Thread 0xb0fff370 (LWP 439)):
#0  __GI___poll (timeout=-1, nfds=1, fds=0xb1000700) at ../sysdeps/unix/sysv/linux/poll.c:29
#1  __GI___poll (fds=0xb1000700, nfds=1, timeout=-1) at ../sysdeps/unix/sysv/linux/poll.c:26
#2  0x0083868c in CFDEventMonitor::Process() ()
#3  0x00694898 in CThread::Action() ()
#4  0x006b2820 in CThread::staticThread(void*) ()
#5  0xb6ed7378 in start_thread (arg=0xb0fff370) at pthread_create.c:486
#6  0xb4ec03c8 in ?? () at ../sysdeps/unix/sysv/linux/arm/clone.S:73 from /usr/lib/libc.so.6
Backtrace stopped: previous frame identical to this frame (corrupt stack?)

Thread 10 (Thread 0xb2dff370 (LWP 436)):
#0  0xb4ec07e0 in epoll_wait (epfd=14, events=0xb2dfed20, maxevents=1, timeout=200) at ../sysdeps/unix/sysv/linux/epoll_wait.c:30
#1  0x0083f028 in CLibInputHandler::Process() ()
#2  0x00694898 in CThread::Action() ()
#3  0x006b2820 in CThread::staticThread(void*) ()
#4  0xb6ed7378 in start_thread (arg=0xb2dff370) at pthread_create.c:486
#5  0xb4ec03c8 in ?? () at ../sysdeps/unix/sysv/linux/arm/clone.S:73 from /usr/lib/libc.so.6
Backtrace stopped: previous frame identical to this frame (corrupt stack?)

Thread 9 (Thread 0x7e55e370 (LWP 574)):
#0  futex_abstimed_wait_cancelable (private=0, abstime=0x7e55dd20, expected=0, futex_word=0x1eba400) at ../sysdeps/unix/sysv/linux/futex-internal.h:205
#1  __pthread_cond_wait_common (abstime=0x7e55dd20, mutex=<optimized out>, cond=0x1eba3d8) at pthread_cond_wait.c:539
#2  __pthread_cond_timedwait (cond=0x1eba3d8, mutex=0x0, abstime=0x7e55dd20) at pthread_cond_wait.c:667
#3  0x00898540 in NPT_PosixSharedVariable::WaitUntilEquals(int, int) ()
#4  0x008c9160 in NPT_HttpConnectionManager::Run() ()
#5  0x008bdbd0 in NPT_PosixThread::EntryPoint(void*) ()
#6  0xb6ed7378 in start_thread (arg=0x7e55e370) at pthread_create.c:486
#7  0xb4ec03c8 in ?? () at ../sysdeps/unix/sysv/linux/arm/clone.S:73 from /usr/lib/libc.so.6
Backtrace stopped: previous frame identical to this frame (corrupt stack?)

Thread 8 (Thread 0x82a27370 (LWP 635)):
#0  futex_abstimed_wait_cancelable (private=0, abstime=0x82a26cd8, expected=0, futex_word=0x1205a70) at ../sysdeps/unix/sysv/linux/futex-internal.h:205
#1  __pthread_cond_wait_common (abstime=0x82a26cd8, mutex=<optimized out>, cond=0x1205a48) at pthread_cond_wait.c:539
#2  __pthread_cond_timedwait (cond=0x1205a48, mutex=0x0, abstime=0x82a26cd8) at pthread_cond_wait.c:667
#3  0x008e11dc in ?? ()
#4  0x008e6b78 in ?? ()
#5  0x006978dc in CTimer::Process() ()
#6  0x00694898 in CThread::Action() ()
#7  0x006b2820 in CThread::staticThread(void*) ()
#8  0xb6ed7378 in start_thread (arg=0x82a27370) at pthread_create.c:486
#9  0xb4ec03c8 in ?? () at ../sysdeps/unix/sysv/linux/arm/clone.S:73 from /usr/lib/libc.so.6
Backtrace stopped: previous frame identical to this frame (corrupt stack?)

Thread 7 (Thread 0xa7172370 (LWP 479)):
#0  __GI___poll (timeout=-1, nfds=2, fds=0xafe46ef0) at ../sysdeps/unix/sysv/linux/poll.c:29
#1  __GI___poll (fds=0xafe46ef0, nfds=2, timeout=-1) at ../sysdeps/unix/sysv/linux/poll.c:26
#2  0xb6f35da4 in ?? () from /usr/lib/libavahi-common.so.3
Backtrace stopped: previous frame identical to this frame (corrupt stack?)

Thread 6 (Thread 0xb37c0370 (LWP 433)):
#0  futex_wait_cancelable (private=0, expected=0, futex_word=0x10ce134) at ../sysdeps/unix/sysv/linux/futex-internal.h:88
#1  __pthread_cond_wait_common (abstime=0x0, mutex=<optimized out>, cond=0x10ce108) at pthread_cond_wait.c:502
#2  __pthread_cond_wait (cond=0x10ce108, mutex=0x77) at pthread_cond_wait.c:655
#3  0xb4d451bc in std::condition_variable::wait(std::unique_lock<std::mutex>&) () from /usr/lib/libstdc++.so.6
#4  0x006b8054 in ?? ()
#5  0x006b80e0 in ?? ()
#6  0x00378a20 in ANNOUNCEMENT::CAnnouncementManager::Process() ()
#7  0x00694898 in CThread::Action() ()
#8  0x006b2820 in CThread::staticThread(void*) ()
#9  0xb6ed7378 in start_thread (arg=0xb37c0370) at pthread_create.c:486
#10 0xb4ec03c8 in ?? () at ../sysdeps/unix/sysv/linux/arm/clone.S:73 from /usr/lib/libc.so.6
Backtrace stopped: previous frame identical to this frame (corrupt stack?)

Thread 5 (Thread 0xafbff370 (LWP 442)):
#0  futex_abstimed_wait_cancelable (private=0, abstime=0x0, expected=1, futex_word=0xb4f7b480) at ../sysdeps/unix/sysv/linux/futex-internal.h:205
#1  do_futex_wait (sem=sem@entry=0xb4f7b480, abstime=0x0) at sem_waitcommon.c:115
#2  0xb6ee08e0 in __new_sem_wait_slow (sem=0xb4f7b480, abstime=0x0) at sem_waitcommon.c:282
#3  0xb4f644d4 in ?? () from /usr/lib/libbcm_host.so
Backtrace stopped: previous frame identical to this frame (corrupt stack?)

Thread 4 (Thread 0xaa178370 (LWP 462)):
#0  futex_abstimed_wait_cancelable (private=0, abstime=0xaa177cc8, expected=0, futex_word=0x1d551f0) at ../sysdeps/unix/sysv/linux/futex-internal.h:205
#1  __pthread_cond_wait_common (abstime=0xaa177cc8, mutex=<optimized out>, cond=0x1d551c8) at pthread_cond_wait.c:539
#2  __pthread_cond_timedwait (cond=0x1d551c8, mutex=0x0, abstime=0xaa177cc8) at pthread_cond_wait.c:667
#3  0xb6dc0f14 in P8PLATFORM::CCondition<bool>::Wait(P8PLATFORM::CMutex&, bool (*)(void*), void*, unsigned int) () from /usr/lib/libcec.so.4
#4  0xb6dc1464 in P8PLATFORM::SyncedBuffer<CEC::CCallbackWrap*>::Pop(CEC::CCallbackWrap*&, int) () from /usr/lib/libcec.so.4
#5  0xb6dbef98 in CEC::CCECClient::Process() () from /usr/lib/libcec.so.4
#6  0xb6dbf658 in P8PLATFORM::CThread::ThreadHandler(void*) () from /usr/lib/libcec.so.4
#7  0xb6ed7378 in start_thread (arg=0xaa178370) at pthread_create.c:486
#8  0xb4ec03c8 in ?? () at ../sysdeps/unix/sysv/linux/arm/clone.S:73 from /usr/lib/libc.so.6
Backtrace stopped: previous frame identical to this frame (corrupt stack?)

Thread 3 (Thread 0xaedff370 (LWP 435)):
#0  __libc_read (nbytes=256, buf=0xae42e6d0, fd=15) at ../sysdeps/unix/sysv/linux/read.c:26
#1  __libc_read (fd=15, buf=0xae42e6d0, nbytes=256) at ../sysdeps/unix/sysv/linux/read.c:24
#2  0xb6d554dc in lirc_nextcode () from /usr/lib/liblirc_client.so.0
#3  0x0083132c in CLirc::Process() ()
#4  0x00694898 in CThread::Action() ()
#5  0x006b2820 in CThread::staticThread(void*) ()
#6  0xb6ed7378 in start_thread (arg=0xaedff370) at pthread_create.c:486
#7  0xb4ec03c8 in ?? () at ../sysdeps/unix/sysv/linux/arm/clone.S:73 from /usr/lib/libc.so.6
Backtrace stopped: previous frame identical to this frame (corrupt stack?)

Thread 2 (Thread 0xae3ff370 (LWP 443)):
#0  futex_abstimed_wait_cancelable (private=0, abstime=0x0, expected=1, futex_word=0xb4f7a5f4) at ../sysdeps/unix/sysv/linux/futex-internal.h:205
#1  do_futex_wait (sem=sem@entry=0xb4f7a5f4, abstime=0x0) at sem_waitcommon.c:115
#2  0xb6ee08e0 in __new_sem_wait_slow (sem=0xb4f7a5f4, abstime=0x0) at sem_waitcommon.c:282
#3  0xb4f603b0 in ?? () from /usr/lib/libbcm_host.so
Backtrace stopped: previous frame identical to this frame (corrupt stack?)

Thread 1 (Thread 0xadbfe370 (LWP 444)):
#0  0xb6dc9328 in CEC::CRPiCECAdapterMessageQueue::MessageReceived(CEC::cec_opcode, CEC::cec_logical_address, CEC::cec_logical_address, unsigned int) () from /usr/lib/libcec.so.4
#1  0xb6dc87b0 in CEC::CRPiCECAdapterCommunication::OnDataReceived(unsigned int, unsigned int, unsigned int, unsigned int, unsigned int) () from /usr/lib/libcec.so.4
#2  0xb4f617d0 in ?? () from /usr/lib/libbcm_host.so
Backtrace stopped: previous frame identical to this frame (corrupt stack?)
############# END STACK TRACE ###############

################# LOG FILE ##################

﻿2019-04-11 18:28:39.649 T:3011261776  NOTICE: -----------------------------------------------------------------------
2019-04-11 18:28:39.649 T:3011261776  NOTICE: Starting Kodi (18.9 (18.9.0) Git:leia_pi4_18.9-Leia). Platform: Linux ARM 32-bit
2019-04-11 18:28:39.649 T:3011261776  NOTICE: Using Release Kodi x32 build
2019-04-11 18:28:39.649 T:3011261776  NOTICE: Kodi compiled 2020-10-24 by GCC 8.3.0 for Linux ARM 32-bit version 4.19.127 (267135)
2019-04-11 18:28:39.650 T:3011261776  NOTICE: Running on LibreELEC (official): 9.2.6, kernel: Linux ARM 32-bit version 4.19.127
2019-04-11 18:28:39.650 T:3011261776  NOTICE: FFmpeg version/source: 4.0.4-Kodi
2019-04-11 18:28:39.650 T:3011261776  NOTICE: Host CPU: ARMv7 Processor rev 3 (v7l), 4 cores available
2019-04-11 18:28:39.650 T:3011261776  NOTICE: ARM Features: Neon enabled
2019-04-11 18:28:39.650 T:3011261776  NOTICE: special://xbmc/ is mapped to: /usr/share/kodi/
2019-04-11 18:28:39.650 T:3011261776  NOTICE: special://xbmcbin/ is mapped to: /usr/lib/kodi
2019-04-11 18:28:39.650 T:3011261776  NOTICE: special://xbmcbinaddons/ is mapped to: /usr/lib/kodi/addons
2019-04-11 18:28:39.650 T:3011261776  NOTICE: special://masterprofile/ is mapped to: /storage/.kodi/userdata
2019-04-11 18:28:39.650 T:3011261776  NOTICE: special://envhome/ is mapped to: /storage
2019-04-11 18:28:39.650 T:3011261776  NOTICE: special://home/ is mapped to: /storage/.kodi
2019-04-11 18:28:39.650 T:3011261776  NOTICE: special://temp/ is mapped to: /storage/.kodi/temp
2019-04-11 18:28:39.650 T:3011261776  NOTICE: special://logpath/ is mapped to: /storage/.kodi/temp
2019-04-11 18:28:39.650 T:3011261776  NOTICE: The executable running is: /usr/lib/kodi/kodi.bin
2019-04-11 18:28:39.650 T:3011261776  NOTICE: Local hostname: RaspiKodi
2019-04-11 18:28:39.650 T:3011261776  NOTICE: Log File is located: /storage/.kodi/temp/kodi.log
2019-04-11 18:28:39.650 T:3011261776  NOTICE: -----------------------------------------------------------------------
2019-04-11 18:28:39.661 T:3011261776    INFO: loading settings
2019-04-11 18:28:39.663 T:3011261776  NOTICE: special://profile/ is mapped to: special://masterprofile/
2019-04-11 18:28:39.686 T:3011261776   DEBUG: CSkinSettings: no <skinsettings> tag found
2019-04-11 18:28:39.687 T:3011261776  NOTICE: Loaded settings file from special://xbmc/system/advancedsettings.xml
2019-04-11 18:28:39.687 T:3011261776  NOTICE: Contents of special://xbmc/system/advancedsettings.xml are...
                                            <?xml version="1.0" encoding="utf-8" ?>
                                            <advancedsettings>
                                              <cputempcommand>/usr/bin/cputemp</cputempcommand>
                                              <gputempcommand>/usr/bin/gputemp</gputempcommand>
                                              <showexitbutton>false</showexitbutton>
                                              <remotedelay>1</remotedelay>
                                              <samba>
                                                <clienttimeout>30</clienttimeout>
                                              </samba>
                                              <fanartres>720</fanartres>
                                              <imageres>540</imageres>
                                            </advancedsettings>
2019-04-11 18:28:39.687 T:3011261776 WARNING: CSettingsManager: missing version attribute
2019-04-11 18:28:39.688 T:3011261776  NOTICE: No settings file to load (special://masterprofile/advancedsettings.xml)
2019-04-11 18:28:39.688 T:3011261776  NOTICE: Default Video Player: VideoPlayer
2019-04-11 18:28:39.688 T:3011261776  NOTICE: Default Audio Player: paplayer
2019-04-11 18:28:39.688 T:3011261776  NOTICE: Disabled debug logging due to GUI setting. Level 0.
2019-04-11 18:28:39.688 T:3011261776  NOTICE: Log level changed to "LOG_LEVEL_NORMAL"
2019-04-11 18:28:39.688 T:3011261776  NOTICE: CMediaSourceSettings: loading media sources from special://masterprofile/sources.xml
2019-04-11 18:28:39.818 T:3011261776  NOTICE: PulseAudio: Server found running - will try to use Pulse
2019-04-11 18:28:39.885 T:3011261776  NOTICE: Running database version Addons27
2019-04-11 18:28:40.128 T:3011261776  NOTICE: ADDON: audioencoder.kodi.builtin.aac v1.0.0 installed
2019-04-11 18:28:40.128 T:3011261776  NOTICE: ADDON: audioencoder.kodi.builtin.wma v1.0.0 installed
2019-04-11 18:28:40.128 T:3011261776  NOTICE: ADDON: driver.dvb.crazycat v9.2.0.0 installed
2019-04-11 18:28:40.128 T:3011261776  NOTICE: ADDON: driver.dvb.dvb-latest v9.2.0.0 installed
2019-04-11 18:28:40.128 T:3011261776  NOTICE: ADDON: game.controller.default v1.0.8 installed
2019-04-11 18:28:40.128 T:3011261776  NOTICE: ADDON: game.controller.keyboard v1.1.5 installed
2019-04-11 18:28:40.128 T:3011261776  NOTICE: ADDON: game.controller.mouse v1.0.9 installed
2019-04-11 18:28:40.128 T:3011261776  NOTICE: ADDON: game.controller.snes v1.0.8 installed
2019-04-11 18:28:40.128 T:3011261776  NOTICE: ADDON: inputstream.adaptive v2.4.6.1 installed
2019-04-11 18:28:40.128 T:3011261776  NOTICE: ADDON: inputstream.rtmp v2.0.9.2 installed
2019-04-11 18:28:40.128 T:3011261776  NOTICE: ADDON: kodi.binary.global.audioengine v1.0.1 installed
2019-04-11 18:28:40.128 T:3011261776  NOTICE: ADDON: kodi.binary.global.filesystem v1.0.2 installed
2019-04-11 18:28:40.128 T:3011261776  NOTICE: ADDON: kodi.binary.global.general v1.0.3 installed
2019-04-11 18:28:40.128 T:3011261776  NOTICE: ADDON: kodi.binary.global.gui v5.12.0 installed
2019-04-11 18:28:40.128 T:3011261776  NOTICE: ADDON: kodi.binary.global.main v1.0.14 installed
2019-04-11 18:28:40.128 T:3011261776  NOTICE: ADDON: kodi.binary.global.network v1.0.0 installed
2019-04-11 18:28:40.128 T:3011261776  NOTICE: ADDON: kodi.binary.instance.audiodecoder v2.0.0 installed
2019-04-11 18:28:40.128 T:3011261776  NOTICE: ADDON: kodi.binary.instance.audioencoder v2.0.0 installed
2019-04-11 18:28:40.128 T:3011261776  NOTICE: ADDON: kodi.binary.instance.game v1.1.0 installed
2019-04-11 18:28:40.128 T:3011261776  NOTICE: ADDON: kodi.binary.instance.imagedecoder v2.0.0 installed
2019-04-11 18:28:40.128 T:3011261776  NOTICE: ADDON: kodi.binary.instance.inputstream v2.0.8 installed
2019-04-11 18:28:40.128 T:3011261776  NOTICE: ADDON: kodi.binary.instance.peripheral v1.3.7 installed
2019-04-11 18:28:40.128 T:3011261776  NOTICE: ADDON: kodi.binary.instance.pvr v5.10.3 installed
2019-04-11 18:28:40.128 T:3011261776  NOTICE: ADDON: kodi.binary.instance.screensaver v2.0.0 installed
2019-04-11 18:28:40.128 T:3011261776  NOTICE: ADDON: kodi.binary.instance.vfs v2.0.0 installed
2019-04-11 18:28:40.128 T:3011261776  NOTICE: ADDON: kodi.binary.instance.videocodec v1.0.1 installed
2019-04-11 18:28:40.128 T:3011261776  NOTICE: ADDON: kodi.binary.instance.visualization v2.0.1 installed
2019-04-11 18:28:40.128 T:3011261776  NOTICE: ADDON: kodi.resource v1.0.0 installed
2019-04-11 18:28:40.128 T:3011261776  NOTICE: ADDON: metadata.album.universal v3.1.3 installed
2019-04-11 18:28:40.128 T:3011261776  NOTICE: ADDON: metadata.artists.universal v4.3.3 installed
2019-04-11 18:28:40.128 T:3011261776  NOTICE: ADDON: metadata.common.allmusic.com v3.2.2 installed
2019-04-11 18:28:40.128 T:3011261776  NOTICE: ADDON: metadata.common.fanart.tv v3.6.3 installed
2019-04-11 18:28:40.128 T:3011261776  NOTICE: ADDON: metadata.common.imdb.com v3.1.6 installed
2019-04-11 18:28:40.128 T:3011261776  NOTICE: ADDON: metadata.common.musicbrainz.org v2.2.4 installed
2019-04-11 18:28:40.129 T:3011261776  NOTICE: ADDON: metadata.common.theaudiodb.com v2.0.3 installed
2019-04-11 18:28:40.129 T:3011261776  NOTICE: ADDON: metadata.common.themoviedb.org v3.2.12 installed
2019-04-11 18:28:40.129 T:3011261776  NOTICE: ADDON: metadata.local v1.0.0 installed
2019-04-11 18:28:40.129 T:3011261776  NOTICE: ADDON: metadata.themoviedb.org v5.2.5 installed
2019-04-11 18:28:40.129 T:3011261776  NOTICE: ADDON: metadata.tvshows.themoviedb.org v3.5.11 installed
2019-04-11 18:28:40.129 T:3011261776  NOTICE: ADDON: os.libreelec.tv v9.2 installed
2019-04-11 18:28:40.129 T:3011261776  NOTICE: ADDON: os.openelec.tv v9.2 installed
2019-04-11 18:28:40.129 T:3011261776  NOTICE: ADDON: peripheral.joystick v1.4.9 installed
2019-04-11 18:28:40.129 T:3011261776  NOTICE: ADDON: plugin.audio.prime_music v0.10.6 installed
2019-04-11 18:28:40.129 T:3011261776  NOTICE: ADDON: plugin.image.google v0.9.8 installed
2019-04-11 18:28:40.129 T:3011261776  NOTICE: ADDON: plugin.program.browser.launcher v1.2.5 installed
2019-04-11 18:28:40.129 T:3011261776  NOTICE: ADDON: plugin.video.3satmediathek v1.2.0 installed
2019-04-11 18:28:40.129 T:3011261776  NOTICE: ADDON: plugin.video.L0RE.arte v0.7.0 installed
2019-04-11 18:28:40.129 T:3011261776  NOTICE: ADDON: plugin.video.L0RE.dmax v1.0.9 installed
2019-04-11 18:28:40.129 T:3011261776  NOTICE: ADDON: plugin.video.L0RE.spiegeltv v1.0.2 installed
2019-04-11 18:28:40.129 T:3011261776  NOTICE: ADDON: plugin.video.amazon-test v0.9.0 installed
2019-04-11 18:28:40.129 T:3011261776  NOTICE: ADDON: plugin.video.ardundzdf v2.9.2 installed
2019-04-11 18:28:40.129 T:3011261776  NOTICE: ADDON: plugin.video.cnn v1.0.0 installed
2019-04-11 18:28:40.129 T:3011261776  NOTICE: ADDON: plugin.video.gq v3.0.4 installed
2019-04-11 18:28:40.129 T:3011261776  NOTICE: ADDON: plugin.video.hrmediathek v1.0.0 installed
2019-04-11 18:28:40.129 T:3011261776  NOTICE: ADDON: plugin.video.koditube v1.0.0 installed
2019-04-11 18:28:40.129 T:3011261776  NOTICE: ADDON: plugin.video.mediathek v0.9.4 installed
2019-04-11 18:28:40.129 T:3011261776  NOTICE: ADDON: plugin.video.mediathekdirekt v0.0.15 installed
2019-04-11 18:28:40.129 T:3011261776  NOTICE: ADDON: plugin.video.nasa v3.0.0 installed
2019-04-11 18:28:40.129 T:3011261776  NOTICE: ADDON: plugin.video.netflix v1.12.0 installed
2019-04-11 18:28:40.129 T:3011261776  NOTICE: ADDON: plugin.video.ng v1.0.0 installed
2019-04-11 18:28:40.129 T:3011261776  NOTICE: ADDON: plugin.video.prosiebensat1 v1.2.0 installed
2019-04-11 18:28:40.129 T:3011261776  NOTICE: ADDON: plugin.video.tagesschau v2.2.2 installed
2019-04-11 18:28:40.129 T:3011261776  NOTICE: ADDON: plugin.video.tyl0re.arte v1.0.2 installed
2019-04-11 18:28:40.129 T:3011261776  NOTICE: ADDON: plugin.video.tyl0re.dmax v2.1.2 installed
2019-04-11 18:28:40.129 T:3011261776  NOTICE: ADDON: plugin.video.tyl0re.spiegeltv v2.0.5 installed
2019-04-11 18:28:40.129 T:3011261776  NOTICE: ADDON: plugin.video.wdrmediathek v1.0.0 installed
2019-04-11 18:28:40.129 T:3011261776  NOTICE: ADDON: plugin.video.youtube v6.8.8 installed
2019-04-11 18:28:40.129 T:3011261776  NOTICE: ADDON: pvr.njoy v3.4.2.4 installed
2019-04-11 18:28:40.129 T:3011261776  NOTICE: ADDON: repository.castagnait v1.0.1 installed
2019-04-11 18:28:40.129 T:3011261776  NOTICE: ADDON: repository.kodi.game v1.0.0 installed
2019-04-11 18:28:40.129 T:3011261776  NOTICE: ADDON: repository.kodinerds v9.0.103.103 installed
2019-04-11 18:28:40.129 T:3011261776  NOTICE: ADDON: repository.libreelec.tv v9.2.0 installed
2019-04-11 18:28:40.129 T:3011261776  NOTICE: ADDON: repository.netflix v1.0.1 installed
2019-04-11 18:28:40.129 T:3011261776  NOTICE: ADDON: repository.openwizard v1.2 installed
2019-04-11 18:28:40.129 T:3011261776  NOTICE: ADDON: repository.sandmann79.plugins v1.0.3 installed
2019-04-11 18:28:40.130 T:3011261776  NOTICE: ADDON: repository.saxbmc v1.2.2 installed
2019-04-11 18:28:40.130 T:3011261776  NOTICE: ADDON: repository.xbmc.org v3.1.6 installed
2019-04-11 18:28:40.130 T:3011261776  NOTICE: ADDON: resource.images.weathericons.default v1.1.8 installed
2019-04-11 18:28:40.130 T:3011261776  NOTICE: ADDON: resource.language.de_de v9.0.21 installed
2019-04-11 18:28:40.130 T:3011261776  NOTICE: ADDON: resource.language.en_gb v2.0.1 installed
2019-04-11 18:28:40.130 T:3011261776  NOTICE: ADDON: resource.uisounds.kodi v1.0.0 installed
2019-04-11 18:28:40.130 T:3011261776  NOTICE: ADDON: screensaver.xbmc.builtin.black v1.0.33 installed
2019-04-11 18:28:40.130 T:3011261776  NOTICE: ADDON: screensaver.xbmc.builtin.dim v1.0.59 installed
2019-04-11 18:28:40.130 T:3011261776  NOTICE: ADDON: script.logviewer v2.1.3+gotham.1 installed
2019-04-11 18:28:40.130 T:3011261776  NOTICE: ADDON: script.module.addon.signals v0.0.6 installed
2019-04-11 18:28:40.130 T:3011261776  NOTICE: ADDON: script.module.arrow v0.15.5 installed
2019-04-11 18:28:40.130 T:3011261776  NOTICE: ADDON: script.module.backports.functools_lru_cache v1.6.1 installed
2019-04-11 18:28:40.130 T:3011261776  NOTICE: ADDON: script.module.beautifulsoup v3.2.1 installed
2019-04-11 18:28:40.130 T:3011261776  NOTICE: ADDON: script.module.beautifulsoup4 v4.6.2 installed
2019-04-11 18:28:40.130 T:3011261776  NOTICE: ADDON: script.module.bottle v0.12.17 installed
2019-04-11 18:28:40.130 T:3011261776  NOTICE: ADDON: script.module.cache v1.0.3 installed
2019-04-11 18:28:40.130 T:3011261776  NOTICE: ADDON: script.module.certifi v2019.9.11 installed
2019-04-11 18:28:40.130 T:3011261776  NOTICE: ADDON: script.module.chardet v3.0.4 installed
2019-04-11 18:28:40.130 T:3011261776  NOTICE: ADDON: script.module.dateutil v2.8.1 installed
2019-04-11 18:28:40.130 T:3011261776  NOTICE: ADDON: script.module.future v0.17.1 installed
2019-04-11 18:28:40.130 T:3011261776  NOTICE: ADDON: script.module.idna v2.8 installed
2019-04-11 18:28:40.130 T:3011261776  NOTICE: ADDON: script.module.inputstreamhelper v0.5.2 installed
2019-04-11 18:28:40.130 T:3011261776  NOTICE: ADDON: script.module.kodi-six v0.1.3 installed
2019-04-11 18:28:40.130 T:3011261776  NOTICE: ADDON: script.module.lib3sat v1.0.0 installed
2019-04-11 18:28:40.130 T:3011261776  NOTICE: ADDON: script.module.libard v1.0.0 installed
2019-04-11 18:28:40.130 T:3011261776  NOTICE: ADDON: script.module.libbr v1.0.0 installed
2019-04-11 18:28:40.130 T:3011261776  NOTICE: ADDON: script.module.libdaserste v1.0.0 installed
2019-04-11 18:28:40.130 T:3011261776  NOTICE: ADDON: script.module.libhr v1.0.0 installed
2019-04-11 18:28:40.130 T:3011261776  NOTICE: ADDON: script.module.libmediathek3 v1.5.0 installed
2019-04-11 18:28:40.130 T:3011261776  NOTICE: ADDON: script.module.libndr v1.0.0 installed
2019-04-11 18:28:40.130 T:3011261776  NOTICE: ADDON: script.module.libwdr v1.0.0 installed
2019-04-11 18:28:40.130 T:3011261776  NOTICE: ADDON: script.module.libzdf v2.1.7 installed
2019-04-11 18:28:40.130 T:3011261776  NOTICE: ADDON: script.module.mechanicalsoup v0.12.0 installed
2019-04-11 18:28:40.130 T:3011261776  NOTICE: ADDON: script.module.mechanize v0.2.6 installed
2019-04-11 18:28:40.130 T:3011261776  NOTICE: ADDON: script.module.mediathekxmlservice v1.0.0 installed
2019-04-11 18:28:40.130 T:3011261776  NOTICE: ADDON: script.module.metadatautils v1.0.0 installed
2019-04-11 18:28:40.130 T:3011261776  NOTICE: ADDON: script.module.musicbrainz v0.6.0 installed
2019-04-11 18:28:40.130 T:3011261776  NOTICE: ADDON: script.module.pil v1.1.7 installed
2019-04-11 18:28:40.130 T:3011261776  NOTICE: ADDON: script.module.pyautogui v0.9.50 installed
2019-04-11 18:28:40.130 T:3011261776  NOTICE: ADDON: script.module.pycryptodome v3.4.3 installed
2019-04-11 18:28:40.131 T:3011261776  NOTICE: ADDON: script.module.pydes v2.0.4 installed
2019-04-11 18:28:40.131 T:3011261776  NOTICE: ADDON: script.module.pysocks v1.6.8 installed
2019-04-11 18:28:40.131 T:3011261776  NOTICE: ADDON: script.module.pyxbmct v1.3.1 installed
2019-04-11 18:28:40.131 T:3011261776  NOTICE: ADDON: script.module.requests v2.22.0 installed
2019-04-11 18:28:40.131 T:3011261776  NOTICE: ADDON: script.module.routing v0.2.3 installed
2019-04-11 18:28:40.131 T:3011261776  NOTICE: ADDON: script.module.simplecache v1.0.20 installed
2019-04-11 18:28:40.131 T:3011261776  NOTICE: ADDON: script.module.simplejson v3.16.1 installed
2019-04-11 18:28:40.131 T:3011261776  NOTICE: ADDON: script.module.six v1.13.0 installed
2019-04-11 18:28:40.131 T:3011261776  NOTICE: ADDON: script.module.t1mlib v1.0.18 installed
2019-04-11 18:28:40.131 T:3011261776  NOTICE: ADDON: script.module.thetvdb v1.0.12 installed
2019-04-11 18:28:40.131 T:3011261776  NOTICE: ADDON: script.module.urllib3 v1.25.6 installed
2019-04-11 18:28:40.131 T:3011261776  NOTICE: ADDON: script.module.xbmcswift2 v13.0.3 installed
2019-04-11 18:28:40.131 T:3011261776  NOTICE: ADDON: script.module.youtube.dl v20.616.0 installed
2019-04-11 18:28:40.131 T:3011261776  NOTICE: ADDON: script.program.driverselect v0.1.6 installed
2019-04-11 18:28:40.131 T:3011261776  NOTICE: ADDON: script.skin.helper.service v1.1.3 installed
2019-04-11 18:28:40.131 T:3011261776  NOTICE: ADDON: script.tubecast v1.4.5 installed
2019-04-11 18:28:40.131 T:3011261776  NOTICE: ADDON: script.tv.show.next.aired v6.0.15 installed
2019-04-11 18:28:40.131 T:3011261776  NOTICE: ADDON: service.library.data.provider v0.3.2 installed
2019-04-11 18:28:40.131 T:3011261776  NOTICE: ADDON: service.libreelec.settings v9.0.0 installed
2019-04-11 18:28:40.131 T:3011261776  NOTICE: ADDON: skin.ace2 v1.6.0 installed
2019-04-11 18:28:40.131 T:3011261776  NOTICE: ADDON: skin.estuary v2.0.27 installed
2019-04-11 18:28:40.131 T:3011261776  NOTICE: ADDON: virtual.multimedia-tools v9.2.0.109 installed
2019-04-11 18:28:40.131 T:3011261776  NOTICE: ADDON: virtual.system-tools v9.2.0.111 installed
2019-04-11 18:28:40.131 T:3011261776  NOTICE: ADDON: webinterface.arch v2.0.5 installed
2019-04-11 18:28:40.131 T:3011261776  NOTICE: ADDON: webinterface.awxi v0.7.6 installed
2019-04-11 18:28:40.131 T:3011261776  NOTICE: ADDON: webinterface.chorus v0.3.10 installed
2019-04-11 18:28:40.131 T:3011261776  NOTICE: ADDON: webinterface.default v18.x-2.4.6 installed
2019-04-11 18:28:40.131 T:3011261776  NOTICE: ADDON: webinterface.hax v0.1.1 installed
2019-04-11 18:28:40.131 T:3011261776  NOTICE: ADDON: xbmc.addon v18.9 installed
2019-04-11 18:28:40.131 T:3011261776  NOTICE: ADDON: xbmc.core v0.1.0 installed
2019-04-11 18:28:40.131 T:3011261776  NOTICE: ADDON: xbmc.gui v5.14.0 installed
2019-04-11 18:28:40.131 T:3011261776  NOTICE: ADDON: xbmc.json v10.3.0 installed
2019-04-11 18:28:40.131 T:3011261776  NOTICE: ADDON: xbmc.metadata v2.1.0 installed
2019-04-11 18:28:40.131 T:3011261776  NOTICE: ADDON: xbmc.python v2.26.0 installed
2019-04-11 18:28:40.131 T:3011261776  NOTICE: ADDON: xbmc.webinterface v1.0.0 installed
2019-04-11 18:28:40.180 T:3011261776   ERROR: DBus error: org.freedesktop.DBus.Error.ServiceUnknown - The name org.freedesktop.UPower was not provided by any .service files
2019-04-11 18:28:40.213 T:2988036976 WARNING: Pulseaudio module module-allow-passthrough not loaded - opening PT devices might fail
2019-04-11 18:28:40.214 T:2988036976  NOTICE: Found 2 Lists of Devices
2019-04-11 18:28:40.214 T:2988036976  NOTICE: Enumerated PI devices:
2019-04-11 18:28:40.214 T:2988036976  NOTICE:     Device 1
2019-04-11 18:28:40.215 T:2988036976  NOTICE:         m_deviceName      : HDMI
2019-04-11 18:28:40.215 T:2988036976  NOTICE:         m_displayName     : HDMI
2019-04-11 18:28:40.215 T:2988036976  NOTICE:         m_displayNameExtra:
2019-04-11 18:28:40.215 T:2988036976  NOTICE:         m_deviceType      : AE_DEVTYPE_HDMI
2019-04-11 18:28:40.215 T:2988036976  NOTICE:         m_channels        : FL, FR
2019-04-11 18:28:40.215 T:2988036976  NOTICE:         m_sampleRates     : 8000,11025,16000,22050,24000,32000,44100,48000,88200,96000,176400,192000
2019-04-11 18:28:40.215 T:2988036976  NOTICE:         m_dataFormats     : AE_FMT_FLOAT,AE_FMT_S32NE,AE_FMT_S16NE,AE_FMT_S32LE,AE_FMT_S16LE,AE_FMT_FLOATP,AE_FMT_S32NEP,AE_FMT_S16NEP,AE_FMT_RAW
2019-04-11 18:28:40.215 T:2988036976  NOTICE:         m_streamTypes     : STREAM_TYPE_AC3,STREAM_TYPE_EAC3,STREAM_TYPE_DTSHD_CORE,STREAM_TYPE_DTS_2048,STREAM_TYPE_DTS_1024,STREAM_TYPE_DTS_512
2019-04-11 18:28:40.215 T:2988036976  NOTICE:     Device 2
2019-04-11 18:28:40.215 T:2988036976  NOTICE:         m_deviceName      : Analogue
2019-04-11 18:28:40.215 T:2988036976  NOTICE:         m_displayName     : Analogue
2019-04-11 18:28:40.215 T:2988036976  NOTICE:         m_displayNameExtra:
2019-04-11 18:28:40.215 T:2988036976  NOTICE:         m_deviceType      : AE_DEVTYPE_PCM
2019-04-11 18:28:40.215 T:2988036976  NOTICE:         m_channels        : FL, FR
2019-04-11 18:28:40.215 T:2988036976  NOTICE:         m_sampleRates     : 48000
2019-04-11 18:28:40.215 T:2988036976  NOTICE:         m_dataFormats     : AE_FMT_FLOAT,AE_FMT_S32LE,AE_FMT_S16LE,AE_FMT_FLOATP,AE_FMT_S32NEP,AE_FMT_S16NEP
2019-04-11 18:28:40.215 T:2988036976  NOTICE:         m_streamTypes     : No passthrough capabilities
2019-04-11 18:28:40.215 T:2988036976  NOTICE:     Device 3
2019-04-11 18:28:40.215 T:2988036976  NOTICE:         m_deviceName      : Both
2019-04-11 18:28:40.215 T:2988036976  NOTICE:         m_displayName     : HDMI and Analogue
2019-04-11 18:28:40.215 T:2988036976  NOTICE:         m_displayNameExtra:
2019-04-11 18:28:40.215 T:2988036976  NOTICE:         m_deviceType      : AE_DEVTYPE_PCM
2019-04-11 18:28:40.215 T:2988036976  NOTICE:         m_channels        : FL, FR
2019-04-11 18:28:40.215 T:2988036976  NOTICE:         m_sampleRates     : 48000
2019-04-11 18:28:40.215 T:2988036976  NOTICE:         m_dataFormats     : AE_FMT_FLOAT,AE_FMT_S32LE,AE_FMT_S16LE,AE_FMT_FLOATP,AE_FMT_S32NEP,AE_FMT_S16NEP
2019-04-11 18:28:40.215 T:2988036976  NOTICE:         m_streamTypes     : No passthrough capabilities
2019-04-11 18:28:40.215 T:2988036976  NOTICE: Enumerated PULSE devices:
2019-04-11 18:28:40.215 T:2988036976  NOTICE:     Device 1
2019-04-11 18:28:40.215 T:2988036976  NOTICE:         m_deviceName      : Default
2019-04-11 18:28:40.215 T:2988036976  NOTICE:         m_displayName     : Default
2019-04-11 18:28:40.215 T:2988036976  NOTICE:         m_displayNameExtra: Bluetooth Audio (PULSEAUDIO)
2019-04-11 18:28:40.215 T:2988036976  NOTICE:         m_deviceType      : AE_DEVTYPE_PCM
2019-04-11 18:28:40.215 T:2988036976  NOTICE:         m_channels        : FL, FR
2019-04-11 18:28:40.215 T:2988036976  NOTICE:         m_sampleRates     : 5512,8000,11025,16000,22050,32000,44100,48000,64000,88200,96000,176400,192000,384000
2019-04-11 18:28:40.215 T:2988036976  NOTICE:         m_dataFormats     : AE_FMT_U8,AE_FMT_S16NE,AE_FMT_S24NE3,AE_FMT_S24NE4,AE_FMT_S32NE,AE_FMT_FLOAT
2019-04-11 18:28:40.215 T:2988036976  NOTICE:         m_streamTypes     : No passthrough capabilities
2019-04-11 18:28:40.261 T:3011261776  NOTICE: Raspberry PI firmware version: Jun 26 2020 14:49:28 
                                            Copyright (c) 2012 Broadcom
                                            version b078012603a6a094178f959805996ad225a0d83b (clean) (release) (start_x)
2019-04-11 18:28:40.261 T:3011261776  NOTICE: ARM mem: 704MB GPU mem: 320MB MPG2:0 WVC1:0
2019-04-11 18:28:40.261 T:3011261776  NOTICE: Config:
                                            arm_freq=1500
                                            audio_pwm_mode=514
                                            config_hdmi_boost=5
                                            core_freq=500
                                            core_freq_min=200
                                            disable_commandline_tags=2
                                            disable_l2cache=1
                                            disable_overscan=1
                                            display_hdmi_rotate=-1
                                            display_lcd_rotate=-1
                                            enable_gic=1
                                            force_eeprom_read=1
                                            force_pwm_open=1
                                            framebuffer_depth=16
                                            framebuffer_ignore_alpha=1
                                            framebuffer_swap=1
                                            gpu_freq=500
                                            gpu_freq_min=250
                                            hdmi_channel_map=8
                                            init_uart_clock=0x2dc6c00
                                            lcd_framerate=60
                                            mask_gpu_interrupt0=1024
                                            mask_gpu_interrupt1=0x10000
                                            over_voltage_avs=-42500
                                            pause_burst_frames=1
                                            program_serial_random=1
                                            total_mem=4096
                                            hdmi_force_cec_address:0=65535
                                            hdmi_force_cec_address:1=65535
                                            hdmi_ignore_cec_init:0=1
                                            hdmi_pixel_freq_limit:0=0x11e1a300
                                            hdmi_pixel_freq_limit:1=0x11e1a300
2019-04-11 18:28:40.261 T:3011261776  NOTICE: Config:
                                            device_tree=-
                                            overlay_prefix=overlays/
                                            hdmi_cvt:0=
                                            hdmi_cvt:1=
                                            hdmi_edid_filename:0=
                                            hdmi_edid_filename:1=
                                            hdmi_timings:0=
                                            hdmi_timings:1=
2019-04-11 18:28:40.271 T:3011261776   ERROR: CDRMUtils::FindConnector - could not get connector: No such file or directory
2019-04-11 18:28:40.275 T:3011261776   ERROR: CWinSystemGbm::InitWindowSystem - failed to initialize Atomic DRM
2019-04-11 18:28:40.284 T:3011261776   ERROR: CDRMUtils::FindConnector - could not get connector: No such file or directory
2019-04-11 18:28:40.288 T:3011261776   ERROR: CWinSystemGbm::InitWindowSystem - failed to initialize Legacy DRM
2019-04-11 18:28:40.430 T:3011261776  NOTICE: Found resolution 1280x720 with 1280x720 @ 50.000000 Hz
2019-04-11 18:28:40.432 T:3011261776  NOTICE: EGL_VERSION = 1.4
2019-04-11 18:28:40.432 T:3011261776  NOTICE: EGL_VENDOR = Mesa Project
2019-04-11 18:28:40.432 T:3011261776  NOTICE: EGL_EXTENSIONS = EGL_EXT_buffer_age EGL_EXT_image_dma_buf_import EGL_EXT_image_dma_buf_import_modifiers EGL_KHR_cl_event2 EGL_KHR_config_attribs EGL_KHR_create_context EGL_KHR_create_context_no_error EGL_KHR_fence_sync EGL_KHR_get_all_proc_addresses EGL_KHR_gl_colorspace EGL_KHR_gl_renderbuffer_image EGL_KHR_gl_texture_2D_image EGL_KHR_gl_texture_3D_image EGL_KHR_gl_texture_cubemap_image EGL_KHR_image EGL_KHR_image_base EGL_KHR_image_pixmap EGL_KHR_no_config_context EGL_KHR_reusable_sync EGL_KHR_surfaceless_context EGL_EXT_pixel_format_float EGL_KHR_wait_sync EGL_MESA_configless_context EGL_MESA_drm_image EGL_MESA_image_dma_buf_export
2019-04-11 18:28:40.432 T:3011261776  NOTICE: EGL_CLIENT_EXTENSIONS = EGL_EXT_client_extensions EGL_EXT_device_base EGL_EXT_device_enumeration EGL_EXT_device_query EGL_EXT_platform_base EGL_KHR_client_get_all_proc_addresses EGL_KHR_debug EGL_MESA_platform_gbm
2019-04-11 18:28:40.435 T:3011261776  NOTICE: Checking resolution 16
2019-04-11 18:28:40.553 T:3011261776 WARNING: CGBMUtils::DestroySurface - surface already destroyed
2019-04-11 18:28:40.561 T:3011261776  NOTICE: GL_VENDOR = Broadcom
2019-04-11 18:28:40.561 T:3011261776  NOTICE: GL_RENDERER = V3D 4.2
2019-04-11 18:28:40.561 T:3011261776  NOTICE: GL_VERSION = OpenGL ES 3.0 Mesa 19.1.7
2019-04-11 18:28:40.561 T:3011261776  NOTICE: GL_SHADING_LANGUAGE_VERSION = OpenGL ES GLSL ES 3.00
2019-04-11 18:28:40.561 T:3011261776  NOTICE: GL_EXTENSIONS = GL_EXT_blend_minmax GL_EXT_multi_draw_arrays GL_EXT_texture_format_BGRA8888 GL_OES_compressed_ETC1_RGB8_texture GL_OES_depth24 GL_OES_element_index_uint GL_OES_fbo_render_mipmap GL_OES_mapbuffer GL_OES_rgb8_rgba8 GL_OES_standard_derivatives GL_OES_stencil8 GL_OES_texture_3D GL_OES_texture_float GL_OES_texture_half_float GL_OES_texture_half_float_linear GL_OES_texture_npot GL_OES_vertex_half_float GL_EXT_texture_sRGB_decode GL_OES_EGL_image GL_OES_depth_texture GL_OES_packed_depth_stencil GL_EXT_texture_type_2_10_10_10_REV GL_OES_get_program_binary GL_APPLE_texture_max_level GL_EXT_discard_framebuffer GL_EXT_read_format_bgra GL_EXT_frag_depth GL_NV_fbo_color_attachments GL_OES_EGL_image_external GL_OES_EGL_sync GL_OES_vertex_array_object GL_EXT_occlusion_query_boolean GL_EXT_texture_rg GL_EXT_unpack_subimage GL_NV_draw_buffers GL_NV_read_buffer GL_NV_read_depth GL_NV_read_depth_stencil GL_NV_read_stencil GL_EXT_draw_buffers GL_EXT_map_buffer_range GL_KHR_debug GL_KHR_texture_compression_astc_ldr GL_OES_depth_texture_cube_map GL_OES_required_internalformat GL_OES_surfaceless_context GL_EXT_color_buffer_float GL_EXT_sRGB_write_control GL_EXT_separate_shader_objects GL_EXT_shader_integer_mix GL_EXT_base_instance GL_EXT_compressed_ETC1_RGB8_sub_texture GL_EXT_draw_elements_base_vertex GL_EXT_texture_border_clamp GL_KHR_context_flush_control GL_OES_draw_elements_base_vertex GL_OES_texture_border_clamp GL_OES_texture_stencil8 GL_EXT_float_blend GL_KHR_no_error GL_KHR_texture_compression_astc_sliced_3d GL_OES_EGL_image_external_essl3 GL_MESA_shader_integer_functions GL_KHR_parallel_shader_compile GL_EXT_texture_query_lod
2020-12-22 22:02:26.889 T:2880512880  NOTICE: Running database version Addons27
2020-12-22 22:02:26.892 T:2880512880  NOTICE: Running database version ViewModes6
2020-12-22 22:02:27.236 T:2880512880  NOTICE: Running database version Textures13
2020-12-22 22:02:27.249 T:2880512880  NOTICE: Running database version MyMusic72
2020-12-22 22:02:27.285 T:2880512880  NOTICE: Running database version MyVideos116
2020-12-22 22:02:27.290 T:2880512880  NOTICE: Running database version TV32
2020-12-22 22:02:27.295 T:2880512880  NOTICE: Running database version Epg12
2020-12-22 22:02:27.296 T:3011261776  NOTICE: start dvd mediatype detection
2020-12-22 22:02:27.366 T:3011261776  NOTICE:   load skin from: /usr/share/kodi/addons/skin.estuary (version: 2.0.27)
2020-12-22 22:02:27.925 T:3011261776 WARNING: JSONRPC: Could not parse type "Setting.Details.SettingList"
2020-12-22 22:02:27.992 T:3011261776  NOTICE: Register - new keyboard device registered on application->keyboard: Tastatur (0000:0000)
2020-12-22 22:02:27.993 T:3011261776  NOTICE: Register - new mouse device registered on application->mouse: Maus (0000:0000)
2020-12-22 22:02:28.008 T:3011261776  NOTICE: Loading player core factory settings from special://xbmc/system/playercorefactory.xml.
2020-12-22 22:02:28.008 T:3011261776  NOTICE: Loaded playercorefactory configuration
2020-12-22 22:02:28.009 T:3011261776  NOTICE: Loading player core factory settings from special://masterprofile/playercorefactory.xml.
2020-12-22 22:02:28.009 T:3011261776  NOTICE: special://masterprofile/playercorefactory.xml does not exist. Skipping.
2020-12-22 22:02:28.083 T:3011261776  NOTICE: initialize done
2020-12-22 22:02:28.083 T:3011261776  NOTICE: Running the application...
2020-12-22 22:02:28.097 T:3011261776  NOTICE: starting zeroconf publishing
2020-12-22 22:02:28.101 T:3011261776  NOTICE: CWebServer[8080]: Started
2020-12-22 22:02:28.101 T:3011261776  NOTICE: starting upnp client
2020-12-22 22:02:28.107 T:3011261776  NOTICE: starting upnp server
2020-12-22 22:02:28.117 T:3011261776  NOTICE: starting upnp controller
2020-12-22 22:02:28.117 T:3011261776  NOTICE: starting upnp renderer
2020-12-22 22:02:28.125 T:2616316784  NOTICE: ES: Starting UDP Event server on port 9777
2020-12-22 22:02:28.127 T:2616316784  NOTICE: UDP: Listening on port 9777 (ipv6 : true)
2020-12-22 22:02:28.165 T:2811704176   ERROR: AddOnLog: Njoy N7 PVR Client: n7host set to - 127.0.0.1
2020-12-22 22:02:28.168 T:2811704176   ERROR: CCurlFile::FillBuffer - Failed: Couldn't connect to server(7)
2020-12-22 22:02:28.168 T:2811704176   ERROR: CCurlFile::Open failed with code 0 for http://127.0.0.1:80/n7channel_nt.xml:
2020-12-22 22:02:28.169 T:2811704176   ERROR: Open - failed to open source <http://127.0.0.1:80/n7channel_nt.xml>
2020-12-22 22:02:28.169 T:2811704176  NOTICE: PVR Manager: Starting
2020-12-22 22:02:28.192 T:2546361200  NOTICE: PVR Manager: Started
2020-12-22 22:02:28.485 T:2836882288  NOTICE: Register - new cec device registered on cec->RPI: CEC Adapter (2708:1001)
2020-12-22 22:02:28.730 T:2871071600   ERROR: CCurlFile::FillBuffer - Failed: Couldn't resolve host name(6)
2020-12-22 22:02:28.730 T:2871071600   ERROR: CCurlFile::Open failed with code 0 for https://johtru.com/repo/repo.php?md5=true:
2020-12-22 22:02:28.730 T:2871071600   ERROR: Open - failed to open source <https://johtru.com/repo/repo.php?md5=true>
2020-12-22 22:02:28.730 T:2871071600   ERROR: CRepository: failed read 'https://johtru.com/repo/repo.php?md5=true'
2020-12-22 22:02:28.869 T:2880512880  NOTICE: EPG thread started
2020-12-22 22:02:29.317 T:2811704176 WARNING: CreateLoader - unsupported protocol(thumb) in thumb://None/
2020-12-22 22:02:29.323 T:2871071600   ERROR: CCurlFile::Open failed with code 404 for https://www.quarantine.hs-mittweida.de/~jesch/repo/addons/addons.xml.md5:
2020-12-22 22:02:29.323 T:2871071600   ERROR: Open - failed to open source <https://www.quarantine.hs-mittweida.de/~jesch/repo/addons/addons.xml.md5>
2020-12-22 22:02:29.323 T:2871071600   ERROR: CRepository: failed read 'https://www.quarantine.hs-mittweida.de/~jesch/repo/addons/addons.xml.md5'
2020-12-22 22:02:30.122 T:2725421936  NOTICE: script.tv.show.next.aired: ### TV Show - Next Aired starting background proc (6.0.15)
2020-12-22 22:02:30.125 T:2725421936  NOTICE: script.tv.show.next.aired: ### no prior data found
2020-12-22 22:02:31.882 T:2242372464  NOTICE: Skin Helper Service --> WebService - start helper webservice on port 52307
2020-12-22 22:02:31.882 T:2742207344  NOTICE: Skin Helper Service --> Skin Helper Service version 1.1.3 started
2020-12-22 22:02:32.143 T:2725421936  NOTICE: script.tv.show.next.aired: ### starting data update
2020-12-22 22:02:32.143 T:2725421936  NOTICE: script.tv.show.next.aired: ### grabbing a new country mapping list
2020-12-22 22:02:32.748 T:2750600048  NOTICE: [Amazon VOD] Service: Proxy bound to 127.0.0.1:41139
2020-12-22 22:02:33.130 T:2750600048  NOTICE: [Amazon VOD] Service: Proxy server started
2020-12-22 22:02:33.131 T:2750600048  NOTICE: [Amazon VOD] Service started
2020-12-22 22:03:40.228 T:3011261776  NOTICE: Quitting due to POSIX signal
2020-12-22 22:03:40.240 T:3011261776  NOTICE: Stopping player
2020-12-22 22:03:40.240 T:3011261776  NOTICE: Storing total System Uptime
2020-12-22 22:03:40.241 T:3011261776  NOTICE: Saving settings
2020-12-22 22:03:40.248 T:3011261776  NOTICE: Saving skin settings
2020-12-22 22:03:40.250 T:3011261776  NOTICE: Stopping all
2020-12-22 22:03:40.250 T:3011261776  NOTICE: ES: Stopping event server
2020-12-22 22:03:40.563 T:3011261776  NOTICE: stopping upnp
2020-12-22 22:03:40.921 T:3011261776  NOTICE: stopping zeroconf publishing
2020-12-22 22:03:40.926 T:3011261776  NOTICE: CWebServer[8080]: Stopped
2020-12-22 22:03:41.205 T:2616316784  NOTICE: ES: UDP Event server stopped
2020-12-22 22:03:41.205 T:3011261776  NOTICE: stop dvd detect media
2020-12-22 22:03:41.260 T:2750600048  NOTICE: [Amazon VOD] Service: Proxy server stopped
2020-12-22 22:03:41.261 T:2750600048  NOTICE: [Amazon VOD] Service stopped
2020-12-22 22:03:41.280 T:2750600048 WARNING: CPythonInvoker(4, /storage/.kodi/addons/plugin.video.amazon-test/service.py): the python script "/storage/.kodi/addons/plugin.video.amazon-test/service.py" has left several classes in memory that we couldn't clean up. The classes include: N9XBMCAddon7xbmcgui6DialogE,N14PythonBindings31XBMCAddon_xbmc_Monitor_DirectorE,N9XBMCAddon9xbmcaddon5AddonE
2020-12-22 22:03:42.278 T:2742207344  NOTICE: Skin Helper Service --> Shutdown requested !
2020-12-22 22:03:42.282 T:2742207344  NOTICE: Skin Helper Service --> Skin Helper Service version 1.1.3 stopped
2020-12-22 22:03:42.950 T:2725421936  NOTICE: script.tv.show.next.aired: ### abort requested -- stopping background processing
2020-12-22 22:03:43.123 T:3011261776  NOTICE: Application stopped
2020-12-22 22:03:43.324 T:3011261776  NOTICE: XBApplicationEx: destroying...
2020-12-22 22:03:43.324 T:3011261776  NOTICE: PVR Manager: Stopping
2020-12-22 22:03:43.877 T:3011261776  NOTICE: PVR Manager: Stopped

############### END LOG FILE ################

############ END kodi CRASH LOG #############
